# Pressure_bar    qc_g_per_g  (NH3)
  1.120000e-03   9.904010e-04
  1.260000e-03   9.904257e-04
  1.410000e-03   9.904325e-04
  1.580000e-03   9.904332e-04
  1.780000e-03   9.904332e-04
  2.000000e-03   9.904325e-04
  2.240000e-03   9.904324e-04
  2.510000e-03   9.904328e-04
  2.820000e-03   9.904327e-04
  3.160000e-03   9.904321e-04
  3.550000e-03   9.904316e-04
  3.980000e-03   9.904316e-04
  4.470000e-03   9.904328e-04
  5.010000e-03   9.904326e-04
  5.620000e-03   9.904314e-04
  6.310000e-03   9.904308e-04
  7.080000e-03   9.904325e-04
  7.940000e-03   9.904336e-04
  8.910000e-03   9.904343e-04
  1.000000e-02   9.904347e-04
  1.120000e-02   9.904348e-04
  1.260000e-02   9.904348e-04
  1.410000e-02   9.904348e-04
  1.590000e-02   9.904348e-04
  1.780000e-02   9.904348e-04
  2.000000e-02   9.904348e-04
  2.240000e-02   9.904348e-04
  2.510000e-02   9.904348e-04
  2.820000e-02   9.904348e-04
  3.160000e-02   9.904348e-04
  3.550000e-02   9.904348e-04
  3.980000e-02   9.904348e-04
  4.470000e-02   9.904348e-04
  5.010000e-02   9.904348e-04
  5.620000e-02   9.904348e-04
  6.310000e-02   9.904348e-04
  7.070000e-02   9.904348e-04
  7.940000e-02   9.904348e-04
  8.910000e-02   9.904348e-04
  1.000000e-01   9.904348e-04
  1.122000e-01   9.904348e-04
  1.258900e-01   9.904348e-04
  1.412500e-01   9.904348e-04
  1.584900e-01   9.904348e-04
  1.778300e-01   9.904348e-04
  1.995300e-01   9.904348e-04
  2.238700e-01   9.904348e-04
  2.511900e-01   9.904348e-04
  2.818400e-01   9.904348e-04
  3.162300e-01   9.904348e-04
  3.548100e-01   9.904348e-04
  3.981100e-01   9.904348e-04
  4.466800e-01   9.904348e-04
  5.011900e-01   9.904348e-04
  5.623400e-01   9.904348e-04
  6.309600e-01   9.904348e-04
  7.079500e-01   9.904348e-04
  8.912500e-01   9.904348e-04
  1.000000e+00   9.904348e-04
  1.200000e+00   9.904347e-04
  1.400000e+00   9.904346e-04
  1.600000e+00   9.904344e-04
  1.800000e+00   9.904340e-04
  2.000000e+00   9.904334e-04
  2.200000e+00   9.904326e-04
  2.400000e+00   9.904314e-04
  2.600000e+00   9.904299e-04
  2.800000e+00   9.904280e-04
  3.000000e+00   9.904256e-04
  3.200000e+00   9.904227e-04
  3.400000e+00   9.904192e-04
  3.600000e+00   9.904151e-04
  3.800000e+00   9.904105e-04
  4.000000e+00   9.904052e-04
  4.200000e+00   9.903992e-04
  4.400000e+00   9.903925e-04
  4.600000e+00   9.903851e-04
  4.800000e+00   9.903769e-04
  5.000000e+00   9.903680e-04
  5.200000e+00   9.903584e-04
  5.400000e+00   9.903480e-04
  5.600000e+00   9.903368e-04
  5.800000e+00   9.903248e-04
  6.000000e+00   9.903121e-04
  6.200000e+00   9.902986e-04
  6.400000e+00   9.902843e-04
  6.600000e+00   9.902692e-04
  6.800000e+00   9.902502e-04
  7.000000e+00   9.902336e-04
  7.200000e+00   9.902162e-04
  7.400000e+00   9.901980e-04
  7.600000e+00   9.901791e-04
  7.800000e+00   9.901595e-04
  8.000000e+00   9.901391e-04
  8.199990e+00   9.901180e-04
  8.399990e+00   9.900961e-04
  8.599990e+00   9.900736e-04
  8.799990e+00   9.900503e-04
  8.999990e+00   9.900264e-04
  9.199990e+00   9.900018e-04
  9.399990e+00   9.899765e-04
  9.599990e+00   9.899505e-04
  9.799990e+00   9.899239e-04
  9.999990e+00   9.898967e-04
  1.019999e+01   9.898688e-04
  1.039999e+01   9.898403e-04
  1.059999e+01   9.898112e-04
  1.079999e+01   9.897815e-04
  1.099999e+01   9.897512e-04
  1.119999e+01   9.897204e-04
  1.139999e+01   9.896890e-04
  1.159999e+01   9.896570e-04
  1.179999e+01   9.896244e-04
  1.199999e+01   9.895914e-04
  1.219999e+01   9.895578e-04
  1.239999e+01   9.895237e-04
  1.259999e+01   9.894890e-04
  1.279999e+01   9.894539e-04
  1.299999e+01   9.894184e-04
  1.319999e+01   9.893823e-04
  1.339999e+01   9.893458e-04
  1.359999e+01   9.893088e-04
  1.379999e+01   9.892713e-04
  1.399999e+01   9.892335e-04
  1.419999e+01   9.891952e-04
  1.439999e+01   9.891565e-04
  1.459999e+01   9.891174e-04
  1.479999e+01   9.890779e-04
  1.499999e+01   9.890379e-04
  1.519999e+01   9.889977e-04
  1.539999e+01   9.889570e-04
  1.559999e+01   9.889160e-04
  1.579999e+01   9.888746e-04
  1.599999e+01   9.888329e-04
  1.619999e+01   9.887908e-04
  1.639999e+01   9.887484e-04
  1.659999e+01   9.887057e-04
  1.679999e+01   9.886627e-04
  1.699999e+01   9.886193e-04
  1.719999e+01   9.885757e-04
  1.739999e+01   9.885317e-04
  1.759999e+01   9.884875e-04
  1.779999e+01   9.884430e-04
  1.799999e+01   9.883982e-04
  1.819999e+01   9.883532e-04
  1.839999e+01   9.883078e-04
  1.859999e+01   9.882623e-04
  1.879999e+01   9.882165e-04
  1.899999e+01   9.881704e-04
  1.919999e+01   9.881242e-04
  1.939999e+01   9.880776e-04
  1.959999e+01   9.880309e-04
  1.979999e+01   9.879840e-04
  1.999999e+01   9.879368e-04
  2.019999e+01   9.878895e-04
  2.039999e+01   9.878419e-04
  2.059999e+01   9.877941e-04
  2.079999e+01   9.877462e-04
  2.099999e+01   9.876981e-04
  2.119999e+01   9.876498e-04
  2.139999e+01   9.876013e-04
  2.159999e+01   9.875527e-04
  2.179999e+01   9.875039e-04
  2.199999e+01   9.874549e-04
  2.219999e+01   9.874058e-04
  2.239999e+01   9.873565e-04
  2.259999e+01   9.873071e-04
  2.279999e+01   9.872576e-04
  2.299999e+01   9.872079e-04
  2.319999e+01   9.871581e-04
  2.339999e+01   9.871081e-04
  2.359999e+01   9.870581e-04
  2.379999e+01   9.870079e-04
  2.399999e+01   9.869576e-04
  2.419998e+01   9.869072e-04
  2.439998e+01   9.868567e-04
  2.459998e+01   9.868060e-04
  2.479998e+01   9.867553e-04
  2.499998e+01   9.867045e-04
  2.519998e+01   9.866536e-04
  2.539998e+01   9.866026e-04
  2.559998e+01   9.865515e-04
  2.579998e+01   9.865004e-04
  2.599998e+01   9.864491e-04
  2.619998e+01   9.863978e-04
  2.639998e+01   9.863464e-04
  2.659998e+01   9.862950e-04
  2.679998e+01   9.862434e-04
  2.699998e+01   9.861918e-04
  2.719998e+01   9.861402e-04
  2.739998e+01   9.860885e-04
  2.759998e+01   9.860367e-04
  2.779998e+01   9.859849e-04
  2.799998e+01   9.859331e-04
  2.819998e+01   9.858811e-04
  2.839998e+01   9.858292e-04
  2.859998e+01   9.857772e-04
  2.879998e+01   9.857252e-04
  2.899998e+01   9.856731e-04
  2.919998e+01   9.856210e-04
  2.939998e+01   9.855689e-04
  2.959998e+01   9.855167e-04
  2.979998e+01   9.854645e-04
  2.999998e+01   9.854123e-04
  3.019998e+01   9.853600e-04
  3.039998e+01   9.853078e-04
  3.059998e+01   9.852555e-04
  3.079998e+01   9.852032e-04
  3.099998e+01   9.851509e-04
  3.119998e+01   9.850986e-04
  3.139998e+01   9.850462e-04
  3.159998e+01   9.849939e-04
  3.179998e+01   9.849415e-04
  3.199998e+01   9.848892e-04
  3.219998e+01   9.848368e-04
  3.239998e+01   9.847844e-04
  3.259998e+01   9.847321e-04
  3.279998e+01   9.846797e-04
  3.299998e+01   9.846274e-04
  3.319998e+01   9.845750e-04
  3.339998e+01   9.845227e-04
  3.359998e+01   9.844703e-04
  3.379998e+01   9.844180e-04
  3.399998e+01   9.843657e-04
  3.419998e+01   9.843134e-04
  3.439998e+01   9.842611e-04
  3.459998e+01   9.842088e-04
  3.479998e+01   9.841566e-04
  3.499998e+01   9.841043e-04
  3.519998e+01   9.840521e-04
  3.539998e+01   9.839999e-04
  3.559998e+01   9.839478e-04
  3.579998e+01   9.838956e-04
  3.599998e+01   9.838435e-04
  3.619998e+01   9.837914e-04
  3.639998e+01   9.837393e-04
  3.659998e+01   9.836873e-04
  3.679998e+01   9.836353e-04
  3.699998e+01   9.835833e-04
  3.719998e+01   9.835313e-04
  3.739998e+01   9.834794e-04
  3.759998e+01   9.834275e-04
  3.779998e+01   9.833757e-04
  3.799998e+01   9.833239e-04
  3.819998e+01   9.832721e-04
  3.839998e+01   9.832203e-04
  3.859998e+01   9.831686e-04
  3.879998e+01   9.831170e-04
  3.899998e+01   9.830654e-04
  3.919998e+01   9.830138e-04
  3.939998e+01   9.829623e-04
  3.959998e+01   9.829108e-04
  3.979998e+01   9.828593e-04
  4.099997e+01   9.825516e-04
  4.199997e+01   9.822966e-04
  4.299997e+01   9.820428e-04
  4.399997e+01   9.817905e-04
  4.499997e+01   9.815396e-04
  4.599997e+01   9.812903e-04
  4.699997e+01   9.810426e-04
  4.799997e+01   9.807965e-04
  4.899997e+01   9.805520e-04
  4.999997e+01   9.803093e-04
  5.099997e+01   9.800684e-04
  5.199997e+01   9.798292e-04
  5.299997e+01   9.795918e-04
  5.399997e+01   9.793562e-04
  5.499997e+01   9.791225e-04
  5.599997e+01   9.788907e-04
  5.699996e+01   9.786607e-04
  5.799996e+01   9.784326e-04
  5.899996e+01   9.782064e-04
  5.999996e+01   9.779820e-04
  6.099996e+01   9.777596e-04
  6.199996e+01   9.775391e-04
  6.299996e+01   9.773205e-04
  6.399996e+01   9.771037e-04
  6.499996e+01   9.768889e-04
  6.599996e+01   9.766759e-04
  6.699996e+01   9.764649e-04
  6.799996e+01   9.762557e-04
  6.899996e+01   9.760483e-04
  6.999996e+01   9.758429e-04
  7.099996e+01   9.756393e-04
  7.199996e+01   9.754375e-04
  7.299995e+01   9.752375e-04
  7.399995e+01   9.750394e-04
  7.499995e+01   9.748431e-04
  7.599995e+01   9.746486e-04
  7.699995e+01   9.744559e-04
  7.799995e+01   9.742649e-04
  7.899995e+01   9.740757e-04
  7.999995e+01   9.738883e-04
  8.099995e+01   9.737025e-04
  8.199995e+01   9.735185e-04
  8.299995e+01   9.733362e-04
  8.399995e+01   9.731556e-04
  8.499995e+01   9.729767e-04
  8.599995e+01   9.727994e-04
  8.699995e+01   9.726237e-04
  8.799995e+01   9.724497e-04
  8.899994e+01   9.722773e-04
  8.999994e+01   9.721065e-04
  9.099994e+01   9.719373e-04
  9.199994e+01   9.717697e-04
  9.299994e+01   9.716036e-04
  9.399994e+01   9.714391e-04
  9.499994e+01   9.712760e-04
  9.599994e+01   9.711145e-04
  9.699994e+01   9.709545e-04
  9.799994e+01   9.707960e-04
  9.899994e+01   9.706389e-04
  9.999994e+01   9.704833e-04
