# Pressure_bar    qc_g_per_g  (NH3)
  1.120000e-03   0.000000e+00
  1.260000e-03   0.000000e+00
  1.410000e-03   0.000000e+00
  1.580000e-03   0.000000e+00
  1.780000e-03   0.000000e+00
  2.000000e-03   0.000000e+00
  2.240000e-03   0.000000e+00
  2.510000e-03   0.000000e+00
  2.820000e-03   0.000000e+00
  3.160000e-03   0.000000e+00
  3.550000e-03   0.000000e+00
  3.980000e-03   0.000000e+00
  4.470000e-03   0.000000e+00
  5.010000e-03   0.000000e+00
  5.620000e-03   0.000000e+00
  6.310000e-03   0.000000e+00
  7.080000e-03   0.000000e+00
  7.940000e-03   0.000000e+00
  8.910000e-03   0.000000e+00
  1.000000e-02   0.000000e+00
  1.120000e-02   0.000000e+00
  1.260000e-02   0.000000e+00
  1.410000e-02   0.000000e+00
  1.590000e-02   0.000000e+00
  1.780000e-02   6.579586e-05
  2.000000e-02   2.744283e-04
  2.240000e-02   4.192297e-04
  2.510000e-02   4.879526e-04
  2.820000e-02   5.370334e-04
  3.160000e-02   5.687071e-04
  3.550000e-02   7.114725e-04
  3.980000e-02   8.245558e-04
  4.470000e-02   7.351255e-04
  5.010000e-02   6.617492e-04
  5.620000e-02   5.791073e-04
  6.310000e-02   5.699750e-04
  7.070000e-02   5.760212e-04
  7.940000e-02   5.805594e-04
  8.910000e-02   5.848033e-04
  1.000000e-01   5.862555e-04
  1.122000e-01   5.885097e-04
  1.258900e-01   5.910949e-04
  1.412500e-01   5.922685e-04
  1.584900e-01   8.081860e-04
  1.778300e-01   8.309529e-04
  1.995300e-01   8.467034e-04
  2.238700e-01   8.599027e-04
  2.511900e-01   8.672383e-04
  2.818400e-01   8.569096e-04
  3.162300e-01   8.533596e-04
  3.548100e-01   8.482388e-04
  3.981100e-01   7.945650e-04
  4.466800e-01   7.031247e-04
  5.011900e-01   5.823818e-04
  5.623400e-01   2.506457e-04
  6.309600e-01   0.000000e+00
  7.079500e-01   0.000000e+00
  8.912500e-01   0.000000e+00
  1.000000e+00   0.000000e+00
  1.200000e+00   0.000000e+00
  1.400000e+00   0.000000e+00
  1.600000e+00   0.000000e+00
  1.800000e+00   0.000000e+00
  2.000000e+00   0.000000e+00
  2.200000e+00   0.000000e+00
  2.400000e+00   0.000000e+00
  2.600000e+00   0.000000e+00
  2.800000e+00   0.000000e+00
  3.000000e+00   0.000000e+00
  3.200000e+00   0.000000e+00
  3.400000e+00   0.000000e+00
  3.600000e+00   0.000000e+00
  3.800000e+00   0.000000e+00
  4.000000e+00   0.000000e+00
  4.200000e+00   0.000000e+00
  4.400000e+00   0.000000e+00
  4.600000e+00   0.000000e+00
  4.800000e+00   0.000000e+00
  5.000000e+00   0.000000e+00
  5.200000e+00   0.000000e+00
  5.400000e+00   0.000000e+00
  5.600000e+00   0.000000e+00
  5.800000e+00   0.000000e+00
  6.000000e+00   0.000000e+00
  6.200000e+00   0.000000e+00
  6.400000e+00   0.000000e+00
  6.600000e+00   0.000000e+00
  6.800000e+00   0.000000e+00
  7.000000e+00   0.000000e+00
  7.200000e+00   0.000000e+00
  7.400000e+00   0.000000e+00
  7.600000e+00   0.000000e+00
  7.800000e+00   0.000000e+00
  8.000000e+00   0.000000e+00
  8.199990e+00   0.000000e+00
  8.399990e+00   0.000000e+00
  8.599990e+00   0.000000e+00
  8.799990e+00   0.000000e+00
  8.999990e+00   0.000000e+00
  9.199990e+00   0.000000e+00
  9.399990e+00   0.000000e+00
  9.599990e+00   0.000000e+00
  9.799990e+00   0.000000e+00
  9.999990e+00   0.000000e+00
  1.019999e+01   0.000000e+00
  1.039999e+01   0.000000e+00
  1.059999e+01   0.000000e+00
  1.079999e+01   0.000000e+00
  1.099999e+01   0.000000e+00
  1.119999e+01   0.000000e+00
  1.139999e+01   0.000000e+00
  1.159999e+01   0.000000e+00
  1.179999e+01   0.000000e+00
  1.199999e+01   0.000000e+00
  1.219999e+01   0.000000e+00
  1.239999e+01   0.000000e+00
  1.259999e+01   0.000000e+00
  1.279999e+01   0.000000e+00
  1.299999e+01   0.000000e+00
  1.319999e+01   0.000000e+00
  1.339999e+01   0.000000e+00
  1.359999e+01   0.000000e+00
  1.379999e+01   0.000000e+00
  1.399999e+01   0.000000e+00
  1.419999e+01   0.000000e+00
  1.439999e+01   0.000000e+00
  1.459999e+01   0.000000e+00
  1.479999e+01   0.000000e+00
  1.499999e+01   0.000000e+00
  1.519999e+01   0.000000e+00
  1.539999e+01   0.000000e+00
  1.559999e+01   0.000000e+00
  1.579999e+01   0.000000e+00
  1.599999e+01   0.000000e+00
  1.619999e+01   0.000000e+00
  1.639999e+01   0.000000e+00
  1.659999e+01   0.000000e+00
  1.679999e+01   0.000000e+00
  1.699999e+01   0.000000e+00
  1.719999e+01   0.000000e+00
  1.739999e+01   0.000000e+00
  1.759999e+01   0.000000e+00
  1.779999e+01   0.000000e+00
  1.799999e+01   0.000000e+00
  1.819999e+01   0.000000e+00
  1.839999e+01   0.000000e+00
  1.859999e+01   0.000000e+00
  1.879999e+01   0.000000e+00
  1.899999e+01   0.000000e+00
  1.919999e+01   0.000000e+00
  1.939999e+01   0.000000e+00
  1.959999e+01   0.000000e+00
  1.979999e+01   0.000000e+00
  1.999999e+01   0.000000e+00
  2.019999e+01   0.000000e+00
  2.039999e+01   0.000000e+00
  2.059999e+01   0.000000e+00
  2.079999e+01   0.000000e+00
  2.099999e+01   0.000000e+00
  2.119999e+01   0.000000e+00
  2.139999e+01   0.000000e+00
  2.159999e+01   0.000000e+00
  2.179999e+01   0.000000e+00
  2.199999e+01   0.000000e+00
  2.219999e+01   0.000000e+00
  2.239999e+01   0.000000e+00
  2.259999e+01   0.000000e+00
  2.279999e+01   0.000000e+00
  2.299999e+01   0.000000e+00
  2.319999e+01   0.000000e+00
  2.339999e+01   0.000000e+00
  2.359999e+01   0.000000e+00
  2.379999e+01   0.000000e+00
  2.399999e+01   0.000000e+00
  2.419998e+01   0.000000e+00
  2.439998e+01   0.000000e+00
  2.459998e+01   0.000000e+00
  2.479998e+01   0.000000e+00
  2.499998e+01   0.000000e+00
  2.519998e+01   0.000000e+00
  2.539998e+01   0.000000e+00
  2.559998e+01   0.000000e+00
  2.579998e+01   0.000000e+00
  2.599998e+01   0.000000e+00
  2.619998e+01   0.000000e+00
  2.639998e+01   0.000000e+00
  2.659998e+01   0.000000e+00
  2.679998e+01   0.000000e+00
  2.699998e+01   0.000000e+00
  2.719998e+01   0.000000e+00
  2.739998e+01   0.000000e+00
  2.759998e+01   0.000000e+00
  2.779998e+01   0.000000e+00
  2.799998e+01   0.000000e+00
  2.819998e+01   0.000000e+00
  2.839998e+01   0.000000e+00
  2.859998e+01   0.000000e+00
  2.879998e+01   0.000000e+00
  2.899998e+01   0.000000e+00
  2.919998e+01   0.000000e+00
  2.939998e+01   0.000000e+00
  2.959998e+01   0.000000e+00
  2.979998e+01   0.000000e+00
  2.999998e+01   0.000000e+00
  3.019998e+01   0.000000e+00
  3.039998e+01   0.000000e+00
  3.059998e+01   0.000000e+00
  3.079998e+01   0.000000e+00
  3.099998e+01   0.000000e+00
  3.119998e+01   0.000000e+00
  3.139998e+01   0.000000e+00
  3.159998e+01   0.000000e+00
  3.179998e+01   0.000000e+00
  3.199998e+01   0.000000e+00
  3.219998e+01   0.000000e+00
  3.239998e+01   0.000000e+00
  3.259998e+01   0.000000e+00
  3.279998e+01   0.000000e+00
  3.299998e+01   0.000000e+00
  3.319998e+01   0.000000e+00
  3.339998e+01   0.000000e+00
  3.359998e+01   0.000000e+00
  3.379998e+01   0.000000e+00
  3.399998e+01   0.000000e+00
  3.419998e+01   0.000000e+00
  3.439998e+01   0.000000e+00
  3.459998e+01   0.000000e+00
  3.479998e+01   0.000000e+00
  3.499998e+01   0.000000e+00
  3.519998e+01   0.000000e+00
  3.539998e+01   0.000000e+00
  3.559998e+01   0.000000e+00
  3.579998e+01   0.000000e+00
  3.599998e+01   0.000000e+00
  3.619998e+01   0.000000e+00
  3.639998e+01   0.000000e+00
  3.659998e+01   0.000000e+00
  3.679998e+01   0.000000e+00
  3.699998e+01   0.000000e+00
  3.719998e+01   0.000000e+00
  3.739998e+01   0.000000e+00
  3.759998e+01   0.000000e+00
  3.779998e+01   0.000000e+00
  3.799998e+01   0.000000e+00
  3.819998e+01   0.000000e+00
  3.839998e+01   0.000000e+00
  3.859998e+01   0.000000e+00
  3.879998e+01   0.000000e+00
  3.899998e+01   0.000000e+00
  3.919998e+01   0.000000e+00
  3.939998e+01   0.000000e+00
  3.959998e+01   0.000000e+00
  3.979998e+01   0.000000e+00
  4.099997e+01   0.000000e+00
  4.199997e+01   0.000000e+00
  4.299997e+01   0.000000e+00
  4.399997e+01   0.000000e+00
  4.499997e+01   0.000000e+00
  4.599997e+01   0.000000e+00
  4.699997e+01   0.000000e+00
  4.799997e+01   0.000000e+00
  4.899997e+01   0.000000e+00
  4.999997e+01   0.000000e+00
  5.099997e+01   0.000000e+00
  5.199997e+01   0.000000e+00
  5.299997e+01   0.000000e+00
  5.399997e+01   0.000000e+00
  5.499997e+01   0.000000e+00
  5.599997e+01   0.000000e+00
  5.699996e+01   0.000000e+00
  5.799996e+01   0.000000e+00
  5.899996e+01   0.000000e+00
  5.999996e+01   0.000000e+00
  6.099996e+01   0.000000e+00
  6.199996e+01   0.000000e+00
  6.299996e+01   0.000000e+00
  6.399996e+01   0.000000e+00
  6.499996e+01   0.000000e+00
  6.599996e+01   0.000000e+00
  6.699996e+01   0.000000e+00
  6.799996e+01   0.000000e+00
  6.899996e+01   0.000000e+00
  6.999996e+01   0.000000e+00
  7.099996e+01   0.000000e+00
  7.199996e+01   0.000000e+00
  7.299995e+01   0.000000e+00
  7.399995e+01   0.000000e+00
  7.499995e+01   0.000000e+00
  7.599995e+01   0.000000e+00
  7.699995e+01   0.000000e+00
  7.799995e+01   0.000000e+00
  7.899995e+01   0.000000e+00
  7.999995e+01   0.000000e+00
  8.099995e+01   0.000000e+00
  8.199995e+01   0.000000e+00
  8.299995e+01   0.000000e+00
  8.399995e+01   0.000000e+00
  8.499995e+01   0.000000e+00
  8.599995e+01   0.000000e+00
  8.699995e+01   0.000000e+00
  8.799995e+01   0.000000e+00
  8.899994e+01   0.000000e+00
  8.999994e+01   0.000000e+00
  9.099994e+01   0.000000e+00
  9.199994e+01   0.000000e+00
  9.299994e+01   0.000000e+00
  9.399994e+01   0.000000e+00
  9.499994e+01   0.000000e+00
  9.599994e+01   0.000000e+00
  9.699994e+01   0.000000e+00
  9.799994e+01   0.000000e+00
  9.899994e+01   0.000000e+00
  9.999994e+01  -0.000000e+00
