  1500.  100000. 52 5  2.  3.
 H2O       
  0.0086727274  0.
 Fe        
  0.0013  0.
 MgSiO3    
  0.00274999999  0.
 Al2O3     
  0.00011632823  0.
 NH3       
  0.000231818171  0.
  7.017E+06  7.782E+02  6.558E+02  8.673E-03  7.004E-21  1.135E-23  4.239E-43  2.318E-04  0.000E+00  8.136E-22  1.754E-24  4.239E-43  0.000E+00  0.000E+00  9.247E-04  2.176E-03  1.769E-03  0.000E+00  0.000E+00  2.782E-04  6.545E-04  5.322E-04  0.000E+00  0.000E+00  0.000E+00  0.000E+00  0.000E+00
  0.000E+00  1.957E+02  1.455E+03  1.389E+03  1.743E+03  1.060E+02
  6.828E+06  1.644E+03  6.770E+02  8.673E-03  3.179E-20  8.654E-23  1.830E-36  2.318E-04  0.000E+00  3.603E-21  1.328E-23  1.830E-36  0.000E+00  0.000E+00  1.401E-03  3.047E-03  2.535E-03  0.000E+00  0.000E+00  4.214E-04  9.166E-04  7.628E-04  0.000E+00  0.000E+00  0.000E+00  0.000E+00  0.000E+00
  0.000E+00  2.005E+02  1.490E+03  1.414E+03  1.762E+03  1.082E+02
  6.633E+06  3.475E+03  7.009E+02  8.673E-03  1.777E-19  8.687E-22  9.873E-31  2.318E-04  0.000E+00  2.673E-20  1.737E-22  9.873E-31  0.000E+00  0.000E+00  1.988E-03  3.803E-03  3.269E-03  0.000E+00  0.000E+00  5.982E-04  1.144E-03  9.835E-04  0.000E+00  0.000E+00  0.000E+00  0.000E+00  0.000E+00
  0.000E+00  2.055E+02  1.525E+03  1.440E+03  1.782E+03  1.106E+02
  6.475E+06  6.242E+03  7.224E+02  8.673E-03  7.374E-19  5.605E-21  3.971E-27  2.318E-04  0.000E+00  1.186E-19  1.187E-21  3.971E-27  0.000E+00  0.000E+00  2.292E-03  4.025E-03  3.524E-03  0.000E+00  0.000E+00  6.897E-04  1.211E-03  1.060E-03  0.000E+00  0.000E+00  0.000E+00  0.000E+00  0.000E+00
  0.000E+00  2.096E+02  1.554E+03  1.461E+03  1.798E+03  1.126E+02
  6.379E+06  8.867E+03  7.359E+02  8.673E-03  1.682E-18  1.660E-20  4.168E-25  2.318E-04  0.000E+00  2.524E-19  3.467E-21  4.168E-25  0.000E+00  0.000E+00  2.337E-03  3.996E-03  3.498E-03  0.000E+00  0.000E+00  7.030E-04  1.202E-03  1.052E-03  0.000E+00  0.000E+00  0.000E+00  0.000E+00  0.000E+00
  0.000E+00  2.121E+02  1.572E+03  1.473E+03  1.807E+03  1.138E+02
  6.309E+06  1.138E+04  7.458E+02  8.673E-03  3.529E-18  5.096E-20  2.148E-23  2.318E-04  0.000E+00  8.965E-19  2.146E-20  2.148E-23  0.000E+00  0.000E+00  2.378E-03  4.201E-03  3.603E-03  0.000E+00  0.000E+00  7.153E-04  1.264E-03  1.084E-03  0.000E+00  0.000E+00  0.000E+00  0.000E+00  0.000E+00
  0.000E+00  2.140E+02  1.585E+03  1.483E+03  1.814E+03  1.147E+02
  6.195E+06  1.692E+04  7.677E+02  8.673E-03  1.932E-17  1.282E-18  3.711E-21  2.318E-04  0.000E+00  7.276E-18  1.061E-18  3.711E-21  0.000E+00  0.000E+00  2.626E-03  4.949E-03  4.265E-03  0.000E+00  0.000E+00  7.900E-04  1.489E-03  1.283E-03  0.000E+00  0.000E+00  0.000E+00  0.000E+00  0.000E+00
  0.000E+00  2.170E+02  1.607E+03  1.498E+03  1.825E+03  1.162E+02
  6.047E+06  2.787E+04  7.994E+02  8.673E-03  1.541E-16  1.618E-16  7.051E-19  2.318E-04  0.000E+00  6.871E-17  1.590E-16  7.051E-19  0.000E+00  0.000E+00  2.783E-03  5.135E-03  4.432E-03  0.000E+00  0.000E+00  8.372E-04  1.545E-03  1.333E-03  0.000E+00  0.000E+00  0.000E+00  0.000E+00  0.000E+00
  0.000E+00  2.208E+02  1.634E+03  1.517E+03  1.839E+03  1.180E+02
  5.892E+06  4.589E+04  8.338E+02  8.673E-03  2.932E-15  2.339E-14  1.071E-16  2.318E-04  0.000E+00  2.326E-15  2.335E-14  1.071E-16  0.000E+00  0.000E+00  2.919E-03  5.292E-03  4.573E-03  0.000E+00  0.000E+00  8.783E-04  1.592E-03  1.376E-03  0.000E+00  0.000E+00  0.000E+00  0.000E+00  0.000E+00
  0.000E+00  2.249E+02  1.662E+03  1.537E+03  1.853E+03  1.200E+02
  5.781E+06  6.519E+04  8.572E+02  8.673E-03  6.566E-14  7.399E-13  3.419E-15  2.318E-04  0.000E+00  6.380E-14  7.397E-13  3.419E-15  0.000E+00  0.000E+00  2.720E-03  4.876E-03  4.221E-03  0.000E+00  0.000E+00  8.183E-04  1.467E-03  1.270E-03  0.000E+00  0.000E+00  0.000E+00  0.000E+00  0.000E+00
  0.000E+00  2.278E+02  1.683E+03  1.551E+03  1.863E+03  1.214E+02
  5.699E+06  8.365E+04  8.754E+02  8.673E-03  7.278E-13  8.510E-12  3.954E-14  2.318E-04  0.000E+00  7.231E-13  8.510E-12  3.954E-14  0.000E+00  0.000E+00  3.030E-03  5.463E-03  4.719E-03  0.000E+00  0.000E+00  9.116E-04  1.644E-03  1.420E-03  0.000E+00  0.000E+00  0.000E+00  0.000E+00  0.000E+00
  0.000E+00  2.299E+02  1.698E+03  1.562E+03  1.870E+03  1.224E+02
  5.615E+06  1.073E+05  8.980E+02  8.673E-03  5.718E-12  6.709E-11  3.146E-13  2.318E-04  0.000E+00  5.704E-12  6.709E-11  3.146E-13  0.000E+00  0.000E+00  3.111E-03  5.608E-03  4.855E-03  0.000E+00  0.000E+00  9.359E-04  1.687E-03  1.461E-03  0.000E+00  0.000E+00  0.000E+00  0.000E+00  0.000E+00
  0.000E+00  2.331E+02  1.713E+03  1.572E+03  1.878E+03  1.235E+02
  5.529E+06  1.377E+05  9.236E+02  8.673E-03  3.702E-11  4.359E-10  2.054E-12  2.318E-04  0.000E+00  3.697E-11  4.359E-10  2.054E-12  0.000E+00  0.000E+00  3.239E-03  5.784E-03  5.039E-03  0.000E+00  0.000E+00  9.744E-04  1.740E-03  1.516E-03  0.000E+00  0.000E+00  0.000E+00  0.000E+00  0.000E+00
  0.000E+00  2.362E+02  1.729E+03  1.583E+03  1.885E+03  1.246E+02
  5.441E+06  1.768E+05  9.535E+02  8.673E-03  1.930E-10  2.275E-09  1.082E-11  2.318E-04  0.000E+00  1.928E-10  2.275E-09  1.082E-11  0.000E+00  0.000E+00  3.392E-03  5.987E-03  5.215E-03  0.000E+00  0.000E+00  1.020E-03  1.801E-03  1.569E-03  0.000E+00  0.000E+00  0.000E+00  0.000E+00  0.000E+00
  0.000E+00  2.402E+02  1.744E+03  1.593E+03  1.892E+03  1.257E+02
  5.349E+06  2.268E+05  9.887E+02  8.673E-03  8.231E-10  9.699E-09  4.644E-11  2.318E-04  0.000E+00  8.222E-10  9.699E-09  4.644E-11  0.000E+00  0.000E+00  3.549E-03  6.216E-03  5.413E-03  0.000E+00  0.000E+00  1.068E-03  1.870E-03  1.629E-03  0.000E+00  0.000E+00  0.000E+00  0.000E+00  0.000E+00
  0.000E+00  2.454E+02  1.761E+03  1.604E+03  1.900E+03  1.268E+02
  5.254E+06  2.911E+05  1.028E+03  8.673E-03  3.204E-09  3.788E-08  1.820E-10  2.318E-04  0.000E+00  3.199E-09  3.788E-08  1.820E-10  0.000E+00  0.000E+00  3.576E-03  6.266E-03  5.454E-03  0.000E+00  0.000E+00  1.076E-03  1.885E-03  1.641E-03  0.000E+00  0.000E+00  0.000E+00  0.000E+00  0.000E+00
  0.000E+00  2.480E+02  1.777E+03  1.615E+03  1.908E+03  1.280E+02
  5.155E+06  3.735E+05  1.068E+03  8.673E-03  1.292E-08  1.539E-07  7.395E-10  2.318E-04  0.000E+00  1.290E-08  1.538E-07  7.395E-10  0.000E+00  0.000E+00  3.523E-03  6.177E-03  5.376E-03  0.000E+00  0.000E+00  1.060E-03  1.858E-03  1.617E-03  0.000E+00  0.000E+00  0.000E+00  0.000E+00  0.000E+00
  0.000E+00  2.559E+02  1.794E+03  1.626E+03  1.915E+03  1.291E+02
  5.052E+06  4.793E+05  1.110E+03  8.673E-03  5.115E-08  6.132E-07  2.951E-09  2.318E-04  0.000E+00  5.107E-08  6.131E-07  2.951E-09  0.000E+00  0.000E+00  3.574E-03  6.280E-03  5.462E-03  0.000E+00  0.000E+00  1.075E-03  1.889E-03  1.643E-03  0.000E+00  0.000E+00  0.000E+00  0.000E+00  0.000E+00
  0.000E+00  2.587E+02  1.813E+03  1.638E+03  1.923E+03  1.303E+02
  4.945E+06  6.150E+05  1.156E+03  8.673E-03  1.861E-07  2.241E-06  1.081E-08  2.318E-04  0.000E+00  1.858E-07  2.240E-06  1.081E-08  0.000E+00  0.000E+00  3.652E-03  6.427E-03  5.588E-03  0.000E+00  0.000E+00  1.099E-03  1.934E-03  1.681E-03  0.000E+00  0.000E+00  0.000E+00  0.000E+00  0.000E+00
  0.000E+00  2.616E+02  1.835E+03  1.649E+03  1.930E+03  1.316E+02
  4.834E+06  7.892E+05  1.209E+03  8.673E-03  6.094E-07  7.344E-06  3.559E-08  2.318E-04  0.000E+00  6.077E-07  7.338E-06  3.559E-08  0.000E+00  0.000E+00  3.762E-03  6.636E-03  5.765E-03  0.000E+00  0.000E+00  1.132E-03  1.996E-03  1.734E-03  0.000E+00  0.000E+00  0.000E+00  0.000E+00  0.000E+00
  0.000E+00  2.737E+02  1.858E+03  1.661E+03  1.938E+03  1.328E+02
  4.717E+06  1.013E+06  1.269E+03  8.673E-03  1.809E-06  2.186E-05  1.064E-07  2.318E-04  0.000E+00  1.800E-06  2.182E-05  1.064E-07  0.000E+00  0.000E+00  3.862E-03  6.832E-03  5.931E-03  0.000E+00  0.000E+00  1.162E-03  2.055E-03  1.784E-03  0.000E+00  0.000E+00  0.000E+00  0.000E+00  0.000E+00
  0.000E+00  2.768E+02  1.882E+03  1.673E+03  1.946E+03  1.341E+02
  4.594E+06  1.299E+06  1.335E+03  8.673E-03  5.155E-06  6.250E-05  3.059E-07  2.318E-04  0.000E+00  5.112E-06  6.216E-05  3.059E-07  0.000E+00  0.000E+00  3.889E-03  6.891E-03  5.980E-03  0.000E+00  0.000E+00  1.170E-03  2.073E-03  1.799E-03  0.000E+00  0.000E+00  0.000E+00  0.000E+00  0.000E+00
  0.000E+00  2.799E+02  1.906E+03  1.685E+03  1.954E+03  1.354E+02
  4.465E+06  1.668E+06  1.403E+03  8.673E-03  1.486E-05  1.806E-04  8.941E-07  2.318E-04  0.000E+00  1.467E-05  1.784E-04  8.941E-07  0.000E+00  0.000E+00  3.874E-03  6.875E-03  5.965E-03  0.000E+00  0.000E+00  1.166E-03  2.068E-03  1.794E-03  0.000E+00  0.000E+00  0.000E+00  0.000E+00  0.000E+00
  0.000E+00  2.971E+02  1.930E+03  1.697E+03  1.962E+03  1.368E+02
  4.329E+06  2.140E+06  1.477E+03  8.673E-03  4.138E-05  5.012E-04  2.538E-06  2.318E-04  0.000E+00  4.057E-05  4.874E-04  2.538E-06  0.000E+00  0.000E+00  3.971E-03  7.064E-03  6.125E-03  0.000E+00  0.000E+00  1.195E-03  2.125E-03  1.843E-03  0.000E+00  0.000E+00  0.000E+00  0.000E+00  0.000E+00
  0.000E+00  3.001E+02  1.964E+03  1.716E+03  1.970E+03  1.381E+02
  4.185E+06  2.746E+06  1.566E+03  8.673E-03  9.991E-05  1.181E-03  6.309E-06  2.318E-04  0.000E+00  9.588E-05  1.073E-03  6.309E-06  0.000E+00  0.000E+00  4.240E-03  7.570E-03  6.560E-03  0.000E+00  0.000E+00  1.276E-03  2.278E-03  1.974E-03  0.000E+00  0.000E+00  0.000E+00  0.000E+00  0.000E+00
  0.000E+00  3.032E+02  2.007E+03  1.738E+03  1.978E+03  1.395E+02
  4.032E+06  3.523E+06  1.671E+03  8.673E-03  2.132E-04  2.253E-03  1.432E-05  2.318E-04  0.000E+00  1.920E-04  1.377E-03  1.432E-05  0.000E+00  0.000E+00  4.323E-03  7.704E-03  6.701E-03  0.000E+00  0.000E+00  1.301E-03  2.318E-03  2.016E-03  0.000E+00  0.000E+00  0.000E+00  0.000E+00  0.000E+00
  0.000E+00  3.063E+02  2.051E+03  1.751E+03  1.986E+03  1.412E+02
  3.869E+06  4.521E+06  1.784E+03  8.673E-03  4.209E-04  2.750E-03  3.237E-05  2.318E-04  0.000E+00  3.248E-04  0.000E+00  3.221E-05  0.000E+00  0.000E+00  4.343E-03  0.000E+00  6.745E-03  0.000E+00  0.000E+00  1.307E-03  0.000E+00  2.029E-03  0.000E+00  0.000E+00  0.000E+00  0.000E+00  0.000E+00
  0.000E+00  3.289E+02  2.109E+03  1.789E+03  1.994E+03  1.433E+02
  3.695E+06  5.802E+06  1.902E+03  8.673E-03  7.432E-04  2.750E-03  7.191E-05  2.318E-04  0.000E+00  4.566E-04  0.000E+00  6.433E-05  0.000E+00  0.000E+00  4.357E-03  0.000E+00  6.774E-03  0.000E+00  0.000E+00  1.311E-03  0.000E+00  2.038E-03  0.000E+00  0.000E+00  0.000E+00  0.000E+00  0.000E+00
  0.000E+00  3.316E+02  2.185E+03  1.803E+03  2.003E+03  1.466E+02
  3.510E+06  7.445E+06  2.025E+03  8.673E-03  1.128E-03  2.750E-03  1.139E-04  2.318E-04  0.000E+00  4.009E-04  0.000E+00  1.831E-05  0.000E+00  0.000E+00  4.355E-03  0.000E+00  6.653E-03  0.000E+00  0.000E+00  1.310E-03  0.000E+00  2.001E-03  0.000E+00  0.000E+00  0.000E+00  0.000E+00  0.000E+00
  0.000E+00  3.343E+02  2.215E+03  1.818E+03  2.011E+03  1.483E+02
  3.345E+06  9.184E+06  2.132E+03  8.673E-03  1.297E-03  2.750E-03  1.163E-04  2.318E-04  0.000E+00  3.341E-05  0.000E+00  0.000E+00  0.000E+00  0.000E+00  4.295E-03  0.000E+00  0.000E+00  0.000E+00  0.000E+00  1.292E-03  0.000E+00  0.000E+00  0.000E+00  0.000E+00  0.000E+00  0.000E+00  0.000E+00
  0.000E+00  3.625E+02  2.316E+03  1.830E+03  2.018E+03  1.499E+02
  3.128E+06  1.189E+07  2.267E+03  8.673E-03  1.300E-03  2.750E-03  1.163E-04  2.318E-04  0.000E+00  0.000E+00  0.000E+00  0.000E+00  0.000E+00  0.000E+00  0.000E+00  0.000E+00  0.000E+00  0.000E+00  0.000E+00  0.000E+00  0.000E+00  0.000E+00  0.000E+00  0.000E+00  0.000E+00  0.000E+00  0.000E+00
  0.000E+00  3.643E+02  2.346E+03  1.904E+03  2.027E+03  1.570E+02
  2.881E+06  1.573E+07  2.416E+03  8.673E-03  1.300E-03  2.750E-03  1.163E-04  2.318E-04  0.000E+00  0.000E+00  0.000E+00  0.000E+00  0.000E+00  0.000E+00  0.000E+00  0.000E+00  0.000E+00  0.000E+00  0.000E+00  0.000E+00  0.000E+00  0.000E+00  0.000E+00  0.000E+00  0.000E+00  0.000E+00  0.000E+00
  0.000E+00  3.662E+02  2.379E+03  1.922E+03  2.037E+03  1.594E+02
  2.647E+06  2.019E+07  2.549E+03  8.673E-03  1.300E-03  2.750E-03  1.163E-04  2.318E-04  0.000E+00  0.000E+00  0.000E+00  0.000E+00  0.000E+00  0.000E+00  0.000E+00  0.000E+00  0.000E+00  0.000E+00  0.000E+00  0.000E+00  0.000E+00  0.000E+00  0.000E+00  0.000E+00  0.000E+00  0.000E+00  0.000E+00
  0.000E+00  3.679E+02  2.521E+03  1.938E+03  2.045E+03  1.616E+02
  2.400E+06  2.590E+07  2.682E+03  8.673E-03  1.300E-03  2.750E-03  1.163E-04  2.318E-04  0.000E+00  0.000E+00  0.000E+00  0.000E+00  0.000E+00  0.000E+00  0.000E+00  0.000E+00  0.000E+00  0.000E+00  0.000E+00  0.000E+00  0.000E+00  0.000E+00  0.000E+00  0.000E+00  0.000E+00  0.000E+00  0.000E+00
  0.000E+00  3.695E+02  2.547E+03  1.954E+03  2.054E+03  1.639E+02
  2.141E+06  3.324E+07  2.812E+03  8.673E-03  1.300E-03  2.750E-03  1.163E-04  2.318E-04  0.000E+00  0.000E+00  0.000E+00  0.000E+00  0.000E+00  0.000E+00  0.000E+00  0.000E+00  0.000E+00  0.000E+00  0.000E+00  0.000E+00  0.000E+00  0.000E+00  0.000E+00  0.000E+00  0.000E+00  0.000E+00  0.000E+00
  0.000E+00  3.712E+02  2.738E+03  1.970E+03  2.063E+03  1.662E+02
  1.950E+06  3.968E+07  2.904E+03  8.673E-03  1.300E-03  2.750E-03  1.163E-04  2.318E-04  0.000E+00  0.000E+00  0.000E+00  0.000E+00  0.000E+00  0.000E+00  0.000E+00  0.000E+00  0.000E+00  0.000E+00  0.000E+00  0.000E+00  0.000E+00  0.000E+00  0.000E+00  0.000E+00  0.000E+00  0.000E+00  0.000E+00
  0.000E+00  3.724E+02  2.750E+03  1.981E+03  2.069E+03  1.679E+02
  1.811E+06  4.497E+07  2.968E+03  8.673E-03  1.300E-03  2.750E-03  1.163E-04  2.318E-04  0.000E+00  0.000E+00  0.000E+00  0.000E+00  0.000E+00  0.000E+00  0.000E+00  0.000E+00  0.000E+00  0.000E+00  0.000E+00  0.000E+00  0.000E+00  0.000E+00  0.000E+00  0.000E+00  0.000E+00  0.000E+00  0.000E+00
  0.000E+00  3.733E+02  2.758E+03  1.990E+03  2.076E+03  1.691E+02
  1.586E+06  5.473E+07  3.067E+03  8.673E-03  1.300E-03  2.750E-03  1.163E-04  2.318E-04  0.000E+00  0.000E+00  0.000E+00  0.000E+00  0.000E+00  0.000E+00  0.000E+00  0.000E+00  0.000E+00  0.000E+00  0.000E+00  0.000E+00  0.000E+00  0.000E+00  0.000E+00  0.000E+00  0.000E+00  0.000E+00  0.000E+00
  0.000E+00  3.746E+02  2.771E+03  2.003E+03  2.091E+03  1.710E+02
  1.371E+06  6.576E+07  3.159E+03  8.673E-03  1.300E-03  2.750E-03  1.163E-04  2.318E-04  0.000E+00  0.000E+00  0.000E+00  0.000E+00  0.000E+00  0.000E+00  0.000E+00  0.000E+00  0.000E+00  0.000E+00  0.000E+00  0.000E+00  0.000E+00  0.000E+00  0.000E+00  0.000E+00  0.000E+00  0.000E+00  0.000E+00
  0.000E+00  3.759E+02  2.784E+03  2.145E+03  2.098E+03  1.879E+02
  1.221E+06  7.447E+07  3.221E+03  8.673E-03  1.300E-03  2.750E-03  1.163E-04  2.318E-04  0.000E+00  0.000E+00  0.000E+00  0.000E+00  0.000E+00  0.000E+00  0.000E+00  0.000E+00  0.000E+00  0.000E+00  0.000E+00  0.000E+00  0.000E+00  0.000E+00  0.000E+00  0.000E+00  0.000E+00  0.000E+00  0.000E+00
  0.000E+00  3.767E+02  2.792E+03  2.153E+03  2.112E+03  1.892E+02
  1.066E+06  8.447E+07  3.283E+03  8.673E-03  1.300E-03  2.750E-03  1.163E-04  2.318E-04  0.000E+00  0.000E+00  0.000E+00  0.000E+00  0.000E+00  0.000E+00  0.000E+00  0.000E+00  0.000E+00  0.000E+00  0.000E+00  0.000E+00  0.000E+00  0.000E+00  0.000E+00  0.000E+00  0.000E+00  0.000E+00  0.000E+00
  0.000E+00  3.776E+02  2.801E+03  2.162E+03  2.117E+03  1.905E+02
  9.171E+05  9.515E+07  3.342E+03  8.673E-03  1.300E-03  2.750E-03  1.163E-04  2.318E-04  0.000E+00  0.000E+00  0.000E+00  0.000E+00  0.000E+00  0.000E+00  0.000E+00  0.000E+00  0.000E+00  0.000E+00  0.000E+00  0.000E+00  0.000E+00  0.000E+00  0.000E+00  0.000E+00  0.000E+00  0.000E+00  0.000E+00
  0.000E+00  3.784E+02  2.809E+03  2.169E+03  2.121E+03  1.918E+02
  8.210E+05  1.027E+08  3.379E+03  8.673E-03  1.300E-03  2.750E-03  1.163E-04  2.318E-04  0.000E+00  0.000E+00  0.000E+00  0.000E+00  0.000E+00  0.000E+00  0.000E+00  0.000E+00  0.000E+00  0.000E+00  0.000E+00  0.000E+00  0.000E+00  0.000E+00  0.000E+00  0.000E+00  0.000E+00  0.000E+00  0.000E+00
  0.000E+00  3.789E+02  2.814E+03  2.174E+03  2.124E+03  1.926E+02
  7.321E+05  1.100E+08  3.412E+03  8.673E-03  1.300E-03  2.750E-03  1.163E-04  2.318E-04  0.000E+00  0.000E+00  0.000E+00  0.000E+00  0.000E+00  0.000E+00  0.000E+00  0.000E+00  0.000E+00  0.000E+00  0.000E+00  0.000E+00  0.000E+00  0.000E+00  0.000E+00  0.000E+00  0.000E+00  0.000E+00  0.000E+00
  0.000E+00  3.794E+02  2.819E+03  2.179E+03  2.127E+03  1.934E+02
  6.193E+05  1.200E+08  3.454E+03  8.673E-03  1.300E-03  2.750E-03  1.163E-04  2.318E-04  0.000E+00  0.000E+00  0.000E+00  0.000E+00  0.000E+00  0.000E+00  0.000E+00  0.000E+00  0.000E+00  0.000E+00  0.000E+00  0.000E+00  0.000E+00  0.000E+00  0.000E+00  0.000E+00  0.000E+00  0.000E+00  0.000E+00
  0.000E+00  3.799E+02  2.825E+03  2.185E+03  2.149E+03  1.943E+02
  5.142E+05  1.300E+08  3.493E+03  8.673E-03  1.300E-03  2.750E-03  1.163E-04  2.318E-04  0.000E+00  0.000E+00  0.000E+00  0.000E+00  0.000E+00  0.000E+00  0.000E+00  0.000E+00  0.000E+00  0.000E+00  0.000E+00  0.000E+00  0.000E+00  0.000E+00  0.000E+00  0.000E+00  0.000E+00  0.000E+00  0.000E+00
  0.000E+00  3.805E+02  2.830E+03  2.190E+03  2.153E+03  1.952E+02
  4.159E+05  1.400E+08  3.529E+03  8.673E-03  1.300E-03  2.750E-03  1.163E-04  2.318E-04  0.000E+00  0.000E+00  0.000E+00  0.000E+00  0.000E+00  0.000E+00  0.000E+00  0.000E+00  0.000E+00  0.000E+00  0.000E+00  0.000E+00  0.000E+00  0.000E+00  0.000E+00  0.000E+00  0.000E+00  0.000E+00  0.000E+00
  0.000E+00  3.810E+02  2.835E+03  2.195E+03  2.156E+03  1.960E+02
  3.234E+05  1.500E+08  3.563E+03  8.673E-03  1.300E-03  2.750E-03  1.163E-04  2.318E-04  0.000E+00  0.000E+00  0.000E+00  0.000E+00  0.000E+00  0.000E+00  0.000E+00  0.000E+00  0.000E+00  0.000E+00  0.000E+00  0.000E+00  0.000E+00  0.000E+00  0.000E+00  0.000E+00  0.000E+00  0.000E+00  0.000E+00
  0.000E+00  3.815E+02  2.840E+03  2.200E+03  2.158E+03  1.967E+02
  2.361E+05  1.600E+08  3.595E+03  8.673E-03  1.300E-03  2.750E-03  1.163E-04  2.318E-04  0.000E+00  0.000E+00  0.000E+00  0.000E+00  0.000E+00  0.000E+00  0.000E+00  0.000E+00  0.000E+00  0.000E+00  0.000E+00  0.000E+00  0.000E+00  0.000E+00  0.000E+00  0.000E+00  0.000E+00  0.000E+00  0.000E+00
  0.000E+00  3.819E+02  2.844E+03  2.204E+03  2.161E+03  1.975E+02
  1.534E+05  1.700E+08  3.624E+03  8.673E-03  1.300E-03  2.750E-03  1.163E-04  2.318E-04  0.000E+00  0.000E+00  0.000E+00  0.000E+00  0.000E+00  0.000E+00  0.000E+00  0.000E+00  0.000E+00  0.000E+00  0.000E+00  0.000E+00  0.000E+00  0.000E+00  0.000E+00  0.000E+00  0.000E+00  0.000E+00  0.000E+00
  0.000E+00  3.823E+02  2.848E+03  2.208E+03  2.163E+03  1.981E+02
  9.418E+04  1.775E+08  3.646E+03  8.673E-03  1.300E-03  2.750E-03  1.163E-04  2.318E-04  0.000E+00  0.000E+00  0.000E+00  0.000E+00  0.000E+00  0.000E+00  0.000E+00  0.000E+00  0.000E+00  0.000E+00  0.000E+00  0.000E+00  0.000E+00  0.000E+00  0.000E+00  0.000E+00  0.000E+00  0.000E+00  0.000E+00
  0.000E+00  3.826E+02  2.851E+03  2.211E+03  2.165E+03  1.986E+02
  3.695E+04  1.850E+08  3.666E+03  8.673E-03  1.300E-03  2.750E-03  1.163E-04  2.318E-04  0.000E+00  0.000E+00  0.000E+00  0.000E+00  0.000E+00  0.000E+00  0.000E+00  0.000E+00  0.000E+00  0.000E+00  0.000E+00  0.000E+00  0.000E+00  0.000E+00  0.000E+00  0.000E+00  0.000E+00  0.000E+00  0.000E+00
  0.000E+00  3.829E+02  2.854E+03  2.214E+03  2.167E+03  1.991E+02
