  1636.  1400. 60 9  2.  0.100000001
 Al2O3     
  0.00011632823  15714.6772
 Fe        
  0.0013  29431.9994
 Na2S      
  6.98902315E-05  0.
 NH3       
  0.00103545454  0.
 KCl       
  7.66232496E-06  0.
 MnS       
  2.51904551E-05  0.000390430289
 ZnS       
  3.72119988E-06  0.
 Cr        
  2.07983993E-05  0.00149975172
 Mg2SiO4   
  0.00229037205  134429.269
  8.809E+08  1.205E+00  9.152E+02  7.220E-09  8.270E-07  6.989E-05  1.035E-03  7.662E-06  2.517E-06  3.721E-06  3.055E-07  7.435E-07  7.220E-09  8.226E-07  0.000E+00  0.000E+00  0.000E+00  2.410E-06  0.000E+00  2.845E-07  7.435E-07  5.891E-05  2.981E-05  0.000E+00  0.000E+00  0.000E+00  5.872E-05
  0.000E+00  3.284E-05  7.308E-05  1.772E-05  8.969E-06  0.000E+00  0.000E+00  0.000E+00  1.767E-05  0.000E+00  9.880E-06  2.199E-05  1.353E-08  1.543E-06  0.000E+00  0.000E+00  0.000E+00  4.517E-06  0.000E+00  5.336E-07  1.394E-06  1.514E+03  1.204E+03  0.000E+00  1.000E+02  1.000E+03  0.000E+00
  0.000E+00  0.000E+00  0.000E+00
  8.723E+08  1.705E+00  9.237E+02  1.018E-08  1.163E-06  6.989E-05  1.035E-03  7.662E-06  3.494E-06  3.721E-06  4.207E-07  1.049E-06  1.018E-08  1.158E-06  0.000E+00  0.000E+00  0.000E+00  3.362E-06  0.000E+00  3.969E-07  1.049E-06  7.469E-05  3.779E-05  0.000E+00  0.000E+00  0.000E+00  7.444E-05
  0.000E+00  4.162E-05  9.266E-05  2.247E-05  1.137E-05  0.000E+00  0.000E+00  0.000E+00  2.240E-05  0.000E+00  1.252E-05  2.788E-05  3.520E-08  4.008E-06  0.000E+00  0.000E+00  0.000E+00  1.167E-05  0.000E+00  1.379E-06  3.625E-06  1.525E+03  1.215E+03  0.000E+00  1.000E+02  1.000E+03  0.000E+00
  0.000E+00  0.000E+00  0.000E+00
  8.636E+08  2.410E+00  9.339E+02  1.393E-08  1.587E-06  6.989E-05  1.035E-03  7.662E-06  4.715E-06  3.721E-06  5.647E-07  1.434E-06  1.393E-08  1.580E-06  0.000E+00  0.000E+00  0.000E+00  4.537E-06  0.000E+00  5.354E-07  1.434E-06  9.913E-05  5.014E-05  0.000E+00  0.000E+00  0.000E+00  9.881E-05
  0.000E+00  5.522E-05  1.230E-04  2.982E-05  1.508E-05  0.000E+00  0.000E+00  0.000E+00  2.973E-05  0.000E+00  1.661E-05  3.701E-05  6.623E-08  7.533E-06  0.000E+00  0.000E+00  0.000E+00  2.178E-05  0.000E+00  2.573E-06  6.820E-06  1.536E+03  1.226E+03  0.000E+00  1.000E+02  1.000E+03  0.000E+00
  0.000E+00  0.000E+00  0.000E+00
  8.549E+08  3.400E+00  9.457E+02  1.826E-08  2.077E-06  6.989E-05  1.035E-03  7.662E-06  6.108E-06  3.721E-06  7.290E-07  1.881E-06  1.826E-08  2.069E-06  0.000E+00  0.000E+00  0.000E+00  5.845E-06  0.000E+00  6.902E-07  1.881E-06  1.297E-04  6.575E-05  0.000E+00  0.000E+00  0.000E+00  1.293E-04
  0.000E+00  7.242E-05  1.609E-04  3.903E-05  1.978E-05  0.000E+00  0.000E+00  0.000E+00  3.890E-05  0.000E+00  2.179E-05  4.841E-05  1.102E-07  1.251E-05  0.000E+00  0.000E+00  0.000E+00  3.586E-05  0.000E+00  4.234E-06  1.135E-05  1.548E+03  1.236E+03  0.000E+00  1.000E+02  1.000E+03  0.000E+00
  0.000E+00  0.000E+00  0.000E+00
  8.460E+08  4.800E+00  9.589E+02  2.332E-08  2.648E-06  6.989E-05  1.035E-03  7.662E-06  7.695E-06  3.721E-06  9.166E-07  2.402E-06  2.332E-08  2.636E-06  0.000E+00  0.000E+00  0.000E+00  7.280E-06  0.000E+00  8.621E-07  2.402E-06  1.681E-04  8.511E-05  0.000E+00  0.000E+00  0.000E+00  1.676E-04
  0.000E+00  9.375E-05  2.086E-04  5.058E-05  2.561E-05  0.000E+00  0.000E+00  0.000E+00  5.042E-05  0.000E+00  2.820E-05  6.275E-05  1.715E-07  1.944E-05  0.000E+00  0.000E+00  0.000E+00  5.499E-05  0.000E+00  6.499E-06  1.766E-05  1.559E+03  1.248E+03  0.000E+00  1.000E+02  1.000E+03  0.000E+00
  0.000E+00  0.000E+00  0.000E+00
  8.370E+08  6.780E+00  9.733E+02  2.931E-08  3.320E-06  6.989E-05  1.035E-03  7.662E-06  9.510E-06  3.721E-06  1.132E-06  3.018E-06  2.931E-08  3.302E-06  0.000E+00  0.000E+00  0.000E+00  8.824E-06  0.000E+00  1.053E-06  3.018E-06  2.154E-04  1.091E-04  0.000E+00  0.000E+00  0.000E+00  2.147E-04
  0.000E+00  1.201E-04  2.673E-04  6.482E-05  3.281E-05  0.000E+00  0.000E+00  0.000E+00  6.460E-05  0.000E+00  3.614E-05  8.041E-05  2.565E-07  2.902E-05  0.000E+00  0.000E+00  0.000E+00  8.059E-05  0.000E+00  9.554E-06  2.642E-05  1.570E+03  1.259E+03  0.000E+00  1.000E+02  1.000E+03  0.000E+00
  0.000E+00  0.000E+00  0.000E+00
  8.278E+08  9.580E+00  9.887E+02  3.648E-08  4.123E-06  6.989E-05  1.035E-03  7.662E-06  1.159E-05  3.721E-06  1.382E-06  3.757E-06  3.648E-08  4.095E-06  0.000E+00  0.000E+00  0.000E+00  1.043E-05  0.000E+00  1.263E-06  3.757E-06  2.746E-04  1.390E-04  0.000E+00  0.000E+00  0.000E+00  2.737E-04
  0.000E+00  1.531E-04  3.407E-04  8.261E-05  4.182E-05  0.000E+00  0.000E+00  0.000E+00  8.234E-05  0.000E+00  4.606E-05  1.025E-04  3.739E-07  4.220E-05  0.000E+00  0.000E+00  0.000E+00  1.141E-04  0.000E+00  1.362E-05  3.851E-05  1.582E+03  1.270E+03  0.000E+00  1.000E+02  1.000E+03  0.000E+00
  0.000E+00  0.000E+00  0.000E+00
  8.185E+08  1.354E+01  1.005E+03  4.511E-08  5.085E-06  6.989E-05  1.035E-03  7.662E-06  1.394E-05  3.721E-06  1.671E-06  4.646E-06  4.511E-08  5.042E-06  0.000E+00  0.000E+00  0.000E+00  1.194E-05  0.000E+00  1.492E-06  4.646E-06  3.488E-04  1.765E-04  0.000E+00  0.000E+00  0.000E+00  3.476E-04
  0.000E+00  1.944E-04  4.328E-04  1.049E-04  5.310E-05  0.000E+00  0.000E+00  0.000E+00  1.046E-04  0.000E+00  5.849E-05  1.302E-04  5.352E-07  6.024E-05  0.000E+00  0.000E+00  0.000E+00  1.569E-04  0.000E+00  1.896E-05  5.512E-05  1.594E+03  1.282E+03  0.000E+00  1.000E+02  1.000E+03  0.000E+00
  0.000E+00  0.000E+00  0.000E+00
  8.091E+08  1.912E+01  1.021E+03  5.542E-08  6.224E-06  6.989E-05  1.035E-03  7.662E-06  1.648E-05  3.721E-06  1.998E-06  5.707E-06  5.542E-08  6.158E-06  0.000E+00  0.000E+00  0.000E+00  1.302E-05  0.000E+00  1.725E-06  5.707E-06  4.446E-04  2.249E-04  0.000E+00  0.000E+00  0.000E+00  4.431E-04
  0.000E+00  2.477E-04  5.517E-04  1.338E-04  6.767E-05  0.000E+00  0.000E+00  0.000E+00  1.333E-04  0.000E+00  7.454E-05  1.660E-04  7.549E-07  8.466E-05  0.000E+00  0.000E+00  0.000E+00  2.085E-04  0.000E+00  2.580E-05  7.773E-05  1.606E+03  1.294E+03  0.000E+00  1.000E+02  1.000E+03  0.000E+00
  0.000E+00  0.000E+00  0.000E+00
  7.994E+08  2.700E+01  1.039E+03  6.772E-08  7.574E-06  6.989E-05  1.035E-03  7.662E-06  1.906E-05  3.721E-06  2.361E-06  6.974E-06  6.772E-08  7.471E-06  0.000E+00  0.000E+00  0.000E+00  1.300E-05  0.000E+00  1.942E-06  6.974E-06  5.636E-04  2.850E-04  0.000E+00  0.000E+00  0.000E+00  5.617E-04
  0.000E+00  3.139E-04  6.995E-04  1.696E-04  8.573E-05  0.000E+00  0.000E+00  0.000E+00  1.690E-04  0.000E+00  9.444E-05  2.105E-04  1.054E-06  1.177E-04  0.000E+00  0.000E+00  0.000E+00  2.659E-04  0.000E+00  3.437E-05  1.085E-04  1.618E+03  1.306E+03  0.000E+00  1.008E+02  1.000E+03  0.000E+00
  0.000E+00  0.000E+00  0.000E+00
  7.897E+08  3.814E+01  1.057E+03  8.303E-08  9.246E-06  6.989E-05  1.035E-03  7.662E-06  2.148E-05  3.721E-06  2.771E-06  8.550E-06  8.303E-08  9.089E-06  0.000E+00  0.000E+00  0.000E+00  1.119E-05  0.000E+00  2.143E-06  8.550E-06  7.007E-04  3.540E-04  0.000E+00  0.000E+00  0.000E+00  6.984E-04
  0.000E+00  3.899E-04  8.701E-04  2.108E-04  1.065E-04  0.000E+00  0.000E+00  0.000E+00  2.101E-04  0.000E+00  1.173E-04  2.618E-04  1.470E-06  1.634E-04  0.000E+00  0.000E+00  0.000E+00  3.220E-04  0.000E+00  4.515E-05  1.513E-04  1.631E+03  1.319E+03  0.000E+00  1.017E+02  1.000E+03  0.000E+00
  0.000E+00  0.000E+00  0.000E+00
  7.797E+08  5.388E+01  1.073E+03  1.039E-07  1.151E-05  6.989E-05  1.035E-03  7.662E-06  2.351E-05  3.721E-06  3.270E-06  1.070E-05  1.039E-07  1.129E-05  0.000E+00  0.000E+00  0.000E+00  7.542E-06  0.000E+00  2.401E-06  1.070E-05  8.445E-04  4.264E-04  0.000E+00  0.000E+00  0.000E+00  8.418E-04
  0.000E+00  4.698E-04  1.049E-03  2.541E-04  1.283E-04  0.000E+00  0.000E+00  0.000E+00  2.533E-04  0.000E+00  1.414E-04  3.156E-04  2.081E-06  2.299E-04  0.000E+00  0.000E+00  0.000E+00  3.664E-04  0.000E+00  5.930E-05  2.142E-04  1.643E+03  1.331E+03  0.000E+00  1.026E+02  1.000E+03  0.000E+00
  0.000E+00  0.000E+00  0.000E+00
  7.697E+08  7.611E+01  1.087E+03  1.354E-07  1.490E-05  6.989E-05  1.035E-03  7.662E-06  2.487E-05  3.721E-06  3.944E-06  1.394E-05  1.354E-07  1.462E-05  0.000E+00  0.000E+00  0.000E+00  2.996E-06  0.000E+00  2.862E-06  1.394E-05  1.005E-03  5.062E-04  0.000E+00  0.000E+00  0.000E+00  1.001E-03
  0.000E+00  5.578E-04  1.249E-03  3.022E-04  1.523E-04  0.000E+00  0.000E+00  0.000E+00  3.012E-04  0.000E+00  1.678E-04  3.757E-04  3.026E-06  3.324E-04  0.000E+00  0.000E+00  0.000E+00  3.873E-04  0.000E+00  7.936E-05  3.112E-04  1.656E+03  1.344E+03  0.000E+00  1.036E+02  1.000E+03  0.000E+00
  0.000E+00  0.000E+00  0.000E+00
  7.595E+08  1.075E+02  1.100E+03  1.787E-07  1.956E-05  6.989E-05  1.035E-03  7.662E-06  2.519E-05  3.721E-06  4.807E-06  1.841E-05  1.787E-07  1.922E-05  0.000E+00  0.000E+00  0.000E+00  0.000E+00  0.000E+00  3.511E-06  1.841E-05  1.292E-03  6.495E-04  0.000E+00  0.000E+00  0.000E+00  0.000E+00
  0.000E+00  7.159E-04  1.608E-03  3.888E-04  1.954E-04  0.000E+00  0.000E+00  0.000E+00  0.000E+00  0.000E+00  2.154E-04  4.839E-04  4.396E-06  4.808E-04  0.000E+00  0.000E+00  0.000E+00  3.894E-04  0.000E+00  1.064E-04  4.518E-04  1.669E+03  1.357E+03  0.000E+00  1.046E+02  1.000E+03  0.000E+00
  0.000E+00  0.000E+00  0.000E+00
  7.491E+08  1.519E+02  1.116E+03  2.292E-07  2.495E-05  6.989E-05  1.035E-03  7.662E-06  2.519E-05  3.721E-06  5.736E-06  2.360E-05  2.292E-07  2.451E-05  0.000E+00  0.000E+00  0.000E+00  0.000E+00  0.000E+00  4.090E-06  2.360E-05  1.741E-03  8.720E-04  0.000E+00  0.000E+00  0.000E+00  0.000E+00
  0.000E+00  9.617E-04  2.169E-03  5.238E-04  2.623E-04  0.000E+00  0.000E+00  0.000E+00  0.000E+00  0.000E+00  2.893E-04  6.524E-04  6.237E-06  6.799E-04  0.000E+00  0.000E+00  0.000E+00  3.904E-04  0.000E+00  1.396E-04  6.407E-04  1.682E+03  1.371E+03  0.000E+00  1.056E+02  1.000E+03  0.000E+00
  0.000E+00  0.000E+00  0.000E+00
  7.386E+08  2.145E+02  1.133E+03  2.866E-07  3.103E-05  6.989E-05  1.035E-03  7.662E-06  2.519E-05  3.721E-06  6.677E-06  2.951E-05  2.866E-07  3.044E-05  0.000E+00  0.000E+00  0.000E+00  0.000E+00  0.000E+00  4.475E-06  2.951E-05  2.251E-03  1.125E-03  0.000E+00  0.000E+00  0.000E+00  0.000E+00
  0.000E+00  1.242E-03  2.802E-03  6.772E-04  3.386E-04  0.000E+00  0.000E+00  0.000E+00  0.000E+00  0.000E+00  3.735E-04  8.429E-04  8.754E-06  9.506E-04  0.000E+00  0.000E+00  0.000E+00  3.904E-04  0.000E+00  1.794E-04  8.989E-04  1.695E+03  1.384E+03  0.000E+00  1.066E+02  1.000E+03  0.000E+00
  0.000E+00  0.000E+00  0.000E+00
  7.280E+08  3.030E+02  1.150E+03  3.587E-07  3.862E-05  6.989E-05  1.035E-03  7.662E-06  2.519E-05  3.721E-06  7.692E-06  3.693E-05  3.587E-07  3.782E-05  0.000E+00  0.000E+00  0.000E+00  0.000E+00  0.000E+00  4.782E-06  3.693E-05  2.809E-03  1.408E-03  0.000E+00  0.000E+00  0.000E+00  0.000E+00
  0.000E+00  1.554E-03  3.486E-03  8.452E-04  4.237E-04  0.000E+00  0.000E+00  0.000E+00  0.000E+00  0.000E+00  4.674E-04  1.049E-03  1.232E-05  1.330E-03  0.000E+00  0.000E+00  0.000E+00  3.904E-04  0.000E+00  2.273E-04  1.266E-03  1.709E+03  1.398E+03  0.000E+00  1.076E+02  1.000E+03  0.000E+00
  0.000E+00  0.000E+00  0.000E+00
  7.172E+08  4.280E+02  1.166E+03  4.576E-07  4.896E-05  6.989E-05  1.035E-03  7.662E-06  2.519E-05  3.721E-06  8.875E-06  4.711E-05  4.576E-07  4.796E-05  0.000E+00  0.000E+00  0.000E+00  0.000E+00  0.000E+00  5.238E-06  4.711E-05  3.397E-03  1.723E-03  0.000E+00  0.000E+00  0.000E+00  0.000E+00
  0.000E+00  1.900E-03  4.187E-03  1.022E-03  5.185E-04  0.000E+00  0.000E+00  0.000E+00  0.000E+00  0.000E+00  5.715E-04  1.260E-03  1.763E-05  1.886E-03  0.000E+00  0.000E+00  0.000E+00  3.904E-04  0.000E+00  2.879E-04  1.816E-03  1.723E+03  1.412E+03  0.000E+00  1.087E+02  1.000E+03  0.000E+00
  0.000E+00  0.000E+00  0.000E+00
  7.062E+08  6.046E+02  1.181E+03  5.976E-07  6.355E-05  6.989E-05  1.035E-03  7.662E-06  2.519E-05  3.721E-06  1.033E-05  6.150E-05  5.976E-07  6.235E-05  0.000E+00  0.000E+00  0.000E+00  0.000E+00  0.000E+00  6.035E-06  6.150E-05  4.075E-03  2.116E-03  0.000E+00  0.000E+00  0.000E+00  0.000E+00
  0.000E+00  2.327E-03  4.971E-03  1.226E-03  6.365E-04  0.000E+00  0.000E+00  0.000E+00  0.000E+00  0.000E+00  7.000E-04  1.496E-03  2.580E-05  2.717E-03  0.000E+00  0.000E+00  0.000E+00  3.904E-04  0.000E+00  3.685E-04  2.671E-03  1.737E+03  1.427E+03  0.000E+00  1.098E+02  1.000E+03  0.000E+00
  0.000E+00  0.000E+00  0.000E+00
  6.951E+08  8.540E+02  1.196E+03  7.823E-07  8.273E-05  6.989E-05  1.035E-03  7.662E-06  2.519E-05  3.721E-06  1.204E-05  8.049E-05  7.823E-07  8.131E-05  0.000E+00  0.000E+00  0.000E+00  0.000E+00  0.000E+00  7.031E-06  8.049E-05  4.924E-03  2.652E-03  0.000E+00  0.000E+00  0.000E+00  0.000E+00
  0.000E+00  2.904E-03  5.925E-03  1.481E-03  7.978E-04  0.000E+00  0.000E+00  0.000E+00  0.000E+00  0.000E+00  8.736E-04  1.783E-03  3.830E-05  3.938E-03  0.000E+00  0.000E+00  0.000E+00  3.904E-04  0.000E+00  4.747E-04  3.997E-03  1.751E+03  1.442E+03  0.000E+00  1.109E+02  1.000E+03  0.000E+00
  0.000E+00  0.000E+00  0.000E+00
  6.839E+08  1.206E+03  1.213E+03  1.009E-06  1.062E-04  6.989E-05  1.035E-03  7.662E-06  2.519E-05  3.721E-06  1.389E-05  1.038E-04  1.009E-06  1.045E-04  0.000E+00  0.000E+00  0.000E+00  0.000E+00  0.000E+00  7.917E-06  1.038E-04  5.765E-03  3.247E-03  0.000E+00  0.000E+00  0.000E+00  0.000E+00
  0.000E+00  3.534E-03  6.836E-03  1.734E-03  9.769E-04  0.000E+00  0.000E+00  0.000E+00  0.000E+00  0.000E+00  1.063E-03  2.057E-03  5.775E-05  5.748E-03  0.000E+00  0.000E+00  0.000E+00  3.904E-04  0.000E+00  6.136E-04  6.090E-03  1.766E+03  1.457E+03  0.000E+00  1.121E+02  1.000E+03  0.000E+00
  0.000E+00  0.000E+00  0.000E+00
  6.725E+08  1.704E+03  1.230E+03  1.278E-06  1.338E-04  6.989E-05  1.035E-03  7.662E-06  2.519E-05  3.721E-06  1.575E-05  1.314E-04  1.278E-06  1.317E-04  0.000E+00  0.000E+00  0.000E+00  0.000E+00  0.000E+00  8.384E-06  1.314E-04  6.518E-03  3.845E-03  0.000E+00  0.000E+00  0.000E+00  0.000E+00
  0.000E+00  4.157E-03  7.628E-03  1.961E-03  1.157E-03  0.000E+00  0.000E+00  0.000E+00  0.000E+00  0.000E+00  1.250E-03  2.295E-03  8.852E-05  8.472E-03  0.000E+00  0.000E+00  0.000E+00  3.904E-04  0.000E+00  7.902E-04  9.444E-03  1.781E+03  1.472E+03  0.000E+00  1.133E+02  1.000E+03  0.000E+00
  0.000E+00  0.000E+00  0.000E+00
  6.609E+08  2.407E+03  1.250E+03  1.589E-06  1.657E-04  6.989E-05  1.035E-03  7.662E-06  2.519E-05  3.721E-06  1.751E-05  1.634E-04  1.589E-06  1.630E-04  0.000E+00  0.000E+00  0.000E+00  0.000E+00  0.000E+00  8.095E-06  1.634E-04  7.101E-03  4.363E-03  0.000E+00  0.000E+00  0.000E+00  0.000E+00
  0.000E+00  4.687E-03  8.213E-03  2.136E-03  1.313E-03  0.000E+00  0.000E+00  0.000E+00  0.000E+00  0.000E+00  1.410E-03  2.471E-03  1.382E-04  1.266E-02  0.000E+00  0.000E+00  0.000E+00  3.904E-04  0.000E+00  1.004E-03  1.492E-02  1.796E+03  1.488E+03  0.000E+00  1.145E+02  1.000E+03  0.000E+00
  0.000E+00  0.000E+00  0.000E+00
  6.492E+08  3.400E+03  1.270E+03  1.962E-06  2.037E-04  6.989E-05  1.035E-03  7.662E-06  2.519E-05  3.721E-06  1.908E-05  2.017E-04  1.962E-06  2.000E-04  0.000E+00  0.000E+00  0.000E+00  0.000E+00  0.000E+00  6.912E-06  2.017E-04  7.404E-03  4.702E-03  0.000E+00  0.000E+00  0.000E+00  0.000E+00
  0.000E+00  5.026E-03  8.489E-03  2.227E-03  1.415E-03  0.000E+00  0.000E+00  0.000E+00  0.000E+00  0.000E+00  1.512E-03  2.554E-03  2.212E-04  1.941E-02  0.000E+00  0.000E+00  0.000E+00  3.904E-04  0.000E+00  1.244E-03  2.415E-02  1.811E+03  1.504E+03  0.000E+00  1.158E+02  1.000E+03  0.000E+00
  0.000E+00  0.000E+00  0.000E+00
  6.372E+08  4.802E+03  1.291E+03  2.413E-06  2.491E-04  6.989E-05  1.035E-03  7.662E-06  2.519E-05  3.721E-06  2.027E-05  2.479E-04  2.413E-06  2.443E-04  0.000E+00  0.000E+00  0.000E+00  0.000E+00  0.000E+00  4.517E-06  2.479E-04  7.602E-03  4.960E-03  0.000E+00  0.000E+00  0.000E+00  0.000E+00
  0.000E+00  5.280E-03  8.641E-03  2.287E-03  1.492E-03  0.000E+00  0.000E+00  0.000E+00  0.000E+00  0.000E+00  1.588E-03  2.600E-03  3.616E-04  3.045E-02  0.000E+00  0.000E+00  0.000E+00  3.904E-04  0.000E+00  1.455E-03  3.989E-02  1.826E+03  1.521E+03  0.000E+00  1.170E+02  1.000E+03  0.000E+00
  0.000E+00  0.000E+00  0.000E+00
  6.251E+08  6.783E+03  1.315E+03  2.916E-06  2.994E-04  6.989E-05  1.035E-03  7.662E-06  2.519E-05  3.721E-06  2.078E-05  2.994E-04  2.916E-06  2.928E-04  0.000E+00  0.000E+00  0.000E+00  0.000E+00  0.000E+00  6.110E-07  2.993E-04  7.800E-03  5.232E-03  0.000E+00  0.000E+00  0.000E+00  0.000E+00
  0.000E+00  5.549E-03  8.782E-03  2.347E-03  1.574E-03  0.000E+00  0.000E+00  0.000E+00  0.000E+00  0.000E+00  1.669E-03  2.642E-03  5.953E-04  4.815E-02  0.000E+00  0.000E+00  0.000E+00  3.904E-04  0.000E+00  1.494E-03  6.632E-02  1.842E+03  1.538E+03  0.000E+00  1.184E+02  1.000E+03  0.000E+00
  0.000E+00  0.000E+00  0.000E+00
  6.127E+08  9.582E+03  1.342E+03  3.452E-06  3.526E-04  6.989E-05  1.035E-03  7.662E-06  2.519E-05  3.721E-06  2.080E-05  3.541E-04  3.452E-06  3.429E-04  0.000E+00  0.000E+00  0.000E+00  0.000E+00  0.000E+00  0.000E+00  3.541E-04  7.775E-03  5.353E-03  0.000E+00  0.000E+00  0.000E+00  0.000E+00
  0.000E+00  0.000E+00  8.694E-03  2.339E-03  1.610E-03  0.000E+00  0.000E+00  0.000E+00  0.000E+00  0.000E+00  0.000E+00  2.616E-03  9.872E-04  7.679E-02  0.000E+00  0.000E+00  0.000E+00  3.904E-04  0.000E+00  1.498E-03  1.109E-01  1.858E+03  1.555E+03  0.000E+00  1.197E+02  1.000E+03  0.000E+00
  0.000E+00  0.000E+00  0.000E+00
  6.000E+08  1.353E+04  1.371E+03  4.044E-06  4.106E-04  6.989E-05  1.035E-03  7.662E-06  2.519E-05  3.721E-06  2.080E-05  4.143E-04  4.044E-06  3.960E-04  0.000E+00  0.000E+00  0.000E+00  0.000E+00  0.000E+00  0.000E+00  4.142E-04  7.591E-03  5.329E-03  0.000E+00  0.000E+00  0.000E+00  0.000E+00
  0.000E+00  0.000E+00  8.435E-03  2.284E-03  1.603E-03  0.000E+00  0.000E+00  0.000E+00  0.000E+00  0.000E+00  0.000E+00  2.538E-03  1.652E-03  1.237E-01  0.000E+00  0.000E+00  0.000E+00  3.904E-04  0.000E+00  1.500E-03  1.869E-01  1.875E+03  1.572E+03  0.000E+00  1.211E+02  1.000E+03  0.000E+00
  0.000E+00  0.000E+00  0.000E+00
  5.871E+08  1.912E+04  1.402E+03  4.711E-06  4.751E-04  6.989E-05  1.035E-03  7.662E-06  2.519E-05  3.721E-06  2.080E-05  4.823E-04  4.711E-06  4.526E-04  0.000E+00  0.000E+00  0.000E+00  0.000E+00  0.000E+00  0.000E+00  4.821E-04  7.312E-03  5.228E-03  0.000E+00  0.000E+00  0.000E+00  0.000E+00
  0.000E+00  0.000E+00  8.077E-03  2.200E-03  1.573E-03  0.000E+00  0.000E+00  0.000E+00  0.000E+00  0.000E+00  0.000E+00  2.430E-03  2.787E-03  2.009E-01  0.000E+00  0.000E+00  0.000E+00  3.904E-04  0.000E+00  1.500E-03  3.174E-01  1.891E+03  1.590E+03  0.000E+00  1.225E+02  1.000E+03  0.000E+00
  0.000E+00  0.000E+00  0.000E+00
  5.738E+08  2.700E+04  1.437E+03  5.409E-06  5.411E-04  6.989E-05  1.035E-03  7.662E-06  2.519E-05  3.721E-06  2.080E-05  5.539E-04  5.409E-06  5.042E-04  0.000E+00  0.000E+00  0.000E+00  0.000E+00  0.000E+00  0.000E+00  5.535E-04  7.045E-03  5.164E-03  0.000E+00  0.000E+00  0.000E+00  0.000E+00
  0.000E+00  0.000E+00  7.704E-03  2.119E-03  1.554E-03  0.000E+00  0.000E+00  0.000E+00  0.000E+00  0.000E+00  0.000E+00  2.318E-03  4.698E-03  3.239E-01  0.000E+00  0.000E+00  0.000E+00  3.904E-04  0.000E+00  1.500E-03  5.393E-01  1.908E+03  1.609E+03  0.000E+00  1.240E+02  1.000E+03  0.000E+00
  0.000E+00  0.000E+00  0.000E+00
  5.602E+08  3.815E+04  1.479E+03  6.085E-06  6.026E-04  6.989E-05  1.035E-03  7.662E-06  2.519E-05  3.721E-06  2.080E-05  6.233E-04  6.084E-06  5.345E-04  0.000E+00  0.000E+00  0.000E+00  0.000E+00  0.000E+00  0.000E+00  6.223E-04  6.646E-03  5.021E-03  0.000E+00  0.000E+00  0.000E+00  0.000E+00
  0.000E+00  0.000E+00  7.195E-03  2.000E-03  1.510E-03  0.000E+00  0.000E+00  0.000E+00  0.000E+00  0.000E+00  0.000E+00  2.165E-03  7.919E-03  5.134E-01  0.000E+00  0.000E+00  0.000E+00  3.904E-04  0.000E+00  1.500E-03  9.169E-01  1.926E+03  1.628E+03  0.000E+00  1.255E+02  1.000E+03  0.000E+00
  0.000E+00  0.000E+00  0.000E+00
  5.462E+08  5.388E+04  1.529E+03  6.742E-06  6.570E-04  6.989E-05  1.035E-03  7.662E-06  2.519E-05  3.721E-06  2.080E-05  6.907E-04  6.738E-06  5.173E-04  0.000E+00  0.000E+00  0.000E+00  0.000E+00  0.000E+00  0.000E+00  6.869E-04  6.306E-03  4.798E-03  0.000E+00  0.000E+00  0.000E+00  0.000E+00
  0.000E+00  0.000E+00  7.047E-03  1.897E-03  1.443E-03  0.000E+00  0.000E+00  0.000E+00  0.000E+00  0.000E+00  0.000E+00  2.120E-03  1.323E-02  7.848E-01  0.000E+00  0.000E+00  0.000E+00  3.904E-04  0.000E+00  1.500E-03  1.518E+00  1.943E+03  1.647E+03  0.000E+00  1.271E+02  1.000E+03  0.000E+00
  0.000E+00  0.000E+00  0.000E+00
  5.316E+08  7.611E+04  1.590E+03  7.370E-06  6.981E-04  6.989E-05  1.035E-03  7.662E-06  2.519E-05  3.721E-06  2.080E-05  7.542E-04  7.350E-06  3.705E-04  0.000E+00  0.000E+00  0.000E+00  0.000E+00  0.000E+00  0.000E+00  7.378E-04  6.367E-03  4.539E-03  0.000E+00  0.000E+00  0.000E+00  0.000E+00
  0.000E+00  0.000E+00  7.190E-03  1.916E-03  1.365E-03  0.000E+00  0.000E+00  0.000E+00  0.000E+00  0.000E+00  0.000E+00  2.163E-03  2.133E-02  1.075E+00  0.000E+00  0.000E+00  0.000E+00  3.904E-04  0.000E+00  1.500E-03  2.411E+00  1.961E+03  1.667E+03  0.000E+00  1.287E+02  1.000E+03  0.000E+00
  0.000E+00  0.000E+00  0.000E+00
  5.164E+08  1.075E+05  1.657E+03  7.997E-06  7.149E-04  6.989E-05  1.035E-03  7.662E-06  2.519E-05  3.721E-06  2.080E-05  8.152E-04  7.908E-06  4.752E-05  0.000E+00  0.000E+00  0.000E+00  0.000E+00  0.000E+00  0.000E+00  7.426E-04  6.255E-03  4.351E-03  0.000E+00  0.000E+00  0.000E+00  0.000E+00
  0.000E+00  0.000E+00  7.060E-03  1.882E-03  1.309E-03  0.000E+00  0.000E+00  0.000E+00  0.000E+00  0.000E+00  0.000E+00  2.124E-03  3.386E-02  1.131E+00  0.000E+00  0.000E+00  0.000E+00  3.904E-04  0.000E+00  1.500E-03  3.705E+00  1.979E+03  1.687E+03  0.000E+00  1.303E+02  1.000E+03  0.000E+00
  0.000E+00  0.000E+00  0.000E+00
  5.007E+08  1.519E+05  1.725E+03  8.690E-06  7.155E-04  6.989E-05  1.035E-03  7.662E-06  2.519E-05  3.721E-06  2.080E-05  8.720E-04  8.336E-06  0.000E+00  0.000E+00  0.000E+00  0.000E+00  0.000E+00  0.000E+00  0.000E+00  5.938E-04  6.053E-03  0.000E+00  0.000E+00  0.000E+00  0.000E+00  0.000E+00
  0.000E+00  0.000E+00  6.819E-03  1.821E-03  0.000E+00  0.000E+00  0.000E+00  0.000E+00  0.000E+00  0.000E+00  0.000E+00  2.052E-03  5.314E-02  1.131E+00  0.000E+00  0.000E+00  0.000E+00  3.904E-04  0.000E+00  1.500E-03  5.219E+00  1.998E+03  1.708E+03  0.000E+00  1.320E+02  1.000E+03  0.000E+00
  0.000E+00  0.000E+00  0.000E+00
  4.843E+08  2.145E+05  1.789E+03  9.466E-06  7.155E-04  6.989E-05  1.035E-03  7.662E-06  2.519E-05  3.721E-06  2.080E-05  9.061E-04  8.317E-06  0.000E+00  0.000E+00  0.000E+00  0.000E+00  0.000E+00  0.000E+00  0.000E+00  1.264E-04  5.790E-03  0.000E+00  0.000E+00  0.000E+00  0.000E+00  0.000E+00
  0.000E+00  0.000E+00  6.467E-03  1.742E-03  0.000E+00  0.000E+00  0.000E+00  0.000E+00  0.000E+00  0.000E+00  0.000E+00  1.946E-03  8.156E-02  1.131E+00  0.000E+00  0.000E+00  0.000E+00  3.904E-04  0.000E+00  1.500E-03  5.703E+00  2.017E+03  1.729E+03  0.000E+00  1.338E+02  1.000E+03  0.000E+00
  0.000E+00  0.000E+00  0.000E+00
  4.673E+08  3.030E+05  1.848E+03  1.028E-05  7.155E-04  6.989E-05  1.035E-03  7.662E-06  2.519E-05  3.721E-06  2.080E-05  9.088E-04  7.283E-06  0.000E+00  0.000E+00  0.000E+00  0.000E+00  0.000E+00  0.000E+00  0.000E+00  0.000E+00  5.488E-03  0.000E+00  0.000E+00  0.000E+00  0.000E+00  0.000E+00
  0.000E+00  0.000E+00  0.000E+00  1.651E-03  0.000E+00  0.000E+00  0.000E+00  0.000E+00  0.000E+00  0.000E+00  0.000E+00  0.000E+00  1.186E-01  1.131E+00  0.000E+00  0.000E+00  0.000E+00  3.904E-04  0.000E+00  1.500E-03  5.703E+00  2.036E+03  1.751E+03  0.000E+00  1.356E+02  1.000E+03  0.000E+00
  0.000E+00  0.000E+00  0.000E+00
  4.498E+08  4.280E+05  1.901E+03  1.101E-05  7.155E-04  6.989E-05  1.035E-03  7.662E-06  2.519E-05  3.721E-06  2.080E-05  9.088E-04  4.704E-06  0.000E+00  0.000E+00  0.000E+00  0.000E+00  0.000E+00  0.000E+00  0.000E+00  0.000E+00  5.145E-03  0.000E+00  0.000E+00  0.000E+00  0.000E+00  0.000E+00
  0.000E+00  0.000E+00  0.000E+00  1.548E-03  0.000E+00  0.000E+00  0.000E+00  0.000E+00  0.000E+00  0.000E+00  0.000E+00  0.000E+00  1.548E-01  1.131E+00  0.000E+00  0.000E+00  0.000E+00  3.904E-04  0.000E+00  1.500E-03  5.703E+00  2.056E+03  1.773E+03  0.000E+00  1.375E+02  1.000E+03  0.000E+00
  0.000E+00  0.000E+00  0.000E+00
  4.318E+08  6.046E+05  1.946E+03  1.140E-05  7.155E-04  6.989E-05  1.035E-03  7.662E-06  2.519E-05  3.721E-06  2.080E-05  9.088E-04  8.399E-07  0.000E+00  0.000E+00  0.000E+00  0.000E+00  0.000E+00  0.000E+00  0.000E+00  0.000E+00  4.793E-03  0.000E+00  0.000E+00  0.000E+00  0.000E+00  0.000E+00
  0.000E+00  0.000E+00  0.000E+00  1.442E-03  0.000E+00  0.000E+00  0.000E+00  0.000E+00  0.000E+00  0.000E+00  0.000E+00  0.000E+00  1.646E-01  1.131E+00  0.000E+00  0.000E+00  0.000E+00  3.904E-04  0.000E+00  1.500E-03  5.703E+00  2.076E+03  1.796E+03  0.000E+00  1.394E+02  1.000E+03  0.000E+00
  0.000E+00  0.000E+00  0.000E+00
  4.135E+08  8.540E+05  1.989E+03  1.143E-05  7.155E-04  6.989E-05  1.035E-03  7.662E-06  2.519E-05  3.721E-06  2.080E-05  9.088E-04  0.000E+00  0.000E+00  0.000E+00  0.000E+00  0.000E+00  0.000E+00  0.000E+00  0.000E+00  0.000E+00  0.000E+00  0.000E+00  0.000E+00  0.000E+00  0.000E+00  0.000E+00
  0.000E+00  0.000E+00  0.000E+00  0.000E+00  0.000E+00  0.000E+00  0.000E+00  0.000E+00  0.000E+00  0.000E+00  0.000E+00  0.000E+00  1.646E-01  1.131E+00  0.000E+00  0.000E+00  0.000E+00  3.904E-04  0.000E+00  1.500E-03  5.703E+00  2.096E+03  1.820E+03  0.000E+00  1.422E+02  1.000E+03  0.000E+00
  0.000E+00  0.000E+00  0.000E+00
  3.947E+08  1.206E+06  2.032E+03  1.143E-05  7.155E-04  6.989E-05  1.035E-03  7.662E-06  2.519E-05  3.721E-06  2.080E-05  9.088E-04  0.000E+00  0.000E+00  0.000E+00  0.000E+00  0.000E+00  0.000E+00  0.000E+00  0.000E+00  0.000E+00  0.000E+00  0.000E+00  0.000E+00  0.000E+00  0.000E+00  0.000E+00
  0.000E+00  0.000E+00  0.000E+00  0.000E+00  0.000E+00  0.000E+00  0.000E+00  0.000E+00  0.000E+00  0.000E+00  0.000E+00  0.000E+00  1.646E-01  1.131E+00  0.000E+00  0.000E+00  0.000E+00  3.904E-04  0.000E+00  1.500E-03  5.703E+00  2.117E+03  1.844E+03  0.000E+00  1.460E+02  1.000E+03  0.000E+00
  0.000E+00  0.000E+00  0.000E+00
  3.755E+08  1.704E+06  2.074E+03  1.143E-05  7.155E-04  6.989E-05  1.035E-03  7.662E-06  2.519E-05  3.721E-06  2.080E-05  9.088E-04  0.000E+00  0.000E+00  0.000E+00  0.000E+00  0.000E+00  0.000E+00  0.000E+00  0.000E+00  0.000E+00  0.000E+00  0.000E+00  0.000E+00  0.000E+00  0.000E+00  0.000E+00
  0.000E+00  0.000E+00  0.000E+00  0.000E+00  0.000E+00  0.000E+00  0.000E+00  0.000E+00  0.000E+00  0.000E+00  0.000E+00  0.000E+00  1.646E-01  1.131E+00  0.000E+00  0.000E+00  0.000E+00  3.904E-04  0.000E+00  1.500E-03  5.703E+00  2.138E+03  1.869E+03  0.000E+00  1.485E+02  1.000E+03  0.000E+00
  0.000E+00  0.000E+00  0.000E+00
  3.560E+08  2.407E+06  2.108E+03  1.143E-05  7.155E-04  6.989E-05  1.035E-03  7.662E-06  2.519E-05  3.721E-06  2.080E-05  9.088E-04  0.000E+00  0.000E+00  0.000E+00  0.000E+00  0.000E+00  0.000E+00  0.000E+00  0.000E+00  0.000E+00  0.000E+00  0.000E+00  0.000E+00  0.000E+00  0.000E+00  0.000E+00
  0.000E+00  0.000E+00  0.000E+00  0.000E+00  0.000E+00  0.000E+00  0.000E+00  0.000E+00  0.000E+00  0.000E+00  0.000E+00  0.000E+00  1.646E-01  1.131E+00  0.000E+00  0.000E+00  0.000E+00  3.904E-04  0.000E+00  1.500E-03  5.703E+00  2.160E+03  1.906E+03  0.000E+00  1.510E+02  1.000E+03  0.000E+00
  0.000E+00  0.000E+00  0.000E+00
  3.363E+08  3.400E+06  2.127E+03  1.143E-05  7.155E-04  6.989E-05  1.035E-03  7.662E-06  2.519E-05  3.721E-06  2.080E-05  9.088E-04  0.000E+00  0.000E+00  0.000E+00  0.000E+00  0.000E+00  0.000E+00  0.000E+00  0.000E+00  0.000E+00  0.000E+00  0.000E+00  0.000E+00  0.000E+00  0.000E+00  0.000E+00
  0.000E+00  0.000E+00  0.000E+00  0.000E+00  0.000E+00  0.000E+00  0.000E+00  0.000E+00  0.000E+00  0.000E+00  0.000E+00  0.000E+00  1.646E-01  1.131E+00  0.000E+00  0.000E+00  0.000E+00  3.904E-04  0.000E+00  1.500E-03  5.703E+00  2.182E+03  1.948E+03  0.000E+00  1.591E+02  1.000E+03  0.000E+00
  0.000E+00  0.000E+00  0.000E+00
  3.164E+08  4.802E+06  2.134E+03  1.143E-05  7.155E-04  6.989E-05  1.035E-03  7.662E-06  2.519E-05  3.721E-06  2.080E-05  9.088E-04  0.000E+00  0.000E+00  0.000E+00  0.000E+00  0.000E+00  0.000E+00  0.000E+00  0.000E+00  0.000E+00  0.000E+00  0.000E+00  0.000E+00  0.000E+00  0.000E+00  0.000E+00
  0.000E+00  0.000E+00  0.000E+00  0.000E+00  0.000E+00  0.000E+00  0.000E+00  0.000E+00  0.000E+00  0.000E+00  0.000E+00  0.000E+00  1.646E-01  1.131E+00  0.000E+00  0.000E+00  0.000E+00  3.904E-04  0.000E+00  1.500E-03  5.703E+00  2.205E+03  2.006E+03  0.000E+00  1.622E+02  1.000E+03  0.000E+00
  0.000E+00  0.000E+00  0.000E+00
  2.965E+08  6.783E+06  2.135E+03  1.143E-05  7.155E-04  6.989E-05  1.035E-03  7.662E-06  2.519E-05  3.721E-06  2.080E-05  9.088E-04  0.000E+00  0.000E+00  0.000E+00  0.000E+00  0.000E+00  0.000E+00  0.000E+00  0.000E+00  0.000E+00  0.000E+00  0.000E+00  0.000E+00  0.000E+00  0.000E+00  0.000E+00
  0.000E+00  0.000E+00  0.000E+00  0.000E+00  0.000E+00  0.000E+00  0.000E+00  0.000E+00  0.000E+00  0.000E+00  0.000E+00  0.000E+00  1.646E-01  1.131E+00  0.000E+00  0.000E+00  0.000E+00  3.904E-04  0.000E+00  1.500E-03  5.703E+00  2.228E+03  2.036E+03  0.000E+00  1.653E+02  1.000E+03  0.000E+00
  0.000E+00  0.000E+00  0.000E+00
  2.804E+08  8.972E+06  2.135E+03  1.143E-05  7.155E-04  6.989E-05  1.035E-03  7.662E-06  2.519E-05  3.721E-06  2.080E-05  9.088E-04  0.000E+00  0.000E+00  0.000E+00  0.000E+00  0.000E+00  0.000E+00  0.000E+00  0.000E+00  0.000E+00  0.000E+00  0.000E+00  0.000E+00  0.000E+00  0.000E+00  0.000E+00
  0.000E+00  0.000E+00  0.000E+00  0.000E+00  0.000E+00  0.000E+00  0.000E+00  0.000E+00  0.000E+00  0.000E+00  0.000E+00  0.000E+00  1.646E-01  1.131E+00  0.000E+00  0.000E+00  0.000E+00  3.904E-04  0.000E+00  1.500E-03  5.703E+00  2.247E+03  2.123E+03  0.000E+00  1.680E+02  1.000E+03  0.000E+00
  0.000E+00  0.000E+00  0.000E+00
  2.594E+08  1.292E+07  2.135E+03  1.143E-05  7.155E-04  6.989E-05  1.035E-03  7.662E-06  2.519E-05  3.721E-06  2.080E-05  9.088E-04  0.000E+00  0.000E+00  0.000E+00  0.000E+00  0.000E+00  0.000E+00  0.000E+00  0.000E+00  0.000E+00  0.000E+00  0.000E+00  0.000E+00  0.000E+00  0.000E+00  0.000E+00
  0.000E+00  0.000E+00  0.000E+00  0.000E+00  0.000E+00  0.000E+00  0.000E+00  0.000E+00  0.000E+00  0.000E+00  0.000E+00  0.000E+00  1.646E-01  1.131E+00  0.000E+00  0.000E+00  0.000E+00  3.904E-04  0.000E+00  1.500E-03  5.703E+00  2.272E+03  2.155E+03  0.000E+00  1.865E+02  1.000E+03  0.000E+00
  0.000E+00  0.000E+00  0.000E+00
  2.368E+08  1.912E+07  2.136E+03  1.159E-05  7.155E-04  6.989E-05  1.035E-03  7.662E-06  2.519E-05  3.721E-06  2.080E-05  9.088E-04  1.585E-06  0.000E+00  0.000E+00  0.000E+00  0.000E+00  0.000E+00  0.000E+00  0.000E+00  0.000E+00  2.896E-03  0.000E+00  0.000E+00  0.000E+00  0.000E+00  0.000E+00
  0.000E+00  0.000E+00  0.000E+00  8.712E-04  0.000E+00  0.000E+00  0.000E+00  0.000E+00  0.000E+00  0.000E+00  0.000E+00  0.000E+00  1.127E+00  1.131E+00  0.000E+00  0.000E+00  0.000E+00  3.904E-04  0.000E+00  1.500E-03  5.703E+00  2.300E+03  2.191E+03  0.000E+00  1.907E+02  1.000E+03  0.000E+00
  0.000E+00  0.000E+00  0.000E+00
  2.169E+08  2.700E+07  2.136E+03  1.281E-05  7.155E-04  6.989E-05  1.035E-03  7.662E-06  2.519E-05  3.721E-06  2.080E-05  9.088E-04  5.633E-06  0.000E+00  0.000E+00  0.000E+00  0.000E+00  0.000E+00  0.000E+00  0.000E+00  0.000E+00  2.778E-03  0.000E+00  0.000E+00  0.000E+00  0.000E+00  0.000E+00
  0.000E+00  0.000E+00  0.000E+00  8.356E-04  0.000E+00  0.000E+00  0.000E+00  0.000E+00  0.000E+00  0.000E+00  0.000E+00  0.000E+00  6.165E+00  1.131E+00  0.000E+00  0.000E+00  0.000E+00  3.904E-04  0.000E+00  1.500E-03  5.703E+00  2.325E+03  2.341E+03  0.000E+00  1.944E+02  1.000E+03  0.000E+00
  0.000E+00  0.000E+00  0.000E+00
  1.969E+08  3.815E+07  2.138E+03  1.547E-05  7.155E-04  6.989E-05  1.035E-03  7.662E-06  2.519E-05  3.721E-06  2.080E-05  9.088E-04  1.030E-05  0.000E+00  0.000E+00  0.000E+00  0.000E+00  0.000E+00  0.000E+00  0.000E+00  0.000E+00  2.674E-03  0.000E+00  0.000E+00  0.000E+00  0.000E+00  0.000E+00
  0.000E+00  0.000E+00  0.000E+00  8.045E-04  0.000E+00  0.000E+00  0.000E+00  0.000E+00  0.000E+00  0.000E+00  0.000E+00  0.000E+00  1.971E+01  1.131E+00  0.000E+00  0.000E+00  0.000E+00  3.904E-04  0.000E+00  1.500E-03  5.703E+00  2.351E+03  2.371E+03  0.000E+00  1.981E+02  1.000E+03  0.000E+00
  0.000E+00  0.000E+00  0.000E+00
  1.770E+08  5.388E+07  2.140E+03  1.988E-05  7.155E-04  6.989E-05  1.035E-03  7.662E-06  2.519E-05  3.721E-06  2.080E-05  9.088E-04  1.610E-05  0.000E+00  0.000E+00  0.000E+00  0.000E+00  0.000E+00  0.000E+00  0.000E+00  0.000E+00  2.574E-03  0.000E+00  0.000E+00  0.000E+00  0.000E+00  0.000E+00
  0.000E+00  0.000E+00  0.000E+00  7.745E-04  0.000E+00  0.000E+00  0.000E+00  0.000E+00  0.000E+00  0.000E+00  0.000E+00  0.000E+00  5.077E+01  1.131E+00  0.000E+00  0.000E+00  0.000E+00  3.904E-04  0.000E+00  1.500E-03  5.703E+00  2.398E+03  2.401E+03  0.000E+00  2.020E+02  1.000E+03  0.000E+00
  0.000E+00  0.000E+00  0.000E+00
  1.570E+08  7.611E+07  2.143E+03  2.661E-05  7.155E-04  6.989E-05  1.035E-03  7.662E-06  2.519E-05  3.721E-06  2.080E-05  9.317E-04  2.378E-05  0.000E+00  0.000E+00  0.000E+00  0.000E+00  0.000E+00  0.000E+00  0.000E+00  1.827E-04  2.481E-03  0.000E+00  0.000E+00  0.000E+00  0.000E+00  0.000E+00
  0.000E+00  0.000E+00  2.812E-03  7.463E-04  0.000E+00  0.000E+00  0.000E+00  0.000E+00  0.000E+00  0.000E+00  0.000E+00  8.459E-04  1.180E+02  1.131E+00  0.000E+00  0.000E+00  0.000E+00  3.904E-04  0.000E+00  1.500E-03  5.696E+02  2.441E+03  2.632E+03  0.000E+00  2.371E+02  1.000E+03  0.000E+00
  0.000E+00  0.000E+00  0.000E+00
  1.370E+08  1.075E+08  2.150E+03  3.644E-05  7.343E-04  6.989E-05  1.035E-03  7.662E-06  2.519E-05  3.721E-06  2.080E-05  1.049E-03  3.422E-05  1.395E-04  0.000E+00  0.000E+00  0.000E+00  0.000E+00  0.000E+00  0.000E+00  5.024E-04  2.392E-03  1.643E-03  0.000E+00  0.000E+00  0.000E+00  0.000E+00
  0.000E+00  0.000E+00  2.701E-03  7.198E-04  4.943E-04  0.000E+00  0.000E+00  0.000E+00  0.000E+00  0.000E+00  0.000E+00  8.125E-04  2.597E+02  4.260E+02  0.000E+00  0.000E+00  0.000E+00  3.904E-04  0.000E+00  1.500E-03  2.851E+03  2.497E+03  2.654E+03  0.000E+00  2.402E+02  1.000E+03  0.000E+00
  0.000E+00  0.000E+00  0.000E+00
  1.169E+08  1.519E+08  2.161E+03  5.051E-05  8.180E-04  6.989E-05  1.035E-03  7.662E-06  2.519E-05  3.721E-06  2.080E-05  1.274E-03  4.866E-05  3.477E-04  0.000E+00  0.000E+00  0.000E+00  0.000E+00  0.000E+00  0.000E+00  8.453E-04  2.309E-03  1.581E-03  0.000E+00  0.000E+00  0.000E+00  0.000E+00
  0.000E+00  0.000E+00  2.602E-03  6.946E-04  4.757E-04  0.000E+00  0.000E+00  0.000E+00  0.000E+00  0.000E+00  0.000E+00  7.828E-04  5.547E+02  1.981E+03  0.000E+00  0.000E+00  0.000E+00  3.904E-04  0.000E+00  1.500E-03  8.492E+03  2.573E+03  2.675E+03  0.000E+00  2.434E+02  1.000E+03  0.000E+00
  0.000E+00  0.000E+00  0.000E+00
  9.668E+07  2.145E+08  2.179E+03  6.942E-05  9.633E-04  6.989E-05  1.035E-03  7.662E-06  2.519E-05  3.721E-06  2.080E-05  1.604E-03  6.766E-05  5.609E-04  0.000E+00  0.000E+00  0.000E+00  0.000E+00  0.000E+00  0.000E+00  1.222E-03  2.272E-03  1.555E-03  0.000E+00  0.000E+00  0.000E+00  0.000E+00
  0.000E+00  0.000E+00  2.560E-03  6.836E-04  4.677E-04  0.000E+00  0.000E+00  0.000E+00  0.000E+00  0.000E+00  0.000E+00  7.700E-04  1.143E+03  5.592E+03  0.000E+00  0.000E+00  0.000E+00  3.904E-04  0.000E+00  1.500E-03  2.020E+04  2.604E+03  2.697E+03  0.000E+00  2.465E+02  1.000E+03  0.000E+00
  0.000E+00  0.000E+00  0.000E+00
  7.620E+07  3.030E+08  2.212E+03  8.811E-05  1.117E-03  6.989E-05  1.035E-03  7.662E-06  2.519E-05  3.721E-06  2.080E-05  1.935E-03  8.607E-05  7.243E-04  0.000E+00  0.000E+00  0.000E+00  0.000E+00  0.000E+00  0.000E+00  1.518E-03  2.464E-03  1.692E-03  0.000E+00  0.000E+00  0.000E+00  0.000E+00
  0.000E+00  0.000E+00  2.773E-03  7.412E-04  5.092E-04  0.000E+00  0.000E+00  0.000E+00  0.000E+00  0.000E+00  0.000E+00  8.342E-04  2.119E+03  1.164E+04  0.000E+00  0.000E+00  0.000E+00  3.904E-04  0.000E+00  1.500E-03  3.917E+04  2.636E+03  2.718E+03  0.000E+00  2.496E+02  1.000E+03  0.000E+00
  0.000E+00  0.000E+00  0.000E+00
  5.530E+07  4.280E+08  2.267E+03  1.016E-04  1.226E-03  6.989E-05  1.035E-03  7.662E-06  2.519E-05  3.721E-06  2.080E-05  2.163E-03  9.834E-05  7.537E-04  0.000E+00  0.000E+00  0.000E+00  0.000E+00  0.000E+00  0.000E+00  1.531E-03  2.334E-03  1.833E-03  0.000E+00  0.000E+00  0.000E+00  0.000E+00
  0.000E+00  0.000E+00  2.194E-03  7.022E-04  5.515E-04  0.000E+00  0.000E+00  0.000E+00  0.000E+00  0.000E+00  0.000E+00  6.601E-04  3.841E+03  1.986E+04  0.000E+00  0.000E+00  0.000E+00  3.904E-04  0.000E+00  1.500E-03  7.634E+04  2.746E+03  2.740E+03  0.000E+00  2.527E+02  1.000E+03  0.000E+00
  0.000E+00  0.000E+00  0.000E+00
  3.367E+07  6.046E+08  2.363E+03  1.105E-04  1.286E-03  6.989E-05  1.035E-03  7.662E-06  2.519E-05  3.721E-06  2.080E-05  2.277E-03  1.016E-04  4.955E-04  0.000E+00  0.000E+00  0.000E+00  0.000E+00  0.000E+00  0.000E+00  6.648E-04  9.508E-04  1.699E-03  0.000E+00  0.000E+00  0.000E+00  0.000E+00
  0.000E+00  0.000E+00  9.295E-04  2.860E-04  5.111E-04  0.000E+00  0.000E+00  0.000E+00  0.000E+00  0.000E+00  0.000E+00  2.796E-04  1.075E+04  2.856E+04  0.000E+00  0.000E+00  0.000E+00  3.904E-04  0.000E+00  1.500E-03  1.291E+05  2.779E+03  2.762E+03  0.000E+00  2.559E+02  1.000E+03  0.000E+00
  0.000E+00  0.000E+00  0.000E+00
  1.079E+07  8.540E+08  2.532E+03  1.154E-04  1.300E-03  6.989E-05  1.035E-03  7.662E-06  2.519E-05  3.721E-06  2.080E-05  2.290E-03  6.101E-05  0.000E+00  0.000E+00  0.000E+00  0.000E+00  0.000E+00  0.000E+00  0.000E+00  0.000E+00  9.927E-04  0.000E+00  0.000E+00  0.000E+00  0.000E+00  0.000E+00
  0.000E+00  0.000E+00  0.000E+00  2.987E-04  0.000E+00  0.000E+00  0.000E+00  0.000E+00  0.000E+00  0.000E+00  0.000E+00  0.000E+00  1.571E+04  2.943E+04  0.000E+00  0.000E+00  0.000E+00  3.904E-04  0.000E+00  1.500E-03  1.344E+05  2.812E+03  2.783E+03  0.000E+00  2.590E+02  1.000E+03  0.000E+00
  0.000E+00  0.000E+00  0.000E+00
