  1443.  400. 60 5  2.  1.
 H2O       
  0.0086727274  0.
 Fe        
  0.0013  1094.85621
 MgSiO3    
  0.00274999999  1.00579396
 Al2O3     
  0.00011632823  48.9879249
 NH3       
  0.000231818171  0.
  2.952E+09  1.205E+00  8.744E+02  8.673E-03  2.861E-10  2.853E-11  1.670E-31  2.318E-04  0.000E+00  0.000E+00  2.668E-13  1.953E-32  0.000E+00  0.000E+00  0.000E+00  2.176E-03  1.742E-03  0.000E+00  0.000E+00  0.000E+00  6.546E-04  5.241E-04  0.000E+00  0.000E+00  0.000E+00  5.898E-14  4.322E-33
  0.000E+00  1.621E+02  1.215E+03  1.204E+03  1.594E+03  1.000E+02
  2.923E+09  1.705E+00  8.798E+02  8.673E-03  3.072E-10  3.350E-11  3.648E-31  2.318E-04  0.000E+00  1.439E-11  2.797E-12  1.198E-31  0.000E+00  0.000E+00  1.112E-03  2.743E-03  2.194E-03  0.000E+00  0.000E+00  3.344E-04  8.253E-04  6.602E-04  0.000E+00  0.000E+00  3.635E-12  7.654E-13  3.458E-32
  0.000E+00  1.636E+02  1.226E+03  1.213E+03  1.601E+03  1.000E+02
  2.894E+09  2.410E+00  8.885E+02  8.673E-03  3.927E-10  4.962E-11  1.396E-30  2.318E-04  0.000E+00  4.054E-11  7.829E-12  7.211E-31  0.000E+00  0.000E+00  1.460E-03  3.603E-03  2.885E-03  0.000E+00  0.000E+00  4.393E-04  1.084E-03  8.680E-04  0.000E+00  0.000E+00  1.447E-11  2.857E-12  2.271E-31
  0.000E+00  1.651E+02  1.237E+03  1.222E+03  1.608E+03  1.000E+02
  2.865E+09  3.400E+00  8.994E+02  8.673E-03  5.581E-10  8.352E-11  6.419E-30  2.318E-04  0.000E+00  7.926E-11  1.736E-11  3.906E-30  0.000E+00  0.000E+00  1.937E-03  4.777E-03  3.825E-03  0.000E+00  0.000E+00  5.828E-04  1.437E-03  1.151E-03  0.000E+00  0.000E+00  3.706E-11  7.808E-12  1.340E-30
  0.000E+00  1.667E+02  1.248E+03  1.230E+03  1.616E+03  1.000E+02
  2.835E+09  4.800E+00  9.116E+02  8.673E-03  8.182E-10  1.454E-10  2.974E-29  2.318E-04  0.000E+00  1.286E-10  3.311E-11  1.906E-29  0.000E+00  0.000E+00  2.478E-03  6.109E-03  4.892E-03  0.000E+00  0.000E+00  7.456E-04  1.838E-03  1.472E-03  0.000E+00  0.000E+00  7.758E-11  1.824E-11  7.341E-30
  0.000E+00  1.683E+02  1.260E+03  1.239E+03  1.623E+03  1.000E+02
  2.805E+09  6.780E+00  9.245E+02  8.673E-03  1.217E-09  2.572E-10  1.371E-28  2.318E-04  0.000E+00  2.030E-10  6.170E-11  8.923E-29  0.000E+00  0.000E+00  3.156E-03  7.776E-03  6.229E-03  0.000E+00  0.000E+00  9.496E-04  2.340E-03  1.874E-03  0.000E+00  0.000E+00  1.486E-10  3.986E-11  3.855E-29
  0.000E+00  1.699E+02  1.271E+03  1.248E+03  1.631E+03  1.000E+02
  2.775E+09  9.580E+00  9.381E+02  8.673E-03  1.813E-09  4.545E-10  5.984E-28  2.318E-04  0.000E+00  3.023E-10  1.086E-10  3.775E-28  0.000E+00  0.000E+00  4.007E-03  9.862E-03  7.902E-03  0.000E+00  0.000E+00  1.206E-03  2.967E-03  2.377E-03  0.000E+00  0.000E+00  2.664E-10  8.227E-11  1.857E-28
  0.000E+00  1.715E+02  1.283E+03  1.258E+03  1.639E+03  1.000E+02
  2.744E+09  1.354E+01  9.520E+02  8.673E-03  2.642E-09  7.785E-10  2.345E-27  2.318E-04  0.000E+00  3.988E-10  1.694E-10  1.339E-27  0.000E+00  0.000E+00  5.034E-03  1.237E-02  9.914E-03  0.000E+00  0.000E+00  1.514E-03  3.721E-03  2.983E-03  0.000E+00  0.000E+00  4.411E-10  1.568E-10  7.732E-28
  0.000E+00  1.732E+02  1.295E+03  1.267E+03  1.646E+03  1.000E+02
  2.713E+09  1.912E+01  9.657E+02  8.673E-03  3.674E-09  1.256E-09  8.147E-27  2.318E-04  0.000E+00  4.433E-10  2.236E-10  3.925E-27  0.000E+00  0.000E+00  6.227E-03  1.525E-02  1.224E-02  0.000E+00  0.000E+00  1.873E-03  4.589E-03  3.682E-03  0.000E+00  0.000E+00  6.629E-10  2.694E-10  2.744E-27
  0.000E+00  1.749E+02  1.307E+03  1.277E+03  1.654E+03  1.000E+02
  2.681E+09  2.700E+01  9.786E+02  8.673E-03  4.792E-09  1.874E-09  2.479E-26  2.318E-04  0.000E+00  4.077E-10  2.470E-10  9.633E-27  0.000E+00  0.000E+00  7.561E-03  1.843E-02  1.482E-02  0.000E+00  0.000E+00  2.275E-03  5.546E-03  4.457E-03  0.000E+00  0.000E+00  9.000E-10  4.147E-10  8.385E-27
  0.000E+00  1.767E+02  1.320E+03  1.286E+03  1.662E+03  1.000E+02
  2.649E+09  3.814E+01  9.903E+02  8.673E-03  5.902E-09  2.615E-09  7.050E-26  2.318E-04  0.000E+00  3.825E-10  2.785E-10  2.538E-26  0.000E+00  0.000E+00  9.084E-03  2.198E-02  1.771E-02  0.000E+00  0.000E+00  2.733E-03  6.613E-03  5.329E-03  0.000E+00  0.000E+00  1.162E-09  6.089E-10  2.596E-26
  0.000E+00  1.785E+02  1.333E+03  1.296E+03  1.670E+03  1.000E+02
  2.616E+09  5.388E+01  1.002E+03  8.673E-03  7.311E-09  3.703E-09  2.323E-25  2.318E-04  0.000E+00  5.874E-10  4.764E-10  1.070E-25  0.000E+00  0.000E+00  1.139E-02  2.721E-02  2.202E-02  0.000E+00  0.000E+00  3.426E-03  8.186E-03  6.624E-03  0.000E+00  0.000E+00  1.614E-09  9.878E-10  1.101E-25
  0.000E+00  1.803E+02  1.346E+03  1.306E+03  1.678E+03  1.000E+02
  2.583E+09  7.611E+01  1.014E+03  8.673E-03  9.578E-09  5.623E-09  9.512E-25  2.318E-04  0.000E+00  1.038E-09  9.284E-10  5.598E-25  0.000E+00  0.000E+00  1.474E-02  3.443E-02  2.805E-02  0.000E+00  0.000E+00  4.435E-03  1.036E-02  8.440E-03  0.000E+00  0.000E+00  2.487E-09  1.812E-09  5.977E-25
  0.000E+00  1.821E+02  1.359E+03  1.316E+03  1.686E+03  1.000E+02
  2.550E+09  1.075E+02  1.028E+03  8.673E-03  1.274E-08  8.643E-09  4.702E-24  2.318E-04  0.000E+00  1.394E-09  1.430E-09  3.346E-24  0.000E+00  0.000E+00  1.829E-02  4.138E-02  3.403E-02  0.000E+00  0.000E+00  5.503E-03  1.245E-02  1.024E-02  0.000E+00  0.000E+00  3.821E-09  3.305E-09  3.992E-24
  0.000E+00  1.840E+02  1.373E+03  1.326E+03  1.695E+03  1.005E+02
  2.516E+09  1.519E+02  1.042E+03  8.673E-03  1.647E-08  1.279E-08  3.384E-23  2.318E-04  0.000E+00  1.487E-09  1.791E-09  2.925E-23  0.000E+00  0.000E+00  2.177E-02  4.728E-02  3.934E-02  0.000E+00  0.000E+00  6.551E-03  1.422E-02  1.184E-02  0.000E+00  0.000E+00  5.510E-09  5.617E-09  4.023E-23
  0.000E+00  1.860E+02  1.386E+03  1.337E+03  1.703E+03  1.014E+02
  2.482E+09  2.145E+02  1.055E+03  8.673E-03  2.030E-08  1.783E-08  4.034E-22  2.318E-04  0.000E+00  1.327E-09  1.915E-09  3.895E-22  0.000E+00  0.000E+00  2.495E-02  5.167E-02  4.354E-02  0.000E+00  0.000E+00  7.506E-03  1.555E-02  1.310E-02  0.000E+00  0.000E+00  7.369E-09  8.811E-09  6.562E-22
  0.000E+00  1.879E+02  1.400E+03  1.348E+03  1.711E+03  1.023E+02
  2.447E+09  3.030E+02  1.068E+03  8.673E-03  2.400E-08  2.368E-08  7.382E-21  2.318E-04  0.000E+00  1.258E-09  2.158E-09  7.345E-21  0.000E+00  0.000E+00  2.773E-02  5.462E-02  4.659E-02  0.000E+00  0.000E+00  8.344E-03  1.643E-02  1.402E-02  0.000E+00  0.000E+00  9.607E-09  1.362E-08  1.599E-20
  0.000E+00  1.900E+02  1.415E+03  1.358E+03  1.720E+03  1.033E+02
  2.412E+09  4.280E+02  1.080E+03  8.673E-03  2.856E-08  3.189E-08  1.421E-19  2.318E-04  0.000E+00  1.861E-09  3.493E-09  1.420E-19  0.000E+00  0.000E+00  3.085E-02  5.765E-02  4.977E-02  0.000E+00  0.000E+00  9.283E-03  1.735E-02  1.497E-02  0.000E+00  0.000E+00  1.381E-08  2.403E-08  4.080E-19
  0.000E+00  1.920E+02  1.429E+03  1.369E+03  1.728E+03  1.042E+02
  2.377E+09  6.046E+02  1.093E+03  8.673E-03  3.568E-08  4.576E-08  2.183E-18  2.318E-04  0.000E+00  3.326E-09  6.774E-09  2.183E-18  0.000E+00  0.000E+00  3.375E-02  6.014E-02  5.247E-02  0.000E+00  0.000E+00  1.015E-02  1.809E-02  1.578E-02  0.000E+00  0.000E+00  2.351E-08  5.138E-08  8.481E-18
  0.000E+00  1.941E+02  1.444E+03  1.380E+03  1.737E+03  1.052E+02
  2.341E+09  8.540E+02  1.108E+03  8.673E-03  4.699E-08  7.009E-08  2.590E-17  2.318E-04  0.000E+00  5.776E-09  1.318E-08  2.590E-17  0.000E+00  0.000E+00  3.569E-02  6.129E-02  5.388E-02  0.000E+00  0.000E+00  1.074E-02  1.844E-02  1.621E-02  0.000E+00  0.000E+00  4.601E-08  1.251E-07  1.403E-16
  0.000E+00  1.963E+02  1.460E+03  1.392E+03  1.746E+03  1.062E+02
  2.304E+09  1.206E+03  1.125E+03  8.673E-03  6.434E-08  1.125E-07  2.504E-16  2.318E-04  0.000E+00  9.363E-09  2.458E-08  2.504E-16  0.000E+00  0.000E+00  3.667E-02  6.126E-02  5.416E-02  0.000E+00  0.000E+00  1.103E-02  1.843E-02  1.629E-02  0.000E+00  0.000E+00  9.615E-08  3.195E-07  1.930E-15
  0.000E+00  1.984E+02  1.475E+03  1.403E+03  1.755E+03  1.073E+02
  2.267E+09  1.704E+03  1.143E+03  8.673E-03  8.973E-08  1.850E-07  2.149E-15  2.318E-04  0.000E+00  1.421E-08  4.421E-08  2.149E-15  0.000E+00  0.000E+00  3.670E-02  6.030E-02  5.340E-02  0.000E+00  0.000E+00  1.104E-02  1.814E-02  1.606E-02  0.000E+00  0.000E+00  2.036E-07  8.213E-07  2.394E-14
  0.000E+00  2.007E+02  1.491E+03  1.415E+03  1.763E+03  1.084E+02
  2.230E+09  2.407E+03  1.161E+03  8.673E-03  1.279E-07  3.174E-07  1.747E-14  2.318E-04  0.000E+00  2.326E-08  8.964E-08  1.747E-14  0.000E+00  0.000E+00  3.609E-02  6.037E-02  5.270E-02  0.000E+00  0.000E+00  1.086E-02  1.816E-02  1.585E-02  0.000E+00  0.000E+00  4.560E-07  2.258E-06  2.801E-13
  0.000E+00  2.030E+02  1.507E+03  1.427E+03  1.772E+03  1.094E+02
  2.192E+09  3.400E+03  1.181E+03  8.673E-03  1.937E-07  6.085E-07  1.276E-13  2.318E-04  0.000E+00  4.557E-08  2.300E-07  1.276E-13  0.000E+00  0.000E+00  3.550E-02  6.222E-02  5.405E-02  0.000E+00  0.000E+00  1.068E-02  1.872E-02  1.626E-02  0.000E+00  0.000E+00  1.166E-06  7.313E-06  2.860E-12
  0.000E+00  2.053E+02  1.524E+03  1.439E+03  1.781E+03  1.106E+02
  2.153E+09  4.802E+03  1.203E+03  8.673E-03  3.174E-07  1.345E-06  7.846E-13  2.318E-04  0.000E+00  9.655E-08  6.747E-07  7.846E-13  0.000E+00  0.000E+00  3.581E-02  6.466E-02  5.611E-02  0.000E+00  0.000E+00  1.077E-02  1.945E-02  1.688E-02  0.000E+00  0.000E+00  3.276E-06  2.746E-05  2.446E-11
  0.000E+00  2.077E+02  1.541E+03  1.451E+03  1.791E+03  1.117E+02
  2.113E+09  6.783E+03  1.228E+03  8.673E-03  5.625E-07  3.396E-06  4.160E-12  2.318E-04  0.000E+00  2.157E-07  2.129E-06  4.160E-12  0.000E+00  0.000E+00  3.677E-02  6.650E-02  5.764E-02  0.000E+00  0.000E+00  1.106E-02  2.001E-02  1.734E-02  0.000E+00  0.000E+00  9.762E-06  1.148E-04  1.819E-10
  0.000E+00  2.102E+02  1.559E+03  1.464E+03  1.800E+03  1.129E+02
  2.072E+09  9.582E+03  1.255E+03  8.673E-03  1.119E-06  9.827E-06  2.028E-11  2.318E-04  0.000E+00  5.596E-07  7.354E-06  2.028E-11  0.000E+00  0.000E+00  3.743E-02  6.767E-02  5.857E-02  0.000E+00  0.000E+00  1.126E-02  2.036E-02  1.762E-02  0.000E+00  0.000E+00  3.311E-05  5.334E-04  1.249E-09
  0.000E+00  2.127E+02  1.576E+03  1.476E+03  1.809E+03  1.141E+02
  2.031E+09  1.353E+04  1.284E+03  8.673E-03  2.459E-06  3.020E-05  8.560E-11  2.318E-04  0.000E+00  1.500E-06  2.499E-05  8.560E-11  0.000E+00  0.000E+00  3.905E-02  7.080E-02  6.120E-02  0.000E+00  0.000E+00  1.175E-02  2.130E-02  1.841E-02  0.000E+00  0.000E+00  1.178E-04  2.455E-03  7.341E-09
  0.000E+00  2.153E+02  1.595E+03  1.489E+03  1.819E+03  1.153E+02
  1.988E+09  1.912E+04  1.320E+03  8.673E-03  5.387E-06  8.601E-05  2.992E-10  2.318E-04  0.000E+00  3.551E-06  7.343E-05  2.992E-10  0.000E+00  0.000E+00  4.107E-02  7.421E-02  6.448E-02  0.000E+00  0.000E+00  1.236E-02  2.233E-02  1.940E-02  0.000E+00  0.000E+00  3.874E-04  1.006E-02  3.589E-08
  0.000E+00  2.179E+02  1.613E+03  1.502E+03  1.828E+03  1.166E+02
  1.945E+09  2.700E+04  1.360E+03  8.673E-03  1.109E-05  2.197E-04  9.135E-10  2.318E-04  0.000E+00  7.247E-06  1.859E-04  9.135E-10  0.000E+00  0.000E+00  4.248E-02  7.560E-02  6.600E-02  0.000E+00  0.000E+00  1.278E-02  2.275E-02  1.986E-02  0.000E+00  0.000E+00  1.139E-03  3.673E-02  1.561E-07
  0.000E+00  2.206E+02  1.632E+03  1.516E+03  1.838E+03  1.179E+02
  1.899E+09  3.815E+04  1.405E+03  8.673E-03  2.117E-05  5.186E-04  2.597E-09  2.318E-04  0.000E+00  1.283E-05  4.235E-04  2.597E-09  0.000E+00  0.000E+00  4.328E-02  7.600E-02  6.635E-02  0.000E+00  0.000E+00  1.302E-02  2.286E-02  1.996E-02  0.000E+00  0.000E+00  2.985E-03  1.222E-01  6.361E-07
  0.000E+00  2.234E+02  1.652E+03  1.530E+03  1.848E+03  1.193E+02
  1.853E+09  5.388E+04  1.456E+03  8.673E-03  3.582E-05  1.097E-03  6.838E-09  2.318E-04  0.000E+00  1.676E-05  8.119E-04  6.836E-09  0.000E+00  0.000E+00  4.439E-02  7.770E-02  6.782E-02  0.000E+00  0.000E+00  1.335E-02  2.338E-02  2.040E-02  0.000E+00  0.000E+00  6.306E-03  3.487E-01  2.384E-06
  0.000E+00  2.262E+02  1.672E+03  1.543E+03  1.858E+03  1.206E+02
  1.804E+09  7.611E+04  1.511E+03  8.673E-03  4.687E-05  1.990E-03  1.709E-08  2.318E-04  0.000E+00  5.248E-06  1.113E-03  1.705E-08  0.000E+00  0.000E+00  4.353E-02  7.765E-02  6.794E-02  0.000E+00  0.000E+00  1.310E-02  2.336E-02  2.044E-02  0.000E+00  0.000E+00  7.819E-03  7.882E-01  8.531E-06
  0.000E+00  2.291E+02  1.692E+03  1.558E+03  1.868E+03  1.220E+02
  1.754E+09  1.075E+05  1.570E+03  8.673E-03  4.787E-05  2.692E-03  4.089E-08  2.318E-04  0.000E+00  0.000E+00  3.324E-04  4.037E-08  0.000E+00  0.000E+00  0.000E+00  7.691E-02  6.877E-02  0.000E+00  0.000E+00  0.000E+00  2.314E-02  2.069E-02  0.000E+00  0.000E+00  7.819E-03  9.774E-01  2.884E-05
  0.000E+00  2.331E+02  1.713E+03  1.572E+03  1.878E+03  1.235E+02
  1.701E+09  1.519E+05  1.631E+03  8.673E-03  4.787E-05  2.750E-03  9.671E-08  2.318E-04  0.000E+00  0.000E+00  0.000E+00  9.044E-08  0.000E+00  0.000E+00  0.000E+00  0.000E+00  6.722E-02  0.000E+00  0.000E+00  0.000E+00  0.000E+00  2.022E-02  0.000E+00  0.000E+00  7.819E-03  9.963E-01  9.462E-05
  0.000E+00  2.387E+02  1.735E+03  1.587E+03  1.888E+03  1.250E+02
  1.647E+09  2.145E+05  1.688E+03  8.673E-03  4.787E-05  2.750E-03  2.322E-07  2.318E-04  0.000E+00  0.000E+00  0.000E+00  1.841E-07  0.000E+00  0.000E+00  0.000E+00  0.000E+00  6.375E-02  0.000E+00  0.000E+00  0.000E+00  0.000E+00  1.918E-02  0.000E+00  0.000E+00  7.819E-03  1.006E+00  2.941E-04
  0.000E+00  2.449E+02  1.757E+03  1.602E+03  1.898E+03  1.265E+02
  1.591E+09  3.030E+05  1.735E+03  8.673E-03  4.787E-05  2.750E-03  5.395E-07  2.318E-04  0.000E+00  0.000E+00  0.000E+00  3.139E-07  0.000E+00  0.000E+00  0.000E+00  0.000E+00  5.905E-02  0.000E+00  0.000E+00  0.000E+00  0.000E+00  1.777E-02  0.000E+00  0.000E+00  7.819E-03  1.006E+00  8.131E-04
  0.000E+00  2.485E+02  1.780E+03  1.617E+03  1.909E+03  1.281E+02
  1.534E+09  4.280E+05  1.774E+03  8.673E-03  4.787E-05  2.750E-03  1.098E-06  2.318E-04  0.000E+00  0.000E+00  0.000E+00  3.852E-07  0.000E+00  0.000E+00  0.000E+00  0.000E+00  5.509E-02  0.000E+00  0.000E+00  0.000E+00  0.000E+00  1.657E-02  0.000E+00  0.000E+00  7.819E-03  1.006E+00  1.778E-03
  0.000E+00  2.574E+02  1.803E+03  1.632E+03  1.919E+03  1.298E+02
  1.475E+09  6.046E+05  1.809E+03  8.673E-03  4.787E-05  2.750E-03  1.481E-06  2.318E-04  0.000E+00  0.000E+00  0.000E+00  4.811E-08  0.000E+00  0.000E+00  0.000E+00  0.000E+00  5.170E-02  0.000E+00  0.000E+00  0.000E+00  0.000E+00  1.555E-02  0.000E+00  0.000E+00  7.819E-03  1.006E+00  1.961E-03
  0.000E+00  2.614E+02  1.834E+03  1.648E+03  1.930E+03  1.315E+02
  1.416E+09  8.540E+05  1.841E+03  8.673E-03  4.787E-05  2.750E-03  1.490E-06  2.318E-04  0.000E+00  0.000E+00  0.000E+00  0.000E+00  0.000E+00  0.000E+00  0.000E+00  0.000E+00  0.000E+00  0.000E+00  0.000E+00  0.000E+00  0.000E+00  0.000E+00  0.000E+00  0.000E+00  7.819E-03  1.006E+00  1.961E-03
  0.000E+00  2.747E+02  1.866E+03  1.664E+03  1.941E+03  1.332E+02
  1.355E+09  1.206E+06  1.869E+03  8.673E-03  4.787E-05  2.750E-03  1.490E-06  2.318E-04  0.000E+00  0.000E+00  0.000E+00  0.000E+00  0.000E+00  0.000E+00  0.000E+00  0.000E+00  0.000E+00  0.000E+00  0.000E+00  0.000E+00  0.000E+00  0.000E+00  0.000E+00  0.000E+00  7.819E-03  1.006E+00  1.961E-03
  0.000E+00  2.790E+02  1.899E+03  1.681E+03  1.952E+03  1.350E+02
  1.294E+09  1.704E+06  1.888E+03  8.673E-03  4.787E-05  2.750E-03  1.490E-06  2.318E-04  0.000E+00  0.000E+00  0.000E+00  0.000E+00  0.000E+00  0.000E+00  0.000E+00  0.000E+00  0.000E+00  0.000E+00  0.000E+00  0.000E+00  0.000E+00  0.000E+00  0.000E+00  0.000E+00  7.819E-03  1.006E+00  1.961E-03
  0.000E+00  2.974E+02  1.933E+03  1.699E+03  1.963E+03  1.369E+02
  1.232E+09  2.407E+06  1.897E+03  8.673E-03  4.787E-05  2.750E-03  1.490E-06  2.318E-04  0.000E+00  0.000E+00  0.000E+00  0.000E+00  0.000E+00  0.000E+00  0.000E+00  0.000E+00  0.000E+00  0.000E+00  0.000E+00  0.000E+00  0.000E+00  0.000E+00  0.000E+00  0.000E+00  7.819E-03  1.006E+00  1.961E-03
  0.000E+00  3.016E+02  1.983E+03  1.731E+03  1.974E+03  1.388E+02
  1.170E+09  3.400E+06  1.899E+03  8.673E-03  4.787E-05  2.750E-03  1.490E-06  2.318E-04  0.000E+00  0.000E+00  0.000E+00  0.000E+00  0.000E+00  0.000E+00  0.000E+00  0.000E+00  0.000E+00  0.000E+00  0.000E+00  0.000E+00  0.000E+00  0.000E+00  0.000E+00  0.000E+00  7.819E-03  1.006E+00  1.961E-03
  0.000E+00  3.059E+02  2.047E+03  1.749E+03  1.985E+03  1.409E+02
  1.108E+09  4.802E+06  1.900E+03  8.673E-03  4.787E-05  2.750E-03  1.490E-06  2.318E-04  0.000E+00  0.000E+00  0.000E+00  0.000E+00  0.000E+00  0.000E+00  0.000E+00  0.000E+00  0.000E+00  0.000E+00  0.000E+00  0.000E+00  0.000E+00  0.000E+00  0.000E+00  0.000E+00  7.819E-03  1.006E+00  1.961E-03
  0.000E+00  3.296E+02  2.116E+03  1.792E+03  1.996E+03  1.437E+02
  1.046E+09  6.783E+06  1.900E+03  8.673E-03  4.787E-05  2.750E-03  1.490E-06  2.318E-04  0.000E+00  0.000E+00  0.000E+00  0.000E+00  0.000E+00  0.000E+00  0.000E+00  0.000E+00  0.000E+00  0.000E+00  0.000E+00  0.000E+00  0.000E+00  0.000E+00  0.000E+00  0.000E+00  7.819E-03  1.006E+00  1.961E-03
  0.000E+00  3.333E+02  2.203E+03  1.812E+03  2.008E+03  1.477E+02
  9.961E+08  8.972E+06  1.901E+03  8.673E-03  4.787E-05  2.750E-03  1.490E-06  2.318E-04  0.000E+00  0.000E+00  0.000E+00  0.000E+00  0.000E+00  0.000E+00  0.000E+00  0.000E+00  0.000E+00  0.000E+00  0.000E+00  0.000E+00  0.000E+00  0.000E+00  0.000E+00  0.000E+00  7.819E-03  1.006E+00  1.961E-03
  0.000E+00  3.624E+02  2.313E+03  1.829E+03  2.017E+03  1.497E+02
  9.304E+08  1.292E+07  1.904E+03  8.673E-03  4.787E-05  2.750E-03  1.490E-06  2.318E-04  0.000E+00  0.000E+00  0.000E+00  0.000E+00  0.000E+00  0.000E+00  0.000E+00  0.000E+00  0.000E+00  0.000E+00  0.000E+00  0.000E+00  0.000E+00  0.000E+00  0.000E+00  0.000E+00  7.819E-03  1.006E+00  1.961E-03
  0.000E+00  3.648E+02  2.356E+03  1.909E+03  2.030E+03  1.577E+02
  8.600E+08  1.912E+07  1.907E+03  8.673E-03  4.787E-05  2.750E-03  1.490E-06  2.318E-04  0.000E+00  0.000E+00  0.000E+00  0.000E+00  0.000E+00  0.000E+00  0.000E+00  0.000E+00  0.000E+00  0.000E+00  0.000E+00  0.000E+00  0.000E+00  0.000E+00  0.000E+00  0.000E+00  7.819E-03  1.006E+00  1.961E-03
  0.000E+00  3.675E+02  2.516E+03  1.934E+03  2.043E+03  1.612E+02
  7.976E+08  2.700E+07  1.913E+03  8.673E-03  4.787E-05  2.750E-03  1.492E-06  2.318E-04  0.000E+00  0.000E+00  0.000E+00  5.776E-09  0.000E+00  0.000E+00  0.000E+00  0.000E+00  4.474E-02  0.000E+00  0.000E+00  0.000E+00  0.000E+00  1.346E-02  0.000E+00  0.000E+00  7.819E-03  1.006E+00  3.081E-03
  0.000E+00  3.698E+02  2.551E+03  1.956E+03  2.056E+03  1.643E+02
  7.350E+08  3.815E+07  1.924E+03  8.673E-03  4.787E-05  2.750E-03  1.750E-06  2.318E-04  0.000E+00  0.000E+00  0.000E+00  2.352E-07  0.000E+00  0.000E+00  0.000E+00  0.000E+00  4.400E-02  0.000E+00  0.000E+00  0.000E+00  0.000E+00  1.324E-02  0.000E+00  0.000E+00  7.819E-03  1.006E+00  6.880E-02
  0.000E+00  3.722E+02  2.747E+03  1.979E+03  2.068E+03  1.675E+02
  6.719E+08  5.388E+07  1.942E+03  8.673E-03  5.414E-05  2.750E-03  5.198E-06  2.318E-04  0.000E+00  8.935E-06  0.000E+00  3.273E-06  0.000E+00  0.000E+00  2.962E-02  0.000E+00  4.730E-02  0.000E+00  0.000E+00  8.912E-03  0.000E+00  1.423E-02  0.000E+00  0.000E+00  2.652E+00  1.006E+00  1.270E+00
  0.000E+00  3.745E+02  2.770E+03  2.002E+03  2.090E+03  1.708E+02
  6.079E+08  7.611E+07  1.974E+03  8.673E-03  1.219E-04  2.750E-03  2.512E-05  2.318E-04  0.000E+00  7.852E-05  0.000E+00  2.139E-05  0.000E+00  0.000E+00  3.596E-02  0.000E+00  5.865E-02  0.000E+00  0.000E+00  1.082E-02  0.000E+00  1.764E-02  0.000E+00  0.000E+00  2.978E+01  1.006E+00  1.023E+01
  0.000E+00  3.769E+02  2.794E+03  2.155E+03  2.113E+03  1.894E+02
  5.426E+08  1.075E+08  2.029E+03  8.673E-03  3.117E-04  2.750E-03  7.324E-05  2.318E-04  0.000E+00  2.607E-04  0.000E+00  5.866E-05  0.000E+00  0.000E+00  4.479E-02  0.000E+00  7.418E-02  0.000E+00  0.000E+00  1.348E-02  0.000E+00  2.232E-02  0.000E+00  0.000E+00  1.321E+02  1.006E+00  3.776E+01
  0.000E+00  3.792E+02  2.817E+03  2.178E+03  2.126E+03  1.931E+02
  4.746E+08  1.519E+08  2.126E+03  8.673E-03  5.944E-04  2.750E-03  1.143E-04  2.318E-04  0.000E+00  5.103E-04  0.000E+00  2.005E-05  0.000E+00  0.000E+00  5.789E-02  0.000E+00  1.030E-01  0.000E+00  0.000E+00  1.742E-02  0.000E+00  3.098E-02  0.000E+00  0.000E+00  3.525E+02  1.006E+00  4.752E+01
  0.000E+00  3.815E+02  2.841E+03  2.201E+03  2.159E+03  1.969E+02
  4.024E+08  2.145E+08  2.289E+03  8.673E-03  8.777E-04  2.750E-03  1.163E-04  2.318E-04  0.000E+00  6.697E-04  0.000E+00  0.000E+00  0.000E+00  0.000E+00  8.342E-02  0.000E+00  0.000E+00  0.000E+00  0.000E+00  2.510E-02  0.000E+00  0.000E+00  0.000E+00  0.000E+00  6.401E+02  1.006E+00  4.850E+01
  0.000E+00  3.839E+02  2.864E+03  2.224E+03  2.173E+03  2.007E+02
  3.241E+08  3.030E+08  2.491E+03  8.673E-03  1.134E-03  2.750E-03  1.163E-04  2.318E-04  0.000E+00  5.860E-04  0.000E+00  0.000E+00  0.000E+00  0.000E+00  8.943E-02  0.000E+00  0.000E+00  0.000E+00  0.000E+00  2.691E-02  0.000E+00  0.000E+00  0.000E+00  0.000E+00  9.737E+02  1.006E+00  4.899E+01
  0.000E+00  3.862E+02  2.888E+03  2.247E+03  2.225E+03  2.046E+02
  2.390E+08  4.280E+08  2.704E+03  8.673E-03  1.288E-03  2.750E-03  1.163E-04  2.318E-04  0.000E+00  1.304E-04  0.000E+00  0.000E+00  0.000E+00  0.000E+00  8.922E-02  0.000E+00  0.000E+00  0.000E+00  0.000E+00  2.684E-02  0.000E+00  0.000E+00  0.000E+00  0.000E+00  1.079E+03  1.006E+00  4.899E+01
  0.000E+00  3.886E+02  2.911E+03  2.271E+03  2.240E+03  2.392E+02
  1.468E+08  6.046E+08  2.928E+03  8.673E-03  1.300E-03  2.750E-03  1.163E-04  2.318E-04  0.000E+00  0.000E+00  0.000E+00  0.000E+00  0.000E+00  0.000E+00  0.000E+00  0.000E+00  0.000E+00  0.000E+00  0.000E+00  0.000E+00  0.000E+00  0.000E+00  0.000E+00  0.000E+00  1.090E+03  1.006E+00  4.899E+01
  0.000E+00  3.909E+02  2.935E+03  2.533E+03  2.255E+03  2.423E+02
  4.714E+07  8.540E+08  3.161E+03  8.673E-03  1.300E-03  2.750E-03  1.163E-04  2.318E-04  0.000E+00  0.000E+00  0.000E+00  0.000E+00  0.000E+00  0.000E+00  0.000E+00  0.000E+00  0.000E+00  0.000E+00  0.000E+00  0.000E+00  0.000E+00  0.000E+00  0.000E+00  0.000E+00  1.095E+03  1.006E+00  4.899E+01
  0.000E+00  3.933E+02  2.958E+03  2.551E+03  2.270E+03  2.454E+02
