  1443.  400. 60 5  2.  3.
 H2O       
  0.0086727274  0.
 Fe        
  0.0013  0.
 MgSiO3    
  0.00274999999  0.
 Al2O3     
  0.00011632823  0.
 NH3       
  0.000231818171  0.
  2.952E+09  1.205E+00  8.744E+02  8.673E-03  2.799E-10  2.799E-11  1.507E-31  2.318E-04  0.000E+00  0.000E+00  0.000E+00  3.270E-33  0.000E+00  0.000E+00  0.000E+00  0.000E+00  5.232E-03  0.000E+00  0.000E+00  0.000E+00  0.000E+00  1.574E-03  0.000E+00  0.000E+00  0.000E+00  0.000E+00  0.000E+00
  0.000E+00  1.621E+02  1.215E+03  1.204E+03  1.594E+03  1.000E+02
  2.923E+09  1.705E+00  8.798E+02  8.673E-03  2.960E-10  3.136E-11  2.692E-31  2.318E-04  0.000E+00  3.164E-12  6.644E-13  2.422E-32  0.000E+00  0.000E+00  3.339E-03  8.233E-03  6.595E-03  0.000E+00  0.000E+00  1.005E-03  2.477E-03  1.984E-03  0.000E+00  0.000E+00  0.000E+00  0.000E+00  0.000E+00
  0.000E+00  1.636E+02  1.226E+03  1.213E+03  1.601E+03  1.000E+02
  2.894E+09  2.410E+00  8.885E+02  8.673E-03  3.624E-10  4.377E-11  7.919E-31  2.318E-04  0.000E+00  1.028E-11  1.976E-12  1.171E-31  0.000E+00  0.000E+00  4.383E-03  1.080E-02  8.651E-03  0.000E+00  0.000E+00  1.319E-03  3.250E-03  2.603E-03  0.000E+00  0.000E+00  0.000E+00  0.000E+00  0.000E+00
  0.000E+00  1.651E+02  1.237E+03  1.222E+03  1.608E+03  1.000E+02
  2.865E+09  3.400E+00  8.994E+02  8.673E-03  5.007E-10  7.081E-11  3.120E-30  2.318E-04  0.000E+00  2.179E-11  4.656E-12  6.066E-31  0.000E+00  0.000E+00  5.809E-03  1.432E-02  1.147E-02  0.000E+00  0.000E+00  1.748E-03  4.307E-03  3.450E-03  0.000E+00  0.000E+00  0.000E+00  0.000E+00  0.000E+00
  0.000E+00  1.667E+02  1.248E+03  1.230E+03  1.616E+03  1.000E+02
  2.835E+09  4.800E+00  9.116E+02  8.673E-03  7.251E-10  1.211E-10  1.355E-29  2.318E-04  0.000E+00  3.551E-11  8.847E-12  2.866E-30  0.000E+00  0.000E+00  7.429E-03  1.829E-02  1.466E-02  0.000E+00  0.000E+00  2.235E-03  5.504E-03  4.409E-03  0.000E+00  0.000E+00  0.000E+00  0.000E+00  0.000E+00
  0.000E+00  1.683E+02  1.260E+03  1.239E+03  1.623E+03  1.000E+02
  2.805E+09  6.780E+00  9.245E+02  8.673E-03  1.071E-09  2.121E-10  6.162E-29  2.318E-04  0.000E+00  5.659E-11  1.656E-11  1.378E-29  0.000E+00  0.000E+00  9.456E-03  2.325E-02  1.864E-02  0.000E+00  0.000E+00  2.845E-03  6.996E-03  5.607E-03  0.000E+00  0.000E+00  0.000E+00  0.000E+00  0.000E+00
  0.000E+00  1.699E+02  1.271E+03  1.248E+03  1.631E+03  1.000E+02
  2.775E+09  9.580E+00  9.381E+02  8.673E-03  1.598E-09  3.762E-10  2.863E-28  2.318E-04  0.000E+00  8.752E-11  3.024E-11  6.535E-29  0.000E+00  0.000E+00  1.199E-02  2.942E-02  2.360E-02  0.000E+00  0.000E+00  3.608E-03  8.852E-03  7.100E-03  0.000E+00  0.000E+00  0.000E+00  0.000E+00  0.000E+00
  0.000E+00  1.715E+02  1.283E+03  1.258E+03  1.639E+03  1.000E+02
  2.744E+09  1.354E+01  9.520E+02  8.673E-03  2.365E-09  6.592E-10  1.285E-27  2.318E-04  0.000E+00  1.221E-10  5.008E-11  2.786E-28  0.000E+00  0.000E+00  1.504E-02  3.674E-02  2.951E-02  0.000E+00  0.000E+00  4.525E-03  1.105E-02  8.880E-03  0.000E+00  0.000E+00  0.000E+00  0.000E+00  0.000E+00
  0.000E+00  1.732E+02  1.295E+03  1.267E+03  1.646E+03  1.000E+02
  2.713E+09  1.912E+01  9.657E+02  8.673E-03  3.375E-09  1.103E-09  5.199E-27  2.318E-04  0.000E+00  1.440E-10  7.012E-11  9.774E-28  0.000E+00  0.000E+00  1.855E-02  4.502E-02  3.624E-02  0.000E+00  0.000E+00  5.582E-03  1.354E-02  1.090E-02  0.000E+00  0.000E+00  0.000E+00  0.000E+00  0.000E+00
  0.000E+00  1.749E+02  1.307E+03  1.277E+03  1.654E+03  1.000E+02
  2.681E+09  2.700E+01  9.786E+02  8.673E-03  4.520E-09  1.706E-09  1.781E-26  2.318E-04  0.000E+00  1.362E-10  7.900E-11  2.650E-27  0.000E+00  0.000E+00  2.243E-02  5.383E-02  4.349E-02  0.000E+00  0.000E+00  6.748E-03  1.619E-02  1.308E-02  0.000E+00  0.000E+00  0.000E+00  0.000E+00  0.000E+00
  0.000E+00  1.767E+02  1.320E+03  1.286E+03  1.662E+03  1.000E+02
  2.649E+09  3.814E+01  9.903E+02  8.673E-03  5.633E-09  2.417E-09  5.122E-26  2.318E-04  0.000E+00  1.132E-10  7.980E-11  6.100E-27  0.000E+00  0.000E+00  2.675E-02  6.311E-02  5.126E-02  0.000E+00  0.000E+00  8.048E-03  1.899E-02  1.542E-02  0.000E+00  0.000E+00  0.000E+00  0.000E+00  0.000E+00
  0.000E+00  1.785E+02  1.333E+03  1.296E+03  1.670E+03  1.000E+02
  2.616E+09  5.388E+01  1.002E+03  8.673E-03  6.877E-09  3.348E-09  1.441E-25  2.318E-04  0.000E+00  1.539E-10  1.220E-10  1.880E-26  0.000E+00  0.000E+00  3.307E-02  7.578E-02  6.211E-02  0.000E+00  0.000E+00  9.948E-03  2.280E-02  1.869E-02  0.000E+00  0.000E+00  0.000E+00  0.000E+00  0.000E+00
  0.000E+00  1.803E+02  1.346E+03  1.306E+03  1.678E+03  1.000E+02
  2.583E+09  7.611E+01  1.014E+03  8.673E-03  8.838E-09  4.950E-09  4.698E-25  2.318E-04  0.000E+00  2.976E-10  2.554E-10  7.837E-26  0.000E+00  0.000E+00  4.172E-02  9.148E-02  7.595E-02  0.000E+00  0.000E+00  1.255E-02  2.752E-02  2.285E-02  0.000E+00  0.000E+00  0.000E+00  0.000E+00  0.000E+00
  0.000E+00  1.821E+02  1.359E+03  1.316E+03  1.686E+03  1.000E+02
  2.550E+09  1.075E+02  1.028E+03  8.673E-03  1.178E-08  7.635E-09  1.642E-24  2.318E-04  0.000E+00  4.314E-10  4.225E-10  2.860E-25  0.000E+00  0.000E+00  4.993E-02  1.036E-01  8.733E-02  0.000E+00  0.000E+00  1.502E-02  3.117E-02  2.627E-02  0.000E+00  0.000E+00  0.000E+00  0.000E+00  0.000E+00
  0.000E+00  1.840E+02  1.373E+03  1.326E+03  1.695E+03  1.005E+02
  2.516E+09  1.519E+02  1.042E+03  8.673E-03  1.547E-08  1.156E-08  5.449E-24  2.318E-04  0.000E+00  4.868E-10  5.604E-10  8.524E-25  0.000E+00  0.000E+00  5.663E-02  1.109E-01  9.480E-02  0.000E+00  0.000E+00  1.704E-02  3.336E-02  2.852E-02  0.000E+00  0.000E+00  0.000E+00  0.000E+00  0.000E+00
  0.000E+00  1.860E+02  1.386E+03  1.337E+03  1.703E+03  1.014E+02
  2.482E+09  2.145E+02  1.055E+03  8.673E-03  1.942E-08  1.653E-08  1.598E-23  2.318E-04  0.000E+00  4.412E-10  6.094E-10  2.047E-24  0.000E+00  0.000E+00  6.120E-02  1.136E-01  9.824E-02  0.000E+00  0.000E+00  1.841E-02  3.418E-02  2.956E-02  0.000E+00  0.000E+00  0.000E+00  0.000E+00  0.000E+00
  0.000E+00  1.879E+02  1.400E+03  1.348E+03  1.711E+03  1.023E+02
  2.447E+09  3.030E+02  1.068E+03  8.673E-03  2.311E-08  2.214E-08  4.121E-23  2.318E-04  0.000E+00  3.715E-10  6.213E-10  4.447E-24  0.000E+00  0.000E+00  6.377E-02  1.190E-01  1.003E-01  0.000E+00  0.000E+00  1.919E-02  3.580E-02  3.018E-02  0.000E+00  0.000E+00  0.000E+00  0.000E+00  0.000E+00
  0.000E+00  1.900E+02  1.415E+03  1.358E+03  1.720E+03  1.033E+02
  2.412E+09  4.280E+02  1.080E+03  8.673E-03  2.720E-08  2.932E-08  1.057E-22  2.318E-04  0.000E+00  5.014E-10  9.212E-10  1.251E-23  0.000E+00  0.000E+00  6.621E-02  1.296E-01  1.099E-01  0.000E+00  0.000E+00  1.992E-02  3.898E-02  3.305E-02  0.000E+00  0.000E+00  0.000E+00  0.000E+00  0.000E+00
  0.000E+00  1.920E+02  1.429E+03  1.369E+03  1.728E+03  1.042E+02
  2.377E+09  6.046E+02  1.093E+03  8.673E-03  3.324E-08  4.072E-08  3.021E-22  2.318E-04  0.000E+00  8.896E-10  1.743E-09  4.480E-23  0.000E+00  0.000E+00  7.209E-02  1.411E-01  1.207E-01  0.000E+00  0.000E+00  2.169E-02  4.244E-02  3.630E-02  0.000E+00  0.000E+00  0.000E+00  0.000E+00  0.000E+00
  0.000E+00  1.941E+02  1.444E+03  1.380E+03  1.737E+03  1.052E+02
  2.341E+09  8.540E+02  1.108E+03  8.673E-03  4.277E-08  6.026E-08  9.845E-22  2.318E-04  0.000E+00  1.555E-09  3.359E-09  1.781E-22  0.000E+00  0.000E+00  7.912E-02  1.508E-01  1.297E-01  0.000E+00  0.000E+00  2.380E-02  4.536E-02  3.901E-02  0.000E+00  0.000E+00  0.000E+00  0.000E+00  0.000E+00
  0.000E+00  1.963E+02  1.460E+03  1.392E+03  1.746E+03  1.062E+02
  2.304E+09  1.206E+03  1.125E+03  8.673E-03  5.757E-08  9.425E-08  3.572E-21  2.318E-04  0.000E+00  2.589E-09  6.339E-09  7.363E-22  0.000E+00  0.000E+00  8.455E-02  1.586E-01  1.368E-01  0.000E+00  0.000E+00  2.544E-02  4.772E-02  4.117E-02  0.000E+00  0.000E+00  0.000E+00  0.000E+00  0.000E+00
  0.000E+00  1.984E+02  1.475E+03  1.403E+03  1.755E+03  1.073E+02
  2.267E+09  1.704E+03  1.143E+03  8.673E-03  7.942E-08  1.518E-07  1.366E-20  2.318E-04  0.000E+00  3.903E-09  1.105E-08  2.970E-21  0.000E+00  0.000E+00  8.805E-02  1.637E-01  1.416E-01  0.000E+00  0.000E+00  2.649E-02  4.926E-02  4.260E-02  0.000E+00  0.000E+00  0.000E+00  0.000E+00  0.000E+00
  0.000E+00  2.007E+02  1.491E+03  1.415E+03  1.763E+03  1.084E+02
  2.230E+09  2.407E+03  1.161E+03  8.673E-03  1.104E-07  2.468E-07  5.337E-20  2.318E-04  0.000E+00  5.754E-09  1.902E-08  1.230E-20  0.000E+00  0.000E+00  9.034E-02  1.654E-01  1.442E-01  0.000E+00  0.000E+00  2.718E-02  4.976E-02  4.337E-02  0.000E+00  0.000E+00  0.000E+00  0.000E+00  0.000E+00
  0.000E+00  2.030E+02  1.507E+03  1.427E+03  1.772E+03  1.094E+02
  2.192E+09  3.400E+03  1.181E+03  8.673E-03  1.583E-07  4.175E-07  2.296E-19  2.318E-04  0.000E+00  1.016E-08  3.899E-08  6.203E-20  0.000E+00  0.000E+00  9.385E-02  1.680E-01  1.469E-01  0.000E+00  0.000E+00  2.824E-02  5.053E-02  4.419E-02  0.000E+00  0.000E+00  0.000E+00  0.000E+00  0.000E+00
  0.000E+00  2.053E+02  1.524E+03  1.439E+03  1.781E+03  1.106E+02
  2.153E+09  4.802E+03  1.203E+03  8.673E-03  2.407E-07  7.601E-07  1.162E-18  2.318E-04  0.000E+00  1.987E-08  8.938E-08  3.776E-19  0.000E+00  0.000E+00  9.746E-02  1.721E-01  1.506E-01  0.000E+00  0.000E+00  2.932E-02  5.177E-02  4.530E-02  0.000E+00  0.000E+00  0.000E+00  0.000E+00  0.000E+00
  0.000E+00  2.077E+02  1.541E+03  1.451E+03  1.791E+03  1.117E+02
  2.113E+09  6.783E+03  1.228E+03  8.673E-03  3.835E-07  1.465E-06  6.608E-18  2.318E-04  0.000E+00  3.673E-08  1.976E-07  2.441E-18  0.000E+00  0.000E+00  9.904E-02  1.749E-01  1.530E-01  0.000E+00  0.000E+00  2.980E-02  5.261E-02  4.604E-02  0.000E+00  0.000E+00  0.000E+00  0.000E+00  0.000E+00
  0.000E+00  2.102E+02  1.559E+03  1.464E+03  1.800E+03  1.129E+02
  2.072E+09  9.582E+03  1.255E+03  8.673E-03  6.305E-07  2.939E-06  4.500E-17  2.318E-04  0.000E+00  7.087E-08  4.651E-07  2.144E-17  0.000E+00  0.000E+00  9.975E-02  1.765E-01  1.546E-01  0.000E+00  0.000E+00  3.001E-02  5.310E-02  4.650E-02  0.000E+00  0.000E+00  0.000E+00  0.000E+00  0.000E+00
  0.000E+00  2.127E+02  1.576E+03  1.476E+03  1.809E+03  1.141E+02
  2.031E+09  1.353E+04  1.284E+03  8.673E-03  1.141E-06  6.686E-06  4.950E-16  2.318E-04  0.000E+00  1.815E-07  1.478E-06  3.370E-16  0.000E+00  0.000E+00  1.031E-01  1.831E-01  1.604E-01  0.000E+00  0.000E+00  3.102E-02  5.509E-02  4.825E-02  0.000E+00  0.000E+00  0.000E+00  0.000E+00  0.000E+00
  0.000E+00  2.153E+02  1.595E+03  1.489E+03  1.819E+03  1.153E+02
  1.988E+09  1.912E+04  1.320E+03  8.673E-03  2.333E-06  1.772E-05  7.657E-15  2.318E-04  0.000E+00  4.965E-07  5.146E-06  6.242E-15  0.000E+00  0.000E+00  1.074E-01  1.915E-01  1.676E-01  0.000E+00  0.000E+00  3.231E-02  5.762E-02  5.044E-02  0.000E+00  0.000E+00  0.000E+00  0.000E+00  0.000E+00
  0.000E+00  2.179E+02  1.613E+03  1.502E+03  1.828E+03  1.166E+02
  1.945E+09  2.700E+04  1.360E+03  8.673E-03  5.089E-06  5.068E-05  1.229E-13  2.318E-04  0.000E+00  1.244E-06  1.681E-05  1.073E-13  0.000E+00  0.000E+00  1.101E-01  1.972E-01  1.725E-01  0.000E+00  0.000E+00  3.313E-02  5.934E-02  5.189E-02  0.000E+00  0.000E+00  0.000E+00  0.000E+00  0.000E+00
  0.000E+00  2.206E+02  1.632E+03  1.516E+03  1.838E+03  1.179E+02
  1.899E+09  3.815E+04  1.405E+03  8.673E-03  1.149E-05  1.522E-04  1.930E-12  2.318E-04  0.000E+00  3.154E-06  5.709E-05  1.744E-12  0.000E+00  0.000E+00  1.117E-01  2.009E-01  1.753E-01  0.000E+00  0.000E+00  3.360E-02  6.045E-02  5.275E-02  0.000E+00  0.000E+00  0.000E+00  0.000E+00  0.000E+00
  0.000E+00  2.234E+02  1.652E+03  1.530E+03  1.848E+03  1.193E+02
  1.853E+09  5.388E+04  1.456E+03  8.673E-03  2.637E-05  4.750E-04  2.539E-11  2.318E-04  0.000E+00  7.309E-06  1.893E-04  2.280E-11  0.000E+00  0.000E+00  1.151E-01  2.084E-01  1.817E-01  0.000E+00  0.000E+00  3.464E-02  6.270E-02  5.466E-02  0.000E+00  0.000E+00  0.000E+00  0.000E+00  0.000E+00
  0.000E+00  2.262E+02  1.672E+03  1.543E+03  1.858E+03  1.206E+02
  1.804E+09  7.611E+04  1.511E+03  8.673E-03  4.181E-05  1.358E-03  2.837E-10  2.318E-04  0.000E+00  2.666E-06  4.805E-04  2.471E-10  0.000E+00  0.000E+00  1.125E-01  2.109E-01  1.840E-01  0.000E+00  0.000E+00  3.385E-02  6.344E-02  5.534E-02  0.000E+00  0.000E+00  0.000E+00  0.000E+00  0.000E+00
  0.000E+00  2.291E+02  1.692E+03  1.558E+03  1.868E+03  1.220E+02
  1.754E+09  1.075E+05  1.570E+03  8.673E-03  4.293E-05  2.606E-03  2.517E-09  2.318E-04  0.000E+00  0.000E+00  2.466E-04  1.985E-09  0.000E+00  0.000E+00  0.000E+00  2.090E-01  1.884E-01  0.000E+00  0.000E+00  0.000E+00  6.289E-02  5.668E-02  0.000E+00  0.000E+00  0.000E+00  0.000E+00  0.000E+00
  0.000E+00  2.331E+02  1.713E+03  1.572E+03  1.878E+03  1.235E+02
  1.701E+09  1.519E+05  1.631E+03  8.673E-03  4.293E-05  2.750E-03  1.703E-08  2.318E-04  0.000E+00  0.000E+00  0.000E+00  1.076E-08  0.000E+00  0.000E+00  0.000E+00  0.000E+00  1.853E-01  0.000E+00  0.000E+00  0.000E+00  0.000E+00  5.575E-02  0.000E+00  0.000E+00  0.000E+00  0.000E+00  0.000E+00
  0.000E+00  2.387E+02  1.735E+03  1.587E+03  1.888E+03  1.250E+02
  1.647E+09  2.145E+05  1.688E+03  8.673E-03  4.293E-05  2.750E-03  8.529E-08  2.318E-04  0.000E+00  0.000E+00  0.000E+00  3.706E-08  0.000E+00  0.000E+00  0.000E+00  0.000E+00  1.762E-01  0.000E+00  0.000E+00  0.000E+00  0.000E+00  5.301E-02  0.000E+00  0.000E+00  0.000E+00  0.000E+00  0.000E+00
  0.000E+00  2.449E+02  1.757E+03  1.602E+03  1.898E+03  1.265E+02
  1.591E+09  3.030E+05  1.735E+03  8.673E-03  4.293E-05  2.750E-03  3.108E-07  2.318E-04  0.000E+00  0.000E+00  0.000E+00  8.525E-08  0.000E+00  0.000E+00  0.000E+00  0.000E+00  1.635E-01  0.000E+00  0.000E+00  0.000E+00  0.000E+00  4.920E-02  0.000E+00  0.000E+00  0.000E+00  0.000E+00  0.000E+00
  0.000E+00  2.485E+02  1.780E+03  1.617E+03  1.909E+03  1.281E+02
  1.534E+09  4.280E+05  1.774E+03  8.673E-03  4.293E-05  2.750E-03  8.648E-07  2.318E-04  0.000E+00  0.000E+00  0.000E+00  1.523E-07  0.000E+00  0.000E+00  0.000E+00  0.000E+00  1.536E-01  0.000E+00  0.000E+00  0.000E+00  0.000E+00  4.621E-02  0.000E+00  0.000E+00  0.000E+00  0.000E+00  0.000E+00
  0.000E+00  2.574E+02  1.803E+03  1.632E+03  1.919E+03  1.298E+02
  1.475E+09  6.046E+05  1.809E+03  8.673E-03  4.293E-05  2.750E-03  1.445E-06  2.318E-04  0.000E+00  0.000E+00  0.000E+00  3.092E-08  0.000E+00  0.000E+00  0.000E+00  0.000E+00  1.431E-01  0.000E+00  0.000E+00  0.000E+00  0.000E+00  4.305E-02  0.000E+00  0.000E+00  0.000E+00  0.000E+00  0.000E+00
  0.000E+00  2.614E+02  1.834E+03  1.648E+03  1.930E+03  1.315E+02
  1.416E+09  8.540E+05  1.841E+03  8.673E-03  4.293E-05  2.750E-03  1.466E-06  2.318E-04  0.000E+00  0.000E+00  0.000E+00  0.000E+00  0.000E+00  0.000E+00  0.000E+00  0.000E+00  0.000E+00  0.000E+00  0.000E+00  0.000E+00  0.000E+00  0.000E+00  0.000E+00  0.000E+00  0.000E+00  0.000E+00  0.000E+00
  0.000E+00  2.747E+02  1.866E+03  1.664E+03  1.941E+03  1.332E+02
  1.355E+09  1.206E+06  1.869E+03  8.673E-03  4.293E-05  2.750E-03  1.466E-06  2.318E-04  0.000E+00  0.000E+00  0.000E+00  0.000E+00  0.000E+00  0.000E+00  0.000E+00  0.000E+00  0.000E+00  0.000E+00  0.000E+00  0.000E+00  0.000E+00  0.000E+00  0.000E+00  0.000E+00  0.000E+00  0.000E+00  0.000E+00
  0.000E+00  2.790E+02  1.899E+03  1.681E+03  1.952E+03  1.350E+02
  1.294E+09  1.704E+06  1.888E+03  8.673E-03  4.293E-05  2.750E-03  1.466E-06  2.318E-04  0.000E+00  0.000E+00  0.000E+00  0.000E+00  0.000E+00  0.000E+00  0.000E+00  0.000E+00  0.000E+00  0.000E+00  0.000E+00  0.000E+00  0.000E+00  0.000E+00  0.000E+00  0.000E+00  0.000E+00  0.000E+00  0.000E+00
  0.000E+00  2.974E+02  1.933E+03  1.699E+03  1.963E+03  1.369E+02
  1.232E+09  2.407E+06  1.897E+03  8.673E-03  4.293E-05  2.750E-03  1.466E-06  2.318E-04  0.000E+00  0.000E+00  0.000E+00  0.000E+00  0.000E+00  0.000E+00  0.000E+00  0.000E+00  0.000E+00  0.000E+00  0.000E+00  0.000E+00  0.000E+00  0.000E+00  0.000E+00  0.000E+00  0.000E+00  0.000E+00  0.000E+00
  0.000E+00  3.016E+02  1.983E+03  1.731E+03  1.974E+03  1.388E+02
  1.170E+09  3.400E+06  1.899E+03  8.673E-03  4.293E-05  2.750E-03  1.466E-06  2.318E-04  0.000E+00  0.000E+00  0.000E+00  0.000E+00  0.000E+00  0.000E+00  0.000E+00  0.000E+00  0.000E+00  0.000E+00  0.000E+00  0.000E+00  0.000E+00  0.000E+00  0.000E+00  0.000E+00  0.000E+00  0.000E+00  0.000E+00
  0.000E+00  3.059E+02  2.047E+03  1.749E+03  1.985E+03  1.409E+02
  1.108E+09  4.802E+06  1.900E+03  8.673E-03  4.293E-05  2.750E-03  1.466E-06  2.318E-04  0.000E+00  0.000E+00  0.000E+00  0.000E+00  0.000E+00  0.000E+00  0.000E+00  0.000E+00  0.000E+00  0.000E+00  0.000E+00  0.000E+00  0.000E+00  0.000E+00  0.000E+00  0.000E+00  0.000E+00  0.000E+00  0.000E+00
  0.000E+00  3.296E+02  2.116E+03  1.792E+03  1.996E+03  1.437E+02
  1.046E+09  6.783E+06  1.900E+03  8.673E-03  4.293E-05  2.750E-03  1.466E-06  2.318E-04  0.000E+00  0.000E+00  0.000E+00  0.000E+00  0.000E+00  0.000E+00  0.000E+00  0.000E+00  0.000E+00  0.000E+00  0.000E+00  0.000E+00  0.000E+00  0.000E+00  0.000E+00  0.000E+00  0.000E+00  0.000E+00  0.000E+00
  0.000E+00  3.333E+02  2.203E+03  1.812E+03  2.008E+03  1.477E+02
  9.961E+08  8.972E+06  1.901E+03  8.673E-03  4.293E-05  2.750E-03  1.466E-06  2.318E-04  0.000E+00  0.000E+00  0.000E+00  0.000E+00  0.000E+00  0.000E+00  0.000E+00  0.000E+00  0.000E+00  0.000E+00  0.000E+00  0.000E+00  0.000E+00  0.000E+00  0.000E+00  0.000E+00  0.000E+00  0.000E+00  0.000E+00
  0.000E+00  3.624E+02  2.313E+03  1.829E+03  2.017E+03  1.497E+02
  9.304E+08  1.292E+07  1.904E+03  8.673E-03  4.293E-05  2.750E-03  1.466E-06  2.318E-04  0.000E+00  0.000E+00  0.000E+00  0.000E+00  0.000E+00  0.000E+00  0.000E+00  0.000E+00  0.000E+00  0.000E+00  0.000E+00  0.000E+00  0.000E+00  0.000E+00  0.000E+00  0.000E+00  0.000E+00  0.000E+00  0.000E+00
  0.000E+00  3.648E+02  2.356E+03  1.909E+03  2.030E+03  1.577E+02
  8.600E+08  1.912E+07  1.907E+03  8.673E-03  4.293E-05  2.750E-03  1.466E-06  2.318E-04  0.000E+00  0.000E+00  0.000E+00  0.000E+00  0.000E+00  0.000E+00  0.000E+00  0.000E+00  0.000E+00  0.000E+00  0.000E+00  0.000E+00  0.000E+00  0.000E+00  0.000E+00  0.000E+00  0.000E+00  0.000E+00  0.000E+00
  0.000E+00  3.675E+02  2.516E+03  1.934E+03  2.043E+03  1.612E+02
  7.976E+08  2.700E+07  1.913E+03  8.673E-03  4.293E-05  2.750E-03  1.466E-06  2.318E-04  0.000E+00  0.000E+00  0.000E+00  0.000E+00  0.000E+00  0.000E+00  0.000E+00  0.000E+00  0.000E+00  0.000E+00  0.000E+00  0.000E+00  0.000E+00  0.000E+00  0.000E+00  0.000E+00  0.000E+00  0.000E+00  0.000E+00
  0.000E+00  3.698E+02  2.551E+03  1.956E+03  2.056E+03  1.643E+02
  7.350E+08  3.815E+07  1.924E+03  8.673E-03  4.293E-05  2.750E-03  1.531E-06  2.318E-04  0.000E+00  0.000E+00  0.000E+00  1.629E-08  0.000E+00  0.000E+00  0.000E+00  0.000E+00  1.524E-01  0.000E+00  0.000E+00  0.000E+00  0.000E+00  4.584E-02  0.000E+00  0.000E+00  0.000E+00  0.000E+00  0.000E+00
  0.000E+00  3.722E+02  2.747E+03  1.979E+03  2.068E+03  1.675E+02
  6.719E+08  5.388E+07  1.942E+03  8.673E-03  4.293E-05  2.750E-03  2.064E-06  2.318E-04  0.000E+00  0.000E+00  0.000E+00  1.386E-07  0.000E+00  0.000E+00  0.000E+00  0.000E+00  1.756E-01  0.000E+00  0.000E+00  0.000E+00  0.000E+00  5.282E-02  0.000E+00  0.000E+00  0.000E+00  0.000E+00  0.000E+00
  0.000E+00  3.745E+02  2.770E+03  2.002E+03  2.090E+03  1.708E+02
  6.079E+08  7.611E+07  1.974E+03  8.673E-03  4.501E-05  2.750E-03  5.961E-06  2.318E-04  0.000E+00  1.676E-06  0.000E+00  2.234E-06  0.000E+00  0.000E+00  1.460E-01  0.000E+00  3.183E-01  0.000E+00  0.000E+00  4.392E-02  0.000E+00  9.576E-02  0.000E+00  0.000E+00  0.000E+00  0.000E+00  0.000E+00
  0.000E+00  3.769E+02  2.794E+03  2.155E+03  2.113E+03  1.894E+02
  5.426E+08  1.075E+08  2.029E+03  8.673E-03  7.571E-05  2.750E-03  3.982E-05  2.318E-04  0.000E+00  2.471E-05  0.000E+00  2.523E-05  0.000E+00  0.000E+00  2.580E-01  0.000E+00  6.549E-01  0.000E+00  0.000E+00  7.763E-02  0.000E+00  1.970E-01  0.000E+00  0.000E+00  0.000E+00  0.000E+00  0.000E+00
  0.000E+00  3.792E+02  2.817E+03  2.178E+03  2.126E+03  1.931E+02
  4.746E+08  1.519E+08  2.126E+03  8.673E-03  2.141E-04  2.750E-03  1.112E-04  2.318E-04  0.000E+00  1.300E-04  0.000E+00  1.701E-05  0.000E+00  0.000E+00  5.302E-01  0.000E+00  9.762E-01  0.000E+00  0.000E+00  1.595E-01  0.000E+00  2.937E-01  0.000E+00  0.000E+00  0.000E+00  0.000E+00  0.000E+00
  0.000E+00  3.815E+02  2.841E+03  2.201E+03  2.159E+03  1.969E+02
  4.024E+08  2.145E+08  2.289E+03  8.673E-03  5.090E-04  2.750E-03  1.163E-04  2.318E-04  0.000E+00  3.000E-04  0.000E+00  0.000E+00  0.000E+00  0.000E+00  7.852E-01  0.000E+00  0.000E+00  0.000E+00  0.000E+00  2.362E-01  0.000E+00  0.000E+00  0.000E+00  0.000E+00  0.000E+00  0.000E+00  0.000E+00
  0.000E+00  3.839E+02  2.864E+03  2.224E+03  2.173E+03  2.007E+02
  3.241E+08  3.030E+08  2.491E+03  8.673E-03  9.311E-04  2.750E-03  1.163E-04  2.318E-04  0.000E+00  3.829E-04  0.000E+00  0.000E+00  0.000E+00  0.000E+00  8.317E-01  0.000E+00  0.000E+00  0.000E+00  0.000E+00  2.502E-01  0.000E+00  0.000E+00  0.000E+00  0.000E+00  0.000E+00  0.000E+00  0.000E+00
  0.000E+00  3.862E+02  2.888E+03  2.247E+03  2.225E+03  2.046E+02
  2.390E+08  4.280E+08  2.704E+03  8.673E-03  1.271E-03  2.750E-03  1.163E-04  2.318E-04  0.000E+00  1.133E-04  0.000E+00  0.000E+00  0.000E+00  0.000E+00  8.222E-01  0.000E+00  0.000E+00  0.000E+00  0.000E+00  2.474E-01  0.000E+00  0.000E+00  0.000E+00  0.000E+00  0.000E+00  0.000E+00  0.000E+00
  0.000E+00  3.886E+02  2.911E+03  2.271E+03  2.240E+03  2.392E+02
  1.468E+08  6.046E+08  2.928E+03  8.673E-03  1.300E-03  2.750E-03  1.163E-04  2.318E-04  0.000E+00  0.000E+00  0.000E+00  0.000E+00  0.000E+00  0.000E+00  0.000E+00  0.000E+00  0.000E+00  0.000E+00  0.000E+00  0.000E+00  0.000E+00  0.000E+00  0.000E+00  0.000E+00  0.000E+00  0.000E+00  0.000E+00
  0.000E+00  3.909E+02  2.935E+03  2.533E+03  2.255E+03  2.423E+02
  4.714E+07  8.540E+08  3.161E+03  8.673E-03  1.300E-03  2.750E-03  1.163E-04  2.318E-04  0.000E+00  0.000E+00  0.000E+00  0.000E+00  0.000E+00  0.000E+00  0.000E+00  0.000E+00  0.000E+00  0.000E+00  0.000E+00  0.000E+00  0.000E+00  0.000E+00  0.000E+00  0.000E+00  0.000E+00  0.000E+00  0.000E+00
  0.000E+00  3.933E+02  2.958E+03  2.551E+03  2.270E+03  2.454E+02
