  1443.  400. 60 5  2.  0.100000001
 H2O       
  0.0086727274  0.
 Fe        
  0.0013  0.
 MgSiO3    
  0.00274999999  0.
 Al2O3     
  0.00011632823  0.
 NH3       
  0.000231818171  0.
  2.952E+09  1.205E+00  8.744E+02  8.673E-03  1.611E-07  2.034E-06  2.740E-09  2.318E-04  0.000E+00  1.608E-07  2.034E-06  2.740E-09  0.000E+00  0.000E+00  8.834E-05  2.181E-04  1.746E-04  0.000E+00  0.000E+00  2.658E-05  6.560E-05  5.251E-05  0.000E+00  0.000E+00  0.000E+00  0.000E+00  0.000E+00
  0.000E+00  1.621E+02  1.215E+03  1.204E+03  1.594E+03  1.000E+02
  2.923E+09  1.705E+00  8.798E+02  8.673E-03  2.275E-07  2.877E-06  3.877E-09  2.318E-04  0.000E+00  2.272E-07  2.877E-06  3.877E-09  0.000E+00  0.000E+00  1.114E-04  2.747E-04  2.201E-04  0.000E+00  0.000E+00  3.351E-05  8.266E-05  6.623E-05  0.000E+00  0.000E+00  0.000E+00  0.000E+00  0.000E+00
  0.000E+00  1.636E+02  1.226E+03  1.213E+03  1.601E+03  1.000E+02
  2.894E+09  2.410E+00  8.885E+02  8.673E-03  3.139E-07  3.973E-06  5.357E-09  2.318E-04  0.000E+00  3.135E-07  3.973E-06  5.357E-09  0.000E+00  0.000E+00  1.462E-04  3.605E-04  2.886E-04  0.000E+00  0.000E+00  4.400E-05  1.085E-04  8.683E-05  0.000E+00  0.000E+00  0.000E+00  0.000E+00  0.000E+00
  0.000E+00  1.651E+02  1.237E+03  1.222E+03  1.608E+03  1.000E+02
  2.865E+09  3.400E+00  8.994E+02  8.673E-03  4.144E-07  5.247E-06  7.078E-09  2.318E-04  0.000E+00  4.139E-07  5.247E-06  7.078E-09  0.000E+00  0.000E+00  1.938E-04  4.782E-04  3.828E-04  0.000E+00  0.000E+00  5.831E-05  1.439E-04  1.152E-04  0.000E+00  0.000E+00  0.000E+00  0.000E+00  0.000E+00
  0.000E+00  1.667E+02  1.248E+03  1.230E+03  1.616E+03  1.000E+02
  2.835E+09  4.800E+00  9.116E+02  8.673E-03  5.329E-07  6.751E-06  9.110E-09  2.318E-04  0.000E+00  5.323E-07  6.751E-06  9.110E-09  0.000E+00  0.000E+00  2.480E-04  6.120E-04  4.899E-04  0.000E+00  0.000E+00  7.461E-05  1.841E-04  1.474E-04  0.000E+00  0.000E+00  0.000E+00  0.000E+00  0.000E+00
  0.000E+00  1.683E+02  1.260E+03  1.239E+03  1.623E+03  1.000E+02
  2.805E+09  6.780E+00  9.245E+02  8.673E-03  6.784E-07  8.597E-06  1.161E-08  2.318E-04  0.000E+00  6.774E-07  8.597E-06  1.161E-08  0.000E+00  0.000E+00  3.160E-04  7.802E-04  6.245E-04  0.000E+00  0.000E+00  9.508E-05  2.347E-04  1.879E-04  0.000E+00  0.000E+00  0.000E+00  0.000E+00  0.000E+00
  0.000E+00  1.699E+02  1.271E+03  1.248E+03  1.631E+03  1.000E+02
  2.775E+09  9.580E+00  9.381E+02  8.673E-03  8.567E-07  1.087E-05  1.468E-08  2.318E-04  0.000E+00  8.551E-07  1.087E-05  1.468E-08  0.000E+00  0.000E+00  4.017E-04  9.920E-04  7.939E-04  0.000E+00  0.000E+00  1.208E-04  2.984E-04  2.388E-04  0.000E+00  0.000E+00  0.000E+00  0.000E+00  0.000E+00
  0.000E+00  1.715E+02  1.283E+03  1.258E+03  1.639E+03  1.000E+02
  2.744E+09  1.354E+01  9.520E+02  8.673E-03  1.079E-06  1.370E-05  1.853E-08  2.318E-04  0.000E+00  1.077E-06  1.370E-05  1.853E-08  0.000E+00  0.000E+00  5.054E-04  1.249E-03  9.996E-04  0.000E+00  0.000E+00  1.521E-04  3.759E-04  3.007E-04  0.000E+00  0.000E+00  0.000E+00  0.000E+00  0.000E+00
  0.000E+00  1.732E+02  1.295E+03  1.267E+03  1.646E+03  1.000E+02
  2.713E+09  1.912E+01  9.657E+02  8.673E-03  1.368E-06  1.737E-05  2.352E-08  2.318E-04  0.000E+00  1.365E-06  1.737E-05  2.352E-08  0.000E+00  0.000E+00  6.271E-04  1.552E-03  1.241E-03  0.000E+00  0.000E+00  1.887E-04  4.669E-04  3.735E-04  0.000E+00  0.000E+00  0.000E+00  0.000E+00  0.000E+00
  0.000E+00  1.749E+02  1.307E+03  1.277E+03  1.654E+03  1.000E+02
  2.681E+09  2.700E+01  9.786E+02  8.673E-03  1.767E-06  2.245E-05  3.043E-08  2.318E-04  0.000E+00  1.763E-06  2.245E-05  3.043E-08  0.000E+00  0.000E+00  7.654E-04  1.898E-03  1.517E-03  0.000E+00  0.000E+00  2.303E-04  5.709E-04  4.564E-04  0.000E+00  0.000E+00  0.000E+00  0.000E+00  0.000E+00
  0.000E+00  1.767E+02  1.320E+03  1.286E+03  1.662E+03  1.000E+02
  2.649E+09  3.814E+01  9.903E+02  8.673E-03  2.354E-06  2.992E-05  4.058E-08  2.318E-04  0.000E+00  2.349E-06  2.992E-05  4.058E-08  0.000E+00  0.000E+00  9.272E-04  2.305E-03  1.841E-03  0.000E+00  0.000E+00  2.790E-04  6.934E-04  5.538E-04  0.000E+00  0.000E+00  0.000E+00  0.000E+00  0.000E+00
  0.000E+00  1.785E+02  1.333E+03  1.296E+03  1.670E+03  1.000E+02
  2.616E+09  5.388E+01  1.002E+03  8.673E-03  3.176E-06  4.042E-05  5.483E-08  2.318E-04  0.000E+00  3.169E-06  4.041E-05  5.483E-08  0.000E+00  0.000E+00  1.178E-03  2.938E-03  2.344E-03  0.000E+00  0.000E+00  3.545E-04  8.838E-04  7.053E-04  0.000E+00  0.000E+00  0.000E+00  0.000E+00  0.000E+00
  0.000E+00  1.803E+02  1.346E+03  1.306E+03  1.678E+03  1.000E+02
  2.583E+09  7.611E+01  1.014E+03  8.673E-03  4.184E-06  5.331E-05  7.232E-08  2.318E-04  0.000E+00  4.175E-06  5.330E-05  7.232E-08  0.000E+00  0.000E+00  1.562E-03  3.912E-03  3.119E-03  0.000E+00  0.000E+00  4.701E-04  1.177E-03  9.384E-04  0.000E+00  0.000E+00  0.000E+00  0.000E+00  0.000E+00
  0.000E+00  1.821E+02  1.359E+03  1.316E+03  1.686E+03  1.000E+02
  2.550E+09  1.075E+02  1.028E+03  8.673E-03  5.383E-06  6.866E-05  9.315E-08  2.318E-04  0.000E+00  5.372E-06  6.865E-05  9.315E-08  0.000E+00  0.000E+00  2.016E-03  5.054E-03  4.032E-03  0.000E+00  0.000E+00  6.066E-04  1.521E-03  1.213E-03  0.000E+00  0.000E+00  0.000E+00  0.000E+00  0.000E+00
  0.000E+00  1.840E+02  1.373E+03  1.326E+03  1.695E+03  1.005E+02
  2.516E+09  1.519E+02  1.042E+03  8.673E-03  6.919E-06  8.831E-05  1.198E-07  2.318E-04  0.000E+00  6.904E-06  8.830E-05  1.198E-07  0.000E+00  0.000E+00  2.540E-03  6.325E-03  5.063E-03  0.000E+00  0.000E+00  7.640E-04  1.903E-03  1.523E-03  0.000E+00  0.000E+00  0.000E+00  0.000E+00  0.000E+00
  0.000E+00  1.860E+02  1.386E+03  1.337E+03  1.703E+03  1.014E+02
  2.482E+09  2.145E+02  1.055E+03  8.673E-03  9.027E-06  1.153E-04  1.565E-07  2.318E-04  0.000E+00  9.008E-06  1.153E-04  1.565E-07  0.000E+00  0.000E+00  3.137E-03  7.671E-03  6.180E-03  0.000E+00  0.000E+00  9.438E-04  2.308E-03  1.859E-03  0.000E+00  0.000E+00  0.000E+00  0.000E+00  0.000E+00
  0.000E+00  1.879E+02  1.400E+03  1.348E+03  1.711E+03  1.023E+02
  2.447E+09  3.030E+02  1.068E+03  8.673E-03  1.207E-05  1.544E-04  2.096E-07  2.318E-04  0.000E+00  1.205E-05  1.544E-04  2.096E-07  0.000E+00  0.000E+00  3.829E-03  9.052E-03  7.372E-03  0.000E+00  0.000E+00  1.152E-03  2.723E-03  2.218E-03  0.000E+00  0.000E+00  0.000E+00  0.000E+00  0.000E+00
  0.000E+00  1.900E+02  1.415E+03  1.358E+03  1.720E+03  1.033E+02
  2.412E+09  4.280E+02  1.080E+03  8.673E-03  1.626E-05  2.082E-04  2.827E-07  2.318E-04  0.000E+00  1.623E-05  2.082E-04  2.827E-07  0.000E+00  0.000E+00  4.776E-03  1.073E-02  8.867E-03  0.000E+00  0.000E+00  1.437E-03  3.229E-03  2.668E-03  0.000E+00  0.000E+00  0.000E+00  0.000E+00  0.000E+00
  0.000E+00  1.920E+02  1.429E+03  1.369E+03  1.728E+03  1.042E+02
  2.377E+09  6.046E+02  1.093E+03  8.673E-03  2.146E-05  2.752E-04  3.736E-07  2.318E-04  0.000E+00  2.143E-05  2.751E-04  3.736E-07  0.000E+00  0.000E+00  5.913E-03  1.250E-02  1.049E-02  0.000E+00  0.000E+00  1.779E-03  3.760E-03  3.155E-03  0.000E+00  0.000E+00  0.000E+00  0.000E+00  0.000E+00
  0.000E+00  1.941E+02  1.444E+03  1.380E+03  1.737E+03  1.052E+02
  2.341E+09  8.540E+02  1.108E+03  8.673E-03  2.759E-05  3.540E-04  4.806E-07  2.318E-04  0.000E+00  2.755E-05  3.539E-04  4.806E-07  0.000E+00  0.000E+00  7.021E-03  1.397E-02  1.189E-02  0.000E+00  0.000E+00  2.112E-03  4.204E-03  3.577E-03  0.000E+00  0.000E+00  0.000E+00  0.000E+00  0.000E+00
  0.000E+00  1.963E+02  1.460E+03  1.392E+03  1.746E+03  1.062E+02
  2.304E+09  1.206E+03  1.125E+03  8.673E-03  3.470E-05  4.456E-04  6.050E-07  2.318E-04  0.000E+00  3.465E-05  4.455E-04  6.050E-07  0.000E+00  0.000E+00  7.976E-03  1.505E-02  1.296E-02  0.000E+00  0.000E+00  2.399E-03  4.529E-03  3.900E-03  0.000E+00  0.000E+00  0.000E+00  0.000E+00  0.000E+00
  0.000E+00  1.984E+02  1.475E+03  1.403E+03  1.755E+03  1.073E+02
  2.267E+09  1.704E+03  1.143E+03  8.673E-03  4.303E-05  5.532E-04  7.513E-07  2.318E-04  0.000E+00  4.296E-05  5.531E-04  7.513E-07  0.000E+00  0.000E+00  8.664E-03  1.567E-02  1.362E-02  0.000E+00  0.000E+00  2.606E-03  4.715E-03  4.097E-03  0.000E+00  0.000E+00  0.000E+00  0.000E+00  0.000E+00
  0.000E+00  2.007E+02  1.491E+03  1.415E+03  1.763E+03  1.084E+02
  2.230E+09  2.407E+03  1.161E+03  8.673E-03  5.303E-05  6.824E-04  9.270E-07  2.318E-04  0.000E+00  5.293E-05  6.822E-04  9.270E-07  0.000E+00  0.000E+00  9.097E-03  1.583E-02  1.390E-02  0.000E+00  0.000E+00  2.737E-03  4.762E-03  4.182E-03  0.000E+00  0.000E+00  0.000E+00  0.000E+00  0.000E+00
  0.000E+00  2.030E+02  1.507E+03  1.427E+03  1.772E+03  1.094E+02
  2.192E+09  3.400E+03  1.181E+03  8.673E-03  6.469E-05  8.338E-04  1.133E-06  2.318E-04  0.000E+00  6.454E-05  8.335E-04  1.133E-06  0.000E+00  0.000E+00  9.440E-03  1.582E-02  1.402E-02  0.000E+00  0.000E+00  2.840E-03  4.759E-03  4.217E-03  0.000E+00  0.000E+00  0.000E+00  0.000E+00  0.000E+00
  0.000E+00  2.053E+02  1.524E+03  1.439E+03  1.781E+03  1.106E+02
  2.153E+09  4.802E+03  1.203E+03  8.673E-03  7.761E-05  1.002E-03  1.362E-06  2.318E-04  0.000E+00  7.739E-05  1.001E-03  1.362E-06  0.000E+00  0.000E+00  9.659E-03  1.564E-02  1.396E-02  0.000E+00  0.000E+00  2.906E-03  4.705E-03  4.200E-03  0.000E+00  0.000E+00  0.000E+00  0.000E+00  0.000E+00
  0.000E+00  2.077E+02  1.541E+03  1.451E+03  1.791E+03  1.117E+02
  2.113E+09  6.783E+03  1.228E+03  8.673E-03  9.169E-05  1.184E-03  1.611E-06  2.318E-04  0.000E+00  9.134E-05  1.183E-03  1.611E-06  0.000E+00  0.000E+00  9.637E-03  1.516E-02  1.364E-02  0.000E+00  0.000E+00  2.899E-03  4.562E-03  4.103E-03  0.000E+00  0.000E+00  0.000E+00  0.000E+00  0.000E+00
  0.000E+00  2.102E+02  1.559E+03  1.464E+03  1.800E+03  1.129E+02
  2.072E+09  9.582E+03  1.255E+03  8.673E-03  1.073E-04  1.387E-03  1.890E-06  2.318E-04  0.000E+00  1.068E-04  1.385E-03  1.890E-06  0.000E+00  0.000E+00  9.436E-03  1.444E-02  1.309E-02  0.000E+00  0.000E+00  2.839E-03  4.346E-03  3.938E-03  0.000E+00  0.000E+00  0.000E+00  0.000E+00  0.000E+00
  0.000E+00  2.127E+02  1.576E+03  1.476E+03  1.809E+03  1.141E+02
  2.031E+09  1.353E+04  1.284E+03  8.673E-03  1.240E-04  1.604E-03  2.187E-06  2.318E-04  0.000E+00  1.230E-04  1.598E-03  2.187E-06  0.000E+00  0.000E+00  9.230E-03  1.361E-02  1.247E-02  0.000E+00  0.000E+00  2.777E-03  4.096E-03  3.752E-03  0.000E+00  0.000E+00  0.000E+00  0.000E+00  0.000E+00
  0.000E+00  2.153E+02  1.595E+03  1.489E+03  1.819E+03  1.153E+02
  1.988E+09  1.912E+04  1.320E+03  8.673E-03  1.406E-04  1.818E-03  2.483E-06  2.318E-04  0.000E+00  1.387E-04  1.806E-03  2.483E-06  0.000E+00  0.000E+00  8.912E-03  1.288E-02  1.164E-02  0.000E+00  0.000E+00  2.681E-03  3.876E-03  3.501E-03  0.000E+00  0.000E+00  0.000E+00  0.000E+00  0.000E+00
  0.000E+00  2.179E+02  1.613E+03  1.502E+03  1.828E+03  1.166E+02
  1.945E+09  2.700E+04  1.360E+03  8.673E-03  1.569E-04  2.028E-03  2.779E-06  2.318E-04  0.000E+00  1.531E-04  1.995E-03  2.779E-06  0.000E+00  0.000E+00  8.421E-03  1.276E-02  1.125E-02  0.000E+00  0.000E+00  2.533E-03  3.838E-03  3.385E-03  0.000E+00  0.000E+00  0.000E+00  0.000E+00  0.000E+00
  0.000E+00  2.206E+02  1.632E+03  1.516E+03  1.838E+03  1.179E+02
  1.899E+09  3.815E+04  1.405E+03  8.673E-03  1.737E-04  2.246E-03  3.087E-06  2.318E-04  0.000E+00  1.653E-04  2.152E-03  3.087E-06  0.000E+00  0.000E+00  7.838E-03  1.264E-02  1.115E-02  0.000E+00  0.000E+00  2.358E-03  3.802E-03  3.356E-03  0.000E+00  0.000E+00  0.000E+00  0.000E+00  0.000E+00
  0.000E+00  2.234E+02  1.652E+03  1.530E+03  1.848E+03  1.193E+02
  1.853E+09  5.388E+04  1.456E+03  8.673E-03  1.901E-04  2.459E-03  3.404E-06  2.318E-04  0.000E+00  1.711E-04  2.175E-03  3.404E-06  0.000E+00  0.000E+00  7.634E-03  1.267E-02  1.119E-02  0.000E+00  0.000E+00  2.297E-03  3.811E-03  3.367E-03  0.000E+00  0.000E+00  0.000E+00  0.000E+00  0.000E+00
  0.000E+00  2.262E+02  1.672E+03  1.543E+03  1.858E+03  1.206E+02
  1.804E+09  7.611E+04  1.511E+03  8.673E-03  2.054E-04  2.641E-03  3.732E-06  2.318E-04  0.000E+00  1.611E-04  1.771E-03  3.732E-06  0.000E+00  0.000E+00  7.528E-03  1.246E-02  1.102E-02  0.000E+00  0.000E+00  2.265E-03  3.748E-03  3.316E-03  0.000E+00  0.000E+00  0.000E+00  0.000E+00  0.000E+00
  0.000E+00  2.291E+02  1.692E+03  1.558E+03  1.868E+03  1.220E+02
  1.754E+09  1.075E+05  1.570E+03  8.673E-03  2.177E-04  2.743E-03  4.077E-06  2.318E-04  0.000E+00  1.138E-04  3.820E-04  4.076E-06  0.000E+00  0.000E+00  7.465E-03  1.224E-02  1.093E-02  0.000E+00  0.000E+00  2.246E-03  3.684E-03  3.288E-03  0.000E+00  0.000E+00  0.000E+00  0.000E+00  0.000E+00
  0.000E+00  2.331E+02  1.713E+03  1.572E+03  1.878E+03  1.235E+02
  1.701E+09  1.519E+05  1.631E+03  8.673E-03  2.235E-04  2.750E-03  4.457E-06  2.318E-04  0.000E+00  1.776E-05  0.000E+00  4.451E-06  0.000E+00  0.000E+00  7.147E-03  0.000E+00  1.054E-02  0.000E+00  0.000E+00  2.150E-03  0.000E+00  3.171E-03  0.000E+00  0.000E+00  0.000E+00  0.000E+00  0.000E+00
  0.000E+00  2.387E+02  1.735E+03  1.587E+03  1.888E+03  1.250E+02
  1.647E+09  2.145E+05  1.688E+03  8.673E-03  2.239E-04  2.750E-03  4.927E-06  2.318E-04  0.000E+00  0.000E+00  0.000E+00  4.880E-06  0.000E+00  0.000E+00  0.000E+00  0.000E+00  9.927E-03  0.000E+00  0.000E+00  0.000E+00  0.000E+00  2.987E-03  0.000E+00  0.000E+00  0.000E+00  0.000E+00  0.000E+00
  0.000E+00  2.449E+02  1.757E+03  1.602E+03  1.898E+03  1.265E+02
  1.591E+09  3.030E+05  1.735E+03  8.673E-03  2.239E-04  2.750E-03  5.560E-06  2.318E-04  0.000E+00  0.000E+00  0.000E+00  5.338E-06  0.000E+00  0.000E+00  0.000E+00  0.000E+00  9.174E-03  0.000E+00  0.000E+00  0.000E+00  0.000E+00  2.760E-03  0.000E+00  0.000E+00  0.000E+00  0.000E+00  0.000E+00
  0.000E+00  2.485E+02  1.780E+03  1.617E+03  1.909E+03  1.281E+02
  1.534E+09  4.280E+05  1.774E+03  8.673E-03  2.239E-04  2.750E-03  6.408E-06  2.318E-04  0.000E+00  0.000E+00  0.000E+00  5.700E-06  0.000E+00  0.000E+00  0.000E+00  0.000E+00  8.526E-03  0.000E+00  0.000E+00  0.000E+00  0.000E+00  2.565E-03  0.000E+00  0.000E+00  0.000E+00  0.000E+00  0.000E+00
  0.000E+00  2.574E+02  1.803E+03  1.632E+03  1.919E+03  1.298E+02
  1.475E+09  6.046E+05  1.809E+03  8.673E-03  2.239E-04  2.750E-03  7.396E-06  2.318E-04  0.000E+00  0.000E+00  0.000E+00  5.568E-06  0.000E+00  0.000E+00  0.000E+00  0.000E+00  8.131E-03  0.000E+00  0.000E+00  0.000E+00  0.000E+00  2.446E-03  0.000E+00  0.000E+00  0.000E+00  0.000E+00  0.000E+00
  0.000E+00  2.614E+02  1.834E+03  1.648E+03  1.930E+03  1.315E+02
  1.416E+09  8.540E+05  1.841E+03  8.673E-03  2.239E-04  2.750E-03  8.323E-06  2.318E-04  0.000E+00  0.000E+00  0.000E+00  4.149E-06  0.000E+00  0.000E+00  0.000E+00  0.000E+00  7.727E-03  0.000E+00  0.000E+00  0.000E+00  0.000E+00  2.325E-03  0.000E+00  0.000E+00  0.000E+00  0.000E+00  0.000E+00
  0.000E+00  2.747E+02  1.866E+03  1.664E+03  1.941E+03  1.332E+02
  1.355E+09  1.206E+06  1.869E+03  8.673E-03  2.239E-04  2.750E-03  8.935E-06  2.318E-04  0.000E+00  0.000E+00  0.000E+00  1.224E-06  0.000E+00  0.000E+00  0.000E+00  0.000E+00  7.021E-03  0.000E+00  0.000E+00  0.000E+00  0.000E+00  2.112E-03  0.000E+00  0.000E+00  0.000E+00  0.000E+00  0.000E+00
  0.000E+00  2.790E+02  1.899E+03  1.681E+03  1.952E+03  1.350E+02
  1.294E+09  1.704E+06  1.888E+03  8.673E-03  2.239E-04  2.750E-03  9.027E-06  2.318E-04  0.000E+00  0.000E+00  0.000E+00  0.000E+00  0.000E+00  0.000E+00  0.000E+00  0.000E+00  0.000E+00  0.000E+00  0.000E+00  0.000E+00  0.000E+00  0.000E+00  0.000E+00  0.000E+00  0.000E+00  0.000E+00  0.000E+00
  0.000E+00  2.974E+02  1.933E+03  1.699E+03  1.963E+03  1.369E+02
  1.232E+09  2.407E+06  1.897E+03  8.673E-03  2.239E-04  2.750E-03  9.027E-06  2.318E-04  0.000E+00  0.000E+00  0.000E+00  0.000E+00  0.000E+00  0.000E+00  0.000E+00  0.000E+00  0.000E+00  0.000E+00  0.000E+00  0.000E+00  0.000E+00  0.000E+00  0.000E+00  0.000E+00  0.000E+00  0.000E+00  0.000E+00
  0.000E+00  3.016E+02  1.983E+03  1.731E+03  1.974E+03  1.388E+02
  1.170E+09  3.400E+06  1.899E+03  8.673E-03  2.239E-04  2.750E-03  9.229E-06  2.318E-04  0.000E+00  0.000E+00  0.000E+00  1.647E-06  0.000E+00  0.000E+00  0.000E+00  0.000E+00  5.982E-03  0.000E+00  0.000E+00  0.000E+00  0.000E+00  1.800E-03  0.000E+00  0.000E+00  0.000E+00  0.000E+00  0.000E+00
  0.000E+00  3.059E+02  2.047E+03  1.749E+03  1.985E+03  1.409E+02
  1.108E+09  4.802E+06  1.900E+03  8.673E-03  2.239E-04  2.750E-03  1.033E-05  2.318E-04  0.000E+00  0.000E+00  0.000E+00  4.844E-06  0.000E+00  0.000E+00  0.000E+00  0.000E+00  5.739E-03  0.000E+00  0.000E+00  0.000E+00  0.000E+00  1.727E-03  0.000E+00  0.000E+00  0.000E+00  0.000E+00  0.000E+00
  0.000E+00  3.296E+02  2.116E+03  1.792E+03  1.996E+03  1.437E+02
  1.046E+09  6.783E+06  1.900E+03  8.673E-03  2.240E-04  2.750E-03  1.258E-05  2.318E-04  0.000E+00  3.887E-06  0.000E+00  8.595E-06  0.000E+00  0.000E+00  3.830E-03  0.000E+00  5.523E-03  0.000E+00  0.000E+00  1.152E-03  0.000E+00  1.662E-03  0.000E+00  0.000E+00  0.000E+00  0.000E+00  0.000E+00
  0.000E+00  3.333E+02  2.203E+03  1.812E+03  2.008E+03  1.477E+02
  9.961E+08  8.972E+06  1.901E+03  8.673E-03  2.299E-04  2.750E-03  1.540E-05  2.318E-04  0.000E+00  4.907E-05  0.000E+00  1.231E-05  0.000E+00  0.000E+00  3.670E-03  0.000E+00  5.356E-03  0.000E+00  0.000E+00  1.104E-03  0.000E+00  1.612E-03  0.000E+00  0.000E+00  0.000E+00  0.000E+00  0.000E+00
  0.000E+00  3.624E+02  2.313E+03  1.829E+03  2.017E+03  1.497E+02
  9.304E+08  1.292E+07  1.904E+03  8.673E-03  2.630E-04  2.750E-03  2.090E-05  2.318E-04  0.000E+00  1.333E-04  0.000E+00  1.857E-05  0.000E+00  0.000E+00  3.530E-03  0.000E+00  5.157E-03  0.000E+00  0.000E+00  1.062E-03  0.000E+00  1.551E-03  0.000E+00  0.000E+00  0.000E+00  0.000E+00  0.000E+00
  0.000E+00  3.648E+02  2.356E+03  1.909E+03  2.030E+03  1.577E+02
  8.600E+08  1.912E+07  1.907E+03  8.673E-03  3.336E-04  2.750E-03  2.979E-05  2.318E-04  0.000E+00  2.432E-04  0.000E+00  2.802E-05  0.000E+00  0.000E+00  3.381E-03  0.000E+00  4.946E-03  0.000E+00  0.000E+00  1.017E-03  0.000E+00  1.488E-03  0.000E+00  0.000E+00  0.000E+00  0.000E+00  0.000E+00
  0.000E+00  3.675E+02  2.516E+03  1.934E+03  2.043E+03  1.612E+02
  7.976E+08  2.700E+07  1.913E+03  8.673E-03  4.360E-04  2.750E-03  4.131E-05  2.318E-04  0.000E+00  3.680E-04  0.000E+00  3.978E-05  0.000E+00  0.000E+00  3.263E-03  0.000E+00  4.770E-03  0.000E+00  0.000E+00  9.817E-04  0.000E+00  1.435E-03  0.000E+00  0.000E+00  0.000E+00  0.000E+00  0.000E+00
  0.000E+00  3.698E+02  2.551E+03  1.956E+03  2.056E+03  1.643E+02
  7.350E+08  3.815E+07  1.924E+03  8.673E-03  5.886E-04  2.750E-03  5.762E-05  2.318E-04  0.000E+00  5.352E-04  0.000E+00  5.610E-05  0.000E+00  0.000E+00  3.149E-03  0.000E+00  4.604E-03  0.000E+00  0.000E+00  9.475E-04  0.000E+00  1.385E-03  0.000E+00  0.000E+00  0.000E+00  0.000E+00  0.000E+00
  0.000E+00  3.722E+02  2.747E+03  1.979E+03  2.068E+03  1.675E+02
  6.719E+08  5.388E+07  1.942E+03  8.673E-03  7.870E-04  2.750E-03  7.829E-05  2.318E-04  0.000E+00  7.419E-04  0.000E+00  7.636E-05  0.000E+00  0.000E+00  3.158E-03  0.000E+00  4.618E-03  0.000E+00  0.000E+00  9.500E-04  0.000E+00  1.389E-03  0.000E+00  0.000E+00  0.000E+00  0.000E+00  0.000E+00
  0.000E+00  3.745E+02  2.770E+03  2.002E+03  2.090E+03  1.708E+02
  6.079E+08  7.611E+07  1.974E+03  8.673E-03  9.741E-04  2.750E-03  9.740E-05  2.318E-04  0.000E+00  9.308E-04  0.000E+00  9.369E-05  0.000E+00  0.000E+00  3.447E-03  0.000E+00  5.023E-03  0.000E+00  0.000E+00  1.037E-03  0.000E+00  1.511E-03  0.000E+00  0.000E+00  0.000E+00  0.000E+00  0.000E+00
  0.000E+00  3.769E+02  2.794E+03  2.155E+03  2.113E+03  1.894E+02
  5.426E+08  1.075E+08  2.029E+03  8.673E-03  1.106E-03  2.750E-03  1.103E-04  2.318E-04  0.000E+00  1.055E-03  0.000E+00  9.597E-05  0.000E+00  0.000E+00  3.765E-03  0.000E+00  5.462E-03  0.000E+00  0.000E+00  1.133E-03  0.000E+00  1.643E-03  0.000E+00  0.000E+00  0.000E+00  0.000E+00  0.000E+00
  0.000E+00  3.792E+02  2.817E+03  2.178E+03  2.126E+03  1.931E+02
  4.746E+08  1.519E+08  2.126E+03  8.673E-03  1.192E-03  2.750E-03  1.161E-04  2.318E-04  0.000E+00  1.108E-03  0.000E+00  2.216E-05  0.000E+00  0.000E+00  4.047E-03  0.000E+00  4.220E-03  0.000E+00  0.000E+00  1.218E-03  0.000E+00  1.270E-03  0.000E+00  0.000E+00  0.000E+00  0.000E+00  0.000E+00
  0.000E+00  3.815E+02  2.841E+03  2.201E+03  2.159E+03  1.969E+02
  4.024E+08  2.145E+08  2.289E+03  8.673E-03  1.244E-03  2.750E-03  1.163E-04  2.318E-04  0.000E+00  1.036E-03  0.000E+00  0.000E+00  0.000E+00  0.000E+00  2.621E-03  0.000E+00  0.000E+00  0.000E+00  0.000E+00  7.884E-04  0.000E+00  0.000E+00  0.000E+00  0.000E+00  0.000E+00  0.000E+00  0.000E+00
  0.000E+00  3.839E+02  2.864E+03  2.224E+03  2.173E+03  2.007E+02
  3.241E+08  3.030E+08  2.491E+03  8.673E-03  1.280E-03  2.750E-03  1.163E-04  2.318E-04  0.000E+00  7.334E-04  0.000E+00  0.000E+00  0.000E+00  0.000E+00  2.049E-03  0.000E+00  0.000E+00  0.000E+00  0.000E+00  6.163E-04  0.000E+00  0.000E+00  0.000E+00  0.000E+00  0.000E+00  0.000E+00  0.000E+00
  0.000E+00  3.862E+02  2.888E+03  2.247E+03  2.225E+03  2.046E+02
  2.390E+08  4.280E+08  2.704E+03  8.673E-03  1.299E-03  2.750E-03  1.163E-04  2.318E-04  0.000E+00  1.424E-04  0.000E+00  0.000E+00  0.000E+00  0.000E+00  1.958E-03  0.000E+00  0.000E+00  0.000E+00  0.000E+00  5.891E-04  0.000E+00  0.000E+00  0.000E+00  0.000E+00  0.000E+00  0.000E+00  0.000E+00
  0.000E+00  3.886E+02  2.911E+03  2.271E+03  2.240E+03  2.392E+02
  1.468E+08  6.046E+08  2.928E+03  8.673E-03  1.300E-03  2.750E-03  1.163E-04  2.318E-04  0.000E+00  0.000E+00  0.000E+00  0.000E+00  0.000E+00  0.000E+00  0.000E+00  0.000E+00  0.000E+00  0.000E+00  0.000E+00  0.000E+00  0.000E+00  0.000E+00  0.000E+00  0.000E+00  0.000E+00  0.000E+00  0.000E+00
  0.000E+00  3.909E+02  2.935E+03  2.533E+03  2.255E+03  2.423E+02
  4.714E+07  8.540E+08  3.161E+03  8.673E-03  1.300E-03  2.750E-03  1.163E-04  2.318E-04  0.000E+00  0.000E+00  0.000E+00  0.000E+00  0.000E+00  0.000E+00  0.000E+00  0.000E+00  0.000E+00  0.000E+00  0.000E+00  0.000E+00  0.000E+00  0.000E+00  0.000E+00  0.000E+00  0.000E+00  0.000E+00  0.000E+00
  0.000E+00  3.933E+02  2.958E+03  2.551E+03  2.270E+03  2.454E+02
