  1443.  400. 60 5  2.  10.
 H2O       
  0.0086727274  0.
 Fe        
  0.0013  0.
 MgSiO3    
  0.00274999999  0.
 Al2O3     
  0.00011632823  0.
 NH3       
  0.000231818171  0.
  2.952E+09  1.205E+00  8.744E+02  8.673E-03  2.785E-10  2.771E-11  1.484E-31  2.318E-04  0.000E+00  0.000E+00  0.000E+00  9.566E-34  0.000E+00  0.000E+00  0.000E+00  0.000E+00  1.745E-02  0.000E+00  0.000E+00  0.000E+00  0.000E+00  5.251E-03  0.000E+00  0.000E+00  0.000E+00  0.000E+00  0.000E+00
  0.000E+00  1.621E+02  1.215E+03  1.204E+03  1.594E+03  1.000E+02
  2.923E+09  1.705E+00  8.798E+02  8.673E-03  2.937E-10  3.094E-11  2.525E-31  2.318E-04  0.000E+00  8.931E-13  2.422E-13  7.446E-33  0.000E+00  0.000E+00  1.114E-02  2.746E-02  2.201E-02  0.000E+00  0.000E+00  3.351E-03  8.260E-03  6.623E-03  0.000E+00  0.000E+00  0.000E+00  0.000E+00  0.000E+00
  0.000E+00  1.636E+02  1.226E+03  1.213E+03  1.601E+03  1.000E+02
  2.894E+09  2.410E+00  8.885E+02  8.673E-03  3.559E-10  4.249E-11  7.091E-31  2.318E-04  0.000E+00  3.794E-12  6.960E-13  3.425E-32  0.000E+00  0.000E+00  1.462E-02  3.599E-02  2.882E-02  0.000E+00  0.000E+00  4.397E-03  1.083E-02  8.672E-03  0.000E+00  0.000E+00  0.000E+00  0.000E+00  0.000E+00
  0.000E+00  1.651E+02  1.237E+03  1.222E+03  1.608E+03  1.000E+02
  2.865E+09  3.400E+00  8.994E+02  8.673E-03  4.868E-10  6.777E-11  2.688E-30  2.318E-04  0.000E+00  7.928E-12  1.607E-12  1.743E-31  0.000E+00  0.000E+00  1.936E-02  4.768E-02  3.819E-02  0.000E+00  0.000E+00  5.823E-03  1.434E-02  1.149E-02  0.000E+00  0.000E+00  0.000E+00  0.000E+00  0.000E+00
  0.000E+00  1.667E+02  1.248E+03  1.230E+03  1.616E+03  1.000E+02
  2.835E+09  4.800E+00  9.116E+02  8.673E-03  7.024E-10  1.153E-10  1.149E-29  2.318E-04  0.000E+00  1.278E-11  3.021E-12  8.108E-31  0.000E+00  0.000E+00  2.475E-02  6.087E-02  4.878E-02  0.000E+00  0.000E+00  7.445E-03  1.831E-02  1.468E-02  0.000E+00  0.000E+00  0.000E+00  0.000E+00  0.000E+00
  0.000E+00  1.683E+02  1.260E+03  1.239E+03  1.623E+03  1.000E+02
  2.805E+09  6.780E+00  9.245E+02  8.673E-03  1.034E-09  2.012E-10  5.169E-29  2.318E-04  0.000E+00  2.020E-11  5.625E-12  3.856E-30  0.000E+00  0.000E+00  3.148E-02  7.727E-02  6.197E-02  0.000E+00  0.000E+00  9.471E-03  2.325E-02  1.864E-02  0.000E+00  0.000E+00  0.000E+00  0.000E+00  0.000E+00
  0.000E+00  1.699E+02  1.271E+03  1.248E+03  1.631E+03  1.000E+02
  2.775E+09  9.580E+00  9.381E+02  8.673E-03  1.542E-09  3.563E-10  2.394E-28  2.318E-04  0.000E+00  3.136E-11  1.034E-11  1.842E-29  0.000E+00  0.000E+00  3.989E-02  9.753E-02  7.832E-02  0.000E+00  0.000E+00  1.200E-02  2.934E-02  2.356E-02  0.000E+00  0.000E+00  0.000E+00  0.000E+00  0.000E+00
  0.000E+00  1.715E+02  1.283E+03  1.258E+03  1.639E+03  1.000E+02
  2.744E+09  1.354E+01  9.520E+02  8.673E-03  2.288E-09  6.266E-10  1.087E-27  2.318E-04  0.000E+00  4.454E-11  1.750E-11  8.094E-29  0.000E+00  0.000E+00  4.994E-02  1.213E-01  9.763E-02  0.000E+00  0.000E+00  1.502E-02  3.650E-02  2.937E-02  0.000E+00  0.000E+00  0.000E+00  0.000E+00  0.000E+00
  0.000E+00  1.732E+02  1.295E+03  1.267E+03  1.646E+03  1.000E+02
  2.713E+09  1.912E+01  9.657E+02  8.673E-03  3.285E-09  1.058E-09  4.519E-27  2.318E-04  0.000E+00  5.426E-11  2.554E-11  2.980E-28  0.000E+00  0.000E+00  6.143E-02  1.476E-01  1.192E-01  0.000E+00  0.000E+00  1.848E-02  4.442E-02  3.587E-02  0.000E+00  0.000E+00  0.000E+00  0.000E+00  0.000E+00
  0.000E+00  1.749E+02  1.307E+03  1.277E+03  1.654E+03  1.000E+02
  2.681E+09  2.700E+01  9.786E+02  8.673E-03  4.437E-09  1.657E-09  1.601E-26  2.318E-04  0.000E+00  5.328E-11  3.032E-11  8.464E-28  0.000E+00  0.000E+00  7.392E-02  1.746E-01  1.418E-01  0.000E+00  0.000E+00  2.224E-02  5.254E-02  4.267E-02  0.000E+00  0.000E+00  0.000E+00  0.000E+00  0.000E+00
  0.000E+00  1.767E+02  1.320E+03  1.286E+03  1.662E+03  1.000E+02
  2.649E+09  3.814E+01  9.903E+02  8.673E-03  5.564E-09  2.368E-09  4.705E-26  2.318E-04  0.000E+00  4.426E-11  3.083E-11  1.934E-27  0.000E+00  0.000E+00  8.752E-02  2.014E-01  1.649E-01  0.000E+00  0.000E+00  2.633E-02  6.058E-02  4.960E-02  0.000E+00  0.000E+00  0.000E+00  0.000E+00  0.000E+00
  0.000E+00  1.785E+02  1.333E+03  1.296E+03  1.670E+03  1.000E+02
  2.616E+09  5.388E+01  1.002E+03  8.673E-03  6.781E-09  3.271E-09  1.309E-25  2.318E-04  0.000E+00  5.711E-11  4.474E-11  5.626E-27  0.000E+00  0.000E+00  1.067E-01  2.348E-01  1.948E-01  0.000E+00  0.000E+00  3.210E-02  7.063E-02  5.861E-02  0.000E+00  0.000E+00  0.000E+00  0.000E+00  0.000E+00
  0.000E+00  1.803E+02  1.346E+03  1.306E+03  1.678E+03  1.000E+02
  2.583E+09  7.611E+01  1.014E+03  8.673E-03  8.649E-09  4.786E-09  4.145E-25  2.318E-04  0.000E+00  1.094E-10  9.210E-11  2.313E-26  0.000E+00  0.000E+00  1.313E-01  2.706E-01  2.288E-01  0.000E+00  0.000E+00  3.951E-02  8.140E-02  6.885E-02  0.000E+00  0.000E+00  0.000E+00  0.000E+00  0.000E+00
  0.000E+00  1.821E+02  1.359E+03  1.316E+03  1.686E+03  1.000E+02
  2.550E+09  1.075E+02  1.028E+03  8.673E-03  1.150E-08  7.367E-09  1.443E-24  2.318E-04  0.000E+00  1.608E-10  1.546E-10  8.608E-26  0.000E+00  0.000E+00  1.516E-01  2.892E-01  2.496E-01  0.000E+00  0.000E+00  4.562E-02  8.702E-02  7.510E-02  0.000E+00  0.000E+00  0.000E+00  0.000E+00  0.000E+00
  0.000E+00  1.840E+02  1.373E+03  1.326E+03  1.695E+03  1.005E+02
  2.516E+09  1.519E+02  1.042E+03  8.673E-03  1.517E-08  1.121E-08  4.862E-24  2.318E-04  0.000E+00  1.864E-10  2.108E-10  2.659E-25  0.000E+00  0.000E+00  1.640E-01  2.902E-01  2.548E-01  0.000E+00  0.000E+00  4.934E-02  8.731E-02  7.666E-02  0.000E+00  0.000E+00  0.000E+00  0.000E+00  0.000E+00
  0.000E+00  1.860E+02  1.386E+03  1.337E+03  1.703E+03  1.014E+02
  2.482E+09  2.145E+02  1.055E+03  8.673E-03  1.915E-08  1.615E-08  1.459E-23  2.318E-04  0.000E+00  1.740E-10  2.364E-10  6.598E-25  0.000E+00  0.000E+00  1.674E-01  2.790E-01  2.476E-01  0.000E+00  0.000E+00  5.035E-02  8.395E-02  7.448E-02  0.000E+00  0.000E+00  0.000E+00  0.000E+00  0.000E+00
  0.000E+00  1.879E+02  1.400E+03  1.348E+03  1.711E+03  1.023E+02
  2.447E+09  3.030E+02  1.068E+03  8.673E-03  2.288E-08  2.176E-08  3.818E-23  2.318E-04  0.000E+00  1.452E-10  2.404E-10  1.417E-24  0.000E+00  0.000E+00  1.637E-01  2.857E-01  2.403E-01  0.000E+00  0.000E+00  4.924E-02  8.595E-02  7.228E-02  0.000E+00  0.000E+00  0.000E+00  0.000E+00  0.000E+00
  0.000E+00  1.900E+02  1.415E+03  1.358E+03  1.720E+03  1.033E+02
  2.412E+09  4.280E+02  1.080E+03  8.673E-03  2.689E-08  2.875E-08  9.701E-23  2.318E-04  0.000E+00  1.884E-10  3.436E-10  3.831E-24  0.000E+00  0.000E+00  1.587E-01  3.130E-01  2.636E-01  0.000E+00  0.000E+00  4.776E-02  9.418E-02  7.930E-02  0.000E+00  0.000E+00  0.000E+00  0.000E+00  0.000E+00
  0.000E+00  1.920E+02  1.429E+03  1.369E+03  1.728E+03  1.042E+02
  2.377E+09  6.046E+02  1.093E+03  8.673E-03  3.268E-08  3.961E-08  2.704E-22  2.318E-04  0.000E+00  3.238E-10  6.268E-10  1.318E-23  0.000E+00  0.000E+00  1.690E-01  3.462E-01  2.936E-01  0.000E+00  0.000E+00  5.085E-02  1.042E-01  8.834E-02  0.000E+00  0.000E+00  0.000E+00  0.000E+00  0.000E+00
  0.000E+00  1.941E+02  1.444E+03  1.380E+03  1.737E+03  1.052E+02
  2.341E+09  8.540E+02  1.108E+03  8.673E-03  4.176E-08  5.808E-08  8.569E-22  2.318E-04  0.000E+00  5.519E-10  1.173E-09  5.056E-23  0.000E+00  0.000E+00  1.876E-01  3.776E-01  3.213E-01  0.000E+00  0.000E+00  5.645E-02  1.136E-01  9.668E-02  0.000E+00  0.000E+00  0.000E+00  0.000E+00  0.000E+00
  0.000E+00  1.963E+02  1.460E+03  1.392E+03  1.746E+03  1.062E+02
  2.304E+09  1.206E+03  1.125E+03  8.673E-03  5.589E-08  9.010E-08  3.044E-21  2.318E-04  0.000E+00  9.110E-10  2.185E-09  2.080E-22  0.000E+00  0.000E+00  2.033E-01  4.076E-01  3.470E-01  0.000E+00  0.000E+00  6.116E-02  1.226E-01  1.044E-01  0.000E+00  0.000E+00  0.000E+00  0.000E+00  0.000E+00
  0.000E+00  1.984E+02  1.475E+03  1.403E+03  1.755E+03  1.073E+02
  2.267E+09  1.704E+03  1.143E+03  8.673E-03  7.689E-08  1.446E-07  1.153E-20  2.318E-04  0.000E+00  1.371E-09  3.798E-09  8.418E-22  0.000E+00  0.000E+00  2.149E-01  4.319E-01  3.681E-01  0.000E+00  0.000E+00  6.466E-02  1.299E-01  1.108E-01  0.000E+00  0.000E+00  0.000E+00  0.000E+00  0.000E+00
  0.000E+00  2.007E+02  1.491E+03  1.415E+03  1.763E+03  1.084E+02
  2.230E+09  2.407E+03  1.161E+03  8.673E-03  1.066E-07  2.341E-07  4.441E-20  2.318E-04  0.000E+00  1.962E-09  6.342E-09  3.345E-21  0.000E+00  0.000E+00  2.245E-01  4.388E-01  3.814E-01  0.000E+00  0.000E+00  6.754E-02  1.320E-01  1.148E-01  0.000E+00  0.000E+00  0.000E+00  0.000E+00  0.000E+00
  0.000E+00  2.030E+02  1.507E+03  1.427E+03  1.772E+03  1.094E+02
  2.192E+09  3.400E+03  1.181E+03  8.673E-03  1.514E-07  3.909E-07  1.834E-19  2.318E-04  0.000E+00  3.321E-09  1.240E-08  1.584E-20  0.000E+00  0.000E+00  2.403E-01  4.438E-01  3.883E-01  0.000E+00  0.000E+00  7.230E-02  1.335E-01  1.168E-01  0.000E+00  0.000E+00  0.000E+00  0.000E+00  0.000E+00
  0.000E+00  2.053E+02  1.524E+03  1.439E+03  1.781E+03  1.106E+02
  2.153E+09  4.802E+03  1.203E+03  8.673E-03  2.272E-07  6.984E-07  8.754E-19  2.318E-04  0.000E+00  6.363E-09  2.768E-08  9.128E-20  0.000E+00  0.000E+00  2.552E-01  4.550E-01  3.976E-01  0.000E+00  0.000E+00  7.678E-02  1.369E-01  1.196E-01  0.000E+00  0.000E+00  0.000E+00  0.000E+00  0.000E+00
  0.000E+00  2.077E+02  1.541E+03  1.451E+03  1.791E+03  1.117E+02
  2.113E+09  6.783E+03  1.228E+03  8.673E-03  3.585E-07  1.328E-06  4.721E-18  2.318E-04  0.000E+00  1.168E-08  6.050E-08  5.546E-19  0.000E+00  0.000E+00  2.594E-01  4.641E-01  4.051E-01  0.000E+00  0.000E+00  7.804E-02  1.396E-01  1.219E-01  0.000E+00  0.000E+00  0.000E+00  0.000E+00  0.000E+00
  0.000E+00  2.102E+02  1.559E+03  1.464E+03  1.800E+03  1.129E+02
  2.072E+09  9.582E+03  1.255E+03  8.673E-03  5.805E-07  2.604E-06  2.705E-17  2.318E-04  0.000E+00  2.082E-08  1.301E-07  3.491E-18  0.000E+00  0.000E+00  2.612E-01  4.706E-01  4.102E-01  0.000E+00  0.000E+00  7.857E-02  1.416E-01  1.234E-01  0.000E+00  0.000E+00  0.000E+00  0.000E+00  0.000E+00
  0.000E+00  2.127E+02  1.576E+03  1.476E+03  1.809E+03  1.141E+02
  2.031E+09  1.353E+04  1.284E+03  8.673E-03  1.008E-06  5.577E-06  1.897E-16  2.318E-04  0.000E+00  4.885E-08  3.697E-07  3.174E-17  0.000E+00  0.000E+00  2.716E-01  4.934E-01  4.297E-01  0.000E+00  0.000E+00  8.171E-02  1.484E-01  1.293E-01  0.000E+00  0.000E+00  0.000E+00  0.000E+00  0.000E+00
  0.000E+00  2.153E+02  1.595E+03  1.489E+03  1.819E+03  1.153E+02
  1.988E+09  1.912E+04  1.320E+03  8.673E-03  1.966E-06  1.380E-05  1.804E-15  2.318E-04  0.000E+00  1.297E-07  1.224E-06  3.898E-16  0.000E+00  0.000E+00  2.857E-01  5.234E-01  4.553E-01  0.000E+00  0.000E+00  8.596E-02  1.575E-01  1.370E-01  0.000E+00  0.000E+00  0.000E+00  0.000E+00  0.000E+00
  0.000E+00  2.179E+02  1.613E+03  1.502E+03  1.828E+03  1.166E+02
  1.945E+09  2.700E+04  1.360E+03  8.673E-03  4.165E-06  3.775E-05  2.073E-14  2.318E-04  0.000E+00  3.209E-07  3.877E-06  5.082E-15  0.000E+00  0.000E+00  2.958E-01  5.460E-01  4.744E-01  0.000E+00  0.000E+00  8.899E-02  1.643E-01  1.427E-01  0.000E+00  0.000E+00  0.000E+00  0.000E+00  0.000E+00
  0.000E+00  2.206E+02  1.632E+03  1.516E+03  1.838E+03  1.179E+02
  1.899E+09  3.815E+04  1.405E+03  8.673E-03  9.100E-06  1.071E-04  2.551E-13  2.318E-04  0.000E+00  7.640E-07  1.199E-05  6.892E-14  0.000E+00  0.000E+00  3.029E-01  5.629E-01  4.887E-01  0.000E+00  0.000E+00  9.113E-02  1.694E-01  1.470E-01  0.000E+00  0.000E+00  0.000E+00  0.000E+00  0.000E+00
  0.000E+00  2.234E+02  1.652E+03  1.530E+03  1.848E+03  1.193E+02
  1.853E+09  5.388E+04  1.456E+03  8.673E-03  2.112E-05  3.281E-04  3.705E-12  2.318E-04  0.000E+00  2.061E-06  4.244E-05  1.122E-12  0.000E+00  0.000E+00  3.168E-01  5.935E-01  5.148E-01  0.000E+00  0.000E+00  9.531E-02  1.786E-01  1.549E-01  0.000E+00  0.000E+00  0.000E+00  0.000E+00  0.000E+00
  0.000E+00  2.262E+02  1.672E+03  1.543E+03  1.858E+03  1.206E+02
  1.804E+09  7.611E+04  1.511E+03  8.673E-03  4.031E-05  1.009E-03  5.315E-11  2.318E-04  0.000E+00  1.273E-06  1.324E-04  1.656E-11  0.000E+00  0.000E+00  3.100E-01  6.100E-01  5.283E-01  0.000E+00  0.000E+00  9.327E-02  1.835E-01  1.589E-01  0.000E+00  0.000E+00  0.000E+00  0.000E+00  0.000E+00
  0.000E+00  2.291E+02  1.692E+03  1.558E+03  1.868E+03  1.220E+02
  1.754E+09  1.075E+05  1.570E+03  8.673E-03  4.271E-05  2.486E-03  7.663E-10  2.318E-04  0.000E+00  0.000E+00  1.262E-04  2.346E-10  0.000E+00  0.000E+00  0.000E+00  6.083E-01  5.493E-01  0.000E+00  0.000E+00  0.000E+00  1.830E-01  1.653E-01  0.000E+00  0.000E+00  0.000E+00  0.000E+00  0.000E+00
  0.000E+00  2.331E+02  1.713E+03  1.572E+03  1.878E+03  1.235E+02
  1.701E+09  1.519E+05  1.631E+03  8.673E-03  4.271E-05  2.750E-03  8.317E-09  2.318E-04  0.000E+00  0.000E+00  0.000E+00  2.038E-09  0.000E+00  0.000E+00  0.000E+00  0.000E+00  5.451E-01  0.000E+00  0.000E+00  0.000E+00  0.000E+00  1.640E-01  0.000E+00  0.000E+00  0.000E+00  0.000E+00  0.000E+00
  0.000E+00  2.387E+02  1.735E+03  1.587E+03  1.888E+03  1.250E+02
  1.647E+09  2.145E+05  1.688E+03  8.673E-03  4.271E-05  2.750E-03  5.794E-08  2.318E-04  0.000E+00  0.000E+00  0.000E+00  9.705E-09  0.000E+00  0.000E+00  0.000E+00  0.000E+00  5.208E-01  0.000E+00  0.000E+00  0.000E+00  0.000E+00  1.567E-01  0.000E+00  0.000E+00  0.000E+00  0.000E+00  0.000E+00
  0.000E+00  2.449E+02  1.757E+03  1.602E+03  1.898E+03  1.265E+02
  1.591E+09  3.030E+05  1.735E+03  8.673E-03  4.271E-05  2.750E-03  2.511E-07  2.318E-04  0.000E+00  0.000E+00  0.000E+00  2.554E-08  0.000E+00  0.000E+00  0.000E+00  0.000E+00  4.837E-01  0.000E+00  0.000E+00  0.000E+00  0.000E+00  1.455E-01  0.000E+00  0.000E+00  0.000E+00  0.000E+00  0.000E+00
  0.000E+00  2.485E+02  1.780E+03  1.617E+03  1.909E+03  1.281E+02
  1.534E+09  4.280E+05  1.774E+03  8.673E-03  4.271E-05  2.750E-03  7.632E-07  2.318E-04  0.000E+00  0.000E+00  0.000E+00  5.066E-08  0.000E+00  0.000E+00  0.000E+00  0.000E+00  4.565E-01  0.000E+00  0.000E+00  0.000E+00  0.000E+00  1.373E-01  0.000E+00  0.000E+00  0.000E+00  0.000E+00  0.000E+00
  0.000E+00  2.574E+02  1.803E+03  1.632E+03  1.919E+03  1.298E+02
  1.475E+09  6.046E+05  1.809E+03  8.673E-03  4.271E-05  2.750E-03  1.425E-06  2.318E-04  0.000E+00  0.000E+00  0.000E+00  1.614E-08  0.000E+00  0.000E+00  0.000E+00  0.000E+00  4.235E-01  0.000E+00  0.000E+00  0.000E+00  0.000E+00  1.274E-01  0.000E+00  0.000E+00  0.000E+00  0.000E+00  0.000E+00
  0.000E+00  2.614E+02  1.834E+03  1.648E+03  1.930E+03  1.315E+02
  1.416E+09  8.540E+05  1.841E+03  8.673E-03  4.271E-05  2.750E-03  1.459E-06  2.318E-04  0.000E+00  0.000E+00  0.000E+00  0.000E+00  0.000E+00  0.000E+00  0.000E+00  0.000E+00  0.000E+00  0.000E+00  0.000E+00  0.000E+00  0.000E+00  0.000E+00  0.000E+00  0.000E+00  0.000E+00  0.000E+00  0.000E+00
  0.000E+00  2.747E+02  1.866E+03  1.664E+03  1.941E+03  1.332E+02
  1.355E+09  1.206E+06  1.869E+03  8.673E-03  4.271E-05  2.750E-03  1.459E-06  2.318E-04  0.000E+00  0.000E+00  0.000E+00  0.000E+00  0.000E+00  0.000E+00  0.000E+00  0.000E+00  0.000E+00  0.000E+00  0.000E+00  0.000E+00  0.000E+00  0.000E+00  0.000E+00  0.000E+00  0.000E+00  0.000E+00  0.000E+00
  0.000E+00  2.790E+02  1.899E+03  1.681E+03  1.952E+03  1.350E+02
  1.294E+09  1.704E+06  1.888E+03  8.673E-03  4.271E-05  2.750E-03  1.459E-06  2.318E-04  0.000E+00  0.000E+00  0.000E+00  0.000E+00  0.000E+00  0.000E+00  0.000E+00  0.000E+00  0.000E+00  0.000E+00  0.000E+00  0.000E+00  0.000E+00  0.000E+00  0.000E+00  0.000E+00  0.000E+00  0.000E+00  0.000E+00
  0.000E+00  2.974E+02  1.933E+03  1.699E+03  1.963E+03  1.369E+02
  1.232E+09  2.407E+06  1.897E+03  8.673E-03  4.271E-05  2.750E-03  1.459E-06  2.318E-04  0.000E+00  0.000E+00  0.000E+00  0.000E+00  0.000E+00  0.000E+00  0.000E+00  0.000E+00  0.000E+00  0.000E+00  0.000E+00  0.000E+00  0.000E+00  0.000E+00  0.000E+00  0.000E+00  0.000E+00  0.000E+00  0.000E+00
  0.000E+00  3.016E+02  1.983E+03  1.731E+03  1.974E+03  1.388E+02
  1.170E+09  3.400E+06  1.899E+03  8.673E-03  4.271E-05  2.750E-03  1.459E-06  2.318E-04  0.000E+00  0.000E+00  0.000E+00  0.000E+00  0.000E+00  0.000E+00  0.000E+00  0.000E+00  0.000E+00  0.000E+00  0.000E+00  0.000E+00  0.000E+00  0.000E+00  0.000E+00  0.000E+00  0.000E+00  0.000E+00  0.000E+00
  0.000E+00  3.059E+02  2.047E+03  1.749E+03  1.985E+03  1.409E+02
  1.108E+09  4.802E+06  1.900E+03  8.673E-03  4.271E-05  2.750E-03  1.459E-06  2.318E-04  0.000E+00  0.000E+00  0.000E+00  0.000E+00  0.000E+00  0.000E+00  0.000E+00  0.000E+00  0.000E+00  0.000E+00  0.000E+00  0.000E+00  0.000E+00  0.000E+00  0.000E+00  0.000E+00  0.000E+00  0.000E+00  0.000E+00
  0.000E+00  3.296E+02  2.116E+03  1.792E+03  1.996E+03  1.437E+02
  1.046E+09  6.783E+06  1.900E+03  8.673E-03  4.271E-05  2.750E-03  1.459E-06  2.318E-04  0.000E+00  0.000E+00  0.000E+00  0.000E+00  0.000E+00  0.000E+00  0.000E+00  0.000E+00  0.000E+00  0.000E+00  0.000E+00  0.000E+00  0.000E+00  0.000E+00  0.000E+00  0.000E+00  0.000E+00  0.000E+00  0.000E+00
  0.000E+00  3.333E+02  2.203E+03  1.812E+03  2.008E+03  1.477E+02
  9.961E+08  8.972E+06  1.901E+03  8.673E-03  4.271E-05  2.750E-03  1.459E-06  2.318E-04  0.000E+00  0.000E+00  0.000E+00  0.000E+00  0.000E+00  0.000E+00  0.000E+00  0.000E+00  0.000E+00  0.000E+00  0.000E+00  0.000E+00  0.000E+00  0.000E+00  0.000E+00  0.000E+00  0.000E+00  0.000E+00  0.000E+00
  0.000E+00  3.624E+02  2.313E+03  1.829E+03  2.017E+03  1.497E+02
  9.304E+08  1.292E+07  1.904E+03  8.673E-03  4.271E-05  2.750E-03  1.459E-06  2.318E-04  0.000E+00  0.000E+00  0.000E+00  0.000E+00  0.000E+00  0.000E+00  0.000E+00  0.000E+00  0.000E+00  0.000E+00  0.000E+00  0.000E+00  0.000E+00  0.000E+00  0.000E+00  0.000E+00  0.000E+00  0.000E+00  0.000E+00
  0.000E+00  3.648E+02  2.356E+03  1.909E+03  2.030E+03  1.577E+02
  8.600E+08  1.912E+07  1.907E+03  8.673E-03  4.271E-05  2.750E-03  1.459E-06  2.318E-04  0.000E+00  0.000E+00  0.000E+00  0.000E+00  0.000E+00  0.000E+00  0.000E+00  0.000E+00  0.000E+00  0.000E+00  0.000E+00  0.000E+00  0.000E+00  0.000E+00  0.000E+00  0.000E+00  0.000E+00  0.000E+00  0.000E+00
  0.000E+00  3.675E+02  2.516E+03  1.934E+03  2.043E+03  1.612E+02
  7.976E+08  2.700E+07  1.913E+03  8.673E-03  4.271E-05  2.750E-03  1.459E-06  2.318E-04  0.000E+00  0.000E+00  0.000E+00  0.000E+00  0.000E+00  0.000E+00  0.000E+00  0.000E+00  0.000E+00  0.000E+00  0.000E+00  0.000E+00  0.000E+00  0.000E+00  0.000E+00  0.000E+00  0.000E+00  0.000E+00  0.000E+00
  0.000E+00  3.698E+02  2.551E+03  1.956E+03  2.056E+03  1.643E+02
  7.350E+08  3.815E+07  1.924E+03  8.673E-03  4.271E-05  2.750E-03  1.519E-06  2.318E-04  0.000E+00  0.000E+00  0.000E+00  3.433E-09  0.000E+00  0.000E+00  0.000E+00  0.000E+00  5.779E-01  0.000E+00  0.000E+00  0.000E+00  0.000E+00  1.739E-01  0.000E+00  0.000E+00  0.000E+00  0.000E+00  0.000E+00
  0.000E+00  3.722E+02  2.747E+03  1.979E+03  2.068E+03  1.675E+02
  6.719E+08  5.388E+07  1.942E+03  8.673E-03  4.271E-05  2.750E-03  1.961E-06  2.318E-04  0.000E+00  0.000E+00  0.000E+00  3.566E-08  0.000E+00  0.000E+00  0.000E+00  0.000E+00  6.906E-01  0.000E+00  0.000E+00  0.000E+00  0.000E+00  2.078E-01  0.000E+00  0.000E+00  0.000E+00  0.000E+00  0.000E+00
  0.000E+00  3.745E+02  2.770E+03  2.002E+03  2.090E+03  1.708E+02
  6.079E+08  7.611E+07  1.974E+03  8.673E-03  4.347E-05  2.750E-03  4.014E-06  2.318E-04  0.000E+00  1.345E-07  0.000E+00  2.867E-07  0.000E+00  0.000E+00  6.222E-01  0.000E+00  1.733E+00  0.000E+00  0.000E+00  1.872E-01  0.000E+00  5.212E-01  0.000E+00  0.000E+00  0.000E+00  0.000E+00  0.000E+00
  0.000E+00  3.769E+02  2.794E+03  2.155E+03  2.113E+03  1.894E+02
  5.426E+08  1.075E+08  2.029E+03  8.673E-03  5.306E-05  2.750E-03  1.956E-05  2.318E-04  0.000E+00  2.060E-06  0.000E+00  4.966E-06  0.000E+00  0.000E+00  1.560E+00  0.000E+00  6.770E+00  0.000E+00  0.000E+00  4.694E-01  0.000E+00  2.037E+00  0.000E+00  0.000E+00  0.000E+00  0.000E+00  0.000E+00
  0.000E+00  3.792E+02  2.817E+03  2.178E+03  2.126E+03  1.931E+02
  4.746E+08  1.519E+08  2.126E+03  8.673E-03  9.964E-05  2.750E-03  1.041E-04  2.318E-04  0.000E+00  1.550E-05  0.000E+00  1.017E-05  0.000E+00  0.000E+00  5.489E+00  0.000E+00  1.090E+01  0.000E+00  0.000E+00  1.651E+00  0.000E+00  3.278E+00  0.000E+00  0.000E+00  0.000E+00  0.000E+00  0.000E+00
  0.000E+00  3.815E+02  2.841E+03  2.201E+03  2.159E+03  1.969E+02
  4.024E+08  2.145E+08  2.289E+03  8.673E-03  2.765E-04  2.750E-03  1.163E-04  2.318E-04  0.000E+00  6.743E-05  0.000E+00  0.000E+00  0.000E+00  0.000E+00  8.755E+00  0.000E+00  0.000E+00  0.000E+00  0.000E+00  2.634E+00  0.000E+00  0.000E+00  0.000E+00  0.000E+00  0.000E+00  0.000E+00  0.000E+00
  0.000E+00  3.839E+02  2.864E+03  2.224E+03  2.173E+03  2.007E+02
  3.241E+08  3.030E+08  2.491E+03  8.673E-03  6.825E-04  2.750E-03  1.163E-04  2.318E-04  0.000E+00  1.343E-04  0.000E+00  0.000E+00  0.000E+00  0.000E+00  9.320E+00  0.000E+00  0.000E+00  0.000E+00  0.000E+00  2.804E+00  0.000E+00  0.000E+00  0.000E+00  0.000E+00  0.000E+00  0.000E+00  0.000E+00
  0.000E+00  3.862E+02  2.888E+03  2.247E+03  2.225E+03  2.046E+02
  2.390E+08  4.280E+08  2.704E+03  8.673E-03  1.227E-03  2.750E-03  1.163E-04  2.318E-04  0.000E+00  7.066E-05  0.000E+00  0.000E+00  0.000E+00  0.000E+00  9.169E+00  0.000E+00  0.000E+00  0.000E+00  0.000E+00  2.758E+00  0.000E+00  0.000E+00  0.000E+00  0.000E+00  0.000E+00  0.000E+00  0.000E+00
  0.000E+00  3.886E+02  2.911E+03  2.271E+03  2.240E+03  2.392E+02
  1.468E+08  6.046E+08  2.928E+03  8.673E-03  1.300E-03  2.750E-03  1.163E-04  2.318E-04  0.000E+00  0.000E+00  0.000E+00  0.000E+00  0.000E+00  0.000E+00  0.000E+00  0.000E+00  0.000E+00  0.000E+00  0.000E+00  0.000E+00  0.000E+00  0.000E+00  0.000E+00  0.000E+00  0.000E+00  0.000E+00  0.000E+00
  0.000E+00  3.909E+02  2.935E+03  2.533E+03  2.255E+03  2.423E+02
  4.714E+07  8.540E+08  3.161E+03  8.673E-03  1.300E-03  2.750E-03  1.163E-04  2.318E-04  0.000E+00  0.000E+00  0.000E+00  0.000E+00  0.000E+00  0.000E+00  0.000E+00  0.000E+00  0.000E+00  0.000E+00  0.000E+00  0.000E+00  0.000E+00  0.000E+00  0.000E+00  0.000E+00  0.000E+00  0.000E+00  0.000E+00
  0.000E+00  3.933E+02  2.958E+03  2.551E+03  2.270E+03  2.454E+02
