  1400.  9400. 13 3  2.  1.
 H2O       
  0.0086727274  0.
 Fe        
  0.0013  32.0899286
 MgSiO3    
  0.00274999999  27.0765333
  1.288E+08  5.050E-03  1.150E+03  5.683E-03  1.055E-08  2.663E-08  0.000E+00  0.000E+00  0.000E+00  0.000E+00  0.000E+00  0.000E+00  0.000E+00  0.000E+00  0.000E+00  0.000E+00  0.000E+00  0.000E+00  1.359E+02  1.053E+03  1.083E+03
  8.622E+07  5.001E+01  1.150E+03  4.990E-03  9.259E-09  2.338E-08  0.000E+00  0.000E+00  0.000E+00  0.000E+00  0.000E+00  0.000E+00  0.000E+00  0.000E+00  0.000E+00  0.000E+00  0.000E+00  0.000E+00  1.712E+02  1.321E+03  1.304E+03
  7.514E+07  5.500E+02  1.150E+03  6.967E-03  1.293E-08  3.264E-08  0.000E+00  0.000E+00  0.000E+00  0.000E+00  0.000E+00  0.000E+00  0.000E+00  0.000E+00  0.000E+00  0.000E+00  0.000E+00  0.000E+00  1.836E+02  1.415E+03  1.377E+03
  6.893E+07  2.100E+03  1.153E+03  8.048E-03  1.493E-08  3.771E-08  0.000E+00  0.000E+00  0.000E+00  0.000E+00  0.000E+00  0.000E+00  0.000E+00  0.000E+00  0.000E+00  0.000E+00  0.000E+00  0.000E+00  1.912E+02  1.474E+03  1.422E+03
  6.359E+07  6.600E+03  1.158E+03  8.069E-03  1.497E-08  3.781E-08  0.000E+00  0.000E+00  0.000E+00  0.000E+00  0.000E+00  0.000E+00  0.000E+00  0.000E+00  0.000E+00  0.000E+00  0.000E+00  0.000E+00  1.983E+02  1.528E+03  1.463E+03
  5.818E+07  2.080E+04  1.173E+03  8.063E-03  1.457E-08  3.696E-08  0.000E+00  9.355E-11  4.913E-10  0.000E+00  4.747E-03  7.652E-03  0.000E+00  1.428E-03  2.302E-03  0.000E+00  9.556E-09  7.682E-08  2.060E+02  1.586E+03  1.506E+03
  5.254E+07  6.580E+04  1.218E+03  8.071E-03  2.554E-08  9.268E-08  0.000E+00  2.389E-09  1.351E-08  0.000E+00  4.456E-03  7.393E-03  0.000E+00  1.341E-03  2.224E-03  0.000E+00  8.329E-07  7.040E-06  2.142E+02  1.649E+03  1.552E+03
  4.663E+07  2.080E+05  1.278E+03  8.072E-03  5.258E-08  3.012E-07  0.000E+00  6.655E-09  6.304E-08  0.000E+00  4.107E-03  7.279E-03  0.000E+00  1.236E-03  2.190E-03  0.000E+00  8.756E-06  1.124E-04  2.232E+02  1.718E+03  1.600E+03
  4.031E+07  6.580E+05  1.364E+03  8.079E-03  3.489E-07  5.493E-06  0.000E+00  1.964E-07  4.070E-06  0.000E+00  4.687E-03  8.248E-03  0.000E+00  1.410E-03  2.481E-03  0.000E+00  6.614E-04  1.897E-02  2.348E+02  1.792E+03  1.652E+03
  3.333E+07  2.080E+06  1.508E+03  8.094E-03  1.110E-05  2.636E-04  0.000E+00  9.622E-06  2.331E-04  0.000E+00  5.176E-03  9.063E-03  0.000E+00  1.557E-03  2.727E-03  0.000E+00  9.140E-02  3.119E+00  2.559E+02  1.894E+03  1.714E+03
  2.524E+07  6.580E+06  1.748E+03  8.112E-03  1.713E-04  2.082E-03  0.000E+00  1.345E-04  5.734E-04  0.000E+00  5.617E-03  9.129E-03  0.000E+00  1.690E-03  2.747E-03  0.000E+00  3.809E+00  2.708E+01  2.787E+02  2.056E+03  1.811E+03
  1.550E+07  2.080E+07  2.105E+03  8.126E-03  8.013E-04  2.577E-03  0.000E+00  3.305E-04  0.000E+00  0.000E+00  5.747E-03  0.000E+00  0.000E+00  1.729E-03  0.000E+00  0.000E+00  3.209E+01  2.708E+01  3.269E+02  2.343E+03  1.939E+03
  4.257E+06  6.580E+07  2.428E+03  8.094E-03  1.213E-03  2.566E-03  0.000E+00  0.000E+00  0.000E+00  0.000E+00  0.000E+00  0.000E+00  0.000E+00  0.000E+00  0.000E+00  0.000E+00  3.209E+01  2.708E+01  3.642E+02  2.744E+03  2.145E+03
