  1400.  9400. 13 3  2.  3.
 H2O       
  0.0086727274  0.
 Fe        
  0.0013  4.46021556
 MgSiO3    
  0.00274999999  4.18571435
  1.288E+08  5.050E-03  1.150E+03  5.683E-03  1.021E-08  2.577E-08  0.000E+00  0.000E+00  0.000E+00  0.000E+00  0.000E+00  0.000E+00  0.000E+00  0.000E+00  0.000E+00  0.000E+00  0.000E+00  0.000E+00  1.359E+02  1.053E+03  1.083E+03
  8.622E+07  5.001E+01  1.150E+03  4.990E-03  8.967E-09  2.262E-08  0.000E+00  0.000E+00  0.000E+00  0.000E+00  0.000E+00  0.000E+00  0.000E+00  0.000E+00  0.000E+00  0.000E+00  0.000E+00  0.000E+00  1.712E+02  1.321E+03  1.304E+03
  7.514E+07  5.500E+02  1.150E+03  6.967E-03  1.252E-08  3.159E-08  0.000E+00  0.000E+00  0.000E+00  0.000E+00  0.000E+00  0.000E+00  0.000E+00  0.000E+00  0.000E+00  0.000E+00  0.000E+00  0.000E+00  1.836E+02  1.415E+03  1.377E+03
  6.893E+07  2.100E+03  1.153E+03  8.048E-03  1.446E-08  3.649E-08  0.000E+00  0.000E+00  0.000E+00  0.000E+00  0.000E+00  0.000E+00  0.000E+00  0.000E+00  0.000E+00  0.000E+00  0.000E+00  0.000E+00  1.912E+02  1.474E+03  1.422E+03
  6.359E+07  6.600E+03  1.158E+03  8.069E-03  1.450E-08  3.659E-08  0.000E+00  0.000E+00  0.000E+00  0.000E+00  0.000E+00  0.000E+00  0.000E+00  0.000E+00  0.000E+00  0.000E+00  0.000E+00  0.000E+00  1.983E+02  1.528E+03  1.463E+03
  5.818E+07  2.080E+04  1.173E+03  8.063E-03  1.408E-08  3.554E-08  0.000E+00  1.048E-11  5.366E-11  0.000E+00  1.059E-02  1.911E-02  0.000E+00  3.185E-03  5.750E-03  0.000E+00  4.801E-10  3.359E-09  2.060E+02  1.586E+03  1.506E+03
  5.254E+07  6.580E+04  1.218E+03  8.071E-03  2.407E-08  8.365E-08  0.000E+00  7.469E-10  4.081E-09  0.000E+00  1.079E-02  1.931E-02  0.000E+00  3.245E-03  5.809E-03  0.000E+00  1.086E-07  8.168E-07  2.142E+02  1.649E+03  1.552E+03
  4.663E+07  2.080E+05  1.278E+03  8.072E-03  4.729E-08  2.499E-07  0.000E+00  1.359E-09  1.175E-08  0.000E+00  1.053E-02  1.865E-02  0.000E+00  3.169E-03  5.611E-03  0.000E+00  7.462E-07  8.482E-06  2.232E+02  1.718E+03  1.600E+03
  4.031E+07  6.580E+05  1.364E+03  8.079E-03  1.702E-07  1.651E-06  0.000E+00  1.772E-08  2.471E-07  0.000E+00  1.184E-02  2.130E-02  0.000E+00  3.561E-03  6.408E-03  0.000E+00  2.411E-05  4.556E-04  2.348E+02  1.792E+03  1.652E+03
  3.333E+07  2.080E+06  1.508E+03  8.094E-03  2.111E-06  5.250E-05  0.000E+00  6.344E-07  2.158E-05  0.000E+00  1.357E-02  2.517E-02  0.000E+00  4.083E-03  7.571E-03  0.000E+00  2.316E-03  1.044E-01  2.559E+02  1.894E+03  1.714E+03
  2.524E+07  6.580E+06  1.748E+03  8.112E-03  5.661E-05  1.785E-03  0.000E+00  1.977E-05  2.766E-04  0.000E+00  1.557E-02  2.595E-02  0.000E+00  4.684E-03  7.808E-03  0.000E+00  2.010E-01  4.186E+00  2.787E+02  2.056E+03  1.811E+03
  1.550E+07  2.080E+07  2.105E+03  8.126E-03  6.138E-04  2.577E-03  0.000E+00  1.430E-04  0.000E+00  0.000E+00  1.668E-02  0.000E+00  0.000E+00  5.017E-03  0.000E+00  0.000E+00  4.460E+00  4.186E+00  3.269E+02  2.343E+03  1.939E+03
  4.257E+06  6.580E+07  2.428E+03  8.094E-03  1.213E-03  2.566E-03  0.000E+00  0.000E+00  0.000E+00  0.000E+00  0.000E+00  0.000E+00  0.000E+00  0.000E+00  0.000E+00  0.000E+00  4.460E+00  4.186E+00  3.642E+02  2.744E+03  2.145E+03
