  1500.  100000. 52 3  2.  3.
 H2O       
  0.0086727274  0.
 Fe        
  0.0013  0.8891126
 MgSiO3    
  0.00274999999  1.39377053
  7.142E+06  7.782E+02  6.558E+02  8.396E-03  6.573E-21  1.053E-23  0.000E+00  6.726E-22  1.396E-24  0.000E+00  9.247E-04  2.176E-03  0.000E+00  2.782E-04  6.545E-04  0.000E+00  8.066E-22  1.756E-24
  6.951E+06  1.644E+03  6.770E+02  8.396E-03  2.978E-20  8.041E-23  0.000E+00  2.904E-21  1.062E-23  0.000E+00  1.401E-03  3.047E-03  0.000E+00  4.214E-04  9.166E-04  0.000E+00  5.665E-21  2.191E-23
  6.753E+06  3.475E+03  7.009E+02  8.397E-03  1.667E-19  8.095E-22  0.000E+00  2.297E-20  1.483E-22  0.000E+00  1.988E-03  3.803E-03  0.000E+00  5.982E-04  1.144E-03  0.000E+00  6.285E-20  4.984E-22
  6.593E+06  6.242E+03  7.224E+02  8.546E-03  7.168E-19  5.425E-21  0.000E+00  1.118E-19  1.109E-21  0.000E+00  2.292E-03  4.025E-03  0.000E+00  6.897E-04  1.211E-03  0.000E+00  3.520E-19  4.528E-21
  6.496E+06  8.867E+03  7.359E+02  8.640E-03  1.676E-18  1.639E-20  0.000E+00  2.546E-19  3.331E-21  0.000E+00  2.337E-03  3.995E-03  0.000E+00  7.030E-04  1.202E-03  0.000E+00  8.108E-19  1.319E-20
  6.426E+06  1.138E+04  7.458E+02  8.640E-03  3.399E-18  4.534E-20  0.000E+00  7.815E-19  1.601E-20  0.000E+00  2.378E-03  4.196E-03  0.000E+00  7.153E-04  1.263E-03  0.000E+00  2.587E-18  6.409E-20
  6.310E+06  1.692E+04  7.677E+02  8.548E-03  1.837E-17  7.661E-19  0.000E+00  6.636E-18  5.515E-19  0.000E+00  2.623E-03  4.940E-03  0.000E+00  7.892E-04  1.486E-03  0.000E+00  4.332E-17  4.499E-18
  6.159E+06  2.787E+04  7.994E+02  8.548E-03  1.385E-16  7.996E-17  0.000E+00  5.536E-17  7.729E-17  0.000E+00  2.776E-03  5.133E-03  0.000E+00  8.351E-04  1.544E-03  0.000E+00  5.722E-16  9.891E-16
  6.002E+06  4.589E+04  8.338E+02  8.549E-03  1.923E-15  1.255E-14  0.000E+00  1.333E-15  1.251E-14  0.000E+00  2.914E-03  5.291E-03  0.000E+00  8.768E-04  1.592E-03  0.000E+00  2.055E-14  2.557E-13
  5.888E+06  6.519E+04  8.572E+02  8.641E-03  3.752E-14  4.077E-13  0.000E+00  3.567E-14  4.075E-13  0.000E+00  2.720E-03  4.876E-03  0.000E+00  8.183E-04  1.467E-03  0.000E+00  4.268E-13  6.644E-12
  5.806E+06  8.365E+04  8.754E+02  8.641E-03  4.237E-13  4.899E-12  0.000E+00  4.190E-13  4.899E-12  0.000E+00  3.030E-03  5.463E-03  0.000E+00  9.116E-04  1.644E-03  0.000E+00  5.925E-12  9.462E-11
  5.721E+06  1.073E+05  8.980E+02  8.641E-03  3.406E-12  4.000E-11  0.000E+00  3.392E-12  4.000E-11  0.000E+00  3.111E-03  5.607E-03  0.000E+00  9.359E-04  1.687E-03  0.000E+00  6.156E-11  9.925E-10
  5.634E+06  1.377E+05  9.236E+02  8.642E-03  2.268E-11  2.692E-10  0.000E+00  2.263E-11  2.692E-10  0.000E+00  3.239E-03  5.784E-03  0.000E+00  9.744E-04  1.740E-03  0.000E+00  5.191E-10  8.508E-09
  5.544E+06  1.768E+05  9.535E+02  8.642E-03  1.218E-10  1.465E-09  0.000E+00  1.216E-10  1.465E-09  0.000E+00  3.392E-03  5.986E-03  0.000E+00  1.020E-03  1.801E-03  0.000E+00  3.532E-09  5.921E-08
  5.451E+06  2.268E+05  9.887E+02  8.643E-03  5.358E-10  6.479E-09  0.000E+00  5.349E-10  6.478E-09  0.000E+00  3.549E-03  6.216E-03  0.000E+00  1.068E-03  1.870E-03  0.000E+00  1.978E-08  3.364E-07
  5.354E+06  2.911E+05  1.028E+03  8.643E-03  2.145E-09  2.600E-08  0.000E+00  2.141E-09  2.600E-08  0.000E+00  3.576E-03  6.265E-03  0.000E+00  1.076E-03  1.885E-03  0.000E+00  1.026E-07  1.753E-06
  5.254E+06  3.735E+05  1.068E+03  8.643E-03  8.882E-09  1.078E-07  0.000E+00  8.862E-09  1.077E-07  0.000E+00  3.522E-03  6.177E-03  0.000E+00  1.060E-03  1.858E-03  0.000E+00  5.491E-07  9.391E-06
  5.149E+06  4.793E+05  1.110E+03  8.643E-03  3.622E-08  4.437E-07  0.000E+00  3.614E-08  4.436E-07  0.000E+00  3.574E-03  6.279E-03  0.000E+00  1.075E-03  1.889E-03  0.000E+00  2.852E-06  4.909E-05
  5.040E+06  6.150E+05  1.156E+03  8.643E-03  1.361E-07  1.678E-06  0.000E+00  1.358E-07  1.678E-06  0.000E+00  3.651E-03  6.426E-03  0.000E+00  1.099E-03  1.933E-03  0.000E+00  1.372E-05  2.373E-04
  4.926E+06  7.892E+05  1.209E+03  8.644E-03  4.605E-07  5.706E-06  0.000E+00  4.588E-07  5.701E-06  0.000E+00  3.761E-03  6.635E-03  0.000E+00  1.132E-03  1.996E-03  0.000E+00  5.947E-05  1.032E-03
  4.806E+06  1.013E+06  1.269E+03  8.644E-03  1.418E-06  1.764E-05  0.000E+00  1.410E-06  1.760E-05  0.000E+00  3.862E-03  6.830E-03  0.000E+00  1.162E-03  2.055E-03  0.000E+00  2.351E-04  4.091E-03
  4.681E+06  1.299E+06  1.335E+03  8.644E-03  4.150E-06  5.183E-05  0.000E+00  4.106E-06  5.149E-05  0.000E+00  3.888E-03  6.890E-03  0.000E+00  1.170E-03  2.073E-03  0.000E+00  8.874E-04  1.548E-02
  4.548E+06  1.668E+06  1.403E+03  8.644E-03  1.225E-05  1.535E-04  0.000E+00  1.206E-05  1.514E-04  0.000E+00  3.874E-03  6.874E-03  0.000E+00  1.165E-03  2.068E-03  0.000E+00  3.356E-03  5.854E-02
  4.409E+06  2.140E+06  1.477E+03  8.644E-03  3.516E-05  4.395E-04  0.000E+00  3.436E-05  4.259E-04  0.000E+00  3.970E-03  7.063E-03  0.000E+00  1.194E-03  2.125E-03  0.000E+00  1.216E-02  2.099E-01
  4.262E+06  2.746E+06  1.566E+03  8.646E-03  8.742E-05  1.080E-03  0.000E+00  8.341E-05  9.736E-04  0.000E+00  4.239E-03  7.568E-03  0.000E+00  1.275E-03  2.277E-03  0.000E+00  3.784E-02  6.241E-01
  4.104E+06  3.523E+06  1.671E+03  8.646E-03  1.972E-04  2.112E-03  0.000E+00  1.765E-04  1.247E-03  0.000E+00  4.320E-03  7.698E-03  0.000E+00  1.300E-03  2.316E-03  0.000E+00  1.062E-01  1.293E+00
  3.936E+06  4.521E+06  1.784E+03  8.646E-03  4.014E-04  2.741E-03  0.000E+00  3.063E-04  0.000E+00  0.000E+00  4.342E-03  0.000E+00  0.000E+00  1.306E-03  0.000E+00  0.000E+00  2.579E-01  1.360E+00
  3.757E+06  5.802E+06  1.902E+03  8.646E-03  7.235E-04  2.741E-03  0.000E+00  4.395E-04  0.000E+00  0.000E+00  4.356E-03  0.000E+00  0.000E+00  1.311E-03  0.000E+00  0.000E+00  5.361E-01  1.394E+00
  3.566E+06  7.445E+06  2.025E+03  8.645E-03  1.119E-03  2.741E-03  0.000E+00  3.982E-04  0.000E+00  0.000E+00  4.353E-03  0.000E+00  0.000E+00  1.310E-03  0.000E+00  0.000E+00  8.597E-01  1.394E+00
  3.397E+06  9.184E+06  2.132E+03  8.659E-03  1.295E-03  2.746E-03  0.000E+00  3.525E-05  0.000E+00  0.000E+00  4.294E-03  0.000E+00  0.000E+00  1.292E-03  0.000E+00  0.000E+00  8.853E-01  1.394E+00
  3.174E+06  1.189E+07  2.267E+03  8.627E-03  1.293E-03  2.736E-03  0.000E+00  0.000E+00  0.000E+00  0.000E+00  0.000E+00  0.000E+00  0.000E+00  0.000E+00  0.000E+00  0.000E+00  8.878E-01  1.394E+00
  2.919E+06  1.573E+07  2.416E+03  8.645E-03  1.296E-03  2.741E-03  0.000E+00  0.000E+00  0.000E+00  0.000E+00  0.000E+00  0.000E+00  0.000E+00  0.000E+00  0.000E+00  0.000E+00  8.891E-01  1.394E+00
  2.679E+06  2.019E+07  2.549E+03  8.644E-03  1.296E-03  2.741E-03  0.000E+00  0.000E+00  0.000E+00  0.000E+00  0.000E+00  0.000E+00  0.000E+00  0.000E+00  0.000E+00  0.000E+00  8.891E-01  1.394E+00
  2.426E+06  2.590E+07  2.682E+03  8.644E-03  1.296E-03  2.741E-03  0.000E+00  0.000E+00  0.000E+00  0.000E+00  0.000E+00  0.000E+00  0.000E+00  0.000E+00  0.000E+00  0.000E+00  8.891E-01  1.394E+00
  2.161E+06  3.324E+07  2.812E+03  8.644E-03  1.296E-03  2.741E-03  0.000E+00  0.000E+00  0.000E+00  0.000E+00  0.000E+00  0.000E+00  0.000E+00  0.000E+00  0.000E+00  0.000E+00  8.891E-01  1.394E+00
  1.968E+06  3.968E+07  2.904E+03  8.666E-03  1.299E-03  2.748E-03  0.000E+00  0.000E+00  0.000E+00  0.000E+00  0.000E+00  0.000E+00  0.000E+00  0.000E+00  0.000E+00  0.000E+00  8.891E-01  1.394E+00
  1.827E+06  4.497E+07  2.968E+03  8.664E-03  1.299E-03  2.747E-03  0.000E+00  0.000E+00  0.000E+00  0.000E+00  0.000E+00  0.000E+00  0.000E+00  0.000E+00  0.000E+00  0.000E+00  8.891E-01  1.394E+00
  1.598E+06  5.473E+07  3.067E+03  8.643E-03  1.296E-03  2.741E-03  0.000E+00  0.000E+00  0.000E+00  0.000E+00  0.000E+00  0.000E+00  0.000E+00  0.000E+00  0.000E+00  0.000E+00  8.891E-01  1.394E+00
  1.380E+06  6.576E+07  3.159E+03  8.665E-03  1.299E-03  2.747E-03  0.000E+00  0.000E+00  0.000E+00  0.000E+00  0.000E+00  0.000E+00  0.000E+00  0.000E+00  0.000E+00  0.000E+00  8.891E-01  1.394E+00
  1.228E+06  7.447E+07  3.221E+03  8.666E-03  1.299E-03  2.748E-03  0.000E+00  0.000E+00  0.000E+00  0.000E+00  0.000E+00  0.000E+00  0.000E+00  0.000E+00  0.000E+00  0.000E+00  8.891E-01  1.394E+00
  1.072E+06  8.447E+07  3.283E+03  8.664E-03  1.299E-03  2.747E-03  0.000E+00  0.000E+00  0.000E+00  0.000E+00  0.000E+00  0.000E+00  0.000E+00  0.000E+00  0.000E+00  0.000E+00  8.891E-01  1.394E+00
  9.216E+05  9.515E+07  3.342E+03  8.667E-03  1.299E-03  2.748E-03  0.000E+00  0.000E+00  0.000E+00  0.000E+00  0.000E+00  0.000E+00  0.000E+00  0.000E+00  0.000E+00  0.000E+00  8.891E-01  1.394E+00
  8.249E+05  1.027E+08  3.379E+03  8.672E-03  1.300E-03  2.750E-03  0.000E+00  0.000E+00  0.000E+00  0.000E+00  0.000E+00  0.000E+00  0.000E+00  0.000E+00  0.000E+00  0.000E+00  8.891E-01  1.394E+00
  7.356E+05  1.100E+08  3.412E+03  8.669E-03  1.299E-03  2.749E-03  0.000E+00  0.000E+00  0.000E+00  0.000E+00  0.000E+00  0.000E+00  0.000E+00  0.000E+00  0.000E+00  0.000E+00  8.891E-01  1.394E+00
  6.220E+05  1.200E+08  3.454E+03  8.669E-03  1.299E-03  2.749E-03  0.000E+00  0.000E+00  0.000E+00  0.000E+00  0.000E+00  0.000E+00  0.000E+00  0.000E+00  0.000E+00  0.000E+00  8.891E-01  1.394E+00
  5.163E+05  1.300E+08  3.493E+03  8.670E-03  1.300E-03  2.749E-03  0.000E+00  0.000E+00  0.000E+00  0.000E+00  0.000E+00  0.000E+00  0.000E+00  0.000E+00  0.000E+00  0.000E+00  8.891E-01  1.394E+00
  4.175E+05  1.400E+08  3.529E+03  8.670E-03  1.300E-03  2.749E-03  0.000E+00  0.000E+00  0.000E+00  0.000E+00  0.000E+00  0.000E+00  0.000E+00  0.000E+00  0.000E+00  0.000E+00  8.891E-01  1.394E+00
  3.246E+05  1.500E+08  3.563E+03  8.671E-03  1.300E-03  2.749E-03  0.000E+00  0.000E+00  0.000E+00  0.000E+00  0.000E+00  0.000E+00  0.000E+00  0.000E+00  0.000E+00  0.000E+00  8.891E-01  1.394E+00
  2.370E+05  1.600E+08  3.595E+03  8.671E-03  1.300E-03  2.749E-03  0.000E+00  0.000E+00  0.000E+00  0.000E+00  0.000E+00  0.000E+00  0.000E+00  0.000E+00  0.000E+00  0.000E+00  8.891E-01  1.394E+00
  1.539E+05  1.700E+08  3.624E+03  8.671E-03  1.300E-03  2.749E-03  0.000E+00  0.000E+00  0.000E+00  0.000E+00  0.000E+00  0.000E+00  0.000E+00  0.000E+00  0.000E+00  0.000E+00  8.891E-01  1.394E+00
  9.448E+04  1.775E+08  3.646E+03  8.672E-03  1.300E-03  2.750E-03  0.000E+00  0.000E+00  0.000E+00  0.000E+00  0.000E+00  0.000E+00  0.000E+00  0.000E+00  0.000E+00  0.000E+00  8.891E-01  1.394E+00
  3.708E+04  1.850E+08  3.666E+03  8.671E-03  1.300E-03  2.750E-03  0.000E+00  0.000E+00  0.000E+00  0.000E+00  0.000E+00  0.000E+00  0.000E+00  0.000E+00  0.000E+00  0.000E+00  8.891E-01  1.394E+00
