  500.  10000. 52 3  2.  3.
 H2O       
  0.0086727274  0.166960631
 Fe        
  0.0013  165.93352
 MgSiO3    
  0.00274999999  206.344155
  3.491E+07  8.000E+02  1.656E+02  2.671E-05  4.432E-29  1.367E-27  1.150E-07  4.432E-29  1.367E-27  6.857E-03  1.562E-03  3.094E-03  2.063E-03  4.699E-04  9.309E-04  1.706E-06  3.409E-28  1.310E-26
  3.444E+07  1.650E+03  1.715E+02  5.501E-05  1.273E-24  3.928E-23  7.381E-06  1.273E-24  3.928E-23  8.328E-03  2.255E-03  3.923E-03  2.506E-03  6.784E-04  1.180E-03  1.658E-04  1.230E-23  5.382E-22
  3.393E+07  3.450E+03  1.827E+02  3.250E-04  1.922E-21  5.930E-20  1.129E-04  1.922E-21  5.930E-20  9.741E-03  2.496E-03  4.388E-03  2.931E-03  7.510E-04  1.320E-03  5.083E-03  3.842E-20  1.665E-18
  3.350E+07  6.250E+03  1.959E+02  2.057E-03  9.923E-20  3.062E-18  8.975E-04  9.923E-20  3.062E-18  1.080E-02  2.724E-03  4.923E-03  3.248E-03  8.195E-04  1.481E-03  4.766E-02  2.238E-18  9.431E-17
  3.322E+07  8.900E+03  2.053E+02  5.178E-03  8.244E-19  2.544E-17  1.869E-03  8.244E-19  2.544E-17  1.057E-02  2.696E-03  4.816E-03  3.181E-03  8.112E-04  1.449E-03  1.108E-01  1.512E-17  6.435E-16
  3.303E+07  1.140E+04  2.125E+02  8.138E-03  3.900E-18  1.203E-16  1.186E-03  3.900E-18  1.203E-16  1.102E-02  2.851E-03  5.074E-03  3.315E-03  8.578E-04  1.526E-03  1.596E-01  8.846E-17  3.781E-15
  3.280E+07  1.490E+04  2.214E+02  8.634E-03  1.848E-17  5.701E-16  0.000E+00  1.848E-17  5.701E-16  0.000E+00  2.918E-03  5.180E-03  0.000E+00  8.780E-04  1.558E-03  1.645E-01  5.987E-16  2.567E-14
  3.259E+07  1.905E+04  2.298E+02  8.650E-03  7.371E-17  2.274E-15  0.000E+00  7.371E-17  2.274E-15  0.000E+00  2.894E-03  5.124E-03  0.000E+00  8.708E-04  1.542E-03  1.670E-01  2.596E-15  1.116E-13
  3.238E+07  2.405E+04  2.377E+02  8.643E-03  3.016E-16  9.304E-15  0.000E+00  3.016E-16  9.304E-15  0.000E+00  2.896E-03  5.123E-03  0.000E+00  8.711E-04  1.541E-03  1.670E-01  1.436E-14  6.179E-13
  3.214E+07  3.085E+04  2.491E+02  8.644E-03  1.041E-15  3.213E-14  0.000E+00  1.041E-15  3.213E-14  0.000E+00  3.287E-03  5.860E-03  0.000E+00  9.890E-04  1.763E-03  1.670E-01  6.109E-14  2.614E-12
  3.173E+07  4.590E+04  2.727E+02  8.564E-03  5.593E-15  1.726E-13  0.000E+00  5.593E-15  1.726E-13  0.000E+00  3.382E-03  6.048E-03  0.000E+00  1.018E-03  1.819E-03  1.670E-01  7.825E-13  3.334E-11
  3.134E+07  6.520E+04  2.938E+02  8.644E-03  2.245E-14  6.927E-13  0.000E+00  2.245E-14  6.927E-13  0.000E+00  3.267E-03  5.837E-03  0.000E+00  9.830E-04  1.756E-03  1.670E-01  2.915E-12  1.242E-10
  3.116E+07  7.665E+04  3.032E+02  8.669E-03  4.464E-14  1.377E-12  0.000E+00  4.464E-14  1.377E-12  0.000E+00  3.246E-03  5.804E-03  0.000E+00  9.767E-04  1.746E-03  1.670E-01  4.671E-12  1.990E-10
  3.101E+07  8.700E+04  3.117E+02  8.661E-03  7.598E-14  2.344E-12  0.000E+00  7.598E-14  2.344E-12  0.000E+00  3.434E-03  6.106E-03  0.000E+00  1.033E-03  1.837E-03  1.670E-01  1.059E-11  4.522E-10
  3.084E+07  9.950E+04  3.212E+02  8.667E-03  1.270E-13  3.919E-12  0.000E+00  1.270E-13  3.919E-12  0.000E+00  3.410E-03  6.054E-03  0.000E+00  1.026E-03  1.822E-03  1.670E-01  1.840E-11  7.872E-10
  3.069E+07  1.128E+05  3.308E+02  8.664E-03  2.059E-13  6.354E-12  0.000E+00  2.059E-13  6.354E-12  0.000E+00  3.533E-03  6.242E-03  0.000E+00  1.063E-03  1.878E-03  1.670E-01  3.586E-11  1.539E-09
  3.053E+07  1.278E+05  3.409E+02  8.667E-03  3.218E-13  9.929E-12  0.000E+00  3.218E-13  9.929E-12  0.000E+00  3.551E-03  6.260E-03  0.000E+00  1.068E-03  1.883E-03  1.670E-01  6.057E-11  2.606E-09
  3.036E+07  1.449E+05  3.522E+02  8.665E-03  4.958E-13  1.530E-11  0.000E+00  4.958E-13  1.530E-11  0.000E+00  3.710E-03  6.504E-03  0.000E+00  1.116E-03  1.957E-03  1.670E-01  1.111E-10  4.799E-09
  3.008E+07  1.768E+05  3.732E+02  8.647E-03  9.392E-13  2.898E-11  0.000E+00  9.392E-13  2.898E-11  0.000E+00  3.840E-03  6.706E-03  0.000E+00  1.155E-03  2.018E-03  1.670E-01  3.167E-10  1.376E-08
  2.983E+07  2.094E+05  3.921E+02  8.668E-03  1.542E-12  4.758E-11  0.000E+00  1.542E-12  4.758E-11  0.000E+00  3.867E-03  6.748E-03  0.000E+00  1.163E-03  2.030E-03  1.670E-01  4.787E-10  2.083E-08
  2.963E+07  2.375E+05  4.070E+02  8.664E-03  2.253E-12  6.952E-11  0.000E+00  2.253E-12  6.952E-11  0.000E+00  3.884E-03  6.780E-03  0.000E+00  1.168E-03  2.040E-03  1.670E-01  8.662E-10  3.773E-08
  2.930E+07  2.911E+05  4.324E+02  8.647E-03  4.227E-12  1.304E-10  0.000E+00  4.227E-12  1.304E-10  0.000E+00  3.919E-03  6.847E-03  0.000E+00  1.179E-03  2.060E-03  1.670E-01  2.358E-09  1.027E-07
  2.886E+07  3.735E+05  4.654E+02  8.647E-03  9.046E-12  2.791E-10  0.000E+00  9.046E-12  2.791E-10  0.000E+00  3.956E-03  6.920E-03  0.000E+00  1.190E-03  2.082E-03  1.670E-01  6.413E-09  2.792E-07
  2.839E+07  4.792E+05  5.009E+02  8.647E-03  1.938E-11  5.978E-10  0.000E+00  1.938E-11  5.978E-10  0.000E+00  3.993E-03  6.994E-03  0.000E+00  1.201E-03  2.104E-03  1.670E-01  1.746E-08  7.595E-07
  2.788E+07  6.150E+05  5.390E+02  8.647E-03  4.155E-11  1.282E-09  0.000E+00  4.155E-11  1.282E-09  0.000E+00  4.033E-03  7.071E-03  0.000E+00  1.213E-03  2.127E-03  1.670E-01  4.757E-08  2.067E-06
  2.733E+07  7.892E+05  5.800E+02  8.647E-03  8.914E-11  2.750E-09  0.000E+00  8.914E-11  2.750E-09  0.000E+00  4.073E-03  7.149E-03  0.000E+00  1.225E-03  2.151E-03  1.670E-01  1.296E-07  5.627E-06
  2.674E+07  1.013E+06  6.241E+02  8.647E-03  1.913E-10  5.904E-09  0.000E+00  1.913E-10  5.904E-09  0.000E+00  4.114E-03  7.228E-03  0.000E+00  1.238E-03  2.175E-03  1.670E-01  3.534E-07  1.532E-05
  2.611E+07  1.300E+06  6.715E+02  8.647E-03  4.111E-10  1.268E-08  0.000E+00  4.111E-10  1.268E-08  0.000E+00  4.154E-03  7.307E-03  0.000E+00  1.250E-03  2.198E-03  1.670E-01  9.645E-07  4.177E-05
  2.543E+07  1.668E+06  7.224E+02  8.647E-03  8.845E-10  2.729E-08  0.000E+00  8.845E-10  2.729E-08  0.000E+00  4.195E-03  7.388E-03  0.000E+00  1.262E-03  2.223E-03  1.670E-01  2.635E-06  1.140E-04
  2.470E+07  2.140E+06  7.770E+02  8.647E-03  1.906E-09  5.882E-08  0.000E+00  1.906E-09  5.882E-08  0.000E+00  4.236E-03  7.470E-03  0.000E+00  1.274E-03  2.247E-03  1.670E-01  7.211E-06  3.115E-04
  2.391E+07  2.746E+06  8.355E+02  8.647E-03  4.118E-09  1.270E-07  0.000E+00  4.118E-09  1.270E-07  0.000E+00  4.276E-03  7.551E-03  0.000E+00  1.286E-03  2.272E-03  1.670E-01  1.978E-05  8.531E-04
  2.306E+07  3.523E+06  8.981E+02  8.647E-03  8.921E-09  2.752E-07  0.000E+00  8.921E-09  2.752E-07  0.000E+00  4.315E-03  7.632E-03  0.000E+00  1.298E-03  2.296E-03  1.670E-01  5.439E-05  2.343E-03
  2.215E+07  4.521E+06  9.651E+02  8.647E-03  1.940E-08  5.986E-07  0.000E+00  1.940E-08  5.986E-07  0.000E+00  4.354E-03  7.711E-03  0.000E+00  1.310E-03  2.320E-03  1.670E-01  1.501E-04  6.458E-03
  2.118E+07  5.802E+06  1.037E+03  8.647E-03  4.224E-08  1.308E-06  0.000E+00  4.224E-08  1.308E-06  0.000E+00  4.393E-03  7.792E-03  0.000E+00  1.322E-03  2.344E-03  1.670E-01  4.152E-04  1.787E-02
  2.034E+07  7.111E+06  1.098E+03  8.661E-03  7.871E-08  2.444E-06  0.000E+00  7.871E-08  2.444E-06  0.000E+00  4.418E-03  7.844E-03  0.000E+00  1.329E-03  2.360E-03  1.670E-01  8.162E-04  3.517E-02
  1.962E+07  8.384E+06  1.148E+03  8.661E-03  1.335E-07  4.149E-06  0.000E+00  1.335E-07  4.149E-06  0.000E+00  4.341E-03  7.709E-03  0.000E+00  1.306E-03  2.319E-03  1.670E-01  1.620E-03  6.987E-02
  1.905E+07  9.534E+06  1.187E+03  8.669E-03  2.053E-07  6.378E-06  0.000E+00  2.052E-07  6.378E-06  0.000E+00  4.301E-03  7.641E-03  0.000E+00  1.294E-03  2.299E-03  1.670E-01  2.467E-03  1.064E-01
  1.798E+07  1.189E+07  1.251E+03  8.627E-03  4.869E-07  1.515E-05  0.000E+00  4.865E-07  1.515E-05  0.000E+00  4.253E-03  7.563E-03  0.000E+00  1.280E-03  2.275E-03  1.670E-01  1.078E-02  4.656E-01
  1.658E+07  1.573E+07  1.334E+03  8.645E-03  1.405E-06  4.386E-05  0.000E+00  1.402E-06  4.384E-05  0.000E+00  4.257E-03  7.584E-03  0.000E+00  1.281E-03  2.282E-03  1.670E-01  3.540E-02  1.532E+00
  1.524E+07  2.019E+07  1.415E+03  8.645E-03  3.553E-06  1.112E-04  0.000E+00  3.531E-06  1.110E-04  0.000E+00  4.376E-03  7.817E-03  0.000E+00  1.317E-03  2.352E-03  1.670E-01  1.128E-01  4.893E+00
  1.382E+07  2.590E+07  1.507E+03  8.646E-03  8.435E-06  2.652E-04  0.000E+00  8.305E-06  2.625E-04  0.000E+00  4.508E-03  8.075E-03  0.000E+00  1.356E-03  2.429E-03  1.670E-01  3.396E-01  1.477E+01
  1.231E+07  3.324E+07  1.609E+03  8.646E-03  1.905E-05  6.009E-04  0.000E+00  1.830E-05  5.767E-04  0.000E+00  4.591E-03  8.240E-03  0.000E+00  1.381E-03  2.479E-03  1.670E-01  9.694E-01  4.205E+01
  1.069E+07  4.265E+07  1.719E+03  8.646E-03  4.172E-05  1.290E-03  0.000E+00  3.789E-05  1.101E-03  0.000E+00  4.622E-03  8.305E-03  0.000E+00  1.391E-03  2.498E-03  1.670E-01  2.631E+00  1.084E+02
  8.957E+06  5.473E+07  1.835E+03  8.646E-03  8.850E-05  2.345E-03  0.000E+00  7.373E-05  1.103E-03  0.000E+00  4.650E-03  8.314E-03  0.000E+00  1.399E-03  2.501E-03  1.670E-01  6.756E+00  1.936E+02
  7.630E+06  6.576E+07  1.923E+03  8.665E-03  1.467E-04  2.748E-03  0.000E+00  1.159E-04  0.000E+00  0.000E+00  4.661E-03  0.000E+00  0.000E+00  1.402E-03  0.000E+00  1.670E-01  1.078E+01  2.021E+02
  6.697E+06  7.447E+07  1.985E+03  8.666E-03  2.045E-04  2.748E-03  0.000E+00  1.551E-04  0.000E+00  0.000E+00  4.673E-03  0.000E+00  0.000E+00  1.406E-03  0.000E+00  1.670E-01  1.644E+01  2.063E+02
  5.720E+06  8.447E+07  2.049E+03  8.665E-03  2.842E-04  2.748E-03  0.000E+00  2.059E-04  0.000E+00  0.000E+00  4.687E-03  0.000E+00  0.000E+00  1.410E-03  0.000E+00  1.670E-01  2.570E+01  2.063E+02
  4.554E+06  9.765E+07  2.125E+03  8.662E-03  4.098E-04  2.747E-03  0.000E+00  2.809E-04  0.000E+00  0.000E+00  4.701E-03  0.000E+00  0.000E+00  1.414E-03  0.000E+00  1.670E-01  4.317E+01  2.063E+02
  3.561E+06  1.102E+08  2.189E+03  8.669E-03  5.455E-04  2.749E-03  0.000E+00  3.554E-04  0.000E+00  0.000E+00  4.706E-03  0.000E+00  0.000E+00  1.416E-03  0.000E+00  1.670E-01  5.712E+01  2.063E+02
  2.838E+06  1.200E+08  2.235E+03  8.670E-03  6.637E-04  2.749E-03  0.000E+00  4.161E-04  0.000E+00  0.000E+00  4.714E-03  0.000E+00  0.000E+00  1.418E-03  0.000E+00  1.670E-01  7.394E+01  2.063E+02
  1.810E+06  1.350E+08  2.300E+03  8.663E-03  8.602E-04  2.747E-03  0.000E+00  5.084E-04  0.000E+00  0.000E+00  4.727E-03  0.000E+00  0.000E+00  1.422E-03  0.000E+00  1.670E-01  1.150E+02  2.063E+02
  5.699E+05  1.550E+08  2.377E+03  8.665E-03  1.149E-03  2.748E-03  0.000E+00  6.312E-04  0.000E+00  0.000E+00  4.729E-03  0.000E+00  0.000E+00  1.423E-03  0.000E+00  1.670E-01  1.659E+02  2.063E+02
