  900.  100000. 52 3  2.  3.
 H2O       
  0.0086727274  0.
 Fe        
  0.0013  28.7280781
 MgSiO3    
  0.00274999999  32.0329838
  4.730E+06  8.000E+02  3.038E+02  8.367E-03  4.761E-36  1.342E-34  0.000E+00  4.761E-36  1.342E-34  0.000E+00  4.699E-04  1.099E-03  0.000E+00  1.414E-04  3.307E-04  0.000E+00  1.217E-35  3.620E-34
  4.644E+06  1.650E+03  3.158E+02  8.436E-03  1.393E-31  3.926E-30  0.000E+00  1.393E-31  3.926E-30  0.000E+00  7.968E-04  1.697E-03  0.000E+00  2.397E-04  5.105E-04  0.000E+00  3.808E-31  1.243E-29
  4.545E+06  3.600E+03  3.337E+02  8.350E-03  2.481E-27  6.993E-26  0.000E+00  2.481E-27  6.993E-26  0.000E+00  1.115E-03  2.077E-03  0.000E+00  3.354E-04  6.249E-04  0.000E+00  1.253E-26  4.676E-25
  4.459E+06  6.900E+03  3.513E+02  8.514E-03  1.438E-24  4.053E-23  0.000E+00  1.438E-24  4.053E-23  0.000E+00  1.269E-03  2.178E-03  0.000E+00  3.818E-04  6.553E-04  0.000E+00  8.431E-24  3.415E-22
  4.398E+06  1.080E+04  3.648E+02  8.602E-03  9.385E-23  2.645E-21  0.000E+00  9.385E-23  2.645E-21  0.000E+00  1.297E-03  2.207E-03  0.000E+00  3.904E-04  6.640E-04  0.000E+00  5.660E-22  2.314E-20
  4.333E+06  1.695E+04  3.799E+02  8.549E-03  9.150E-21  2.579E-19  0.000E+00  9.150E-21  2.579E-19  0.000E+00  1.307E-03  2.359E-03  0.000E+00  3.933E-04  7.099E-04  0.000E+00  1.135E-19  4.379E-18
  4.240E+06  3.090E+04  4.056E+02  8.467E-03  1.447E-18  4.078E-17  0.000E+00  1.447E-18  4.078E-17  0.000E+00  1.446E-03  2.604E-03  0.000E+00  4.352E-04  7.834E-04  0.000E+00  3.884E-17  1.501E-15
  4.162E+06  5.040E+04  4.291E+02  8.598E-03  4.161E-17  1.173E-15  0.000E+00  4.161E-17  1.173E-15  0.000E+00  1.452E-03  2.585E-03  0.000E+00  4.369E-04  7.778E-04  0.000E+00  1.112E-15  4.343E-14
  4.101E+06  7.205E+04  4.495E+02  8.618E-03  4.274E-16  1.205E-14  0.000E+00  4.274E-16  1.205E-14  0.000E+00  1.552E-03  2.762E-03  0.000E+00  4.670E-04  8.309E-04  0.000E+00  1.377E-14  5.384E-13
  4.057E+06  9.235E+04  4.651E+02  8.656E-03  1.882E-15  5.304E-14  0.000E+00  1.882E-15  5.304E-14  0.000E+00  1.510E-03  2.680E-03  0.000E+00  4.544E-04  8.063E-04  0.000E+00  5.352E-14  2.096E-12
  3.996E+06  1.278E+05  4.907E+02  8.586E-03  1.287E-14  3.629E-13  0.000E+00  1.287E-14  3.629E-13  0.000E+00  1.670E-03  2.987E-03  0.000E+00  5.025E-04  8.987E-04  0.000E+00  8.612E-13  3.352E-11
  3.933E+06  1.768E+05  5.184E+02  8.643E-03  6.359E-14  1.792E-12  0.000E+00  6.359E-14  1.792E-12  0.000E+00  1.642E-03  2.937E-03  0.000E+00  4.940E-04  8.837E-04  0.000E+00  4.118E-12  1.602E-10
  3.848E+06  2.630E+05  5.596E+02  8.560E-03  4.778E-13  1.347E-11  0.000E+00  4.778E-13  1.347E-11  0.000E+00  1.779E-03  3.156E-03  0.000E+00  5.352E-04  9.494E-04  0.000E+00  7.137E-11  2.795E-09
  3.769E+06  3.735E+05  5.994E+02  8.644E-03  2.104E-12  5.930E-11  0.000E+00  2.104E-12  5.930E-11  0.000E+00  1.765E-03  3.115E-03  0.000E+00  5.309E-04  9.372E-04  0.000E+00  2.829E-10  1.113E-08
  3.710E+06  4.792E+05  6.310E+02  8.644E-03  6.176E-12  1.741E-10  0.000E+00  6.176E-12  1.741E-10  0.000E+00  1.840E-03  3.222E-03  0.000E+00  5.537E-04  9.693E-04  0.000E+00  1.047E-09  4.149E-08
  3.647E+06  6.150E+05  6.666E+02  8.645E-03  1.687E-11  4.755E-10  0.000E+00  1.687E-11  4.755E-10  0.000E+00  1.873E-03  3.272E-03  0.000E+00  5.635E-04  9.843E-04  0.000E+00  3.680E-09  1.463E-07
  3.580E+06  7.892E+05  7.056E+02  8.645E-03  4.461E-11  1.257E-09  0.000E+00  4.461E-11  1.257E-09  0.000E+00  1.899E-03  3.321E-03  0.000E+00  5.715E-04  9.991E-04  0.000E+00  1.249E-08  4.967E-07
  3.510E+06  1.013E+06  7.479E+02  8.645E-03  1.151E-10  3.246E-09  0.000E+00  1.151E-10  3.246E-09  0.000E+00  1.920E-03  3.361E-03  0.000E+00  5.776E-04  1.011E-03  0.000E+00  4.135E-08  1.643E-06
  3.435E+06  1.300E+06  7.930E+02  8.645E-03  2.957E-10  8.334E-09  0.000E+00  2.957E-10  8.334E-09  0.000E+00  1.926E-03  3.375E-03  0.000E+00  5.794E-04  1.015E-03  0.000E+00  1.362E-07  5.406E-06
  3.356E+06  1.668E+06  8.413E+02  8.645E-03  7.526E-10  2.121E-08  0.000E+00  7.526E-10  2.121E-08  0.000E+00  1.953E-03  3.428E-03  0.000E+00  5.875E-04  1.031E-03  0.000E+00  4.415E-07  1.751E-05
  3.271E+06  2.140E+06  8.946E+02  8.646E-03  1.857E-09  5.233E-08  0.000E+00  1.857E-09  5.233E-08  0.000E+00  1.989E-03  3.498E-03  0.000E+00  5.984E-04  1.052E-03  0.000E+00  1.391E-06  5.504E-05
  3.182E+06  2.746E+06  9.533E+02  8.646E-03  4.445E-09  1.253E-07  0.000E+00  4.445E-09  1.253E-07  0.000E+00  2.020E-03  3.559E-03  0.000E+00  6.079E-04  1.071E-03  0.000E+00  4.261E-06  1.684E-04
  3.086E+06  3.523E+06  1.017E+03  8.646E-03  1.051E-08  2.965E-07  0.000E+00  1.051E-08  2.965E-07  0.000E+00  2.036E-03  3.591E-03  0.000E+00  6.125E-04  1.080E-03  0.000E+00  1.291E-05  5.095E-04
  2.984E+06  4.521E+06  1.084E+03  8.646E-03  2.475E-08  7.016E-07  0.000E+00  2.475E-08  7.016E-07  0.000E+00  2.053E-03  3.627E-03  0.000E+00  6.177E-04  1.091E-03  0.000E+00  3.880E-05  1.535E-03
  2.875E+06  5.802E+06  1.155E+03  8.646E-03  5.883E-08  1.674E-06  0.000E+00  5.879E-08  1.674E-06  0.000E+00  2.055E-03  3.634E-03  0.000E+00  6.181E-04  1.093E-03  0.000E+00  1.177E-04  4.668E-03
  2.756E+06  7.495E+06  1.230E+03  8.642E-03  1.493E-07  4.254E-06  0.000E+00  1.489E-07  4.252E-06  0.000E+00  2.038E-03  3.610E-03  0.000E+00  6.133E-04  1.086E-03  0.000E+00  3.903E-04  1.552E-02
  2.654E+06  9.234E+06  1.290E+03  8.660E-03  3.227E-07  9.222E-06  0.000E+00  3.210E-07  9.212E-06  0.000E+00  2.008E-03  3.557E-03  0.000E+00  6.041E-04  1.070E-03  0.000E+00  8.578E-04  3.420E-02
  2.573E+06  1.085E+07  1.337E+03  8.662E-03  6.059E-07  1.738E-05  0.000E+00  6.006E-07  1.733E-05  0.000E+00  2.007E-03  3.560E-03  0.000E+00  6.039E-04  1.071E-03  0.000E+00  1.829E-03  7.319E-02
  2.491E+06  1.269E+07  1.383E+03  8.662E-03  1.126E-06  3.245E-05  0.000E+00  1.112E-06  3.230E-05  0.000E+00  2.006E-03  3.560E-03  0.000E+00  6.034E-04  1.071E-03  0.000E+00  3.924E-03  1.578E-01
  2.413E+06  1.467E+07  1.427E+03  8.664E-03  2.004E-06  5.802E-05  0.000E+00  1.967E-06  5.755E-05  0.000E+00  2.004E-03  3.561E-03  0.000E+00  6.030E-04  1.071E-03  0.000E+00  7.638E-03  3.087E-01
  2.308E+06  1.767E+07  1.485E+03  8.649E-03  4.305E-06  1.257E-04  0.000E+00  4.190E-06  1.237E-04  0.000E+00  2.014E-03  3.584E-03  0.000E+00  6.060E-04  1.078E-03  0.000E+00  2.364E-02  9.637E-01
  2.188E+06  2.169E+07  1.551E+03  8.657E-03  9.595E-06  2.823E-04  0.000E+00  9.233E-06  2.736E-04  0.000E+00  2.031E-03  3.621E-03  0.000E+00  6.111E-04  1.089E-03  0.000E+00  5.846E-02  2.391E+00
  2.080E+06  2.590E+07  1.613E+03  8.659E-03  1.891E-05  5.553E-04  0.000E+00  1.793E-05  5.246E-04  0.000E+00  2.063E-03  3.686E-03  0.000E+00  6.208E-04  1.109E-03  0.000E+00  1.319E-01  5.361E+00
  1.964E+06  3.106E+07  1.683E+03  8.657E-03  3.605E-05  1.069E-03  0.000E+00  3.324E-05  9.528E-04  0.000E+00  2.127E-03  3.807E-03  0.000E+00  6.399E-04  1.145E-03  0.000E+00  3.077E-01  1.230E+01
  1.839E+06  3.750E+07  1.765E+03  8.658E-03  6.498E-05  1.851E-03  0.000E+00  5.631E-05  1.358E-03  0.000E+00  2.192E-03  3.931E-03  0.000E+00  6.596E-04  1.183E-03  0.000E+00  6.512E-01  2.370E+01
  1.708E+06  4.518E+07  1.852E+03  8.658E-03  1.107E-04  2.607E-03  0.000E+00  8.921E-05  7.202E-04  0.000E+00  2.202E-03  3.919E-03  0.000E+00  6.624E-04  1.179E-03  0.000E+00  1.299E+00  3.095E+01
  1.582E+06  5.370E+07  1.936E+03  8.661E-03  1.762E-04  2.746E-03  0.000E+00  1.332E-04  0.000E+00  0.000E+00  2.209E-03  0.000E+00  0.000E+00  6.647E-04  0.000E+00  0.000E+00  2.298E+00  3.167E+01
  1.450E+06  6.378E+07  2.023E+03  8.658E-03  2.745E-04  2.745E-03  0.000E+00  1.926E-04  0.000E+00  0.000E+00  2.218E-03  0.000E+00  0.000E+00  6.673E-04  0.000E+00  0.000E+00  4.202E+00  3.203E+01
  1.324E+06  7.476E+07  2.105E+03  8.664E-03  4.005E-04  2.747E-03  0.000E+00  2.581E-04  0.000E+00  0.000E+00  2.222E-03  0.000E+00  0.000E+00  6.686E-04  0.000E+00  0.000E+00  6.524E+00  3.203E+01
  1.209E+06  8.597E+07  2.178E+03  8.664E-03  5.435E-04  2.747E-03  0.000E+00  3.184E-04  0.000E+00  0.000E+00  2.227E-03  0.000E+00  0.000E+00  6.700E-04  0.000E+00  0.000E+00  9.784E+00  3.203E+01
  1.107E+06  9.697E+07  2.243E+03  8.668E-03  6.904E-04  2.748E-03  0.000E+00  3.642E-04  0.000E+00  0.000E+00  2.230E-03  0.000E+00  0.000E+00  6.710E-04  0.000E+00  0.000E+00  1.291E+01  3.203E+01
  1.016E+06  1.077E+08  2.300E+03  8.668E-03  8.346E-04  2.748E-03  0.000E+00  3.911E-04  0.000E+00  0.000E+00  2.232E-03  0.000E+00  0.000E+00  6.716E-04  0.000E+00  0.000E+00  1.669E+01  3.203E+01
  9.260E+05  1.192E+08  2.357E+03  8.668E-03  9.822E-04  2.749E-03  0.000E+00  3.931E-04  0.000E+00  0.000E+00  2.232E-03  0.000E+00  0.000E+00  6.716E-04  0.000E+00  0.000E+00  2.062E+01  3.203E+01
  8.111E+05  1.350E+08  2.427E+03  8.663E-03  1.152E-03  2.747E-03  0.000E+00  3.313E-04  0.000E+00  0.000E+00  2.233E-03  0.000E+00  0.000E+00  6.718E-04  0.000E+00  0.000E+00  2.628E+01  3.203E+01
  6.804E+05  1.550E+08  2.506E+03  8.665E-03  1.280E-03  2.748E-03  0.000E+00  1.242E-04  0.000E+00  0.000E+00  2.225E-03  0.000E+00  0.000E+00  6.693E-04  0.000E+00  0.000E+00  2.841E+01  3.203E+01
  5.623E+05  1.750E+08  2.577E+03  8.667E-03  1.299E-03  2.748E-03  0.000E+00  0.000E+00  0.000E+00  0.000E+00  0.000E+00  0.000E+00  0.000E+00  0.000E+00  0.000E+00  0.000E+00  2.862E+01  3.203E+01
  4.544E+05  1.950E+08  2.640E+03  8.668E-03  1.299E-03  2.748E-03  0.000E+00  0.000E+00  0.000E+00  0.000E+00  0.000E+00  0.000E+00  0.000E+00  0.000E+00  0.000E+00  0.000E+00  2.873E+01  3.203E+01
  3.549E+05  2.150E+08  2.698E+03  8.669E-03  1.299E-03  2.749E-03  0.000E+00  0.000E+00  0.000E+00  0.000E+00  0.000E+00  0.000E+00  0.000E+00  0.000E+00  0.000E+00  0.000E+00  2.873E+01  3.203E+01
  2.511E+05  2.375E+08  2.757E+03  8.668E-03  1.299E-03  2.748E-03  0.000E+00  0.000E+00  0.000E+00  0.000E+00  0.000E+00  0.000E+00  0.000E+00  0.000E+00  0.000E+00  0.000E+00  2.873E+01  3.203E+01
  1.656E+05  2.575E+08  2.805E+03  8.671E-03  1.300E-03  2.750E-03  0.000E+00  0.000E+00  0.000E+00  0.000E+00  0.000E+00  0.000E+00  0.000E+00  0.000E+00  0.000E+00  0.000E+00  2.873E+01  3.203E+01
  1.048E+05  2.725E+08  2.839E+03  8.671E-03  1.300E-03  2.750E-03  0.000E+00  0.000E+00  0.000E+00  0.000E+00  0.000E+00  0.000E+00  0.000E+00  0.000E+00  0.000E+00  0.000E+00  2.873E+01  3.203E+01
  3.712E+04  2.900E+08  2.877E+03  8.671E-03  1.300E-03  2.749E-03  0.000E+00  0.000E+00  0.000E+00  0.000E+00  0.000E+00  0.000E+00  0.000E+00  0.000E+00  0.000E+00  0.000E+00  2.873E+01  3.203E+01
