  124.4  2500. 312 1  2.  2.
 NH3       
  0.000231818171  4.02620007
  3.920E+07  1.190E+03  1.646E+02  7.304E-06  0.000E+00  0.000E+00  0.000E+00  0.000E+00
  3.893E+07  1.335E+03  1.566E+02  7.305E-06  0.000E+00  0.000E+00  0.000E+00  0.000E+00
  3.867E+07  1.495E+03  1.521E+02  7.305E-06  0.000E+00  0.000E+00  0.000E+00  0.000E+00
  3.840E+07  1.680E+03  1.519E+02  7.305E-06  0.000E+00  0.000E+00  0.000E+00  0.000E+00
  3.813E+07  1.890E+03  1.536E+02  7.305E-06  0.000E+00  0.000E+00  0.000E+00  0.000E+00
  3.786E+07  2.120E+03  1.555E+02  7.305E-06  0.000E+00  0.000E+00  0.000E+00  0.000E+00
  3.759E+07  2.375E+03  1.557E+02  7.305E-06  0.000E+00  0.000E+00  0.000E+00  0.000E+00
  3.732E+07  2.665E+03  1.561E+02  7.305E-06  0.000E+00  0.000E+00  0.000E+00  0.000E+00
  3.705E+07  2.990E+03  1.577E+02  7.305E-06  0.000E+00  0.000E+00  0.000E+00  0.000E+00
  3.677E+07  3.355E+03  1.597E+02  7.305E-06  0.000E+00  0.000E+00  0.000E+00  0.000E+00
  3.649E+07  3.765E+03  1.610E+02  7.305E-06  0.000E+00  0.000E+00  0.000E+00  0.000E+00
  3.621E+07  4.225E+03  1.602E+02  7.304E-06  0.000E+00  0.000E+00  0.000E+00  0.000E+00
  3.593E+07  4.740E+03  1.598E+02  7.305E-06  0.000E+00  0.000E+00  0.000E+00  0.000E+00
  3.565E+07  5.315E+03  1.623E+02  7.306E-06  0.000E+00  0.000E+00  0.000E+00  0.000E+00
  3.536E+07  5.965E+03  1.650E+02  7.305E-06  0.000E+00  0.000E+00  0.000E+00  0.000E+00
  3.508E+07  6.695E+03  1.644E+02  7.304E-06  0.000E+00  0.000E+00  0.000E+00  0.000E+00
  3.480E+07  7.510E+03  1.612E+02  7.304E-06  0.000E+00  0.000E+00  0.000E+00  0.000E+00
  3.452E+07  8.425E+03  1.571E+02  7.304E-06  0.000E+00  0.000E+00  0.000E+00  0.000E+00
  3.426E+07  9.455E+03  1.508E+02  7.305E-06  0.000E+00  0.000E+00  0.000E+00  0.000E+00
  3.401E+07  1.060E+04  1.436E+02  7.305E-06  0.000E+00  0.000E+00  0.000E+00  0.000E+00
  3.377E+07  1.190E+04  1.368E+02  7.304E-06  0.000E+00  0.000E+00  0.000E+00  0.000E+00
  3.354E+07  1.335E+04  1.313E+02  7.305E-06  0.000E+00  0.000E+00  0.000E+00  0.000E+00
  3.332E+07  1.500E+04  1.270E+02  7.304E-06  0.000E+00  0.000E+00  0.000E+00  0.000E+00
  3.310E+07  1.685E+04  1.234E+02  7.305E-06  0.000E+00  0.000E+00  0.000E+00  0.000E+00
  3.289E+07  1.890E+04  1.209E+02  7.304E-06  0.000E+00  0.000E+00  0.000E+00  0.000E+00
  3.269E+07  2.120E+04  1.190E+02  7.305E-06  0.000E+00  0.000E+00  0.000E+00  0.000E+00
  3.249E+07  2.375E+04  1.173E+02  7.305E-06  0.000E+00  0.000E+00  0.000E+00  0.000E+00
  3.228E+07  2.665E+04  1.161E+02  7.304E-06  0.000E+00  0.000E+00  0.000E+00  0.000E+00
  3.209E+07  2.990E+04  1.136E+02  7.305E-06  0.000E+00  0.000E+00  0.000E+00  0.000E+00
  3.189E+07  3.355E+04  1.115E+02  7.305E-06  0.000E+00  0.000E+00  0.000E+00  0.000E+00
  3.170E+07  3.765E+04  1.122E+02  7.305E-06  0.000E+00  0.000E+00  0.000E+00  0.000E+00
  3.150E+07  4.225E+04  1.136E+02  7.305E-06  0.000E+00  0.000E+00  0.000E+00  0.000E+00
  3.130E+07  4.740E+04  1.144E+02  7.305E-06  0.000E+00  0.000E+00  0.000E+00  0.000E+00
  3.110E+07  5.315E+04  1.150E+02  7.305E-06  0.000E+00  0.000E+00  0.000E+00  0.000E+00
  3.090E+07  5.965E+04  1.154E+02  7.305E-06  0.000E+00  0.000E+00  0.000E+00  0.000E+00
  3.070E+07  6.690E+04  1.150E+02  7.305E-06  0.000E+00  0.000E+00  0.000E+00  0.000E+00
  3.050E+07  7.505E+04  1.141E+02  7.305E-06  0.000E+00  0.000E+00  0.000E+00  0.000E+00
  3.030E+07  8.425E+04  1.132E+02  7.305E-06  0.000E+00  0.000E+00  0.000E+00  0.000E+00
  3.011E+07  9.455E+04  1.132E+02  7.305E-06  0.000E+00  0.000E+00  0.000E+00  0.000E+00
  2.991E+07  1.061E+05  1.132E+02  7.305E-06  0.000E+00  0.000E+00  0.000E+00  0.000E+00
  2.971E+07  1.190E+05  1.121E+02  7.305E-06  0.000E+00  0.000E+00  0.000E+00  0.000E+00
  2.952E+07  1.336E+05  1.111E+02  7.583E-06  6.635E-07  2.143E-03  6.447E-04  3.401E-03
  2.933E+07  1.499E+05  1.113E+02  1.167E-05  5.089E-06  2.560E-03  7.702E-04  2.791E-02
  2.913E+07  1.682E+05  1.123E+02  1.808E-05  1.017E-05  2.814E-03  8.466E-04  7.789E-02
  2.893E+07  1.887E+05  1.135E+02  2.768E-05  1.770E-05  2.793E-03  8.403E-04  1.762E-01
  2.873E+07  2.117E+05  1.149E+02  4.331E-05  3.007E-05  2.988E-03  8.991E-04  3.514E-01
  2.853E+07  2.375E+05  1.166E+02  6.324E-05  4.473E-05  3.016E-03  9.074E-04  6.411E-01
  2.832E+07  2.665E+05  1.185E+02  9.014E-05  6.285E-05  3.172E-03  9.543E-04  1.075E+00
  2.811E+07  2.990E+05  1.204E+02  1.250E-04  8.576E-05  2.978E-03  8.960E-04  1.784E+00
  2.790E+07  3.355E+05  1.225E+02  1.698E-04  1.104E-04  3.319E-03  9.986E-04  2.701E+00
  2.768E+07  3.765E+05  1.255E+02  2.050E-04  9.825E-05  3.543E-03  1.066E-03  3.560E+00
  2.746E+07  4.224E+05  1.287E+02  2.271E-04  3.930E-05  3.366E-03  1.013E-03  3.965E+00
  2.723E+07  4.739E+05  1.313E+02  2.316E-04  0.000E+00  0.000E+00  0.000E+00  4.006E+00
  2.700E+07  5.318E+05  1.348E+02  2.317E-04  0.000E+00  0.000E+00  0.000E+00  4.026E+00
  2.675E+07  5.966E+05  1.397E+02  2.317E-04  0.000E+00  0.000E+00  0.000E+00  4.026E+00
  2.650E+07  6.695E+05  1.447E+02  2.317E-04  0.000E+00  0.000E+00  0.000E+00  4.026E+00
  2.609E+07  7.996E+05  1.525E+02  2.312E-04  0.000E+00  0.000E+00  0.000E+00  4.026E+00
  2.568E+07  9.456E+05  1.614E+02  2.317E-04  0.000E+00  0.000E+00  0.000E+00  4.026E+00
  2.529E+07  1.100E+06  1.702E+02  2.315E-04  0.000E+00  0.000E+00  0.000E+00  4.026E+00
  2.484E+07  1.300E+06  1.796E+02  2.316E-04  0.000E+00  0.000E+00  0.000E+00  4.026E+00
  2.443E+07  1.500E+06  1.880E+02  2.316E-04  0.000E+00  0.000E+00  0.000E+00  4.026E+00
  2.406E+07  1.700E+06  1.957E+02  2.317E-04  0.000E+00  0.000E+00  0.000E+00  4.026E+00
  2.372E+07  1.900E+06  2.027E+02  2.317E-04  0.000E+00  0.000E+00  0.000E+00  4.026E+00
  2.340E+07  2.100E+06  2.092E+02  2.317E-04  0.000E+00  0.000E+00  0.000E+00  4.026E+00
  2.311E+07  2.300E+06  2.153E+02  2.317E-04  0.000E+00  0.000E+00  0.000E+00  4.026E+00
  2.283E+07  2.500E+06  2.210E+02  2.317E-04  0.000E+00  0.000E+00  0.000E+00  4.026E+00
  2.257E+07  2.700E+06  2.264E+02  2.318E-04  0.000E+00  0.000E+00  0.000E+00  4.026E+00
  2.232E+07  2.900E+06  2.315E+02  2.318E-04  0.000E+00  0.000E+00  0.000E+00  4.026E+00
  2.208E+07  3.100E+06  2.363E+02  2.318E-04  0.000E+00  0.000E+00  0.000E+00  4.026E+00
  2.185E+07  3.300E+06  2.409E+02  2.318E-04  0.000E+00  0.000E+00  0.000E+00  4.026E+00
  2.163E+07  3.500E+06  2.454E+02  2.318E-04  0.000E+00  0.000E+00  0.000E+00  4.026E+00
  2.142E+07  3.700E+06  2.496E+02  2.318E-04  0.000E+00  0.000E+00  0.000E+00  4.026E+00
  2.122E+07  3.900E+06  2.537E+02  2.318E-04  0.000E+00  0.000E+00  0.000E+00  4.026E+00
  2.103E+07  4.100E+06  2.576E+02  2.318E-04  0.000E+00  0.000E+00  0.000E+00  4.026E+00
  2.084E+07  4.300E+06  2.614E+02  2.318E-04  0.000E+00  0.000E+00  0.000E+00  4.026E+00
  2.066E+07  4.500E+06  2.651E+02  2.318E-04  0.000E+00  0.000E+00  0.000E+00  4.026E+00
  2.048E+07  4.700E+06  2.686E+02  2.318E-04  0.000E+00  0.000E+00  0.000E+00  4.026E+00
  2.031E+07  4.900E+06  2.721E+02  2.318E-04  0.000E+00  0.000E+00  0.000E+00  4.026E+00
  2.014E+07  5.100E+06  2.754E+02  2.318E-04  0.000E+00  0.000E+00  0.000E+00  4.026E+00
  1.998E+07  5.300E+06  2.787E+02  2.318E-04  0.000E+00  0.000E+00  0.000E+00  4.026E+00
  1.982E+07  5.500E+06  2.819E+02  2.318E-04  0.000E+00  0.000E+00  0.000E+00  4.026E+00
  1.967E+07  5.700E+06  2.850E+02  2.318E-04  0.000E+00  0.000E+00  0.000E+00  4.026E+00
  1.952E+07  5.900E+06  2.880E+02  2.318E-04  0.000E+00  0.000E+00  0.000E+00  4.026E+00
  1.937E+07  6.100E+06  2.909E+02  2.318E-04  0.000E+00  0.000E+00  0.000E+00  4.026E+00
  1.923E+07  6.300E+06  2.938E+02  2.318E-04  0.000E+00  0.000E+00  0.000E+00  4.026E+00
  1.909E+07  6.500E+06  2.966E+02  2.318E-04  0.000E+00  0.000E+00  0.000E+00  4.026E+00
  1.895E+07  6.700E+06  2.995E+02  2.318E-04  0.000E+00  0.000E+00  0.000E+00  4.026E+00
  1.882E+07  6.900E+06  3.024E+02  2.318E-04  0.000E+00  0.000E+00  0.000E+00  4.026E+00
  1.868E+07  7.100E+06  3.050E+02  2.318E-04  0.000E+00  0.000E+00  0.000E+00  4.026E+00
  1.855E+07  7.300E+06  3.076E+02  2.318E-04  0.000E+00  0.000E+00  0.000E+00  4.026E+00
  1.843E+07  7.500E+06  3.101E+02  2.318E-04  0.000E+00  0.000E+00  0.000E+00  4.026E+00
  1.830E+07  7.700E+06  3.125E+02  2.318E-04  0.000E+00  0.000E+00  0.000E+00  4.026E+00
  1.818E+07  7.900E+06  3.150E+02  2.318E-04  0.000E+00  0.000E+00  0.000E+00  4.026E+00
  1.806E+07  8.100E+06  3.173E+02  2.318E-04  0.000E+00  0.000E+00  0.000E+00  4.026E+00
  1.794E+07  8.300E+06  3.197E+02  2.318E-04  0.000E+00  0.000E+00  0.000E+00  4.026E+00
  1.783E+07  8.500E+06  3.220E+02  2.318E-04  0.000E+00  0.000E+00  0.000E+00  4.026E+00
  1.771E+07  8.700E+06  3.242E+02  2.318E-04  0.000E+00  0.000E+00  0.000E+00  4.026E+00
  1.760E+07  8.900E+06  3.265E+02  2.318E-04  0.000E+00  0.000E+00  0.000E+00  4.026E+00
  1.749E+07  9.100E+06  3.287E+02  2.318E-04  0.000E+00  0.000E+00  0.000E+00  4.026E+00
  1.738E+07  9.300E+06  3.308E+02  2.318E-04  0.000E+00  0.000E+00  0.000E+00  4.026E+00
  1.728E+07  9.500E+06  3.329E+02  2.318E-04  0.000E+00  0.000E+00  0.000E+00  4.026E+00
  1.717E+07  9.700E+06  3.350E+02  2.318E-04  0.000E+00  0.000E+00  0.000E+00  4.026E+00
  1.707E+07  9.900E+06  3.371E+02  2.318E-04  0.000E+00  0.000E+00  0.000E+00  4.026E+00
  1.696E+07  1.010E+07  3.391E+02  2.318E-04  0.000E+00  0.000E+00  0.000E+00  4.026E+00
  1.686E+07  1.030E+07  3.411E+02  2.318E-04  0.000E+00  0.000E+00  0.000E+00  4.026E+00
  1.676E+07  1.050E+07  3.431E+02  2.318E-04  0.000E+00  0.000E+00  0.000E+00  4.026E+00
  1.666E+07  1.070E+07  3.451E+02  2.318E-04  0.000E+00  0.000E+00  0.000E+00  4.026E+00
  1.657E+07  1.090E+07  3.470E+02  2.318E-04  0.000E+00  0.000E+00  0.000E+00  4.026E+00
  1.647E+07  1.110E+07  3.489E+02  2.318E-04  0.000E+00  0.000E+00  0.000E+00  4.026E+00
  1.638E+07  1.130E+07  3.508E+02  2.318E-04  0.000E+00  0.000E+00  0.000E+00  4.026E+00
  1.628E+07  1.150E+07  3.526E+02  2.318E-04  0.000E+00  0.000E+00  0.000E+00  4.026E+00
  1.619E+07  1.170E+07  3.545E+02  2.318E-04  0.000E+00  0.000E+00  0.000E+00  4.026E+00
  1.610E+07  1.190E+07  3.563E+02  2.318E-04  0.000E+00  0.000E+00  0.000E+00  4.026E+00
  1.601E+07  1.210E+07  3.581E+02  2.318E-04  0.000E+00  0.000E+00  0.000E+00  4.026E+00
  1.592E+07  1.230E+07  3.599E+02  2.318E-04  0.000E+00  0.000E+00  0.000E+00  4.026E+00
  1.583E+07  1.250E+07  3.616E+02  2.318E-04  0.000E+00  0.000E+00  0.000E+00  4.026E+00
  1.574E+07  1.270E+07  3.633E+02  2.318E-04  0.000E+00  0.000E+00  0.000E+00  4.026E+00
  1.566E+07  1.290E+07  3.651E+02  2.318E-04  0.000E+00  0.000E+00  0.000E+00  4.026E+00
  1.557E+07  1.310E+07  3.667E+02  2.318E-04  0.000E+00  0.000E+00  0.000E+00  4.026E+00
  1.549E+07  1.330E+07  3.684E+02  2.318E-04  0.000E+00  0.000E+00  0.000E+00  4.026E+00
  1.541E+07  1.350E+07  3.701E+02  2.318E-04  0.000E+00  0.000E+00  0.000E+00  4.026E+00
  1.532E+07  1.370E+07  3.717E+02  2.318E-04  0.000E+00  0.000E+00  0.000E+00  4.026E+00
  1.524E+07  1.390E+07  3.733E+02  2.318E-04  0.000E+00  0.000E+00  0.000E+00  4.026E+00
  1.516E+07  1.410E+07  3.750E+02  2.318E-04  0.000E+00  0.000E+00  0.000E+00  4.026E+00
  1.508E+07  1.430E+07  3.766E+02  2.318E-04  0.000E+00  0.000E+00  0.000E+00  4.026E+00
  1.500E+07  1.450E+07  3.781E+02  2.318E-04  0.000E+00  0.000E+00  0.000E+00  4.026E+00
  1.492E+07  1.470E+07  3.797E+02  2.318E-04  0.000E+00  0.000E+00  0.000E+00  4.026E+00
  1.484E+07  1.490E+07  3.812E+02  2.318E-04  0.000E+00  0.000E+00  0.000E+00  4.026E+00
  1.477E+07  1.510E+07  3.828E+02  2.318E-04  0.000E+00  0.000E+00  0.000E+00  4.026E+00
  1.469E+07  1.530E+07  3.843E+02  2.318E-04  0.000E+00  0.000E+00  0.000E+00  4.026E+00
  1.461E+07  1.550E+07  3.858E+02  2.318E-04  0.000E+00  0.000E+00  0.000E+00  4.026E+00
  1.454E+07  1.570E+07  3.873E+02  2.318E-04  0.000E+00  0.000E+00  0.000E+00  4.026E+00
  1.447E+07  1.590E+07  3.888E+02  2.318E-04  0.000E+00  0.000E+00  0.000E+00  4.026E+00
  1.439E+07  1.610E+07  3.902E+02  2.318E-04  0.000E+00  0.000E+00  0.000E+00  4.026E+00
  1.432E+07  1.630E+07  3.917E+02  2.318E-04  0.000E+00  0.000E+00  0.000E+00  4.026E+00
  1.425E+07  1.650E+07  3.931E+02  2.318E-04  0.000E+00  0.000E+00  0.000E+00  4.026E+00
  1.417E+07  1.670E+07  3.946E+02  2.318E-04  0.000E+00  0.000E+00  0.000E+00  4.026E+00
  1.410E+07  1.690E+07  3.960E+02  2.318E-04  0.000E+00  0.000E+00  0.000E+00  4.026E+00
  1.403E+07  1.710E+07  3.974E+02  2.318E-04  0.000E+00  0.000E+00  0.000E+00  4.026E+00
  1.396E+07  1.730E+07  3.988E+02  2.318E-04  0.000E+00  0.000E+00  0.000E+00  4.026E+00
  1.389E+07  1.750E+07  4.002E+02  2.318E-04  0.000E+00  0.000E+00  0.000E+00  4.026E+00
  1.382E+07  1.770E+07  4.015E+02  2.318E-04  0.000E+00  0.000E+00  0.000E+00  4.026E+00
  1.375E+07  1.790E+07  4.029E+02  2.318E-04  0.000E+00  0.000E+00  0.000E+00  4.026E+00
  1.369E+07  1.810E+07  4.042E+02  2.318E-04  0.000E+00  0.000E+00  0.000E+00  4.026E+00
  1.362E+07  1.830E+07  4.056E+02  2.318E-04  0.000E+00  0.000E+00  0.000E+00  4.026E+00
  1.355E+07  1.850E+07  4.069E+02  2.318E-04  0.000E+00  0.000E+00  0.000E+00  4.026E+00
  1.349E+07  1.870E+07  4.082E+02  2.318E-04  0.000E+00  0.000E+00  0.000E+00  4.026E+00
  1.342E+07  1.890E+07  4.095E+02  2.318E-04  0.000E+00  0.000E+00  0.000E+00  4.026E+00
  1.336E+07  1.910E+07  4.108E+02  2.318E-04  0.000E+00  0.000E+00  0.000E+00  4.026E+00
  1.329E+07  1.930E+07  4.121E+02  2.318E-04  0.000E+00  0.000E+00  0.000E+00  4.026E+00
  1.323E+07  1.950E+07  4.134E+02  2.318E-04  0.000E+00  0.000E+00  0.000E+00  4.026E+00
  1.316E+07  1.970E+07  4.147E+02  2.318E-04  0.000E+00  0.000E+00  0.000E+00  4.026E+00
  1.310E+07  1.990E+07  4.160E+02  2.318E-04  0.000E+00  0.000E+00  0.000E+00  4.026E+00
  1.304E+07  2.010E+07  4.172E+02  2.318E-04  0.000E+00  0.000E+00  0.000E+00  4.026E+00
  1.297E+07  2.030E+07  4.185E+02  2.318E-04  0.000E+00  0.000E+00  0.000E+00  4.026E+00
  1.291E+07  2.050E+07  4.197E+02  2.318E-04  0.000E+00  0.000E+00  0.000E+00  4.026E+00
  1.285E+07  2.070E+07  4.209E+02  2.318E-04  0.000E+00  0.000E+00  0.000E+00  4.026E+00
  1.279E+07  2.090E+07  4.221E+02  2.318E-04  0.000E+00  0.000E+00  0.000E+00  4.026E+00
  1.273E+07  2.110E+07  4.234E+02  2.318E-04  0.000E+00  0.000E+00  0.000E+00  4.026E+00
  1.267E+07  2.130E+07  4.246E+02  2.318E-04  0.000E+00  0.000E+00  0.000E+00  4.026E+00
  1.261E+07  2.150E+07  4.258E+02  2.318E-04  0.000E+00  0.000E+00  0.000E+00  4.026E+00
  1.255E+07  2.170E+07  4.269E+02  2.318E-04  0.000E+00  0.000E+00  0.000E+00  4.026E+00
  1.249E+07  2.190E+07  4.281E+02  2.318E-04  0.000E+00  0.000E+00  0.000E+00  4.026E+00
  1.243E+07  2.210E+07  4.293E+02  2.318E-04  0.000E+00  0.000E+00  0.000E+00  4.026E+00
  1.237E+07  2.230E+07  4.305E+02  2.318E-04  0.000E+00  0.000E+00  0.000E+00  4.026E+00
  1.231E+07  2.250E+07  4.316E+02  2.318E-04  0.000E+00  0.000E+00  0.000E+00  4.026E+00
  1.225E+07  2.270E+07  4.328E+02  2.318E-04  0.000E+00  0.000E+00  0.000E+00  4.026E+00
  1.220E+07  2.290E+07  4.339E+02  2.318E-04  0.000E+00  0.000E+00  0.000E+00  4.026E+00
  1.214E+07  2.310E+07  4.351E+02  2.318E-04  0.000E+00  0.000E+00  0.000E+00  4.026E+00
  1.208E+07  2.330E+07  4.362E+02  2.318E-04  0.000E+00  0.000E+00  0.000E+00  4.026E+00
  1.202E+07  2.350E+07  4.373E+02  2.318E-04  0.000E+00  0.000E+00  0.000E+00  4.026E+00
  1.197E+07  2.370E+07  4.384E+02  2.318E-04  0.000E+00  0.000E+00  0.000E+00  4.026E+00
  1.191E+07  2.390E+07  4.395E+02  2.318E-04  0.000E+00  0.000E+00  0.000E+00  4.026E+00
  1.186E+07  2.410E+07  4.406E+02  2.318E-04  0.000E+00  0.000E+00  0.000E+00  4.026E+00
  1.180E+07  2.430E+07  4.417E+02  2.318E-04  0.000E+00  0.000E+00  0.000E+00  4.026E+00
  1.175E+07  2.450E+07  4.428E+02  2.318E-04  0.000E+00  0.000E+00  0.000E+00  4.026E+00
  1.169E+07  2.470E+07  4.439E+02  2.318E-04  0.000E+00  0.000E+00  0.000E+00  4.026E+00
  1.164E+07  2.490E+07  4.450E+02  2.318E-04  0.000E+00  0.000E+00  0.000E+00  4.026E+00
  1.158E+07  2.510E+07  4.461E+02  2.318E-04  0.000E+00  0.000E+00  0.000E+00  4.026E+00
  1.153E+07  2.530E+07  4.471E+02  2.318E-04  0.000E+00  0.000E+00  0.000E+00  4.026E+00
  1.148E+07  2.550E+07  4.482E+02  2.318E-04  0.000E+00  0.000E+00  0.000E+00  4.026E+00
  1.142E+07  2.570E+07  4.493E+02  2.318E-04  0.000E+00  0.000E+00  0.000E+00  4.026E+00
  1.137E+07  2.590E+07  4.503E+02  2.318E-04  0.000E+00  0.000E+00  0.000E+00  4.026E+00
  1.132E+07  2.610E+07  4.514E+02  2.318E-04  0.000E+00  0.000E+00  0.000E+00  4.026E+00
  1.127E+07  2.630E+07  4.524E+02  2.318E-04  0.000E+00  0.000E+00  0.000E+00  4.026E+00
  1.121E+07  2.650E+07  4.534E+02  2.318E-04  0.000E+00  0.000E+00  0.000E+00  4.026E+00
  1.116E+07  2.670E+07  4.545E+02  2.318E-04  0.000E+00  0.000E+00  0.000E+00  4.026E+00
  1.111E+07  2.690E+07  4.555E+02  2.318E-04  0.000E+00  0.000E+00  0.000E+00  4.026E+00
  1.106E+07  2.710E+07  4.565E+02  2.318E-04  0.000E+00  0.000E+00  0.000E+00  4.026E+00
  1.101E+07  2.730E+07  4.575E+02  2.318E-04  0.000E+00  0.000E+00  0.000E+00  4.026E+00
  1.096E+07  2.750E+07  4.585E+02  2.318E-04  0.000E+00  0.000E+00  0.000E+00  4.026E+00
  1.091E+07  2.770E+07  4.595E+02  2.318E-04  0.000E+00  0.000E+00  0.000E+00  4.026E+00
  1.086E+07  2.790E+07  4.605E+02  2.318E-04  0.000E+00  0.000E+00  0.000E+00  4.026E+00
  1.081E+07  2.810E+07  4.615E+02  2.318E-04  0.000E+00  0.000E+00  0.000E+00  4.026E+00
  1.076E+07  2.830E+07  4.625E+02  2.318E-04  0.000E+00  0.000E+00  0.000E+00  4.026E+00
  1.071E+07  2.850E+07  4.635E+02  2.318E-04  0.000E+00  0.000E+00  0.000E+00  4.026E+00
  1.066E+07  2.870E+07  4.645E+02  2.318E-04  0.000E+00  0.000E+00  0.000E+00  4.026E+00
  1.061E+07  2.890E+07  4.654E+02  2.318E-04  0.000E+00  0.000E+00  0.000E+00  4.026E+00
  1.056E+07  2.910E+07  4.664E+02  2.318E-04  0.000E+00  0.000E+00  0.000E+00  4.026E+00
  1.052E+07  2.930E+07  4.674E+02  2.318E-04  0.000E+00  0.000E+00  0.000E+00  4.026E+00
  1.047E+07  2.950E+07  4.683E+02  2.318E-04  0.000E+00  0.000E+00  0.000E+00  4.026E+00
  1.042E+07  2.970E+07  4.693E+02  2.318E-04  0.000E+00  0.000E+00  0.000E+00  4.026E+00
  1.037E+07  2.990E+07  4.702E+02  2.318E-04  0.000E+00  0.000E+00  0.000E+00  4.026E+00
  1.032E+07  3.010E+07  4.712E+02  2.318E-04  0.000E+00  0.000E+00  0.000E+00  4.026E+00
  1.028E+07  3.030E+07  4.721E+02  2.318E-04  0.000E+00  0.000E+00  0.000E+00  4.026E+00
  1.023E+07  3.050E+07  4.730E+02  2.318E-04  0.000E+00  0.000E+00  0.000E+00  4.026E+00
  1.018E+07  3.070E+07  4.740E+02  2.318E-04  0.000E+00  0.000E+00  0.000E+00  4.026E+00
  1.014E+07  3.090E+07  4.749E+02  2.318E-04  0.000E+00  0.000E+00  0.000E+00  4.026E+00
  1.009E+07  3.110E+07  4.758E+02  2.318E-04  0.000E+00  0.000E+00  0.000E+00  4.026E+00
  1.004E+07  3.130E+07  4.767E+02  2.318E-04  0.000E+00  0.000E+00  0.000E+00  4.026E+00
  9.998E+06  3.150E+07  4.777E+02  2.318E-04  0.000E+00  0.000E+00  0.000E+00  4.026E+00
  9.952E+06  3.170E+07  4.786E+02  2.318E-04  0.000E+00  0.000E+00  0.000E+00  4.026E+00
  9.906E+06  3.190E+07  4.795E+02  2.318E-04  0.000E+00  0.000E+00  0.000E+00  4.026E+00
  9.861E+06  3.210E+07  4.804E+02  2.318E-04  0.000E+00  0.000E+00  0.000E+00  4.026E+00
  9.816E+06  3.230E+07  4.813E+02  2.318E-04  0.000E+00  0.000E+00  0.000E+00  4.026E+00
  9.771E+06  3.250E+07  4.822E+02  2.318E-04  0.000E+00  0.000E+00  0.000E+00  4.026E+00
  9.726E+06  3.270E+07  4.831E+02  2.318E-04  0.000E+00  0.000E+00  0.000E+00  4.026E+00
  9.681E+06  3.290E+07  4.840E+02  2.318E-04  0.000E+00  0.000E+00  0.000E+00  4.026E+00
  9.637E+06  3.310E+07  4.848E+02  2.318E-04  0.000E+00  0.000E+00  0.000E+00  4.026E+00
  9.593E+06  3.330E+07  4.857E+02  2.318E-04  0.000E+00  0.000E+00  0.000E+00  4.026E+00
  9.549E+06  3.350E+07  4.866E+02  2.318E-04  0.000E+00  0.000E+00  0.000E+00  4.026E+00
  9.505E+06  3.370E+07  4.875E+02  2.318E-04  0.000E+00  0.000E+00  0.000E+00  4.026E+00
  9.461E+06  3.390E+07  4.883E+02  2.318E-04  0.000E+00  0.000E+00  0.000E+00  4.026E+00
  9.417E+06  3.410E+07  4.892E+02  2.318E-04  0.000E+00  0.000E+00  0.000E+00  4.026E+00
  9.374E+06  3.430E+07  4.901E+02  2.318E-04  0.000E+00  0.000E+00  0.000E+00  4.026E+00
  9.331E+06  3.450E+07  4.909E+02  2.318E-04  0.000E+00  0.000E+00  0.000E+00  4.026E+00
  9.288E+06  3.470E+07  4.918E+02  2.318E-04  0.000E+00  0.000E+00  0.000E+00  4.026E+00
  9.245E+06  3.490E+07  4.926E+02  2.318E-04  0.000E+00  0.000E+00  0.000E+00  4.026E+00
  9.203E+06  3.510E+07  4.935E+02  2.318E-04  0.000E+00  0.000E+00  0.000E+00  4.026E+00
  9.160E+06  3.530E+07  4.943E+02  2.318E-04  0.000E+00  0.000E+00  0.000E+00  4.026E+00
  9.118E+06  3.550E+07  4.952E+02  2.318E-04  0.000E+00  0.000E+00  0.000E+00  4.026E+00
  9.076E+06  3.570E+07  4.960E+02  2.318E-04  0.000E+00  0.000E+00  0.000E+00  4.026E+00
  9.034E+06  3.590E+07  4.969E+02  2.318E-04  0.000E+00  0.000E+00  0.000E+00  4.026E+00
  8.992E+06  3.610E+07  4.977E+02  2.318E-04  0.000E+00  0.000E+00  0.000E+00  4.026E+00
  8.950E+06  3.630E+07  4.985E+02  2.318E-04  0.000E+00  0.000E+00  0.000E+00  4.026E+00
  8.909E+06  3.650E+07  4.993E+02  2.318E-04  0.000E+00  0.000E+00  0.000E+00  4.026E+00
  8.868E+06  3.670E+07  5.002E+02  2.318E-04  0.000E+00  0.000E+00  0.000E+00  4.026E+00
  8.826E+06  3.690E+07  5.010E+02  2.318E-04  0.000E+00  0.000E+00  0.000E+00  4.026E+00
  8.785E+06  3.710E+07  5.018E+02  2.318E-04  0.000E+00  0.000E+00  0.000E+00  4.026E+00
  8.745E+06  3.730E+07  5.026E+02  2.318E-04  0.000E+00  0.000E+00  0.000E+00  4.026E+00
  8.704E+06  3.750E+07  5.034E+02  2.318E-04  0.000E+00  0.000E+00  0.000E+00  4.026E+00
  8.663E+06  3.770E+07  5.042E+02  2.318E-04  0.000E+00  0.000E+00  0.000E+00  4.026E+00
  8.623E+06  3.790E+07  5.050E+02  2.318E-04  0.000E+00  0.000E+00  0.000E+00  4.026E+00
  8.583E+06  3.810E+07  5.058E+02  2.318E-04  0.000E+00  0.000E+00  0.000E+00  4.026E+00
  8.543E+06  3.830E+07  5.066E+02  2.318E-04  0.000E+00  0.000E+00  0.000E+00  4.026E+00
  8.503E+06  3.850E+07  5.074E+02  2.318E-04  0.000E+00  0.000E+00  0.000E+00  4.026E+00
  8.463E+06  3.870E+07  5.082E+02  2.318E-04  0.000E+00  0.000E+00  0.000E+00  4.026E+00
  8.423E+06  3.890E+07  5.090E+02  2.318E-04  0.000E+00  0.000E+00  0.000E+00  4.026E+00
  8.384E+06  3.910E+07  5.098E+02  2.318E-04  0.000E+00  0.000E+00  0.000E+00  4.026E+00
  8.344E+06  3.930E+07  5.106E+02  2.318E-04  0.000E+00  0.000E+00  0.000E+00  4.026E+00
  8.305E+06  3.950E+07  5.114E+02  2.318E-04  0.000E+00  0.000E+00  0.000E+00  4.026E+00
  8.266E+06  3.970E+07  5.121E+02  2.318E-04  0.000E+00  0.000E+00  0.000E+00  4.026E+00
  8.129E+06  4.040E+07  5.148E+02  2.318E-04  0.000E+00  0.000E+00  0.000E+00  4.026E+00
  7.919E+06  4.150E+07  5.190E+02  2.318E-04  0.000E+00  0.000E+00  0.000E+00  4.026E+00
  7.731E+06  4.250E+07  5.228E+02  2.318E-04  0.000E+00  0.000E+00  0.000E+00  4.026E+00
  7.545E+06  4.350E+07  5.264E+02  2.318E-04  0.000E+00  0.000E+00  0.000E+00  4.026E+00
  7.363E+06  4.450E+07  5.301E+02  2.318E-04  0.000E+00  0.000E+00  0.000E+00  4.026E+00
  7.184E+06  4.550E+07  5.336E+02  2.318E-04  0.000E+00  0.000E+00  0.000E+00  4.026E+00
  7.008E+06  4.650E+07  5.371E+02  2.318E-04  0.000E+00  0.000E+00  0.000E+00  4.026E+00
  6.834E+06  4.750E+07  5.406E+02  2.318E-04  0.000E+00  0.000E+00  0.000E+00  4.026E+00
  6.662E+06  4.850E+07  5.440E+02  2.318E-04  0.000E+00  0.000E+00  0.000E+00  4.026E+00
  6.494E+06  4.950E+07  5.473E+02  2.318E-04  0.000E+00  0.000E+00  0.000E+00  4.026E+00
  6.327E+06  5.050E+07  5.506E+02  2.318E-04  0.000E+00  0.000E+00  0.000E+00  4.026E+00
  6.163E+06  5.150E+07  5.539E+02  2.318E-04  0.000E+00  0.000E+00  0.000E+00  4.026E+00
  6.001E+06  5.250E+07  5.571E+02  2.318E-04  0.000E+00  0.000E+00  0.000E+00  4.026E+00
  5.841E+06  5.350E+07  5.603E+02  2.318E-04  0.000E+00  0.000E+00  0.000E+00  4.026E+00
  5.683E+06  5.450E+07  5.634E+02  2.318E-04  0.000E+00  0.000E+00  0.000E+00  4.026E+00
  5.528E+06  5.550E+07  5.665E+02  2.318E-04  0.000E+00  0.000E+00  0.000E+00  4.026E+00
  5.374E+06  5.650E+07  5.696E+02  2.318E-04  0.000E+00  0.000E+00  0.000E+00  4.026E+00
  5.222E+06  5.750E+07  5.726E+02  2.318E-04  0.000E+00  0.000E+00  0.000E+00  4.026E+00
  5.072E+06  5.850E+07  5.756E+02  2.318E-04  0.000E+00  0.000E+00  0.000E+00  4.026E+00
  4.924E+06  5.950E+07  5.785E+02  2.318E-04  0.000E+00  0.000E+00  0.000E+00  4.026E+00
  4.777E+06  6.050E+07  5.814E+02  2.318E-04  0.000E+00  0.000E+00  0.000E+00  4.026E+00
  4.633E+06  6.150E+07  5.843E+02  2.318E-04  0.000E+00  0.000E+00  0.000E+00  4.026E+00
  4.489E+06  6.250E+07  5.871E+02  2.318E-04  0.000E+00  0.000E+00  0.000E+00  4.026E+00
  4.348E+06  6.350E+07  5.900E+02  2.318E-04  0.000E+00  0.000E+00  0.000E+00  4.026E+00
  4.208E+06  6.450E+07  5.927E+02  2.318E-04  0.000E+00  0.000E+00  0.000E+00  4.026E+00
  4.069E+06  6.550E+07  5.955E+02  2.318E-04  0.000E+00  0.000E+00  0.000E+00  4.026E+00
  3.932E+06  6.650E+07  5.982E+02  2.318E-04  0.000E+00  0.000E+00  0.000E+00  4.026E+00
  3.797E+06  6.750E+07  6.009E+02  2.318E-04  0.000E+00  0.000E+00  0.000E+00  4.026E+00
  3.663E+06  6.850E+07  6.036E+02  2.318E-04  0.000E+00  0.000E+00  0.000E+00  4.026E+00
  3.530E+06  6.950E+07  6.062E+02  2.318E-04  0.000E+00  0.000E+00  0.000E+00  4.026E+00
  3.398E+06  7.050E+07  6.088E+02  2.318E-04  0.000E+00  0.000E+00  0.000E+00  4.026E+00
  3.268E+06  7.150E+07  6.114E+02  2.318E-04  0.000E+00  0.000E+00  0.000E+00  4.026E+00
  3.139E+06  7.250E+07  6.140E+02  2.318E-04  0.000E+00  0.000E+00  0.000E+00  4.026E+00
  3.012E+06  7.350E+07  6.165E+02  2.318E-04  0.000E+00  0.000E+00  0.000E+00  4.026E+00
  2.885E+06  7.450E+07  6.190E+02  2.318E-04  0.000E+00  0.000E+00  0.000E+00  4.026E+00
  2.760E+06  7.550E+07  6.215E+02  2.318E-04  0.000E+00  0.000E+00  0.000E+00  4.026E+00
  2.636E+06  7.650E+07  6.240E+02  2.318E-04  0.000E+00  0.000E+00  0.000E+00  4.026E+00
  2.513E+06  7.750E+07  6.264E+02  2.318E-04  0.000E+00  0.000E+00  0.000E+00  4.026E+00
  2.391E+06  7.850E+07  6.288E+02  2.318E-04  0.000E+00  0.000E+00  0.000E+00  4.026E+00
  2.270E+06  7.950E+07  6.312E+02  2.318E-04  0.000E+00  0.000E+00  0.000E+00  4.026E+00
  2.150E+06  8.050E+07  6.336E+02  2.318E-04  0.000E+00  0.000E+00  0.000E+00  4.026E+00
  2.032E+06  8.150E+07  6.360E+02  2.318E-04  0.000E+00  0.000E+00  0.000E+00  4.026E+00
  1.914E+06  8.250E+07  6.383E+02  2.318E-04  0.000E+00  0.000E+00  0.000E+00  4.026E+00
  1.797E+06  8.350E+07  6.406E+02  2.318E-04  0.000E+00  0.000E+00  0.000E+00  4.026E+00
  1.682E+06  8.450E+07  6.429E+02  2.318E-04  0.000E+00  0.000E+00  0.000E+00  4.026E+00
  1.567E+06  8.550E+07  6.452E+02  2.318E-04  0.000E+00  0.000E+00  0.000E+00  4.026E+00
  1.453E+06  8.650E+07  6.474E+02  2.318E-04  0.000E+00  0.000E+00  0.000E+00  4.026E+00
  1.340E+06  8.750E+07  6.497E+02  2.318E-04  0.000E+00  0.000E+00  0.000E+00  4.026E+00
  1.228E+06  8.850E+07  6.519E+02  2.318E-04  0.000E+00  0.000E+00  0.000E+00  4.026E+00
  1.117E+06  8.950E+07  6.541E+02  2.318E-04  0.000E+00  0.000E+00  0.000E+00  4.026E+00
  1.007E+06  9.050E+07  6.563E+02  2.318E-04  0.000E+00  0.000E+00  0.000E+00  4.026E+00
  8.975E+05  9.150E+07  6.585E+02  2.318E-04  0.000E+00  0.000E+00  0.000E+00  4.026E+00
  7.889E+05  9.250E+07  6.606E+02  2.318E-04  0.000E+00  0.000E+00  0.000E+00  4.026E+00
  6.812E+05  9.350E+07  6.628E+02  2.318E-04  0.000E+00  0.000E+00  0.000E+00  4.026E+00
  5.743E+05  9.450E+07  6.649E+02  2.318E-04  0.000E+00  0.000E+00  0.000E+00  4.026E+00
  4.682E+05  9.550E+07  6.670E+02  2.318E-04  0.000E+00  0.000E+00  0.000E+00  4.026E+00
  3.628E+05  9.650E+07  6.691E+02  2.318E-04  0.000E+00  0.000E+00  0.000E+00  4.026E+00
  2.582E+05  9.750E+07  6.712E+02  2.318E-04  0.000E+00  0.000E+00  0.000E+00  4.026E+00
  1.544E+05  9.850E+07  6.732E+02  2.318E-04  0.000E+00  0.000E+00  0.000E+00  4.026E+00
  5.124E+04  9.950E+07  6.753E+02  2.318E-04  0.000E+00  0.000E+00  0.000E+00  4.026E+00
