# P(bar)	Z(m)	Kz	LHF	qt	qc	ndz	rg	reff	rw
1.190000000000000085e-03 3.986726101145761204e+05 6.787650987951620483e+10 0.000000000000000000e+00 1.185829735137467894e-05 0.000000000000000000e+00 0.000000000000000000e+00 0.000000000000000000e+00 0.000000000000000000e+00 0.000000000000000000e+00
1.335000000000000032e-03 3.867972827996903216e+05 6.113074971853408051e+10 0.000000000000000000e+00 1.185829735137467894e-05 0.000000000000000000e+00 0.000000000000000000e+00 0.000000000000000000e+00 0.000000000000000000e+00 0.000000000000000000e+00
1.495000000000000018e-03 4.009799947272176505e+05 5.659391525575145721e+10 0.000000000000000000e+00 1.185829735137467894e-05 0.000000000000000000e+00 0.000000000000000000e+00 0.000000000000000000e+00 0.000000000000000000e+00 0.000000000000000000e+00
1.680000000000000070e-03 4.060047264327625744e+05 9.455352871425605774e+10 0.000000000000000000e+00 1.185829735137467894e-05 0.000000000000000000e+00 0.000000000000000000e+00 0.000000000000000000e+00 0.000000000000000000e+00 0.000000000000000000e+00
1.889999999999999970e-03 3.997312633776660659e+05 2.696633273851349792e+11 0.000000000000000000e+00 1.185829735137467894e-05 0.000000000000000000e+00 0.000000000000000000e+00 0.000000000000000000e+00 0.000000000000000000e+00 0.000000000000000000e+00
2.119999999999999923e-03 3.973771088279798860e+05 1.133549949245919800e+11 0.000000000000000000e+00 1.185829735137467894e-05 0.000000000000000000e+00 0.000000000000000000e+00 0.000000000000000000e+00 0.000000000000000000e+00 0.000000000000000000e+00
2.374999999999999941e-03 4.056506019174950197e+05 5.006606157865996552e+10 0.000000000000000000e+00 1.185829735137467894e-05 0.000000000000000000e+00 0.000000000000000000e+00 0.000000000000000000e+00 0.000000000000000000e+00 0.000000000000000000e+00
2.664999999999999834e-03 4.071090829403173411e+05 1.023441878810453491e+11 0.000000000000000000e+00 1.185829735137467894e-05 0.000000000000000000e+00 0.000000000000000000e+00 0.000000000000000000e+00 0.000000000000000000e+00 0.000000000000000000e+00
2.990000000000000036e-03 4.152917624083240516e+05 2.022321725263438721e+11 0.000000000000000000e+00 1.185829735137467894e-05 0.000000000000000000e+00 0.000000000000000000e+00 0.000000000000000000e+00 0.000000000000000000e+00 0.000000000000000000e+00
3.355000000000000343e-03 4.161297380927600898e+05 1.564084511335898132e+11 0.000000000000000000e+00 1.185829735137467894e-05 0.000000000000000000e+00 0.000000000000000000e+00 0.000000000000000000e+00 0.000000000000000000e+00 0.000000000000000000e+00
3.765000000000000117e-03 4.145780303216782631e+05 6.827044154769564056e+10 0.000000000000000000e+00 1.185829735137467894e-05 0.000000000000000000e+00 0.000000000000000000e+00 0.000000000000000000e+00 0.000000000000000000e+00 0.000000000000000000e+00
4.224999999999999589e-03 4.122075022703399882e+05 4.289127165553633118e+10 0.000000000000000000e+00 1.185829735137467894e-05 0.000000000000000000e+00 0.000000000000000000e+00 0.000000000000000000e+00 0.000000000000000000e+00 0.000000000000000000e+00
4.739999999999999422e-03 4.192685929866968654e+05 1.185406693255561371e+11 0.000000000000000000e+00 1.185829735137467894e-05 0.000000000000000000e+00 0.000000000000000000e+00 0.000000000000000000e+00 0.000000000000000000e+00 0.000000000000000000e+00
5.315000000000000280e-03 4.287691601582445437e+05 2.656589288852213440e+11 0.000000000000000000e+00 1.185829735137467894e-05 0.000000000000000000e+00 0.000000000000000000e+00 0.000000000000000000e+00 0.000000000000000000e+00 0.000000000000000000e+00
5.964999999999999816e-03 4.247277607391709462e+05 1.384383586460055542e+11 0.000000000000000000e+00 1.185829735137467894e-05 0.000000000000000000e+00 0.000000000000000000e+00 0.000000000000000000e+00 0.000000000000000000e+00 0.000000000000000000e+00
6.694999999999999563e-03 4.141949276213682024e+05 3.809503684096332550e+10 0.000000000000000000e+00 1.185829735137467894e-05 0.000000000000000000e+00 0.000000000000000000e+00 0.000000000000000000e+00 0.000000000000000000e+00 0.000000000000000000e+00
7.509999999999999315e-03 4.039790028101148782e+05 3.571302231517994690e+10 0.000000000000000000e+00 1.185829735137467894e-05 0.000000000000000000e+00 0.000000000000000000e+00 0.000000000000000000e+00 0.000000000000000000e+00 0.000000000000000000e+00
8.424999999999998462e-03 3.874507057365666260e+05 3.320474148724437714e+10 0.000000000000000000e+00 1.185829735137467894e-05 0.000000000000000000e+00 0.000000000000000000e+00 0.000000000000000000e+00 0.000000000000000000e+00 0.000000000000000000e+00
9.454999999999999863e-03 3.650735478932434926e+05 3.025661990332865143e+10 0.000000000000000000e+00 1.185829735137467894e-05 0.000000000000000000e+00 0.000000000000000000e+00 0.000000000000000000e+00 0.000000000000000000e+00 0.000000000000000000e+00
1.060000000000000005e-02 3.545669843848039745e+05 2.729087018026159668e+10 0.000000000000000000e+00 1.185829735137467894e-05 0.000000000000000000e+00 0.000000000000000000e+00 0.000000000000000000e+00 0.000000000000000000e+00 0.000000000000000000e+00
1.190000000000000085e-02 3.350411480300779804e+05 2.462396221070491028e+10 0.000000000000000000e+00 1.185829735137467894e-05 0.000000000000000000e+00 0.000000000000000000e+00 0.000000000000000000e+00 0.000000000000000000e+00 0.000000000000000000e+00
1.335000000000000075e-02 3.336063335498648812e+05 2.242333606164572525e+10 0.000000000000000000e+00 1.185829735137467894e-05 0.000000000000000000e+00 0.000000000000000000e+00 0.000000000000000000e+00 0.000000000000000000e+00 0.000000000000000000e+00
1.499999999999999944e-02 3.180338450568793342e+05 2.063139399076066971e+10 0.000000000000000000e+00 1.185829735137467894e-05 0.000000000000000000e+00 0.000000000000000000e+00 0.000000000000000000e+00 0.000000000000000000e+00 0.000000000000000000e+00
1.685000000000000039e-02 3.122979329654730973e+05 1.909451682242372513e+10 0.000000000000000000e+00 1.185829735137467894e-05 0.000000000000000000e+00 0.000000000000000000e+00 0.000000000000000000e+00 0.000000000000000000e+00 0.000000000000000000e+00
1.890000000000000013e-02 3.048685708744055009e+05 1.788526241110719681e+10 0.000000000000000000e+00 1.185829735137467894e-05 0.000000000000000000e+00 0.000000000000000000e+00 0.000000000000000000e+00 0.000000000000000000e+00 0.000000000000000000e+00
2.120000000000000009e-02 2.989054094119312940e+05 1.685441281819912148e+10 0.000000000000000000e+00 1.185829735137467894e-05 0.000000000000000000e+00 0.000000000000000000e+00 0.000000000000000000e+00 0.000000000000000000e+00 0.000000000000000000e+00
2.375000000000000028e-02 3.009601899473978556e+05 1.592959241216858292e+10 0.000000000000000000e+00 1.185829735137467894e-05 0.000000000000000000e+00 0.000000000000000000e+00 0.000000000000000000e+00 0.000000000000000000e+00 0.000000000000000000e+00
2.665000000000000008e-02 2.910162721523743821e+05 1.511326554756238174e+10 0.000000000000000000e+00 1.185829735137467894e-05 0.000000000000000000e+00 0.000000000000000000e+00 0.000000000000000000e+00 0.000000000000000000e+00 0.000000000000000000e+00
2.990000000000000296e-02 2.893611876375951688e+05 1.412992470666582680e+10 0.000000000000000000e+00 1.185829735137467894e-05 0.000000000000000000e+00 0.000000000000000000e+00 0.000000000000000000e+00 0.000000000000000000e+00 0.000000000000000000e+00
3.354999999999999649e-02 2.904542409206759767e+05 1.327169138800355911e+10 0.000000000000000000e+00 1.185829735137467894e-05 0.000000000000000000e+00 0.000000000000000000e+00 0.000000000000000000e+00 0.000000000000000000e+00 0.000000000000000000e+00
3.765000000000000291e-02 2.953115350962957018e+05 5.619153695661196899e+10 0.000000000000000000e+00 1.185829735137467894e-05 0.000000000000000000e+00 0.000000000000000000e+00 0.000000000000000000e+00 0.000000000000000000e+00 0.000000000000000000e+00
4.224999999999999589e-02 2.948956764871566556e+05 4.010071656717802429e+10 0.000000000000000000e+00 1.185829735137467894e-05 0.000000000000000000e+00 0.000000000000000000e+00 0.000000000000000000e+00 0.000000000000000000e+00 0.000000000000000000e+00
4.739999999999999769e-02 2.962407968034467194e+05 1.312660264344872093e+10 0.000000000000000000e+00 1.185829735137467894e-05 0.000000000000000000e+00 0.000000000000000000e+00 0.000000000000000000e+00 0.000000000000000000e+00 0.000000000000000000e+00
5.315000000000000280e-02 2.992822060169280740e+05 2.198350845983561325e+10 0.000000000000000000e+00 1.185829735137467894e-05 0.000000000000000000e+00 0.000000000000000000e+00 0.000000000000000000e+00 0.000000000000000000e+00 0.000000000000000000e+00
5.965000000000000163e-02 2.951105474464306026e+05 1.145638420491915512e+10 0.000000000000000000e+00 1.185829735137467894e-05 0.000000000000000000e+00 0.000000000000000000e+00 0.000000000000000000e+00 0.000000000000000000e+00 0.000000000000000000e+00
6.690000000000000113e-02 2.951868794561331742e+05 1.098040022784937859e+10 0.000000000000000000e+00 1.185829735137467894e-05 0.000000000000000000e+00 0.000000000000000000e+00 0.000000000000000000e+00 0.000000000000000000e+00 0.000000000000000000e+00
7.505000000000000560e-02 2.933919203185384395e+05 1.046337483577285194e+10 0.000000000000000000e+00 1.185829735137467894e-05 0.000000000000000000e+00 0.000000000000000000e+00 0.000000000000000000e+00 0.000000000000000000e+00 0.000000000000000000e+00
8.424999999999999156e-02 2.934660820201293682e+05 9.962041985499103546e+09 0.000000000000000000e+00 1.185829735137467894e-05 0.000000000000000000e+00 0.000000000000000000e+00 0.000000000000000000e+00 0.000000000000000000e+00 0.000000000000000000e+00
9.454999999999999516e-02 2.926240472209078725e+05 1.796733579348936844e+10 0.000000000000000000e+00 1.185829735137467894e-05 0.000000000000000000e+00 0.000000000000000000e+00 0.000000000000000000e+00 0.000000000000000000e+00 0.000000000000000000e+00
1.060999999999999999e-01 2.892871472347817617e+05 9.220043257375259399e+09 0.000000000000000000e+00 1.185829735137467894e-05 0.000000000000000000e+00 0.000000000000000000e+00 0.000000000000000000e+00 0.000000000000000000e+00 0.000000000000000000e+00
1.190449999999999980e-01 2.871549835420773597e+05 8.762019970914747238e+09 3.137402857652832333e-02 1.185829735137467894e-05 1.284269396269669116e-06 1.344552680129721844e+00 1.141697507271833645e-04 1.141697507271833645e-04 1.141697507271833645e-04
1.335699999999999943e-01 2.881855129144554958e+05 nan nan 1.342266165171223967e-05 6.396312211452490506e-06 nan nan nan 1.000000000000000036e-10
1.498700000000000032e-01 2.909401064833507407e+05 nan nan 2.319587851864046143e-05 1.660803668146987419e-05 nan nan nan 1.000000000000000036e-10
1.681599999999999762e-01 2.940243242594832554e+05 nan nan 3.380352784486240469e-05 2.589035412671786312e-05 nan nan nan 1.000000000000000036e-10
1.886800000000000144e-01 2.977611796732551884e+05 nan nan 4.433688458860720173e-05 3.435129164287961580e-05 nan nan nan 1.000000000000000036e-10
2.116999999999999993e-01 3.021188308438422391e+05 nan nan 5.850434724117048365e-05 4.527708619921980691e-05 nan nan nan 1.000000000000000036e-10
2.375300000000000189e-01 3.072211766899722279e+05 nan nan 7.216191027162973586e-05 5.365776621376228302e-05 nan nan nan 1.000000000000000036e-10
2.665150000000000019e-01 3.119436253669947037e+05 nan nan 8.750534492856471100e-05 6.027372658691062981e-05 nan nan nan 1.000000000000000036e-10
2.990349999999999953e-01 3.178729558865904110e+05 nan nan 1.012758257526160874e-04 6.206743078264413530e-05 nan nan nan 1.000000000000000036e-10
3.355200000000000404e-01 3.260355467147178133e+05 nan nan 1.192659168552215635e-04 6.013429827791604915e-05 nan nan nan 1.000000000000000036e-10
3.764600000000000168e-01 3.339243818096515024e+05 nan nan 1.304924615940540600e-04 2.475005362297555845e-05 nan nan nan 1.000000000000000036e-10
4.223950000000000204e-01 3.405803027879867586e+05 4.729716246517200470e+10 0.000000000000000000e+00 1.340000000000000045e-04 0.000000000000000000e+00 0.000000000000000000e+00 0.000000000000000000e+00 0.000000000000000000e+00 0.000000000000000000e+00
4.739349999999999952e-01 3.502500666042028461e+05 3.791544324833767700e+10 0.000000000000000000e+00 1.340000000000000045e-04 0.000000000000000000e+00 0.000000000000000000e+00 0.000000000000000000e+00 0.000000000000000000e+00 0.000000000000000000e+00
5.317650000000000432e-01 3.635512621828785050e+05 6.748423681982038116e+10 0.000000000000000000e+00 1.340000000000000045e-04 0.000000000000000000e+00 0.000000000000000000e+00 0.000000000000000000e+00 0.000000000000000000e+00 0.000000000000000000e+00
5.966499999999999027e-01 3.760358584236786701e+05 8.215418382461955261e+10 0.000000000000000000e+00 1.340000000000000045e-04 0.000000000000000000e+00 0.000000000000000000e+00 0.000000000000000000e+00 0.000000000000000000e+00 0.000000000000000000e+00
6.694549999999999113e-01 6.723818269825768657e+05 6.544940691080914307e+10 0.000000000000000000e+00 1.340000000000000045e-04 0.000000000000000000e+00 0.000000000000000000e+00 0.000000000000000000e+00 0.000000000000000000e+00 0.000000000000000000e+00
7.995999999999999774e-01 5.455415374256365467e+05 7.393696787868516541e+10 0.000000000000000000e+00 1.340000000000000045e-04 0.000000000000000000e+00 0.000000000000000000e+00 0.000000000000000000e+00 0.000000000000000000e+00 0.000000000000000000e+00
9.456249999999999378e-01 6.218289908732936019e+05 1.008063424844573822e+11 0.000000000000000000e+00 1.340000000000000045e-04 0.000000000000000000e+00 0.000000000000000000e+00 0.000000000000000000e+00 0.000000000000000000e+00 0.000000000000000000e+00
1.100000000000000089e+00 6.587586628747351933e+05 8.227440721382803345e+10 0.000000000000000000e+00 1.340000000000000045e-04 0.000000000000000000e+00 0.000000000000000000e+00 0.000000000000000000e+00 0.000000000000000000e+00 0.000000000000000000e+00
1.299999999999999822e+00 5.934383000126309926e+05 8.316275756058122253e+10 0.000000000000000000e+00 1.340000000000000045e-04 0.000000000000000000e+00 0.000000000000000000e+00 0.000000000000000000e+00 0.000000000000000000e+00 0.000000000000000000e+00
1.500000000000000000e+00 5.420071125687373569e+05 8.384611578933535767e+10 0.000000000000000000e+00 1.340000000000000045e-04 0.000000000000000000e+00 0.000000000000000000e+00 0.000000000000000000e+00 0.000000000000000000e+00 0.000000000000000000e+00
1.700000000000000178e+00 5.002685624273268040e+05 8.439492793341479492e+10 0.000000000000000000e+00 1.340000000000000045e-04 0.000000000000000000e+00 0.000000000000000000e+00 0.000000000000000000e+00 0.000000000000000000e+00 0.000000000000000000e+00
1.899999999999999911e+00 4.655958931792344665e+05 8.486040858430908203e+10 0.000000000000000000e+00 1.340000000000000045e-04 0.000000000000000000e+00 0.000000000000000000e+00 0.000000000000000000e+00 0.000000000000000000e+00 0.000000000000000000e+00
2.100000000000000089e+00 4.362526531248682877e+05 8.526004984033386230e+10 0.000000000000000000e+00 1.340000000000000045e-04 0.000000000000000000e+00 0.000000000000000000e+00 0.000000000000000000e+00 0.000000000000000000e+00 0.000000000000000000e+00
2.299999999999999822e+00 4.110406361568318680e+05 8.561511063158795166e+10 0.000000000000000000e+00 1.340000000000000045e-04 0.000000000000000000e+00 0.000000000000000000e+00 0.000000000000000000e+00 0.000000000000000000e+00 0.000000000000000000e+00
2.500000000000000000e+00 3.891036382997756591e+05 8.593603267386656189e+10 0.000000000000000000e+00 1.340000000000000045e-04 0.000000000000000000e+00 0.000000000000000000e+00 0.000000000000000000e+00 0.000000000000000000e+00 0.000000000000000000e+00
2.700000000000000178e+00 3.698120208133168053e+05 8.623086008419873047e+10 0.000000000000000000e+00 1.340000000000000045e-04 0.000000000000000000e+00 0.000000000000000000e+00 0.000000000000000000e+00 0.000000000000000000e+00 0.000000000000000000e+00
2.899999999999999911e+00 3.526914736913600354e+05 8.650479530619136047e+10 0.000000000000000000e+00 1.340000000000000045e-04 0.000000000000000000e+00 0.000000000000000000e+00 0.000000000000000000e+00 0.000000000000000000e+00 0.000000000000000000e+00
3.100000000000000089e+00 3.373772394912536256e+05 8.676226675614132690e+10 0.000000000000000000e+00 1.340000000000000045e-04 0.000000000000000000e+00 0.000000000000000000e+00 0.000000000000000000e+00 0.000000000000000000e+00 0.000000000000000000e+00
3.299999999999999822e+00 3.235838200985030853e+05 8.700553547989120483e+10 0.000000000000000000e+00 1.340000000000000045e-04 0.000000000000000000e+00 0.000000000000000000e+00 0.000000000000000000e+00 0.000000000000000000e+00 0.000000000000000000e+00
3.500000000000000000e+00 3.110842567178939353e+05 8.723747725460025024e+10 0.000000000000000000e+00 1.340000000000000045e-04 0.000000000000000000e+00 0.000000000000000000e+00 0.000000000000000000e+00 0.000000000000000000e+00 0.000000000000000000e+00
3.700000000000000178e+00 2.996956167350535979e+05 8.745935245936813354e+10 0.000000000000000000e+00 1.340000000000000045e-04 0.000000000000000000e+00 0.000000000000000000e+00 0.000000000000000000e+00 0.000000000000000000e+00 0.000000000000000000e+00
3.899999999999999911e+00 2.892687763505283510e+05 8.767156476460359192e+10 0.000000000000000000e+00 1.340000000000000045e-04 0.000000000000000000e+00 0.000000000000000000e+00 0.000000000000000000e+00 0.000000000000000000e+00 0.000000000000000000e+00
4.099999999999999645e+00 2.796805750404304126e+05 8.787795436350158691e+10 0.000000000000000000e+00 1.340000000000000045e-04 0.000000000000000000e+00 0.000000000000000000e+00 0.000000000000000000e+00 0.000000000000000000e+00 0.000000000000000000e+00
4.300000000000000711e+00 2.708288911800904316e+05 8.807079458832316589e+10 0.000000000000000000e+00 1.340000000000000045e-04 0.000000000000000000e+00 0.000000000000000000e+00 0.000000000000000000e+00 0.000000000000000000e+00 0.000000000000000000e+00
4.500000000000000000e+00 2.626277289924756624e+05 8.826944643323541260e+10 0.000000000000000000e+00 1.340000000000000045e-04 0.000000000000000000e+00 0.000000000000000000e+00 0.000000000000000000e+00 0.000000000000000000e+00 0.000000000000000000e+00
4.699999999999999289e+00 2.550042167773082037e+05 8.845623130806675720e+10 0.000000000000000000e+00 1.340000000000000045e-04 0.000000000000000000e+00 0.000000000000000000e+00 0.000000000000000000e+00 0.000000000000000000e+00 0.000000000000000000e+00
4.900000000000000355e+00 2.478962972122503561e+05 8.863807797872900391e+10 0.000000000000000000e+00 1.340000000000000045e-04 0.000000000000000000e+00 0.000000000000000000e+00 0.000000000000000000e+00 0.000000000000000000e+00 0.000000000000000000e+00
5.099999999999999645e+00 2.412507079630272347e+05 8.881498514752749634e+10 0.000000000000000000e+00 1.340000000000000045e-04 0.000000000000000000e+00 0.000000000000000000e+00 0.000000000000000000e+00 0.000000000000000000e+00 0.000000000000000000e+00
5.300000000000000711e+00 2.350214516899943410e+05 8.898760455385081482e+10 0.000000000000000000e+00 1.340000000000000045e-04 0.000000000000000000e+00 0.000000000000000000e+00 0.000000000000000000e+00 0.000000000000000000e+00 0.000000000000000000e+00
5.500000000000000000e+00 2.291685883871143742e+05 8.915597101465475464e+10 0.000000000000000000e+00 1.340000000000000045e-04 0.000000000000000000e+00 0.000000000000000000e+00 0.000000000000000000e+00 0.000000000000000000e+00 0.000000000000000000e+00
5.699999999999999289e+00 2.236572428021280793e+05 8.932079896622406006e+10 0.000000000000000000e+00 1.340000000000000045e-04 0.000000000000000000e+00 0.000000000000000000e+00 0.000000000000000000e+00 0.000000000000000000e+00 0.000000000000000000e+00
5.900000000000000355e+00 2.184568233490524872e+05 8.948159230485984802e+10 0.000000000000000000e+00 1.340000000000000045e-04 0.000000000000000000e+00 0.000000000000000000e+00 0.000000000000000000e+00 0.000000000000000000e+00 0.000000000000000000e+00
6.099999999999999645e+00 2.135403844896591618e+05 8.963898996799353027e+10 0.000000000000000000e+00 1.340000000000000045e-04 0.000000000000000000e+00 0.000000000000000000e+00 0.000000000000000000e+00 0.000000000000000000e+00 0.000000000000000000e+00
6.300000000000000711e+00 2.088840680575536680e+05 8.979363325679296875e+10 0.000000000000000000e+00 1.340000000000000045e-04 0.000000000000000000e+00 0.000000000000000000e+00 0.000000000000000000e+00 0.000000000000000000e+00 0.000000000000000000e+00
6.500000000000000000e+00 2.046394777723314473e+05 8.994445925587210083e+10 0.000000000000000000e+00 1.340000000000000045e-04 0.000000000000000000e+00 0.000000000000000000e+00 0.000000000000000000e+00 0.000000000000000000e+00 0.000000000000000000e+00
6.699999999999999289e+00 2.005127388849962736e+05 1.028124051693347321e+11 0.000000000000000000e+00 1.340000000000000045e-04 0.000000000000000000e+00 0.000000000000000000e+00 0.000000000000000000e+00 0.000000000000000000e+00 0.000000000000000000e+00
6.900000000000000355e+00 1.964975375135472568e+05 8.948954407263969421e+10 0.000000000000000000e+00 1.340000000000000045e-04 0.000000000000000000e+00 0.000000000000000000e+00 0.000000000000000000e+00 0.000000000000000000e+00 0.000000000000000000e+00
7.099999999999999645e+00 1.926723839252755861e+05 8.967724816348477173e+10 0.000000000000000000e+00 1.340000000000000045e-04 0.000000000000000000e+00 0.000000000000000000e+00 0.000000000000000000e+00 0.000000000000000000e+00 0.000000000000000000e+00
7.300000000000000711e+00 1.890233346121833019e+05 8.984409215249470520e+10 0.000000000000000000e+00 1.340000000000000045e-04 0.000000000000000000e+00 0.000000000000000000e+00 0.000000000000000000e+00 0.000000000000000000e+00 0.000000000000000000e+00
7.500000000000000000e+00 1.855378756496599235e+05 9.001151922723374939e+10 0.000000000000000000e+00 1.340000000000000045e-04 0.000000000000000000e+00 0.000000000000000000e+00 0.000000000000000000e+00 0.000000000000000000e+00 0.000000000000000000e+00
7.699999999999999289e+00 1.822046570714359987e+05 9.017486480493003845e+10 0.000000000000000000e+00 1.340000000000000045e-04 0.000000000000000000e+00 0.000000000000000000e+00 0.000000000000000000e+00 0.000000000000000000e+00 0.000000000000000000e+00
7.900000000000000355e+00 1.790075066903528641e+05 9.033448447449069214e+10 0.000000000000000000e+00 1.340000000000000045e-04 0.000000000000000000e+00 0.000000000000000000e+00 0.000000000000000000e+00 0.000000000000000000e+00 0.000000000000000000e+00
8.099994999999999834e+00 1.759519145620277268e+05 9.049471150047602844e+10 0.000000000000000000e+00 1.340000000000000045e-04 0.000000000000000000e+00 0.000000000000000000e+00 0.000000000000000000e+00 0.000000000000000000e+00 0.000000000000000000e+00
8.299990000000001089e+00 1.730202076719337492e+05 9.064252983193530273e+10 0.000000000000000000e+00 1.340000000000000045e-04 0.000000000000000000e+00 0.000000000000000000e+00 0.000000000000000000e+00 0.000000000000000000e+00 0.000000000000000000e+00
8.499990000000000379e+00 1.702017574378723511e+05 9.079167112935845947e+10 0.000000000000000000e+00 1.340000000000000045e-04 0.000000000000000000e+00 0.000000000000000000e+00 0.000000000000000000e+00 0.000000000000000000e+00 0.000000000000000000e+00
8.699989999999999668e+00 1.674923896132402006e+05 9.093730211564112854e+10 0.000000000000000000e+00 1.340000000000000045e-04 0.000000000000000000e+00 0.000000000000000000e+00 0.000000000000000000e+00 0.000000000000000000e+00 0.000000000000000000e+00
8.899989999999998957e+00 1.648855463393597456e+05 9.108000705025402832e+10 0.000000000000000000e+00 1.340000000000000045e-04 0.000000000000000000e+00 0.000000000000000000e+00 0.000000000000000000e+00 0.000000000000000000e+00 0.000000000000000000e+00
9.099990000000000023e+00 1.623751995481730555e+05 9.121966138993328857e+10 0.000000000000000000e+00 1.340000000000000045e-04 0.000000000000000000e+00 0.000000000000000000e+00 0.000000000000000000e+00 0.000000000000000000e+00 0.000000000000000000e+00
9.299990000000001089e+00 1.599557949239239679e+05 9.135668263712071228e+10 0.000000000000000000e+00 1.340000000000000045e-04 0.000000000000000000e+00 0.000000000000000000e+00 0.000000000000000000e+00 0.000000000000000000e+00 0.000000000000000000e+00
9.499990000000000379e+00 1.576222074332445045e+05 9.149080559139352417e+10 0.000000000000000000e+00 1.340000000000000045e-04 0.000000000000000000e+00 0.000000000000000000e+00 0.000000000000000000e+00 0.000000000000000000e+00 0.000000000000000000e+00
9.699989999999999668e+00 1.553697008257147099e+05 9.162237453018498230e+10 0.000000000000000000e+00 1.340000000000000045e-04 0.000000000000000000e+00 0.000000000000000000e+00 0.000000000000000000e+00 0.000000000000000000e+00 0.000000000000000000e+00
9.899989999999998957e+00 1.531938919239453971e+05 9.175152306774241638e+10 0.000000000000000000e+00 1.340000000000000045e-04 0.000000000000000000e+00 0.000000000000000000e+00 0.000000000000000000e+00 0.000000000000000000e+00 0.000000000000000000e+00
1.009999000000000002e+01 1.510906941684948979e+05 9.187863290147897339e+10 0.000000000000000000e+00 1.340000000000000045e-04 0.000000000000000000e+00 0.000000000000000000e+00 0.000000000000000000e+00 0.000000000000000000e+00 0.000000000000000000e+00
1.029999000000000109e+01 1.490563552726025227e+05 9.200021568857498169e+10 0.000000000000000000e+00 1.340000000000000045e-04 0.000000000000000000e+00 0.000000000000000000e+00 0.000000000000000000e+00 0.000000000000000000e+00 0.000000000000000000e+00
1.049999000000000038e+01 1.470873628206533613e+05 9.212504069657835388e+10 0.000000000000000000e+00 1.340000000000000045e-04 0.000000000000000000e+00 0.000000000000000000e+00 0.000000000000000000e+00 0.000000000000000000e+00 0.000000000000000000e+00
1.069998999999999967e+01 1.451803659315393888e+05 9.224512487806967163e+10 0.000000000000000000e+00 1.340000000000000045e-04 0.000000000000000000e+00 0.000000000000000000e+00 0.000000000000000000e+00 0.000000000000000000e+00 0.000000000000000000e+00
1.089998999999999896e+01 1.433324193657836586e+05 9.235087476998519897e+10 0.000000000000000000e+00 1.340000000000000045e-04 0.000000000000000000e+00 0.000000000000000000e+00 0.000000000000000000e+00 0.000000000000000000e+00 0.000000000000000000e+00
1.109999000000000002e+01 1.415406736935880035e+05 9.247895967892259216e+10 0.000000000000000000e+00 1.340000000000000045e-04 0.000000000000000000e+00 0.000000000000000000e+00 0.000000000000000000e+00 0.000000000000000000e+00 0.000000000000000000e+00
1.129999000000000109e+01 1.398024311842589814e+05 9.259315916002528381e+10 0.000000000000000000e+00 1.340000000000000045e-04 0.000000000000000000e+00 0.000000000000000000e+00 0.000000000000000000e+00 0.000000000000000000e+00 0.000000000000000000e+00
1.149999000000000038e+01 1.381151927210426948e+05 9.270579353712803650e+10 0.000000000000000000e+00 1.340000000000000045e-04 0.000000000000000000e+00 0.000000000000000000e+00 0.000000000000000000e+00 0.000000000000000000e+00 0.000000000000000000e+00
1.169998999999999967e+01 1.364766227685421472e+05 9.281551626974179077e+10 0.000000000000000000e+00 1.340000000000000045e-04 0.000000000000000000e+00 0.000000000000000000e+00 0.000000000000000000e+00 0.000000000000000000e+00 0.000000000000000000e+00
1.189998999999999896e+01 1.348845321609255334e+05 9.292440913942800903e+10 0.000000000000000000e+00 1.340000000000000045e-04 0.000000000000000000e+00 0.000000000000000000e+00 0.000000000000000000e+00 0.000000000000000000e+00 0.000000000000000000e+00
1.209999000000000002e+01 1.333368550077141263e+05 9.303195210912823486e+10 0.000000000000000000e+00 1.340000000000000045e-04 0.000000000000000000e+00 0.000000000000000000e+00 0.000000000000000000e+00 0.000000000000000000e+00 0.000000000000000000e+00
1.229999000000000109e+01 1.318316581085602811e+05 9.313644165040347290e+10 0.000000000000000000e+00 1.340000000000000045e-04 0.000000000000000000e+00 0.000000000000000000e+00 0.000000000000000000e+00 0.000000000000000000e+00 0.000000000000000000e+00
1.249999000000000038e+01 1.303671198825602332e+05 9.324081792790956116e+10 0.000000000000000000e+00 1.340000000000000045e-04 0.000000000000000000e+00 0.000000000000000000e+00 0.000000000000000000e+00 0.000000000000000000e+00 0.000000000000000000e+00
1.269998999999999967e+01 1.289415180328898423e+05 9.334320835303762817e+10 0.000000000000000000e+00 1.340000000000000045e-04 0.000000000000000000e+00 0.000000000000000000e+00 0.000000000000000000e+00 0.000000000000000000e+00 0.000000000000000000e+00
1.289998999999999896e+01 1.275532369810656091e+05 9.344321152768640137e+10 0.000000000000000000e+00 1.340000000000000045e-04 0.000000000000000000e+00 0.000000000000000000e+00 0.000000000000000000e+00 0.000000000000000000e+00 0.000000000000000000e+00
1.309999000000000002e+01 1.262007496488032048e+05 9.354311003185438538e+10 0.000000000000000000e+00 1.340000000000000045e-04 0.000000000000000000e+00 0.000000000000000000e+00 0.000000000000000000e+00 0.000000000000000000e+00 0.000000000000000000e+00
1.329999000000000109e+01 1.248826074242765608e+05 9.364129611890447998e+10 0.000000000000000000e+00 1.340000000000000045e-04 0.000000000000000000e+00 0.000000000000000000e+00 0.000000000000000000e+00 0.000000000000000000e+00 0.000000000000000000e+00
1.349999000000000038e+01 1.235974476794716611e+05 9.373715400513348389e+10 0.000000000000000000e+00 1.340000000000000045e-04 0.000000000000000000e+00 0.000000000000000000e+00 0.000000000000000000e+00 0.000000000000000000e+00 0.000000000000000000e+00
1.369998999999999967e+01 1.223439778343603830e+05 9.383285165481199646e+10 0.000000000000000000e+00 1.340000000000000045e-04 0.000000000000000000e+00 0.000000000000000000e+00 0.000000000000000000e+00 0.000000000000000000e+00 0.000000000000000000e+00
1.389998999999999896e+01 1.211209756462350051e+05 9.392653278189454651e+10 0.000000000000000000e+00 1.340000000000000045e-04 0.000000000000000000e+00 0.000000000000000000e+00 0.000000000000000000e+00 0.000000000000000000e+00 0.000000000000000000e+00
1.409999000000000002e+01 1.199272780000550702e+05 9.401972489747489929e+10 0.000000000000000000e+00 1.340000000000000045e-04 0.000000000000000000e+00 0.000000000000000000e+00 0.000000000000000000e+00 0.000000000000000000e+00 0.000000000000000000e+00
1.429999000000000109e+01 1.187617871729928884e+05 9.411041004717683411e+10 0.000000000000000000e+00 1.340000000000000045e-04 0.000000000000000000e+00 0.000000000000000000e+00 0.000000000000000000e+00 0.000000000000000000e+00 0.000000000000000000e+00
1.449999000000000038e+01 1.176234602881960309e+05 9.420123294402560425e+10 0.000000000000000000e+00 1.340000000000000045e-04 0.000000000000000000e+00 0.000000000000000000e+00 0.000000000000000000e+00 0.000000000000000000e+00 0.000000000000000000e+00
1.469998999999999967e+01 1.165113025012845901e+05 9.429066327547660828e+10 0.000000000000000000e+00 1.340000000000000045e-04 0.000000000000000000e+00 0.000000000000000000e+00 0.000000000000000000e+00 0.000000000000000000e+00 0.000000000000000000e+00
1.489998999999999896e+01 1.154243698361085408e+05 9.437828473505790710e+10 0.000000000000000000e+00 1.340000000000000045e-04 0.000000000000000000e+00 0.000000000000000000e+00 0.000000000000000000e+00 0.000000000000000000e+00 0.000000000000000000e+00
1.509999000000000002e+01 1.143617678450211242e+05 9.446486067435057068e+10 0.000000000000000000e+00 1.340000000000000045e-04 0.000000000000000000e+00 0.000000000000000000e+00 0.000000000000000000e+00 0.000000000000000000e+00 0.000000000000000000e+00
1.529999000000000109e+01 1.133226425505892839e+05 9.455114812805412292e+10 0.000000000000000000e+00 1.340000000000000045e-04 0.000000000000000000e+00 0.000000000000000000e+00 0.000000000000000000e+00 0.000000000000000000e+00 0.000000000000000000e+00
1.549999000000000038e+01 1.123061787929309357e+05 9.463600275176930237e+10 0.000000000000000000e+00 1.340000000000000045e-04 0.000000000000000000e+00 0.000000000000000000e+00 0.000000000000000000e+00 0.000000000000000000e+00 0.000000000000000000e+00
1.569998999999999967e+01 1.113116035037960974e+05 9.471947289464253235e+10 0.000000000000000000e+00 1.340000000000000045e-04 0.000000000000000000e+00 0.000000000000000000e+00 0.000000000000000000e+00 0.000000000000000000e+00 0.000000000000000000e+00
1.589998999999999896e+01 1.103381755901691940e+05 9.480286417398922729e+10 0.000000000000000000e+00 1.340000000000000045e-04 0.000000000000000000e+00 0.000000000000000000e+00 0.000000000000000000e+00 0.000000000000000000e+00 0.000000000000000000e+00
1.609998999999999825e+01 1.093851904134946526e+05 9.488425061271679688e+10 0.000000000000000000e+00 1.340000000000000045e-04 0.000000000000000000e+00 0.000000000000000000e+00 0.000000000000000000e+00 0.000000000000000000e+00 0.000000000000000000e+00
1.629999000000000109e+01 1.084519739608855161e+05 9.496553843504368591e+10 0.000000000000000000e+00 1.340000000000000045e-04 0.000000000000000000e+00 0.000000000000000000e+00 0.000000000000000000e+00 0.000000000000000000e+00 0.000000000000000000e+00
1.649998999999999683e+01 1.075378818679763790e+05 9.504536646143318176e+10 0.000000000000000000e+00 1.340000000000000045e-04 0.000000000000000000e+00 0.000000000000000000e+00 0.000000000000000000e+00 0.000000000000000000e+00 0.000000000000000000e+00
1.669998999999999967e+01 1.066422985785700439e+05 9.512429935280561829e+10 0.000000000000000000e+00 1.340000000000000045e-04 0.000000000000000000e+00 0.000000000000000000e+00 0.000000000000000000e+00 0.000000000000000000e+00 0.000000000000000000e+00
1.689999000000000251e+01 1.057646382988098048e+05 9.520222251260671997e+10 0.000000000000000000e+00 1.340000000000000045e-04 0.000000000000000000e+00 0.000000000000000000e+00 0.000000000000000000e+00 0.000000000000000000e+00 0.000000000000000000e+00
1.709998999999999825e+01 1.049043345490128704e+05 9.528035427034635925e+10 0.000000000000000000e+00 1.340000000000000045e-04 0.000000000000000000e+00 0.000000000000000000e+00 0.000000000000000000e+00 0.000000000000000000e+00 0.000000000000000000e+00
1.729999000000000109e+01 1.040608511040623707e+05 9.535581075306967163e+10 0.000000000000000000e+00 1.340000000000000045e-04 0.000000000000000000e+00 0.000000000000000000e+00 0.000000000000000000e+00 0.000000000000000000e+00 0.000000000000000000e+00
1.749998999999999683e+01 1.032336701057183527e+05 9.543251185947421265e+10 0.000000000000000000e+00 1.340000000000000045e-04 0.000000000000000000e+00 0.000000000000000000e+00 0.000000000000000000e+00 0.000000000000000000e+00 0.000000000000000000e+00
1.769998999999999967e+01 1.024222968638326274e+05 9.550680612459359741e+10 0.000000000000000000e+00 1.340000000000000045e-04 0.000000000000000000e+00 0.000000000000000000e+00 0.000000000000000000e+00 0.000000000000000000e+00 0.000000000000000000e+00
1.789999000000000251e+01 1.016262561321618996e+05 9.558123741639248657e+10 0.000000000000000000e+00 1.340000000000000045e-04 0.000000000000000000e+00 0.000000000000000000e+00 0.000000000000000000e+00 0.000000000000000000e+00 0.000000000000000000e+00
1.809998999999999825e+01 1.008450926524798269e+05 9.565415247542614746e+10 0.000000000000000000e+00 1.340000000000000045e-04 0.000000000000000000e+00 0.000000000000000000e+00 0.000000000000000000e+00 0.000000000000000000e+00 0.000000000000000000e+00
1.829999000000000109e+01 1.000783700987483171e+05 9.572669018682107544e+10 0.000000000000000000e+00 1.340000000000000045e-04 0.000000000000000000e+00 0.000000000000000000e+00 0.000000000000000000e+00 0.000000000000000000e+00 0.000000000000000000e+00
1.849998999999999683e+01 9.932567004832823295e+04 9.579856434660269165e+10 0.000000000000000000e+00 1.340000000000000045e-04 0.000000000000000000e+00 0.000000000000000000e+00 0.000000000000000000e+00 0.000000000000000000e+00 0.000000000000000000e+00
1.869998999999999967e+01 9.858658703935070662e+04 9.587019058521861267e+10 0.000000000000000000e+00 1.340000000000000045e-04 0.000000000000000000e+00 0.000000000000000000e+00 0.000000000000000000e+00 0.000000000000000000e+00 0.000000000000000000e+00
1.889999000000000251e+01 9.786073499421875749e+04 9.593977539586909485e+10 0.000000000000000000e+00 1.340000000000000045e-04 0.000000000000000000e+00 0.000000000000000000e+00 0.000000000000000000e+00 0.000000000000000000e+00 0.000000000000000000e+00
1.909998999999999825e+01 9.714774311746287276e+04 9.600989725621179199e+10 0.000000000000000000e+00 1.340000000000000045e-04 0.000000000000000000e+00 0.000000000000000000e+00 0.000000000000000000e+00 0.000000000000000000e+00 0.000000000000000000e+00
1.929999000000000109e+01 9.644724965206396882e+04 9.607946913743017578e+10 0.000000000000000000e+00 1.340000000000000045e-04 0.000000000000000000e+00 0.000000000000000000e+00 0.000000000000000000e+00 0.000000000000000000e+00 0.000000000000000000e+00
1.949998999999999683e+01 9.575891292405703280e+04 9.614659915365843201e+10 0.000000000000000000e+00 1.340000000000000045e-04 0.000000000000000000e+00 0.000000000000000000e+00 0.000000000000000000e+00 0.000000000000000000e+00 0.000000000000000000e+00
1.969998999999999967e+01 9.508239974303440249e+04 9.621539344161495972e+10 0.000000000000000000e+00 1.340000000000000045e-04 0.000000000000000000e+00 0.000000000000000000e+00 0.000000000000000000e+00 0.000000000000000000e+00 0.000000000000000000e+00
1.989999000000000251e+01 9.441739168366481317e+04 9.628166180710607910e+10 0.000000000000000000e+00 1.340000000000000045e-04 0.000000000000000000e+00 0.000000000000000000e+00 0.000000000000000000e+00 0.000000000000000000e+00 0.000000000000000000e+00
2.009998999999999825e+01 9.376357994555350160e+04 9.634877568577639771e+10 0.000000000000000000e+00 1.340000000000000045e-04 0.000000000000000000e+00 0.000000000000000000e+00 0.000000000000000000e+00 0.000000000000000000e+00 0.000000000000000000e+00
2.029999000000000109e+01 9.312066778734486434e+04 9.641398676432894897e+10 0.000000000000000000e+00 1.340000000000000045e-04 0.000000000000000000e+00 0.000000000000000000e+00 0.000000000000000000e+00 0.000000000000000000e+00 0.000000000000000000e+00
2.049998999999999683e+01 9.248836997572450491e+04 9.647914413844029236e+10 0.000000000000000000e+00 1.340000000000000045e-04 0.000000000000000000e+00 0.000000000000000000e+00 0.000000000000000000e+00 0.000000000000000000e+00 0.000000000000000000e+00
2.069998999999999967e+01 9.186641149387809855e+04 9.654377771708230591e+10 0.000000000000000000e+00 1.340000000000000045e-04 0.000000000000000000e+00 0.000000000000000000e+00 0.000000000000000000e+00 0.000000000000000000e+00 0.000000000000000000e+00
2.089999000000000251e+01 9.125452491202866076e+04 9.660818583142616272e+10 0.000000000000000000e+00 1.340000000000000045e-04 0.000000000000000000e+00 0.000000000000000000e+00 0.000000000000000000e+00 0.000000000000000000e+00 0.000000000000000000e+00
2.109998999999999825e+01 9.065245427836585441e+04 9.667106457468089294e+10 0.000000000000000000e+00 1.340000000000000045e-04 0.000000000000000000e+00 0.000000000000000000e+00 0.000000000000000000e+00 0.000000000000000000e+00 0.000000000000000000e+00
2.129999000000000109e+01 9.005995179174642544e+04 9.673428449364215088e+10 0.000000000000000000e+00 1.340000000000000045e-04 0.000000000000000000e+00 0.000000000000000000e+00 0.000000000000000000e+00 0.000000000000000000e+00 0.000000000000000000e+00
2.149998999999999683e+01 8.947677879848802695e+04 9.679651512831195068e+10 0.000000000000000000e+00 1.340000000000000045e-04 0.000000000000000000e+00 0.000000000000000000e+00 0.000000000000000000e+00 0.000000000000000000e+00 0.000000000000000000e+00
2.169998999999999967e+01 8.890270193693584588e+04 9.685882944095550537e+10 0.000000000000000000e+00 1.340000000000000045e-04 0.000000000000000000e+00 0.000000000000000000e+00 0.000000000000000000e+00 0.000000000000000000e+00 0.000000000000000000e+00
2.189999000000000251e+01 8.833749971861993254e+04 9.691902918871325684e+10 0.000000000000000000e+00 1.340000000000000045e-04 0.000000000000000000e+00 0.000000000000000000e+00 0.000000000000000000e+00 0.000000000000000000e+00 0.000000000000000000e+00
2.209998999999999825e+01 8.778095592650497565e+04 9.698064730380152893e+10 0.000000000000000000e+00 1.340000000000000045e-04 0.000000000000000000e+00 0.000000000000000000e+00 0.000000000000000000e+00 0.000000000000000000e+00 0.000000000000000000e+00
2.229999000000000109e+01 8.723286068675683055e+04 9.704063122811712646e+10 0.000000000000000000e+00 1.340000000000000045e-04 0.000000000000000000e+00 0.000000000000000000e+00 0.000000000000000000e+00 0.000000000000000000e+00 0.000000000000000000e+00
2.249998999999999683e+01 8.669301220938059851e+04 9.710003526899307251e+10 0.000000000000000000e+00 1.340000000000000045e-04 0.000000000000000000e+00 0.000000000000000000e+00 0.000000000000000000e+00 0.000000000000000000e+00 0.000000000000000000e+00
2.269998999999999967e+01 8.616121576976220240e+04 9.715908981083486938e+10 0.000000000000000000e+00 1.340000000000000045e-04 0.000000000000000000e+00 0.000000000000000000e+00 0.000000000000000000e+00 0.000000000000000000e+00 0.000000000000000000e+00
2.289999000000000251e+01 8.563728209327008517e+04 9.721802397750923157e+10 0.000000000000000000e+00 1.340000000000000045e-04 0.000000000000000000e+00 0.000000000000000000e+00 0.000000000000000000e+00 0.000000000000000000e+00 0.000000000000000000e+00
2.309998999999999825e+01 8.512102776531108248e+04 9.727620789071058655e+10 0.000000000000000000e+00 1.340000000000000045e-04 0.000000000000000000e+00 0.000000000000000000e+00 0.000000000000000000e+00 0.000000000000000000e+00 0.000000000000000000e+00
2.329999000000000109e+01 8.461227691553224577e+04 9.733385041553126526e+10 0.000000000000000000e+00 1.340000000000000045e-04 0.000000000000000000e+00 0.000000000000000000e+00 0.000000000000000000e+00 0.000000000000000000e+00 0.000000000000000000e+00
2.349998999999999683e+01 8.411085516221940634e+04 9.739202842807684326e+10 0.000000000000000000e+00 1.340000000000000045e-04 0.000000000000000000e+00 0.000000000000000000e+00 0.000000000000000000e+00 0.000000000000000000e+00 0.000000000000000000e+00
2.369998999999999967e+01 8.361659775215474656e+04 9.744746713628109741e+10 0.000000000000000000e+00 1.340000000000000045e-04 0.000000000000000000e+00 0.000000000000000000e+00 0.000000000000000000e+00 0.000000000000000000e+00 0.000000000000000000e+00
2.389999000000000251e+01 8.312658748048920825e+04 9.750472121052258301e+10 0.000000000000000000e+00 1.340000000000000045e-04 0.000000000000000000e+00 0.000000000000000000e+00 0.000000000000000000e+00 0.000000000000000000e+00 0.000000000000000000e+00
2.409998500000000021e+01 8.264758581031518406e+04 9.756535103083580017e+10 0.000000000000000000e+00 1.340000000000000045e-04 0.000000000000000000e+00 0.000000000000000000e+00 0.000000000000000000e+00 0.000000000000000000e+00 0.000000000000000000e+00
2.429997999999999791e+01 8.217525583461453789e+04 9.761579526893428040e+10 0.000000000000000000e+00 1.340000000000000045e-04 0.000000000000000000e+00 0.000000000000000000e+00 0.000000000000000000e+00 0.000000000000000000e+00 0.000000000000000000e+00
2.449998000000000076e+01 8.170809052329690894e+04 9.767088708946022034e+10 0.000000000000000000e+00 1.340000000000000045e-04 0.000000000000000000e+00 0.000000000000000000e+00 0.000000000000000000e+00 0.000000000000000000e+00 0.000000000000000000e+00
2.469998000000000005e+01 8.124732950850139605e+04 9.772591866605831909e+10 0.000000000000000000e+00 1.340000000000000045e-04 0.000000000000000000e+00 0.000000000000000000e+00 0.000000000000000000e+00 0.000000000000000000e+00 0.000000000000000000e+00
2.489997999999999934e+01 8.079283567364052578e+04 9.777925595432800293e+10 0.000000000000000000e+00 1.340000000000000045e-04 0.000000000000000000e+00 0.000000000000000000e+00 0.000000000000000000e+00 0.000000000000000000e+00 0.000000000000000000e+00
2.509998000000000218e+01 8.034447446502299863e+04 9.783378855406278992e+10 0.000000000000000000e+00 1.340000000000000045e-04 0.000000000000000000e+00 0.000000000000000000e+00 0.000000000000000000e+00 0.000000000000000000e+00 0.000000000000000000e+00
2.529997999999999791e+01 7.990211495522696350e+04 9.788695610308551025e+10 0.000000000000000000e+00 1.340000000000000045e-04 0.000000000000000000e+00 0.000000000000000000e+00 0.000000000000000000e+00 0.000000000000000000e+00 0.000000000000000000e+00
2.549998000000000076e+01 7.946563089233165374e+04 9.793982945961599731e+10 0.000000000000000000e+00 1.340000000000000045e-04 0.000000000000000000e+00 0.000000000000000000e+00 0.000000000000000000e+00 0.000000000000000000e+00 0.000000000000000000e+00
2.569998000000000005e+01 7.903489876449118310e+04 9.799257086454711914e+10 0.000000000000000000e+00 1.340000000000000045e-04 0.000000000000000000e+00 0.000000000000000000e+00 0.000000000000000000e+00 0.000000000000000000e+00 0.000000000000000000e+00
2.589997999999999934e+01 7.860980058737490617e+04 9.804440537612228394e+10 0.000000000000000000e+00 1.340000000000000045e-04 0.000000000000000000e+00 0.000000000000000000e+00 0.000000000000000000e+00 0.000000000000000000e+00 0.000000000000000000e+00
2.609998000000000218e+01 7.819021853046353499e+04 9.809736022720724487e+10 0.000000000000000000e+00 1.340000000000000045e-04 0.000000000000000000e+00 0.000000000000000000e+00 0.000000000000000000e+00 0.000000000000000000e+00 0.000000000000000000e+00
2.629997999999999791e+01 7.777603945500298869e+04 9.814782281873721313e+10 0.000000000000000000e+00 1.340000000000000045e-04 0.000000000000000000e+00 0.000000000000000000e+00 0.000000000000000000e+00 0.000000000000000000e+00 0.000000000000000000e+00
2.649998000000000076e+01 7.736715532707206148e+04 9.819875947288206482e+10 0.000000000000000000e+00 1.340000000000000045e-04 0.000000000000000000e+00 0.000000000000000000e+00 0.000000000000000000e+00 0.000000000000000000e+00 0.000000000000000000e+00
2.669998000000000005e+01 7.696345795991699561e+04 9.825032875063638306e+10 0.000000000000000000e+00 1.340000000000000045e-04 0.000000000000000000e+00 0.000000000000000000e+00 0.000000000000000000e+00 0.000000000000000000e+00 0.000000000000000000e+00
2.689997999999999934e+01 7.656484403057857708e+04 9.829979649566761780e+10 0.000000000000000000e+00 1.340000000000000045e-04 0.000000000000000000e+00 0.000000000000000000e+00 0.000000000000000000e+00 0.000000000000000000e+00 0.000000000000000000e+00
2.709998000000000218e+01 7.617121270519780228e+04 9.835017673776707458e+10 0.000000000000000000e+00 1.340000000000000045e-04 0.000000000000000000e+00 0.000000000000000000e+00 0.000000000000000000e+00 0.000000000000000000e+00 0.000000000000000000e+00
2.729997999999999791e+01 7.578246608262132213e+04 9.839967606444490051e+10 0.000000000000000000e+00 1.340000000000000045e-04 0.000000000000000000e+00 0.000000000000000000e+00 0.000000000000000000e+00 0.000000000000000000e+00 0.000000000000000000e+00
2.749998000000000076e+01 7.539850855169528222e+04 9.844939649560156250e+10 0.000000000000000000e+00 1.340000000000000045e-04 0.000000000000000000e+00 0.000000000000000000e+00 0.000000000000000000e+00 0.000000000000000000e+00 0.000000000000000000e+00
2.769998000000000005e+01 7.501924670304398751e+04 9.849849024911883545e+10 0.000000000000000000e+00 1.340000000000000045e-04 0.000000000000000000e+00 0.000000000000000000e+00 0.000000000000000000e+00 0.000000000000000000e+00 0.000000000000000000e+00
2.789997999999999934e+01 7.464458871554337384e+04 9.854707776568632507e+10 0.000000000000000000e+00 1.340000000000000045e-04 0.000000000000000000e+00 0.000000000000000000e+00 0.000000000000000000e+00 0.000000000000000000e+00 0.000000000000000000e+00
2.809998000000000218e+01 7.427444803644480999e+04 9.859428214393757629e+10 0.000000000000000000e+00 1.340000000000000045e-04 0.000000000000000000e+00 0.000000000000000000e+00 0.000000000000000000e+00 0.000000000000000000e+00 0.000000000000000000e+00
2.829997999999999791e+01 7.390873896422315738e+04 9.864321244794395447e+10 0.000000000000000000e+00 1.340000000000000045e-04 0.000000000000000000e+00 0.000000000000000000e+00 0.000000000000000000e+00 0.000000000000000000e+00 0.000000000000000000e+00
2.849998000000000076e+01 7.354735026502594701e+04 9.869099853964300537e+10 0.000000000000000000e+00 1.340000000000000045e-04 0.000000000000000000e+00 0.000000000000000000e+00 0.000000000000000000e+00 0.000000000000000000e+00 0.000000000000000000e+00
2.869998000000000005e+01 7.319024119893924217e+04 9.871241473736054993e+10 0.000000000000000000e+00 1.340000000000000045e-04 0.000000000000000000e+00 0.000000000000000000e+00 0.000000000000000000e+00 0.000000000000000000e+00 0.000000000000000000e+00
2.889997999999999934e+01 7.283733131885198236e+04 9.878556227927966309e+10 0.000000000000000000e+00 1.340000000000000045e-04 0.000000000000000000e+00 0.000000000000000000e+00 0.000000000000000000e+00 0.000000000000000000e+00 0.000000000000000000e+00
2.909998000000000218e+01 7.248852978438467835e+04 9.883155809636531067e+10 0.000000000000000000e+00 1.340000000000000045e-04 0.000000000000000000e+00 0.000000000000000000e+00 0.000000000000000000e+00 0.000000000000000000e+00 0.000000000000000000e+00
2.929997999999999791e+01 7.214376213111043035e+04 9.887785312154553223e+10 0.000000000000000000e+00 1.340000000000000045e-04 0.000000000000000000e+00 0.000000000000000000e+00 0.000000000000000000e+00 0.000000000000000000e+00 0.000000000000000000e+00
2.949998000000000076e+01 7.180295386785124720e+04 9.892456375245280457e+10 0.000000000000000000e+00 1.340000000000000045e-04 0.000000000000000000e+00 0.000000000000000000e+00 0.000000000000000000e+00 0.000000000000000000e+00 0.000000000000000000e+00
2.969998000000000005e+01 7.146603451712090464e+04 9.896972583178402710e+10 0.000000000000000000e+00 1.340000000000000045e-04 0.000000000000000000e+00 0.000000000000000000e+00 0.000000000000000000e+00 0.000000000000000000e+00 0.000000000000000000e+00
2.989997999999999934e+01 7.113293196981149958e+04 9.901655741494210815e+10 0.000000000000000000e+00 1.340000000000000045e-04 0.000000000000000000e+00 0.000000000000000000e+00 0.000000000000000000e+00 0.000000000000000000e+00 0.000000000000000000e+00
3.009998000000000218e+01 7.080357950374096981e+04 9.905993650611607361e+10 0.000000000000000000e+00 1.340000000000000045e-04 0.000000000000000000e+00 0.000000000000000000e+00 0.000000000000000000e+00 0.000000000000000000e+00 0.000000000000000000e+00
3.029997999999999791e+01 7.047791018212182098e+04 9.910624732124826050e+10 0.000000000000000000e+00 1.340000000000000045e-04 0.000000000000000000e+00 0.000000000000000000e+00 0.000000000000000000e+00 0.000000000000000000e+00 0.000000000000000000e+00
3.049998000000000076e+01 7.015585831063969817e+04 9.915033025279956055e+10 0.000000000000000000e+00 1.340000000000000045e-04 0.000000000000000000e+00 0.000000000000000000e+00 0.000000000000000000e+00 0.000000000000000000e+00 0.000000000000000000e+00
3.069998000000000005e+01 6.983736186042829650e+04 9.919438247936892700e+10 0.000000000000000000e+00 1.340000000000000045e-04 0.000000000000000000e+00 0.000000000000000000e+00 0.000000000000000000e+00 0.000000000000000000e+00 0.000000000000000000e+00
3.089997999999999934e+01 6.952235797280972474e+04 9.923957277841647339e+10 0.000000000000000000e+00 1.340000000000000045e-04 0.000000000000000000e+00 0.000000000000000000e+00 0.000000000000000000e+00 0.000000000000000000e+00 0.000000000000000000e+00
3.109998000000000218e+01 6.921078587424082798e+04 9.928278180499940491e+10 0.000000000000000000e+00 1.340000000000000045e-04 0.000000000000000000e+00 0.000000000000000000e+00 0.000000000000000000e+00 0.000000000000000000e+00 0.000000000000000000e+00
3.129997999999999791e+01 6.890258634182019159e+04 9.932623766377818298e+10 0.000000000000000000e+00 1.340000000000000045e-04 0.000000000000000000e+00 0.000000000000000000e+00 0.000000000000000000e+00 0.000000000000000000e+00 0.000000000000000000e+00
3.149998000000000076e+01 6.859770307800342562e+04 9.936894787833116150e+10 0.000000000000000000e+00 1.340000000000000045e-04 0.000000000000000000e+00 0.000000000000000000e+00 0.000000000000000000e+00 0.000000000000000000e+00 0.000000000000000000e+00
3.169998000000000005e+01 6.829607836053833307e+04 9.941317772161437988e+10 0.000000000000000000e+00 1.340000000000000045e-04 0.000000000000000000e+00 0.000000000000000000e+00 0.000000000000000000e+00 0.000000000000000000e+00 0.000000000000000000e+00
3.189997999999999934e+01 6.799765778282610700e+04 9.945464413984356689e+10 0.000000000000000000e+00 1.340000000000000045e-04 0.000000000000000000e+00 0.000000000000000000e+00 0.000000000000000000e+00 0.000000000000000000e+00 0.000000000000000000e+00
3.209998000000000218e+01 6.770238829681127390e+04 9.949780759111897278e+10 0.000000000000000000e+00 1.340000000000000045e-04 0.000000000000000000e+00 0.000000000000000000e+00 0.000000000000000000e+00 0.000000000000000000e+00 0.000000000000000000e+00
3.229997999999999791e+01 6.741021629732708971e+04 9.954056044187875366e+10 0.000000000000000000e+00 1.340000000000000045e-04 0.000000000000000000e+00 0.000000000000000000e+00 0.000000000000000000e+00 0.000000000000000000e+00 0.000000000000000000e+00
3.249998000000000076e+01 6.712108995283760305e+04 9.958186560558076477e+10 0.000000000000000000e+00 1.340000000000000045e-04 0.000000000000000000e+00 0.000000000000000000e+00 0.000000000000000000e+00 0.000000000000000000e+00 0.000000000000000000e+00
3.269997999999999649e+01 6.683496099372384197e+04 9.962290334736315918e+10 0.000000000000000000e+00 1.340000000000000045e-04 0.000000000000000000e+00 0.000000000000000000e+00 0.000000000000000000e+00 0.000000000000000000e+00 0.000000000000000000e+00
3.289997999999999934e+01 6.655177866929350421e+04 9.966600028860453796e+10 0.000000000000000000e+00 1.340000000000000045e-04 0.000000000000000000e+00 0.000000000000000000e+00 0.000000000000000000e+00 0.000000000000000000e+00 0.000000000000000000e+00
3.309998000000000218e+01 6.627149570941163984e+04 9.970561489807905579e+10 0.000000000000000000e+00 1.340000000000000045e-04 0.000000000000000000e+00 0.000000000000000000e+00 0.000000000000000000e+00 0.000000000000000000e+00 0.000000000000000000e+00
3.329997999999999791e+01 6.599406553354856442e+04 9.974745116220762634e+10 0.000000000000000000e+00 1.340000000000000045e-04 0.000000000000000000e+00 0.000000000000000000e+00 0.000000000000000000e+00 0.000000000000000000e+00 0.000000000000000000e+00
3.349998000000000076e+01 6.571944221392730833e+04 9.978819587120292664e+10 0.000000000000000000e+00 1.340000000000000045e-04 0.000000000000000000e+00 0.000000000000000000e+00 0.000000000000000000e+00 0.000000000000000000e+00 0.000000000000000000e+00
3.369997999999999649e+01 6.544758046433650452e+04 9.982905414011367798e+10 0.000000000000000000e+00 1.340000000000000045e-04 0.000000000000000000e+00 0.000000000000000000e+00 0.000000000000000000e+00 0.000000000000000000e+00 0.000000000000000000e+00
3.389997999999999934e+01 6.517843650390918629e+04 9.986895027853479004e+10 0.000000000000000000e+00 1.340000000000000045e-04 0.000000000000000000e+00 0.000000000000000000e+00 0.000000000000000000e+00 0.000000000000000000e+00 0.000000000000000000e+00
3.409998000000000218e+01 6.491196801715862239e+04 9.990909933884483337e+10 0.000000000000000000e+00 1.340000000000000045e-04 0.000000000000000000e+00 0.000000000000000000e+00 0.000000000000000000e+00 0.000000000000000000e+00 0.000000000000000000e+00
3.429997999999999791e+01 6.464813191853271564e+04 9.994957616600294495e+10 0.000000000000000000e+00 1.340000000000000045e-04 0.000000000000000000e+00 0.000000000000000000e+00 0.000000000000000000e+00 0.000000000000000000e+00 0.000000000000000000e+00
3.449998000000000076e+01 6.438688785607005411e+04 9.998812205864054871e+10 0.000000000000000000e+00 1.340000000000000045e-04 0.000000000000000000e+00 0.000000000000000000e+00 0.000000000000000000e+00 0.000000000000000000e+00 0.000000000000000000e+00
3.469997999999999649e+01 6.412819511035209871e+04 1.000282943532706451e+11 0.000000000000000000e+00 1.340000000000000045e-04 0.000000000000000000e+00 0.000000000000000000e+00 0.000000000000000000e+00 0.000000000000000000e+00 0.000000000000000000e+00
3.489997999999999934e+01 6.387201517783448799e+04 1.000666523642803040e+11 0.000000000000000000e+00 1.340000000000000045e-04 0.000000000000000000e+00 0.000000000000000000e+00 0.000000000000000000e+00 0.000000000000000000e+00 0.000000000000000000e+00
3.509998000000000218e+01 6.361830829315249139e+04 1.001067840561244354e+11 0.000000000000000000e+00 1.340000000000000045e-04 0.000000000000000000e+00 0.000000000000000000e+00 0.000000000000000000e+00 0.000000000000000000e+00 0.000000000000000000e+00
3.529997999999999791e+01 6.336703728437221434e+04 1.001440298948674469e+11 0.000000000000000000e+00 1.340000000000000045e-04 0.000000000000000000e+00 0.000000000000000000e+00 0.000000000000000000e+00 0.000000000000000000e+00 0.000000000000000000e+00
3.549998000000000076e+01 6.311816582098805520e+04 1.001831847456109009e+11 0.000000000000000000e+00 1.340000000000000045e-04 0.000000000000000000e+00 0.000000000000000000e+00 0.000000000000000000e+00 0.000000000000000000e+00 0.000000000000000000e+00
3.569997999999999649e+01 6.287165753747670533e+04 1.002219426321644440e+11 0.000000000000000000e+00 1.340000000000000045e-04 0.000000000000000000e+00 0.000000000000000000e+00 0.000000000000000000e+00 0.000000000000000000e+00 0.000000000000000000e+00
3.589997999999999934e+01 6.262747603780323698e+04 1.002603603597133331e+11 0.000000000000000000e+00 1.340000000000000045e-04 0.000000000000000000e+00 0.000000000000000000e+00 0.000000000000000000e+00 0.000000000000000000e+00 0.000000000000000000e+00
3.609998000000000218e+01 6.238558697680641490e+04 1.002972866274294891e+11 0.000000000000000000e+00 1.340000000000000045e-04 0.000000000000000000e+00 0.000000000000000000e+00 0.000000000000000000e+00 0.000000000000000000e+00 0.000000000000000000e+00
3.629997999999999791e+01 6.214595676660527533e+04 1.003351878639436035e+11 0.000000000000000000e+00 1.340000000000000045e-04 0.000000000000000000e+00 0.000000000000000000e+00 0.000000000000000000e+00 0.000000000000000000e+00 0.000000000000000000e+00
3.649998000000000076e+01 6.190855213887637365e+04 1.003729181867057800e+11 0.000000000000000000e+00 1.340000000000000045e-04 0.000000000000000000e+00 0.000000000000000000e+00 0.000000000000000000e+00 0.000000000000000000e+00 0.000000000000000000e+00
3.669997999999999649e+01 6.167334054756020487e+04 1.004105336226425629e+11 0.000000000000000000e+00 1.340000000000000045e-04 0.000000000000000000e+00 0.000000000000000000e+00 0.000000000000000000e+00 0.000000000000000000e+00 0.000000000000000000e+00
3.689997999999999934e+01 6.144028851946545910e+04 1.004480900097898102e+11 0.000000000000000000e+00 1.340000000000000045e-04 0.000000000000000000e+00 0.000000000000000000e+00 0.000000000000000000e+00 0.000000000000000000e+00 0.000000000000000000e+00
3.709998000000000218e+01 6.120936653930905595e+04 1.004831760322949371e+11 0.000000000000000000e+00 1.340000000000000045e-04 0.000000000000000000e+00 0.000000000000000000e+00 0.000000000000000000e+00 0.000000000000000000e+00 0.000000000000000000e+00
3.729997999999999791e+01 6.098054290864127688e+04 1.005220081455702515e+11 0.000000000000000000e+00 1.340000000000000045e-04 0.000000000000000000e+00 0.000000000000000000e+00 0.000000000000000000e+00 0.000000000000000000e+00 0.000000000000000000e+00
3.749998000000000076e+01 6.075378739479203068e+04 1.005572274667976685e+11 0.000000000000000000e+00 1.340000000000000045e-04 0.000000000000000000e+00 0.000000000000000000e+00 0.000000000000000000e+00 0.000000000000000000e+00 0.000000000000000000e+00
3.769997999999999649e+01 6.052907041055274749e+04 1.005938363424606476e+11 0.000000000000000000e+00 1.340000000000000045e-04 0.000000000000000000e+00 0.000000000000000000e+00 0.000000000000000000e+00 0.000000000000000000e+00 0.000000000000000000e+00
3.789997999999999934e+01 6.030636378116752894e+04 1.006293979779352264e+11 0.000000000000000000e+00 1.340000000000000045e-04 0.000000000000000000e+00 0.000000000000000000e+00 0.000000000000000000e+00 0.000000000000000000e+00 0.000000000000000000e+00
3.809998000000000218e+01 6.008563834549861349e+04 1.006664690660324249e+11 0.000000000000000000e+00 1.340000000000000045e-04 0.000000000000000000e+00 0.000000000000000000e+00 0.000000000000000000e+00 0.000000000000000000e+00 0.000000000000000000e+00
3.829997999999999791e+01 5.986686672245546652e+04 1.007013281886217194e+11 0.000000000000000000e+00 1.340000000000000045e-04 0.000000000000000000e+00 0.000000000000000000e+00 0.000000000000000000e+00 0.000000000000000000e+00 0.000000000000000000e+00
3.849998000000000076e+01 5.965002093044335197e+04 1.007378051599812775e+11 0.000000000000000000e+00 1.340000000000000045e-04 0.000000000000000000e+00 0.000000000000000000e+00 0.000000000000000000e+00 0.000000000000000000e+00 0.000000000000000000e+00
3.869997999999999649e+01 5.943507472537609283e+04 1.007721478697624512e+11 0.000000000000000000e+00 1.340000000000000045e-04 0.000000000000000000e+00 0.000000000000000000e+00 0.000000000000000000e+00 0.000000000000000000e+00 0.000000000000000000e+00
3.889997999999999934e+01 5.922200124545578728e+04 1.008082161834753723e+11 0.000000000000000000e+00 1.340000000000000045e-04 0.000000000000000000e+00 0.000000000000000000e+00 0.000000000000000000e+00 0.000000000000000000e+00 0.000000000000000000e+00
3.909998000000000218e+01 5.901077532591865020e+04 1.008422273788745422e+11 0.000000000000000000e+00 1.340000000000000045e-04 0.000000000000000000e+00 0.000000000000000000e+00 0.000000000000000000e+00 0.000000000000000000e+00 0.000000000000000000e+00
3.929997999999999791e+01 5.880137193404205027e+04 1.008780713060169983e+11 0.000000000000000000e+00 1.340000000000000045e-04 0.000000000000000000e+00 0.000000000000000000e+00 0.000000000000000000e+00 0.000000000000000000e+00 0.000000000000000000e+00
3.949998000000000076e+01 5.859376501610428386e+04 1.009132289312482147e+11 0.000000000000000000e+00 1.340000000000000045e-04 0.000000000000000000e+00 0.000000000000000000e+00 0.000000000000000000e+00 0.000000000000000000e+00 0.000000000000000000e+00
3.969997999999999649e+01 2.517150124109129829e+05 1.009464387727394409e+11 0.000000000000000000e+00 1.340000000000000045e-04 0.000000000000000000e+00 0.000000000000000000e+00 0.000000000000000000e+00 0.000000000000000000e+00 0.000000000000000000e+00
4.039997499999999775e+01 3.050083631887581432e+05 1.010606281363251953e+11 0.000000000000000000e+00 1.340000000000000045e-04 0.000000000000000000e+00 0.000000000000000000e+00 0.000000000000000000e+00 0.000000000000000000e+00 0.000000000000000000e+00
4.149996999999999758e+01 2.809196028604286257e+05 1.012488181855626373e+11 0.000000000000000000e+00 1.340000000000000045e-04 0.000000000000000000e+00 0.000000000000000000e+00 0.000000000000000000e+00 0.000000000000000000e+00 0.000000000000000000e+00
4.249996999999999758e+01 2.763451612186447601e+05 1.014114169716910400e+11 0.000000000000000000e+00 1.340000000000000045e-04 0.000000000000000000e+00 0.000000000000000000e+00 0.000000000000000000e+00 0.000000000000000000e+00 0.000000000000000000e+00
4.349996999999999758e+01 2.719476558158456464e+05 1.015710028639495850e+11 0.000000000000000000e+00 1.340000000000000045e-04 0.000000000000000000e+00 0.000000000000000000e+00 0.000000000000000000e+00 0.000000000000000000e+00 0.000000000000000000e+00
4.449996999999999758e+01 2.677164545613797964e+05 1.017263025424147034e+11 0.000000000000000000e+00 1.340000000000000045e-04 0.000000000000000000e+00 0.000000000000000000e+00 0.000000000000000000e+00 0.000000000000000000e+00 0.000000000000000000e+00
4.549996999999999758e+01 2.636417784263521899e+05 1.018787546729718628e+11 0.000000000000000000e+00 1.340000000000000045e-04 0.000000000000000000e+00 0.000000000000000000e+00 0.000000000000000000e+00 0.000000000000000000e+00 0.000000000000000000e+00
4.649996999999999758e+01 2.597146188877811364e+05 1.020275072026154022e+11 0.000000000000000000e+00 1.340000000000000045e-04 0.000000000000000000e+00 0.000000000000000000e+00 0.000000000000000000e+00 0.000000000000000000e+00 0.000000000000000000e+00
4.749996999999999758e+01 2.559266644333725853e+05 1.021731282974425201e+11 0.000000000000000000e+00 1.340000000000000045e-04 0.000000000000000000e+00 0.000000000000000000e+00 0.000000000000000000e+00 0.000000000000000000e+00 0.000000000000000000e+00
4.849996999999999758e+01 2.522702343194097048e+05 1.023156379900341949e+11 0.000000000000000000e+00 1.340000000000000045e-04 0.000000000000000000e+00 0.000000000000000000e+00 0.000000000000000000e+00 0.000000000000000000e+00 0.000000000000000000e+00
4.949996999999999758e+01 2.487382128321311320e+05 1.024554121400985260e+11 0.000000000000000000e+00 1.340000000000000045e-04 0.000000000000000000e+00 0.000000000000000000e+00 0.000000000000000000e+00 0.000000000000000000e+00 0.000000000000000000e+00
5.049996999999999758e+01 2.453240087683795718e+05 1.025919847410809174e+11 0.000000000000000000e+00 1.340000000000000045e-04 0.000000000000000000e+00 0.000000000000000000e+00 0.000000000000000000e+00 0.000000000000000000e+00 0.000000000000000000e+00
5.149996999999999758e+01 2.420214909566416172e+05 1.027265429495060272e+11 0.000000000000000000e+00 1.340000000000000045e-04 0.000000000000000000e+00 0.000000000000000000e+00 0.000000000000000000e+00 0.000000000000000000e+00 0.000000000000000000e+00
5.249996999999999758e+01 2.388249646519617527e+05 1.028575654989031372e+11 0.000000000000000000e+00 1.340000000000000045e-04 0.000000000000000000e+00 0.000000000000000000e+00 0.000000000000000000e+00 0.000000000000000000e+00 0.000000000000000000e+00
5.349996999999999758e+01 2.357291218137268443e+05 1.029868433804646149e+11 0.000000000000000000e+00 1.340000000000000045e-04 0.000000000000000000e+00 0.000000000000000000e+00 0.000000000000000000e+00 0.000000000000000000e+00 0.000000000000000000e+00
5.449996999999999758e+01 2.327290127271279343e+05 1.031131164787883606e+11 0.000000000000000000e+00 1.340000000000000045e-04 0.000000000000000000e+00 0.000000000000000000e+00 0.000000000000000000e+00 0.000000000000000000e+00 0.000000000000000000e+00
5.549996999999999758e+01 2.298185010199077951e+05 1.032372396164600830e+11 0.000000000000000000e+00 1.340000000000000045e-04 0.000000000000000000e+00 0.000000000000000000e+00 0.000000000000000000e+00 0.000000000000000000e+00 0.000000000000000000e+00
5.649996500000000310e+01 2.269970875139964046e+05 1.033599714161309662e+11 0.000000000000000000e+00 1.340000000000000045e-04 0.000000000000000000e+00 0.000000000000000000e+00 0.000000000000000000e+00 0.000000000000000000e+00 0.000000000000000000e+00
5.749996000000000151e+01 2.242583920900635421e+05 1.034788279865767670e+11 0.000000000000000000e+00 1.340000000000000045e-04 0.000000000000000000e+00 0.000000000000000000e+00 0.000000000000000000e+00 0.000000000000000000e+00 0.000000000000000000e+00
5.849996000000000151e+01 2.215978882986709941e+05 1.035960292896873322e+11 0.000000000000000000e+00 1.340000000000000045e-04 0.000000000000000000e+00 0.000000000000000000e+00 0.000000000000000000e+00 0.000000000000000000e+00 0.000000000000000000e+00
5.949996000000000151e+01 2.190127818862064742e+05 1.037116048957683411e+11 0.000000000000000000e+00 1.340000000000000045e-04 0.000000000000000000e+00 0.000000000000000000e+00 0.000000000000000000e+00 0.000000000000000000e+00 0.000000000000000000e+00
6.049996000000000151e+01 2.164997309499391704e+05 1.038247719475630341e+11 0.000000000000000000e+00 1.340000000000000045e-04 0.000000000000000000e+00 0.000000000000000000e+00 0.000000000000000000e+00 0.000000000000000000e+00 0.000000000000000000e+00
6.149996000000000151e+01 2.140555974523999030e+05 1.039360534140152588e+11 0.000000000000000000e+00 1.340000000000000045e-04 0.000000000000000000e+00 0.000000000000000000e+00 0.000000000000000000e+00 0.000000000000000000e+00 0.000000000000000000e+00
6.249996000000000151e+01 2.116774239585498581e+05 1.040458998556199646e+11 0.000000000000000000e+00 1.340000000000000045e-04 0.000000000000000000e+00 0.000000000000000000e+00 0.000000000000000000e+00 0.000000000000000000e+00 0.000000000000000000e+00
6.349996000000000151e+01 2.093624207053054415e+05 1.041535722867464752e+11 0.000000000000000000e+00 1.340000000000000045e-04 0.000000000000000000e+00 0.000000000000000000e+00 0.000000000000000000e+00 0.000000000000000000e+00 0.000000000000000000e+00
6.449996000000000151e+01 2.071079666257780045e+05 1.042589602909369202e+11 0.000000000000000000e+00 1.340000000000000045e-04 0.000000000000000000e+00 0.000000000000000000e+00 0.000000000000000000e+00 0.000000000000000000e+00 0.000000000000000000e+00
6.549996000000000151e+01 2.049115796323357499e+05 1.043637745658066711e+11 0.000000000000000000e+00 1.340000000000000045e-04 0.000000000000000000e+00 0.000000000000000000e+00 0.000000000000000000e+00 0.000000000000000000e+00 0.000000000000000000e+00
6.649996000000000151e+01 2.027709173467199435e+05 1.044658699103761902e+11 0.000000000000000000e+00 1.340000000000000045e-04 0.000000000000000000e+00 0.000000000000000000e+00 0.000000000000000000e+00 0.000000000000000000e+00 0.000000000000000000e+00
6.749996000000000151e+01 2.006837647836625110e+05 1.045668297105660553e+11 0.000000000000000000e+00 1.340000000000000045e-04 0.000000000000000000e+00 0.000000000000000000e+00 0.000000000000000000e+00 0.000000000000000000e+00 0.000000000000000000e+00
6.849996000000000151e+01 1.986480272510002251e+05 1.046658743689372864e+11 0.000000000000000000e+00 1.340000000000000045e-04 0.000000000000000000e+00 0.000000000000000000e+00 0.000000000000000000e+00 0.000000000000000000e+00 0.000000000000000000e+00
6.949996000000000151e+01 1.966617196898242109e+05 1.047637201380850525e+11 0.000000000000000000e+00 1.340000000000000045e-04 0.000000000000000000e+00 0.000000000000000000e+00 0.000000000000000000e+00 0.000000000000000000e+00 0.000000000000000000e+00
7.049996000000000151e+01 1.947229621153830958e+05 1.048598435774216003e+11 0.000000000000000000e+00 1.340000000000000045e-04 0.000000000000000000e+00 0.000000000000000000e+00 0.000000000000000000e+00 0.000000000000000000e+00 0.000000000000000000e+00
7.149996000000000151e+01 1.928286931142651592e+05 1.049548639050882874e+11 0.000000000000000000e+00 1.340000000000000045e-04 0.000000000000000000e+00 0.000000000000000000e+00 0.000000000000000000e+00 0.000000000000000000e+00 0.000000000000000000e+00
7.249995499999999993e+01 1.909804266132050543e+05 1.050487686664278564e+11 0.000000000000000000e+00 1.340000000000000045e-04 0.000000000000000000e+00 0.000000000000000000e+00 0.000000000000000000e+00 0.000000000000000000e+00 0.000000000000000000e+00
7.349994999999999834e+01 1.891746032157535083e+05 1.051397562748670807e+11 0.000000000000000000e+00 1.340000000000000045e-04 0.000000000000000000e+00 0.000000000000000000e+00 0.000000000000000000e+00 0.000000000000000000e+00 0.000000000000000000e+00
7.449994999999999834e+01 1.874090681284882303e+05 1.052302316045257263e+11 0.000000000000000000e+00 1.340000000000000045e-04 0.000000000000000000e+00 0.000000000000000000e+00 0.000000000000000000e+00 0.000000000000000000e+00 0.000000000000000000e+00
7.549994999999999834e+01 1.856830098378338153e+05 1.053191599026188965e+11 0.000000000000000000e+00 1.340000000000000045e-04 0.000000000000000000e+00 0.000000000000000000e+00 0.000000000000000000e+00 0.000000000000000000e+00 0.000000000000000000e+00
7.649994999999999834e+01 1.839950428541302681e+05 1.054073787912214661e+11 0.000000000000000000e+00 1.340000000000000045e-04 0.000000000000000000e+00 0.000000000000000000e+00 0.000000000000000000e+00 0.000000000000000000e+00 0.000000000000000000e+00
7.749994999999999834e+01 1.823438467071343330e+05 1.054939821673565979e+11 0.000000000000000000e+00 1.340000000000000045e-04 0.000000000000000000e+00 0.000000000000000000e+00 0.000000000000000000e+00 0.000000000000000000e+00 0.000000000000000000e+00
7.849994999999999834e+01 1.807281647237359430e+05 1.055793019993365784e+11 0.000000000000000000e+00 1.340000000000000045e-04 0.000000000000000000e+00 0.000000000000000000e+00 0.000000000000000000e+00 0.000000000000000000e+00 0.000000000000000000e+00
7.949994999999999834e+01 1.791467962964278413e+05 1.056636464769882355e+11 0.000000000000000000e+00 1.340000000000000045e-04 0.000000000000000000e+00 0.000000000000000000e+00 0.000000000000000000e+00 0.000000000000000000e+00 0.000000000000000000e+00
8.049994999999999834e+01 1.775985989792661858e+05 1.057464062110778198e+11 0.000000000000000000e+00 1.340000000000000045e-04 0.000000000000000000e+00 0.000000000000000000e+00 0.000000000000000000e+00 0.000000000000000000e+00 0.000000000000000000e+00
8.149994999999999834e+01 1.760824776569026581e+05 1.058287187061543121e+11 0.000000000000000000e+00 1.340000000000000045e-04 0.000000000000000000e+00 0.000000000000000000e+00 0.000000000000000000e+00 0.000000000000000000e+00 0.000000000000000000e+00
8.249994999999999834e+01 1.745973888920778700e+05 1.059090004982861176e+11 0.000000000000000000e+00 1.340000000000000045e-04 0.000000000000000000e+00 0.000000000000000000e+00 0.000000000000000000e+00 0.000000000000000000e+00 0.000000000000000000e+00
8.349994999999999834e+01 1.731423352329342160e+05 1.059887939865493317e+11 0.000000000000000000e+00 1.340000000000000045e-04 0.000000000000000000e+00 0.000000000000000000e+00 0.000000000000000000e+00 0.000000000000000000e+00 0.000000000000000000e+00
8.449994999999999834e+01 1.717163615907174826e+05 1.060673518233853455e+11 0.000000000000000000e+00 1.340000000000000045e-04 0.000000000000000000e+00 0.000000000000000000e+00 0.000000000000000000e+00 0.000000000000000000e+00 0.000000000000000000e+00
8.549994999999999834e+01 1.703185545471448859e+05 1.061448062295644684e+11 0.000000000000000000e+00 1.340000000000000045e-04 0.000000000000000000e+00 0.000000000000000000e+00 0.000000000000000000e+00 0.000000000000000000e+00 0.000000000000000000e+00
8.649994999999999834e+01 1.689480399660196272e+05 1.062212677423530884e+11 0.000000000000000000e+00 1.340000000000000045e-04 0.000000000000000000e+00 0.000000000000000000e+00 0.000000000000000000e+00 0.000000000000000000e+00 0.000000000000000000e+00
8.749994999999999834e+01 1.676028698811334907e+05 1.062968254433862000e+11 0.000000000000000000e+00 1.340000000000000045e-04 0.000000000000000000e+00 0.000000000000000000e+00 0.000000000000000000e+00 0.000000000000000000e+00 0.000000000000000000e+00
8.849994499999999675e+01 1.662850315307910787e+05 1.063721262011106720e+11 0.000000000000000000e+00 1.340000000000000045e-04 0.000000000000000000e+00 0.000000000000000000e+00 0.000000000000000000e+00 0.000000000000000000e+00 0.000000000000000000e+00
8.949993999999999517e+01 1.649920614036328625e+05 1.064449864323714142e+11 0.000000000000000000e+00 1.340000000000000045e-04 0.000000000000000000e+00 0.000000000000000000e+00 0.000000000000000000e+00 0.000000000000000000e+00 0.000000000000000000e+00
9.049993999999999517e+01 1.637226767694773152e+05 1.065171732607661743e+11 0.000000000000000000e+00 1.340000000000000045e-04 0.000000000000000000e+00 0.000000000000000000e+00 0.000000000000000000e+00 0.000000000000000000e+00 0.000000000000000000e+00
9.149993999999999517e+01 1.624767263538078987e+05 1.065890778978891754e+11 0.000000000000000000e+00 1.340000000000000045e-04 0.000000000000000000e+00 0.000000000000000000e+00 0.000000000000000000e+00 0.000000000000000000e+00 0.000000000000000000e+00
9.249993999999999517e+01 1.612535291305962310e+05 1.066597037502601624e+11 0.000000000000000000e+00 1.340000000000000045e-04 0.000000000000000000e+00 0.000000000000000000e+00 0.000000000000000000e+00 0.000000000000000000e+00 0.000000000000000000e+00
9.349993999999999517e+01 1.600524313802702818e+05 1.067295041086776733e+11 0.000000000000000000e+00 1.340000000000000045e-04 0.000000000000000000e+00 0.000000000000000000e+00 0.000000000000000000e+00 0.000000000000000000e+00 0.000000000000000000e+00
9.449993999999999517e+01 1.588728060411104816e+05 1.067984237385842133e+11 0.000000000000000000e+00 1.340000000000000045e-04 0.000000000000000000e+00 0.000000000000000000e+00 0.000000000000000000e+00 0.000000000000000000e+00 0.000000000000000000e+00
9.549993999999999517e+01 1.577140474141699087e+05 1.068668971228383331e+11 0.000000000000000000e+00 1.340000000000000045e-04 0.000000000000000000e+00 0.000000000000000000e+00 0.000000000000000000e+00 0.000000000000000000e+00 0.000000000000000000e+00
9.649993999999999517e+01 1.565755754729025648e+05 1.069338148931932373e+11 0.000000000000000000e+00 1.340000000000000045e-04 0.000000000000000000e+00 0.000000000000000000e+00 0.000000000000000000e+00 0.000000000000000000e+00 0.000000000000000000e+00
9.749993999999999517e+01 1.554568307500605006e+05 1.070006031668128815e+11 0.000000000000000000e+00 1.340000000000000045e-04 0.000000000000000000e+00 0.000000000000000000e+00 0.000000000000000000e+00 0.000000000000000000e+00 0.000000000000000000e+00
9.849993999999999517e+01 1.543572740316808922e+05 1.070661100593196564e+11 0.000000000000000000e+00 1.340000000000000045e-04 0.000000000000000000e+00 0.000000000000000000e+00 0.000000000000000000e+00 0.000000000000000000e+00 0.000000000000000000e+00
9.949993999999999517e+01 5.124539362918058760e+04 1.071307084540197296e+11 0.000000000000000000e+00 1.340000000000000045e-04 0.000000000000000000e+00 0.000000000000000000e+00 0.000000000000000000e+00 0.000000000000000000e+00 0.000000000000000000e+00
